[2025-05-19T23:05:09.134+0000] {processor.py:161} INFO - Started process (PID=85) to work on /home/airflow/.local/lib/python3.8/site-packages/airflow/example_dags/example_branch_labels.py
[2025-05-19T23:05:09.137+0000] {processor.py:830} INFO - Processing file /home/airflow/.local/lib/python3.8/site-packages/airflow/example_dags/example_branch_labels.py for tasks to queue
[2025-05-19T23:05:09.143+0000] {logging_mixin.py:188} INFO - [2025-05-19T23:05:09.142+0000] {dagbag.py:540} INFO - Filling up the DagBag from /home/airflow/.local/lib/python3.8/site-packages/airflow/example_dags/example_branch_labels.py
[2025-05-19T23:05:09.170+0000] {processor.py:840} INFO - DAG(s) 'example_branch_labels' retrieved from /home/airflow/.local/lib/python3.8/site-packages/airflow/example_dags/example_branch_labels.py
[2025-05-19T23:05:09.523+0000] {logging_mixin.py:188} INFO - [2025-05-19T23:05:09.522+0000] {override.py:1769} INFO - Created Permission View: can edit on DAG:example_branch_labels
[2025-05-19T23:05:09.555+0000] {logging_mixin.py:188} INFO - [2025-05-19T23:05:09.554+0000] {override.py:1769} INFO - Created Permission View: can delete on DAG:example_branch_labels
[2025-05-19T23:05:09.571+0000] {logging_mixin.py:188} INFO - [2025-05-19T23:05:09.570+0000] {override.py:1769} INFO - Created Permission View: can read on DAG:example_branch_labels
[2025-05-19T23:05:09.572+0000] {logging_mixin.py:188} INFO - [2025-05-19T23:05:09.572+0000] {dag.py:3047} INFO - Sync 1 DAGs
[2025-05-19T23:05:09.600+0000] {logging_mixin.py:188} INFO - [2025-05-19T23:05:09.599+0000] {dag.py:3069} INFO - Creating ORM DAG for example_branch_labels
[2025-05-19T23:05:09.621+0000] {logging_mixin.py:188} INFO - [2025-05-19T23:05:09.620+0000] {dag.py:3834} INFO - Setting next_dagrun for example_branch_labels to 2025-05-18 00:00:00+00:00, run_after=2025-05-19 00:00:00+00:00
[2025-05-19T23:05:09.677+0000] {processor.py:183} INFO - Processing /home/airflow/.local/lib/python3.8/site-packages/airflow/example_dags/example_branch_labels.py took 0.549 seconds
[2025-05-19T23:05:40.019+0000] {processor.py:161} INFO - Started process (PID=142) to work on /home/airflow/.local/lib/python3.8/site-packages/airflow/example_dags/example_branch_labels.py
[2025-05-19T23:05:40.025+0000] {processor.py:830} INFO - Processing file /home/airflow/.local/lib/python3.8/site-packages/airflow/example_dags/example_branch_labels.py for tasks to queue
[2025-05-19T23:05:40.038+0000] {logging_mixin.py:188} INFO - [2025-05-19T23:05:40.036+0000] {dagbag.py:540} INFO - Filling up the DagBag from /home/airflow/.local/lib/python3.8/site-packages/airflow/example_dags/example_branch_labels.py
[2025-05-19T23:05:40.077+0000] {processor.py:840} INFO - DAG(s) 'example_branch_labels' retrieved from /home/airflow/.local/lib/python3.8/site-packages/airflow/example_dags/example_branch_labels.py
[2025-05-19T23:05:40.148+0000] {logging_mixin.py:188} INFO - [2025-05-19T23:05:40.147+0000] {dag.py:3047} INFO - Sync 1 DAGs
[2025-05-19T23:05:40.203+0000] {logging_mixin.py:188} INFO - [2025-05-19T23:05:40.203+0000] {dag.py:3834} INFO - Setting next_dagrun for example_branch_labels to 2025-05-18 00:00:00+00:00, run_after=2025-05-19 00:00:00+00:00
[2025-05-19T23:05:40.263+0000] {processor.py:183} INFO - Processing /home/airflow/.local/lib/python3.8/site-packages/airflow/example_dags/example_branch_labels.py took 0.259 seconds
[2025-05-19T23:06:10.459+0000] {processor.py:161} INFO - Started process (PID=199) to work on /home/airflow/.local/lib/python3.8/site-packages/airflow/example_dags/example_branch_labels.py
[2025-05-19T23:06:10.463+0000] {processor.py:830} INFO - Processing file /home/airflow/.local/lib/python3.8/site-packages/airflow/example_dags/example_branch_labels.py for tasks to queue
[2025-05-19T23:06:10.469+0000] {logging_mixin.py:188} INFO - [2025-05-19T23:06:10.467+0000] {dagbag.py:540} INFO - Filling up the DagBag from /home/airflow/.local/lib/python3.8/site-packages/airflow/example_dags/example_branch_labels.py
[2025-05-19T23:06:10.502+0000] {processor.py:840} INFO - DAG(s) 'example_branch_labels' retrieved from /home/airflow/.local/lib/python3.8/site-packages/airflow/example_dags/example_branch_labels.py
[2025-05-19T23:06:10.574+0000] {logging_mixin.py:188} INFO - [2025-05-19T23:06:10.573+0000] {dag.py:3047} INFO - Sync 1 DAGs
[2025-05-19T23:06:10.653+0000] {logging_mixin.py:188} INFO - [2025-05-19T23:06:10.652+0000] {dag.py:3834} INFO - Setting next_dagrun for example_branch_labels to 2025-05-18 00:00:00+00:00, run_after=2025-05-19 00:00:00+00:00
[2025-05-19T23:06:10.742+0000] {processor.py:183} INFO - Processing /home/airflow/.local/lib/python3.8/site-packages/airflow/example_dags/example_branch_labels.py took 0.295 seconds
[2025-05-19T23:06:41.202+0000] {processor.py:161} INFO - Started process (PID=256) to work on /home/airflow/.local/lib/python3.8/site-packages/airflow/example_dags/example_branch_labels.py
[2025-05-19T23:06:41.205+0000] {processor.py:830} INFO - Processing file /home/airflow/.local/lib/python3.8/site-packages/airflow/example_dags/example_branch_labels.py for tasks to queue
[2025-05-19T23:06:41.211+0000] {logging_mixin.py:188} INFO - [2025-05-19T23:06:41.210+0000] {dagbag.py:540} INFO - Filling up the DagBag from /home/airflow/.local/lib/python3.8/site-packages/airflow/example_dags/example_branch_labels.py
[2025-05-19T23:06:41.248+0000] {processor.py:840} INFO - DAG(s) 'example_branch_labels' retrieved from /home/airflow/.local/lib/python3.8/site-packages/airflow/example_dags/example_branch_labels.py
[2025-05-19T23:06:41.305+0000] {logging_mixin.py:188} INFO - [2025-05-19T23:06:41.305+0000] {dag.py:3047} INFO - Sync 1 DAGs
[2025-05-19T23:06:41.373+0000] {logging_mixin.py:188} INFO - [2025-05-19T23:06:41.373+0000] {dag.py:3834} INFO - Setting next_dagrun for example_branch_labels to 2025-05-18 00:00:00+00:00, run_after=2025-05-19 00:00:00+00:00
[2025-05-19T23:06:41.516+0000] {processor.py:183} INFO - Processing /home/airflow/.local/lib/python3.8/site-packages/airflow/example_dags/example_branch_labels.py took 0.328 seconds
[2025-05-19T23:07:12.132+0000] {processor.py:161} INFO - Started process (PID=313) to work on /home/airflow/.local/lib/python3.8/site-packages/airflow/example_dags/example_branch_labels.py
[2025-05-19T23:07:12.135+0000] {processor.py:830} INFO - Processing file /home/airflow/.local/lib/python3.8/site-packages/airflow/example_dags/example_branch_labels.py for tasks to queue
[2025-05-19T23:07:12.141+0000] {logging_mixin.py:188} INFO - [2025-05-19T23:07:12.140+0000] {dagbag.py:540} INFO - Filling up the DagBag from /home/airflow/.local/lib/python3.8/site-packages/airflow/example_dags/example_branch_labels.py
[2025-05-19T23:07:12.162+0000] {processor.py:840} INFO - DAG(s) 'example_branch_labels' retrieved from /home/airflow/.local/lib/python3.8/site-packages/airflow/example_dags/example_branch_labels.py
[2025-05-19T23:07:12.212+0000] {logging_mixin.py:188} INFO - [2025-05-19T23:07:12.211+0000] {dag.py:3047} INFO - Sync 1 DAGs
[2025-05-19T23:07:12.259+0000] {logging_mixin.py:188} INFO - [2025-05-19T23:07:12.259+0000] {dag.py:3834} INFO - Setting next_dagrun for example_branch_labels to 2025-05-18 00:00:00+00:00, run_after=2025-05-19 00:00:00+00:00
[2025-05-19T23:07:12.301+0000] {processor.py:183} INFO - Processing /home/airflow/.local/lib/python3.8/site-packages/airflow/example_dags/example_branch_labels.py took 0.178 seconds
[2025-05-19T23:07:43.386+0000] {processor.py:161} INFO - Started process (PID=370) to work on /home/airflow/.local/lib/python3.8/site-packages/airflow/example_dags/example_branch_labels.py
[2025-05-19T23:07:43.389+0000] {processor.py:830} INFO - Processing file /home/airflow/.local/lib/python3.8/site-packages/airflow/example_dags/example_branch_labels.py for tasks to queue
[2025-05-19T23:07:43.395+0000] {logging_mixin.py:188} INFO - [2025-05-19T23:07:43.394+0000] {dagbag.py:540} INFO - Filling up the DagBag from /home/airflow/.local/lib/python3.8/site-packages/airflow/example_dags/example_branch_labels.py
[2025-05-19T23:07:43.417+0000] {processor.py:840} INFO - DAG(s) 'example_branch_labels' retrieved from /home/airflow/.local/lib/python3.8/site-packages/airflow/example_dags/example_branch_labels.py
[2025-05-19T23:07:43.461+0000] {logging_mixin.py:188} INFO - [2025-05-19T23:07:43.461+0000] {dag.py:3047} INFO - Sync 1 DAGs
[2025-05-19T23:07:43.513+0000] {logging_mixin.py:188} INFO - [2025-05-19T23:07:43.513+0000] {dag.py:3834} INFO - Setting next_dagrun for example_branch_labels to 2025-05-18 00:00:00+00:00, run_after=2025-05-19 00:00:00+00:00
[2025-05-19T23:07:43.613+0000] {processor.py:183} INFO - Processing /home/airflow/.local/lib/python3.8/site-packages/airflow/example_dags/example_branch_labels.py took 0.238 seconds
[2025-05-19T23:08:14.727+0000] {processor.py:161} INFO - Started process (PID=427) to work on /home/airflow/.local/lib/python3.8/site-packages/airflow/example_dags/example_branch_labels.py
[2025-05-19T23:08:14.731+0000] {processor.py:830} INFO - Processing file /home/airflow/.local/lib/python3.8/site-packages/airflow/example_dags/example_branch_labels.py for tasks to queue
[2025-05-19T23:08:14.736+0000] {logging_mixin.py:188} INFO - [2025-05-19T23:08:14.735+0000] {dagbag.py:540} INFO - Filling up the DagBag from /home/airflow/.local/lib/python3.8/site-packages/airflow/example_dags/example_branch_labels.py
[2025-05-19T23:08:14.756+0000] {processor.py:840} INFO - DAG(s) 'example_branch_labels' retrieved from /home/airflow/.local/lib/python3.8/site-packages/airflow/example_dags/example_branch_labels.py
[2025-05-19T23:08:14.830+0000] {logging_mixin.py:188} INFO - [2025-05-19T23:08:14.829+0000] {dag.py:3047} INFO - Sync 1 DAGs
[2025-05-19T23:08:14.892+0000] {logging_mixin.py:188} INFO - [2025-05-19T23:08:14.891+0000] {dag.py:3834} INFO - Setting next_dagrun for example_branch_labels to 2025-05-18 00:00:00+00:00, run_after=2025-05-19 00:00:00+00:00
[2025-05-19T23:08:14.940+0000] {processor.py:183} INFO - Processing /home/airflow/.local/lib/python3.8/site-packages/airflow/example_dags/example_branch_labels.py took 0.221 seconds
[2025-05-19T23:08:46.062+0000] {processor.py:161} INFO - Started process (PID=484) to work on /home/airflow/.local/lib/python3.8/site-packages/airflow/example_dags/example_branch_labels.py
[2025-05-19T23:08:46.065+0000] {processor.py:830} INFO - Processing file /home/airflow/.local/lib/python3.8/site-packages/airflow/example_dags/example_branch_labels.py for tasks to queue
[2025-05-19T23:08:46.071+0000] {logging_mixin.py:188} INFO - [2025-05-19T23:08:46.070+0000] {dagbag.py:540} INFO - Filling up the DagBag from /home/airflow/.local/lib/python3.8/site-packages/airflow/example_dags/example_branch_labels.py
[2025-05-19T23:08:46.099+0000] {processor.py:840} INFO - DAG(s) 'example_branch_labels' retrieved from /home/airflow/.local/lib/python3.8/site-packages/airflow/example_dags/example_branch_labels.py
[2025-05-19T23:08:46.192+0000] {logging_mixin.py:188} INFO - [2025-05-19T23:08:46.190+0000] {dag.py:3047} INFO - Sync 1 DAGs
[2025-05-19T23:08:46.374+0000] {logging_mixin.py:188} INFO - [2025-05-19T23:08:46.373+0000] {dag.py:3834} INFO - Setting next_dagrun for example_branch_labels to 2025-05-18 00:00:00+00:00, run_after=2025-05-19 00:00:00+00:00
[2025-05-19T23:08:46.515+0000] {processor.py:183} INFO - Processing /home/airflow/.local/lib/python3.8/site-packages/airflow/example_dags/example_branch_labels.py took 0.473 seconds
[2025-05-19T23:09:16.932+0000] {processor.py:161} INFO - Started process (PID=541) to work on /home/airflow/.local/lib/python3.8/site-packages/airflow/example_dags/example_branch_labels.py
[2025-05-19T23:09:16.936+0000] {processor.py:830} INFO - Processing file /home/airflow/.local/lib/python3.8/site-packages/airflow/example_dags/example_branch_labels.py for tasks to queue
[2025-05-19T23:09:16.942+0000] {logging_mixin.py:188} INFO - [2025-05-19T23:09:16.941+0000] {dagbag.py:540} INFO - Filling up the DagBag from /home/airflow/.local/lib/python3.8/site-packages/airflow/example_dags/example_branch_labels.py
[2025-05-19T23:09:16.980+0000] {processor.py:840} INFO - DAG(s) 'example_branch_labels' retrieved from /home/airflow/.local/lib/python3.8/site-packages/airflow/example_dags/example_branch_labels.py
[2025-05-19T23:09:17.080+0000] {logging_mixin.py:188} INFO - [2025-05-19T23:09:17.079+0000] {dag.py:3047} INFO - Sync 1 DAGs
[2025-05-19T23:09:17.230+0000] {logging_mixin.py:188} INFO - [2025-05-19T23:09:17.229+0000] {dag.py:3834} INFO - Setting next_dagrun for example_branch_labels to 2025-05-18 00:00:00+00:00, run_after=2025-05-19 00:00:00+00:00
[2025-05-19T23:09:17.295+0000] {processor.py:183} INFO - Processing /home/airflow/.local/lib/python3.8/site-packages/airflow/example_dags/example_branch_labels.py took 0.376 seconds
[2025-05-19T23:09:47.868+0000] {processor.py:161} INFO - Started process (PID=599) to work on /home/airflow/.local/lib/python3.8/site-packages/airflow/example_dags/example_branch_labels.py
[2025-05-19T23:09:47.875+0000] {processor.py:830} INFO - Processing file /home/airflow/.local/lib/python3.8/site-packages/airflow/example_dags/example_branch_labels.py for tasks to queue
[2025-05-19T23:09:47.884+0000] {logging_mixin.py:188} INFO - [2025-05-19T23:09:47.883+0000] {dagbag.py:540} INFO - Filling up the DagBag from /home/airflow/.local/lib/python3.8/site-packages/airflow/example_dags/example_branch_labels.py
[2025-05-19T23:09:47.914+0000] {processor.py:840} INFO - DAG(s) 'example_branch_labels' retrieved from /home/airflow/.local/lib/python3.8/site-packages/airflow/example_dags/example_branch_labels.py
[2025-05-19T23:09:47.970+0000] {logging_mixin.py:188} INFO - [2025-05-19T23:09:47.969+0000] {dag.py:3047} INFO - Sync 1 DAGs
[2025-05-19T23:09:48.066+0000] {logging_mixin.py:188} INFO - [2025-05-19T23:09:48.065+0000] {dag.py:3834} INFO - Setting next_dagrun for example_branch_labels to 2025-05-18 00:00:00+00:00, run_after=2025-05-19 00:00:00+00:00
[2025-05-19T23:09:48.143+0000] {processor.py:183} INFO - Processing /home/airflow/.local/lib/python3.8/site-packages/airflow/example_dags/example_branch_labels.py took 0.287 seconds
[2025-05-19T23:10:18.816+0000] {processor.py:161} INFO - Started process (PID=661) to work on /home/airflow/.local/lib/python3.8/site-packages/airflow/example_dags/example_branch_labels.py
[2025-05-19T23:10:18.820+0000] {processor.py:830} INFO - Processing file /home/airflow/.local/lib/python3.8/site-packages/airflow/example_dags/example_branch_labels.py for tasks to queue
[2025-05-19T23:10:18.825+0000] {logging_mixin.py:188} INFO - [2025-05-19T23:10:18.825+0000] {dagbag.py:540} INFO - Filling up the DagBag from /home/airflow/.local/lib/python3.8/site-packages/airflow/example_dags/example_branch_labels.py
[2025-05-19T23:10:18.853+0000] {processor.py:840} INFO - DAG(s) 'example_branch_labels' retrieved from /home/airflow/.local/lib/python3.8/site-packages/airflow/example_dags/example_branch_labels.py
[2025-05-19T23:10:18.881+0000] {logging_mixin.py:188} INFO - [2025-05-19T23:10:18.881+0000] {dag.py:3047} INFO - Sync 1 DAGs
[2025-05-19T23:10:18.944+0000] {logging_mixin.py:188} INFO - [2025-05-19T23:10:18.943+0000] {dag.py:3834} INFO - Setting next_dagrun for example_branch_labels to 2025-05-18 00:00:00+00:00, run_after=2025-05-19 00:00:00+00:00
[2025-05-19T23:10:18.994+0000] {processor.py:183} INFO - Processing /home/airflow/.local/lib/python3.8/site-packages/airflow/example_dags/example_branch_labels.py took 0.194 seconds
[2025-05-19T23:10:49.446+0000] {processor.py:161} INFO - Started process (PID=718) to work on /home/airflow/.local/lib/python3.8/site-packages/airflow/example_dags/example_branch_labels.py
[2025-05-19T23:10:49.449+0000] {processor.py:830} INFO - Processing file /home/airflow/.local/lib/python3.8/site-packages/airflow/example_dags/example_branch_labels.py for tasks to queue
[2025-05-19T23:10:49.454+0000] {logging_mixin.py:188} INFO - [2025-05-19T23:10:49.453+0000] {dagbag.py:540} INFO - Filling up the DagBag from /home/airflow/.local/lib/python3.8/site-packages/airflow/example_dags/example_branch_labels.py
[2025-05-19T23:10:49.484+0000] {processor.py:840} INFO - DAG(s) 'example_branch_labels' retrieved from /home/airflow/.local/lib/python3.8/site-packages/airflow/example_dags/example_branch_labels.py
[2025-05-19T23:10:49.778+0000] {logging_mixin.py:188} INFO - [2025-05-19T23:10:49.778+0000] {dag.py:3047} INFO - Sync 1 DAGs
[2025-05-19T23:10:49.854+0000] {logging_mixin.py:188} INFO - [2025-05-19T23:10:49.854+0000] {dag.py:3834} INFO - Setting next_dagrun for example_branch_labels to 2025-05-18 00:00:00+00:00, run_after=2025-05-19 00:00:00+00:00
[2025-05-19T23:10:49.918+0000] {processor.py:183} INFO - Processing /home/airflow/.local/lib/python3.8/site-packages/airflow/example_dags/example_branch_labels.py took 0.483 seconds
[2025-05-19T23:46:20.041+0000] {processor.py:161} INFO - Started process (PID=227) to work on /home/airflow/.local/lib/python3.8/site-packages/airflow/example_dags/example_branch_labels.py
[2025-05-19T23:46:20.059+0000] {processor.py:830} INFO - Processing file /home/airflow/.local/lib/python3.8/site-packages/airflow/example_dags/example_branch_labels.py for tasks to queue
[2025-05-19T23:46:20.072+0000] {logging_mixin.py:188} INFO - [2025-05-19T23:46:20.071+0000] {dagbag.py:540} INFO - Filling up the DagBag from /home/airflow/.local/lib/python3.8/site-packages/airflow/example_dags/example_branch_labels.py
[2025-05-19T23:46:20.628+0000] {processor.py:840} INFO - DAG(s) 'example_branch_labels' retrieved from /home/airflow/.local/lib/python3.8/site-packages/airflow/example_dags/example_branch_labels.py
[2025-05-19T23:46:22.144+0000] {logging_mixin.py:188} INFO - [2025-05-19T23:46:22.143+0000] {dag.py:3047} INFO - Sync 1 DAGs
[2025-05-19T23:46:23.509+0000] {logging_mixin.py:188} INFO - [2025-05-19T23:46:23.508+0000] {dag.py:3834} INFO - Setting next_dagrun for example_branch_labels to 2025-05-18 00:00:00+00:00, run_after=2025-05-19 00:00:00+00:00
[2025-05-19T23:46:25.039+0000] {processor.py:183} INFO - Processing /home/airflow/.local/lib/python3.8/site-packages/airflow/example_dags/example_branch_labels.py took 5.056 seconds
