[2025-05-19T23:05:16.865+0000] {processor.py:161} INFO - Started process (PID=108) to work on /home/airflow/.local/lib/python3.8/site-packages/airflow/example_dags/example_subdag_operator.py
[2025-05-19T23:05:16.869+0000] {processor.py:830} INFO - Processing file /home/airflow/.local/lib/python3.8/site-packages/airflow/example_dags/example_subdag_operator.py for tasks to queue
[2025-05-19T23:05:16.876+0000] {logging_mixin.py:188} INFO - [2025-05-19T23:05:16.874+0000] {dagbag.py:540} INFO - Filling up the DagBag from /home/airflow/.local/lib/python3.8/site-packages/airflow/example_dags/example_subdag_operator.py
[2025-05-19T23:05:17.003+0000] {processor.py:840} INFO - DAG(s) 'example_subdag_operator.section-1', 'example_subdag_operator.section-2', 'example_subdag_operator' retrieved from /home/airflow/.local/lib/python3.8/site-packages/airflow/example_dags/example_subdag_operator.py
[2025-05-19T23:05:17.387+0000] {logging_mixin.py:188} INFO - [2025-05-19T23:05:17.386+0000] {override.py:1769} INFO - Created Permission View: can edit on DAG:example_subdag_operator
[2025-05-19T23:05:17.414+0000] {logging_mixin.py:188} INFO - [2025-05-19T23:05:17.413+0000] {override.py:1769} INFO - Created Permission View: can delete on DAG:example_subdag_operator
[2025-05-19T23:05:17.433+0000] {logging_mixin.py:188} INFO - [2025-05-19T23:05:17.433+0000] {override.py:1769} INFO - Created Permission View: can read on DAG:example_subdag_operator
[2025-05-19T23:05:17.435+0000] {logging_mixin.py:188} INFO - [2025-05-19T23:05:17.434+0000] {dag.py:3047} INFO - Sync 3 DAGs
[2025-05-19T23:05:17.464+0000] {logging_mixin.py:188} INFO - [2025-05-19T23:05:17.464+0000] {dag.py:3069} INFO - Creating ORM DAG for example_subdag_operator.section-1
[2025-05-19T23:05:17.466+0000] {logging_mixin.py:188} INFO - [2025-05-19T23:05:17.466+0000] {dag.py:3069} INFO - Creating ORM DAG for example_subdag_operator.section-2
[2025-05-19T23:05:17.470+0000] {logging_mixin.py:188} INFO - [2025-05-19T23:05:17.469+0000] {dag.py:3069} INFO - Creating ORM DAG for example_subdag_operator
[2025-05-19T23:05:17.492+0000] {logging_mixin.py:188} INFO - [2025-05-19T23:05:17.491+0000] {dag.py:3834} INFO - Setting next_dagrun for example_subdag_operator to 2022-01-01 00:00:00+00:00, run_after=2022-01-01 00:00:00+00:00
[2025-05-19T23:05:17.494+0000] {logging_mixin.py:188} INFO - [2025-05-19T23:05:17.493+0000] {dag.py:3834} INFO - Setting next_dagrun for example_subdag_operator.section-1 to None, run_after=None
[2025-05-19T23:05:17.495+0000] {logging_mixin.py:188} INFO - [2025-05-19T23:05:17.494+0000] {dag.py:3834} INFO - Setting next_dagrun for example_subdag_operator.section-2 to None, run_after=None
[2025-05-19T23:05:17.512+0000] {logging_mixin.py:188} INFO - [2025-05-19T23:05:17.511+0000] {dag.py:3047} INFO - Sync 2 DAGs
[2025-05-19T23:05:17.522+0000] {logging_mixin.py:188} INFO - [2025-05-19T23:05:17.522+0000] {dag.py:3834} INFO - Setting next_dagrun for example_subdag_operator.section-1 to None, run_after=None
[2025-05-19T23:05:17.529+0000] {logging_mixin.py:188} INFO - [2025-05-19T23:05:17.528+0000] {dag.py:3834} INFO - Setting next_dagrun for example_subdag_operator.section-2 to None, run_after=None
[2025-05-19T23:05:17.562+0000] {processor.py:183} INFO - Processing /home/airflow/.local/lib/python3.8/site-packages/airflow/example_dags/example_subdag_operator.py took 0.707 seconds
[2025-05-19T23:05:47.791+0000] {processor.py:161} INFO - Started process (PID=165) to work on /home/airflow/.local/lib/python3.8/site-packages/airflow/example_dags/example_subdag_operator.py
[2025-05-19T23:05:47.796+0000] {processor.py:830} INFO - Processing file /home/airflow/.local/lib/python3.8/site-packages/airflow/example_dags/example_subdag_operator.py for tasks to queue
[2025-05-19T23:05:47.805+0000] {logging_mixin.py:188} INFO - [2025-05-19T23:05:47.804+0000] {dagbag.py:540} INFO - Filling up the DagBag from /home/airflow/.local/lib/python3.8/site-packages/airflow/example_dags/example_subdag_operator.py
[2025-05-19T23:05:47.900+0000] {processor.py:840} INFO - DAG(s) 'example_subdag_operator.section-1', 'example_subdag_operator.section-2', 'example_subdag_operator' retrieved from /home/airflow/.local/lib/python3.8/site-packages/airflow/example_dags/example_subdag_operator.py
[2025-05-19T23:05:48.084+0000] {logging_mixin.py:188} INFO - [2025-05-19T23:05:48.083+0000] {dag.py:3047} INFO - Sync 3 DAGs
[2025-05-19T23:05:48.007+0000] {logging_mixin.py:188} INFO - [2025-05-19T23:05:48.006+0000] {dag.py:3834} INFO - Setting next_dagrun for example_subdag_operator to 2022-01-01 00:00:00+00:00, run_after=2022-01-01 00:00:00+00:00
[2025-05-19T23:05:48.018+0000] {logging_mixin.py:188} INFO - [2025-05-19T23:05:48.017+0000] {dag.py:3834} INFO - Setting next_dagrun for example_subdag_operator.section-1 to None, run_after=None
[2025-05-19T23:05:48.022+0000] {logging_mixin.py:188} INFO - [2025-05-19T23:05:48.022+0000] {dag.py:3834} INFO - Setting next_dagrun for example_subdag_operator.section-2 to None, run_after=None
[2025-05-19T23:05:48.043+0000] {logging_mixin.py:188} INFO - [2025-05-19T23:05:48.043+0000] {dag.py:3047} INFO - Sync 2 DAGs
[2025-05-19T23:05:48.060+0000] {logging_mixin.py:188} INFO - [2025-05-19T23:05:48.059+0000] {dag.py:3834} INFO - Setting next_dagrun for example_subdag_operator.section-1 to None, run_after=None
[2025-05-19T23:05:48.062+0000] {logging_mixin.py:188} INFO - [2025-05-19T23:05:48.062+0000] {dag.py:3834} INFO - Setting next_dagrun for example_subdag_operator.section-2 to None, run_after=None
[2025-05-19T23:05:48.104+0000] {processor.py:183} INFO - Processing /home/airflow/.local/lib/python3.8/site-packages/airflow/example_dags/example_subdag_operator.py took 0.544 seconds
[2025-05-19T23:06:18.436+0000] {processor.py:161} INFO - Started process (PID=222) to work on /home/airflow/.local/lib/python3.8/site-packages/airflow/example_dags/example_subdag_operator.py
[2025-05-19T23:06:18.439+0000] {processor.py:830} INFO - Processing file /home/airflow/.local/lib/python3.8/site-packages/airflow/example_dags/example_subdag_operator.py for tasks to queue
[2025-05-19T23:06:18.444+0000] {logging_mixin.py:188} INFO - [2025-05-19T23:06:18.443+0000] {dagbag.py:540} INFO - Filling up the DagBag from /home/airflow/.local/lib/python3.8/site-packages/airflow/example_dags/example_subdag_operator.py
[2025-05-19T23:06:18.508+0000] {processor.py:840} INFO - DAG(s) 'example_subdag_operator.section-1', 'example_subdag_operator.section-2', 'example_subdag_operator' retrieved from /home/airflow/.local/lib/python3.8/site-packages/airflow/example_dags/example_subdag_operator.py
[2025-05-19T23:06:18.548+0000] {logging_mixin.py:188} INFO - [2025-05-19T23:06:18.548+0000] {dag.py:3047} INFO - Sync 3 DAGs
[2025-05-19T23:06:18.613+0000] {logging_mixin.py:188} INFO - [2025-05-19T23:06:18.613+0000] {dag.py:3834} INFO - Setting next_dagrun for example_subdag_operator to 2022-01-01 00:00:00+00:00, run_after=2022-01-01 00:00:00+00:00
[2025-05-19T23:06:18.623+0000] {logging_mixin.py:188} INFO - [2025-05-19T23:06:18.623+0000] {dag.py:3834} INFO - Setting next_dagrun for example_subdag_operator.section-1 to None, run_after=None
[2025-05-19T23:06:18.627+0000] {logging_mixin.py:188} INFO - [2025-05-19T23:06:18.627+0000] {dag.py:3834} INFO - Setting next_dagrun for example_subdag_operator.section-2 to None, run_after=None
[2025-05-19T23:06:18.645+0000] {logging_mixin.py:188} INFO - [2025-05-19T23:06:18.645+0000] {dag.py:3047} INFO - Sync 2 DAGs
[2025-05-19T23:06:18.659+0000] {logging_mixin.py:188} INFO - [2025-05-19T23:06:18.659+0000] {dag.py:3834} INFO - Setting next_dagrun for example_subdag_operator.section-1 to None, run_after=None
[2025-05-19T23:06:18.661+0000] {logging_mixin.py:188} INFO - [2025-05-19T23:06:18.661+0000] {dag.py:3834} INFO - Setting next_dagrun for example_subdag_operator.section-2 to None, run_after=None
[2025-05-19T23:06:18.737+0000] {processor.py:183} INFO - Processing /home/airflow/.local/lib/python3.8/site-packages/airflow/example_dags/example_subdag_operator.py took 0.314 seconds
[2025-05-19T23:06:49.269+0000] {processor.py:161} INFO - Started process (PID=285) to work on /home/airflow/.local/lib/python3.8/site-packages/airflow/example_dags/example_subdag_operator.py
[2025-05-19T23:06:49.271+0000] {processor.py:830} INFO - Processing file /home/airflow/.local/lib/python3.8/site-packages/airflow/example_dags/example_subdag_operator.py for tasks to queue
[2025-05-19T23:06:49.276+0000] {logging_mixin.py:188} INFO - [2025-05-19T23:06:49.276+0000] {dagbag.py:540} INFO - Filling up the DagBag from /home/airflow/.local/lib/python3.8/site-packages/airflow/example_dags/example_subdag_operator.py
[2025-05-19T23:06:49.345+0000] {processor.py:840} INFO - DAG(s) 'example_subdag_operator.section-1', 'example_subdag_operator.section-2', 'example_subdag_operator' retrieved from /home/airflow/.local/lib/python3.8/site-packages/airflow/example_dags/example_subdag_operator.py
[2025-05-19T23:06:49.398+0000] {logging_mixin.py:188} INFO - [2025-05-19T23:06:49.397+0000] {dag.py:3047} INFO - Sync 3 DAGs
[2025-05-19T23:06:49.461+0000] {logging_mixin.py:188} INFO - [2025-05-19T23:06:49.460+0000] {dag.py:3834} INFO - Setting next_dagrun for example_subdag_operator to 2022-01-01 00:00:00+00:00, run_after=2022-01-01 00:00:00+00:00
[2025-05-19T23:06:49.470+0000] {logging_mixin.py:188} INFO - [2025-05-19T23:06:49.469+0000] {dag.py:3834} INFO - Setting next_dagrun for example_subdag_operator.section-1 to None, run_after=None
[2025-05-19T23:06:49.475+0000] {logging_mixin.py:188} INFO - [2025-05-19T23:06:49.474+0000] {dag.py:3834} INFO - Setting next_dagrun for example_subdag_operator.section-2 to None, run_after=None
[2025-05-19T23:06:49.494+0000] {logging_mixin.py:188} INFO - [2025-05-19T23:06:49.493+0000] {dag.py:3047} INFO - Sync 2 DAGs
[2025-05-19T23:06:49.509+0000] {logging_mixin.py:188} INFO - [2025-05-19T23:06:49.508+0000] {dag.py:3834} INFO - Setting next_dagrun for example_subdag_operator.section-1 to None, run_after=None
[2025-05-19T23:06:49.510+0000] {logging_mixin.py:188} INFO - [2025-05-19T23:06:49.510+0000] {dag.py:3834} INFO - Setting next_dagrun for example_subdag_operator.section-2 to None, run_after=None
[2025-05-19T23:06:49.602+0000] {processor.py:183} INFO - Processing /home/airflow/.local/lib/python3.8/site-packages/airflow/example_dags/example_subdag_operator.py took 0.342 seconds
[2025-05-19T23:07:20.179+0000] {processor.py:161} INFO - Started process (PID=342) to work on /home/airflow/.local/lib/python3.8/site-packages/airflow/example_dags/example_subdag_operator.py
[2025-05-19T23:07:20.181+0000] {processor.py:830} INFO - Processing file /home/airflow/.local/lib/python3.8/site-packages/airflow/example_dags/example_subdag_operator.py for tasks to queue
[2025-05-19T23:07:20.188+0000] {logging_mixin.py:188} INFO - [2025-05-19T23:07:20.186+0000] {dagbag.py:540} INFO - Filling up the DagBag from /home/airflow/.local/lib/python3.8/site-packages/airflow/example_dags/example_subdag_operator.py
[2025-05-19T23:07:20.249+0000] {processor.py:840} INFO - DAG(s) 'example_subdag_operator.section-1', 'example_subdag_operator.section-2', 'example_subdag_operator' retrieved from /home/airflow/.local/lib/python3.8/site-packages/airflow/example_dags/example_subdag_operator.py
[2025-05-19T23:07:20.290+0000] {logging_mixin.py:188} INFO - [2025-05-19T23:07:20.290+0000] {dag.py:3047} INFO - Sync 3 DAGs
[2025-05-19T23:07:20.343+0000] {logging_mixin.py:188} INFO - [2025-05-19T23:07:20.342+0000] {dag.py:3834} INFO - Setting next_dagrun for example_subdag_operator to 2022-01-01 00:00:00+00:00, run_after=2022-01-01 00:00:00+00:00
[2025-05-19T23:07:20.361+0000] {logging_mixin.py:188} INFO - [2025-05-19T23:07:20.360+0000] {dag.py:3834} INFO - Setting next_dagrun for example_subdag_operator.section-1 to None, run_after=None
[2025-05-19T23:07:20.366+0000] {logging_mixin.py:188} INFO - [2025-05-19T23:07:20.365+0000] {dag.py:3834} INFO - Setting next_dagrun for example_subdag_operator.section-2 to None, run_after=None
[2025-05-19T23:07:20.389+0000] {logging_mixin.py:188} INFO - [2025-05-19T23:07:20.389+0000] {dag.py:3047} INFO - Sync 2 DAGs
[2025-05-19T23:07:20.408+0000] {logging_mixin.py:188} INFO - [2025-05-19T23:07:20.407+0000] {dag.py:3834} INFO - Setting next_dagrun for example_subdag_operator.section-1 to None, run_after=None
[2025-05-19T23:07:20.410+0000] {logging_mixin.py:188} INFO - [2025-05-19T23:07:20.410+0000] {dag.py:3834} INFO - Setting next_dagrun for example_subdag_operator.section-2 to None, run_after=None
[2025-05-19T23:07:20.526+0000] {processor.py:183} INFO - Processing /home/airflow/.local/lib/python3.8/site-packages/airflow/example_dags/example_subdag_operator.py took 0.356 seconds
[2025-05-19T23:07:51.496+0000] {processor.py:161} INFO - Started process (PID=399) to work on /home/airflow/.local/lib/python3.8/site-packages/airflow/example_dags/example_subdag_operator.py
[2025-05-19T23:07:51.499+0000] {processor.py:830} INFO - Processing file /home/airflow/.local/lib/python3.8/site-packages/airflow/example_dags/example_subdag_operator.py for tasks to queue
[2025-05-19T23:07:51.508+0000] {logging_mixin.py:188} INFO - [2025-05-19T23:07:51.506+0000] {dagbag.py:540} INFO - Filling up the DagBag from /home/airflow/.local/lib/python3.8/site-packages/airflow/example_dags/example_subdag_operator.py
[2025-05-19T23:07:51.590+0000] {processor.py:840} INFO - DAG(s) 'example_subdag_operator.section-1', 'example_subdag_operator.section-2', 'example_subdag_operator' retrieved from /home/airflow/.local/lib/python3.8/site-packages/airflow/example_dags/example_subdag_operator.py
[2025-05-19T23:07:51.679+0000] {logging_mixin.py:188} INFO - [2025-05-19T23:07:51.678+0000] {dag.py:3047} INFO - Sync 3 DAGs
[2025-05-19T23:07:51.805+0000] {logging_mixin.py:188} INFO - [2025-05-19T23:07:51.804+0000] {dag.py:3834} INFO - Setting next_dagrun for example_subdag_operator to 2022-01-01 00:00:00+00:00, run_after=2022-01-01 00:00:00+00:00
[2025-05-19T23:07:51.824+0000] {logging_mixin.py:188} INFO - [2025-05-19T23:07:51.823+0000] {dag.py:3834} INFO - Setting next_dagrun for example_subdag_operator.section-1 to None, run_after=None
[2025-05-19T23:07:51.831+0000] {logging_mixin.py:188} INFO - [2025-05-19T23:07:51.830+0000] {dag.py:3834} INFO - Setting next_dagrun for example_subdag_operator.section-2 to None, run_after=None
[2025-05-19T23:07:51.869+0000] {logging_mixin.py:188} INFO - [2025-05-19T23:07:51.867+0000] {dag.py:3047} INFO - Sync 2 DAGs
[2025-05-19T23:07:51.898+0000] {logging_mixin.py:188} INFO - [2025-05-19T23:07:51.897+0000] {dag.py:3834} INFO - Setting next_dagrun for example_subdag_operator.section-1 to None, run_after=None
[2025-05-19T23:07:51.901+0000] {logging_mixin.py:188} INFO - [2025-05-19T23:07:51.900+0000] {dag.py:3834} INFO - Setting next_dagrun for example_subdag_operator.section-2 to None, run_after=None
[2025-05-19T23:07:51.960+0000] {processor.py:183} INFO - Processing /home/airflow/.local/lib/python3.8/site-packages/airflow/example_dags/example_subdag_operator.py took 0.475 seconds
[2025-05-19T23:08:22.844+0000] {processor.py:161} INFO - Started process (PID=456) to work on /home/airflow/.local/lib/python3.8/site-packages/airflow/example_dags/example_subdag_operator.py
[2025-05-19T23:08:22.847+0000] {processor.py:830} INFO - Processing file /home/airflow/.local/lib/python3.8/site-packages/airflow/example_dags/example_subdag_operator.py for tasks to queue
[2025-05-19T23:08:22.853+0000] {logging_mixin.py:188} INFO - [2025-05-19T23:08:22.852+0000] {dagbag.py:540} INFO - Filling up the DagBag from /home/airflow/.local/lib/python3.8/site-packages/airflow/example_dags/example_subdag_operator.py
[2025-05-19T23:08:22.908+0000] {processor.py:840} INFO - DAG(s) 'example_subdag_operator.section-1', 'example_subdag_operator.section-2', 'example_subdag_operator' retrieved from /home/airflow/.local/lib/python3.8/site-packages/airflow/example_dags/example_subdag_operator.py
[2025-05-19T23:08:22.943+0000] {logging_mixin.py:188} INFO - [2025-05-19T23:08:22.943+0000] {dag.py:3047} INFO - Sync 3 DAGs
[2025-05-19T23:08:22.988+0000] {logging_mixin.py:188} INFO - [2025-05-19T23:08:22.987+0000] {dag.py:3834} INFO - Setting next_dagrun for example_subdag_operator to 2022-01-01 00:00:00+00:00, run_after=2022-01-01 00:00:00+00:00
[2025-05-19T23:08:22.997+0000] {logging_mixin.py:188} INFO - [2025-05-19T23:08:22.996+0000] {dag.py:3834} INFO - Setting next_dagrun for example_subdag_operator.section-1 to None, run_after=None
[2025-05-19T23:08:23.001+0000] {logging_mixin.py:188} INFO - [2025-05-19T23:08:23.000+0000] {dag.py:3834} INFO - Setting next_dagrun for example_subdag_operator.section-2 to None, run_after=None
[2025-05-19T23:08:23.044+0000] {logging_mixin.py:188} INFO - [2025-05-19T23:08:23.043+0000] {dag.py:3047} INFO - Sync 2 DAGs
[2025-05-19T23:08:23.078+0000] {logging_mixin.py:188} INFO - [2025-05-19T23:08:23.077+0000] {dag.py:3834} INFO - Setting next_dagrun for example_subdag_operator.section-1 to None, run_after=None
[2025-05-19T23:08:23.083+0000] {logging_mixin.py:188} INFO - [2025-05-19T23:08:23.082+0000] {dag.py:3834} INFO - Setting next_dagrun for example_subdag_operator.section-2 to None, run_after=None
[2025-05-19T23:08:23.160+0000] {processor.py:183} INFO - Processing /home/airflow/.local/lib/python3.8/site-packages/airflow/example_dags/example_subdag_operator.py took 0.322 seconds
[2025-05-19T23:08:54.070+0000] {processor.py:161} INFO - Started process (PID=513) to work on /home/airflow/.local/lib/python3.8/site-packages/airflow/example_dags/example_subdag_operator.py
[2025-05-19T23:08:54.078+0000] {processor.py:830} INFO - Processing file /home/airflow/.local/lib/python3.8/site-packages/airflow/example_dags/example_subdag_operator.py for tasks to queue
[2025-05-19T23:08:54.093+0000] {logging_mixin.py:188} INFO - [2025-05-19T23:08:54.090+0000] {dagbag.py:540} INFO - Filling up the DagBag from /home/airflow/.local/lib/python3.8/site-packages/airflow/example_dags/example_subdag_operator.py
[2025-05-19T23:08:54.222+0000] {processor.py:840} INFO - DAG(s) 'example_subdag_operator.section-1', 'example_subdag_operator.section-2', 'example_subdag_operator' retrieved from /home/airflow/.local/lib/python3.8/site-packages/airflow/example_dags/example_subdag_operator.py
[2025-05-19T23:08:54.262+0000] {logging_mixin.py:188} INFO - [2025-05-19T23:08:54.262+0000] {dag.py:3047} INFO - Sync 3 DAGs
[2025-05-19T23:08:54.311+0000] {logging_mixin.py:188} INFO - [2025-05-19T23:08:54.310+0000] {dag.py:3834} INFO - Setting next_dagrun for example_subdag_operator to 2022-01-01 00:00:00+00:00, run_after=2022-01-01 00:00:00+00:00
[2025-05-19T23:08:54.319+0000] {logging_mixin.py:188} INFO - [2025-05-19T23:08:54.318+0000] {dag.py:3834} INFO - Setting next_dagrun for example_subdag_operator.section-1 to None, run_after=None
[2025-05-19T23:08:54.324+0000] {logging_mixin.py:188} INFO - [2025-05-19T23:08:54.323+0000] {dag.py:3834} INFO - Setting next_dagrun for example_subdag_operator.section-2 to None, run_after=None
[2025-05-19T23:08:54.343+0000] {logging_mixin.py:188} INFO - [2025-05-19T23:08:54.342+0000] {dag.py:3047} INFO - Sync 2 DAGs
[2025-05-19T23:08:54.355+0000] {logging_mixin.py:188} INFO - [2025-05-19T23:08:54.355+0000] {dag.py:3834} INFO - Setting next_dagrun for example_subdag_operator.section-1 to None, run_after=None
[2025-05-19T23:08:54.357+0000] {logging_mixin.py:188} INFO - [2025-05-19T23:08:54.357+0000] {dag.py:3834} INFO - Setting next_dagrun for example_subdag_operator.section-2 to None, run_after=None
[2025-05-19T23:08:54.466+0000] {processor.py:183} INFO - Processing /home/airflow/.local/lib/python3.8/site-packages/airflow/example_dags/example_subdag_operator.py took 0.417 seconds
[2025-05-19T23:09:24.868+0000] {processor.py:161} INFO - Started process (PID=571) to work on /home/airflow/.local/lib/python3.8/site-packages/airflow/example_dags/example_subdag_operator.py
[2025-05-19T23:09:24.872+0000] {processor.py:830} INFO - Processing file /home/airflow/.local/lib/python3.8/site-packages/airflow/example_dags/example_subdag_operator.py for tasks to queue
[2025-05-19T23:09:24.877+0000] {logging_mixin.py:188} INFO - [2025-05-19T23:09:24.876+0000] {dagbag.py:540} INFO - Filling up the DagBag from /home/airflow/.local/lib/python3.8/site-packages/airflow/example_dags/example_subdag_operator.py
[2025-05-19T23:09:24.955+0000] {processor.py:840} INFO - DAG(s) 'example_subdag_operator.section-1', 'example_subdag_operator.section-2', 'example_subdag_operator' retrieved from /home/airflow/.local/lib/python3.8/site-packages/airflow/example_dags/example_subdag_operator.py
[2025-05-19T23:09:25.016+0000] {logging_mixin.py:188} INFO - [2025-05-19T23:09:25.016+0000] {dag.py:3047} INFO - Sync 3 DAGs
[2025-05-19T23:09:25.084+0000] {logging_mixin.py:188} INFO - [2025-05-19T23:09:25.084+0000] {dag.py:3834} INFO - Setting next_dagrun for example_subdag_operator to 2022-01-01 00:00:00+00:00, run_after=2022-01-01 00:00:00+00:00
[2025-05-19T23:09:25.096+0000] {logging_mixin.py:188} INFO - [2025-05-19T23:09:25.095+0000] {dag.py:3834} INFO - Setting next_dagrun for example_subdag_operator.section-1 to None, run_after=None
[2025-05-19T23:09:25.100+0000] {logging_mixin.py:188} INFO - [2025-05-19T23:09:25.100+0000] {dag.py:3834} INFO - Setting next_dagrun for example_subdag_operator.section-2 to None, run_after=None
[2025-05-19T23:09:25.124+0000] {logging_mixin.py:188} INFO - [2025-05-19T23:09:25.123+0000] {dag.py:3047} INFO - Sync 2 DAGs
[2025-05-19T23:09:25.157+0000] {logging_mixin.py:188} INFO - [2025-05-19T23:09:25.156+0000] {dag.py:3834} INFO - Setting next_dagrun for example_subdag_operator.section-1 to None, run_after=None
[2025-05-19T23:09:25.165+0000] {logging_mixin.py:188} INFO - [2025-05-19T23:09:25.164+0000] {dag.py:3834} INFO - Setting next_dagrun for example_subdag_operator.section-2 to None, run_after=None
[2025-05-19T23:09:25.205+0000] {processor.py:183} INFO - Processing /home/airflow/.local/lib/python3.8/site-packages/airflow/example_dags/example_subdag_operator.py took 0.349 seconds
[2025-05-19T23:09:55.562+0000] {processor.py:161} INFO - Started process (PID=628) to work on /home/airflow/.local/lib/python3.8/site-packages/airflow/example_dags/example_subdag_operator.py
[2025-05-19T23:09:55.589+0000] {processor.py:830} INFO - Processing file /home/airflow/.local/lib/python3.8/site-packages/airflow/example_dags/example_subdag_operator.py for tasks to queue
[2025-05-19T23:09:55.596+0000] {logging_mixin.py:188} INFO - [2025-05-19T23:09:55.595+0000] {dagbag.py:540} INFO - Filling up the DagBag from /home/airflow/.local/lib/python3.8/site-packages/airflow/example_dags/example_subdag_operator.py
[2025-05-19T23:09:55.705+0000] {processor.py:840} INFO - DAG(s) 'example_subdag_operator.section-1', 'example_subdag_operator.section-2', 'example_subdag_operator' retrieved from /home/airflow/.local/lib/python3.8/site-packages/airflow/example_dags/example_subdag_operator.py
[2025-05-19T23:09:55.717+0000] {logging_mixin.py:188} INFO - [2025-05-19T23:09:55.716+0000] {dag.py:3047} INFO - Sync 3 DAGs
[2025-05-19T23:09:55.793+0000] {logging_mixin.py:188} INFO - [2025-05-19T23:09:55.793+0000] {dag.py:3834} INFO - Setting next_dagrun for example_subdag_operator to 2022-01-01 00:00:00+00:00, run_after=2022-01-01 00:00:00+00:00
[2025-05-19T23:09:55.803+0000] {logging_mixin.py:188} INFO - [2025-05-19T23:09:55.803+0000] {dag.py:3834} INFO - Setting next_dagrun for example_subdag_operator.section-1 to None, run_after=None
[2025-05-19T23:09:55.810+0000] {logging_mixin.py:188} INFO - [2025-05-19T23:09:55.809+0000] {dag.py:3834} INFO - Setting next_dagrun for example_subdag_operator.section-2 to None, run_after=None
[2025-05-19T23:09:55.834+0000] {logging_mixin.py:188} INFO - [2025-05-19T23:09:55.833+0000] {dag.py:3047} INFO - Sync 2 DAGs
[2025-05-19T23:09:55.880+0000] {logging_mixin.py:188} INFO - [2025-05-19T23:09:55.879+0000] {dag.py:3834} INFO - Setting next_dagrun for example_subdag_operator.section-1 to None, run_after=None
[2025-05-19T23:09:55.885+0000] {logging_mixin.py:188} INFO - [2025-05-19T23:09:55.882+0000] {dag.py:3834} INFO - Setting next_dagrun for example_subdag_operator.section-2 to None, run_after=None
[2025-05-19T23:09:56.108+0000] {processor.py:183} INFO - Processing /home/airflow/.local/lib/python3.8/site-packages/airflow/example_dags/example_subdag_operator.py took 0.564 seconds
[2025-05-19T23:10:26.405+0000] {processor.py:161} INFO - Started process (PID=685) to work on /home/airflow/.local/lib/python3.8/site-packages/airflow/example_dags/example_subdag_operator.py
[2025-05-19T23:10:26.408+0000] {processor.py:830} INFO - Processing file /home/airflow/.local/lib/python3.8/site-packages/airflow/example_dags/example_subdag_operator.py for tasks to queue
[2025-05-19T23:10:26.415+0000] {logging_mixin.py:188} INFO - [2025-05-19T23:10:26.414+0000] {dagbag.py:540} INFO - Filling up the DagBag from /home/airflow/.local/lib/python3.8/site-packages/airflow/example_dags/example_subdag_operator.py
[2025-05-19T23:10:26.481+0000] {processor.py:840} INFO - DAG(s) 'example_subdag_operator.section-1', 'example_subdag_operator.section-2', 'example_subdag_operator' retrieved from /home/airflow/.local/lib/python3.8/site-packages/airflow/example_dags/example_subdag_operator.py
[2025-05-19T23:10:26.791+0000] {logging_mixin.py:188} INFO - [2025-05-19T23:10:26.790+0000] {dag.py:3047} INFO - Sync 3 DAGs
[2025-05-19T23:10:26.878+0000] {logging_mixin.py:188} INFO - [2025-05-19T23:10:26.875+0000] {dag.py:3834} INFO - Setting next_dagrun for example_subdag_operator to 2022-01-01 00:00:00+00:00, run_after=2022-01-01 00:00:00+00:00
[2025-05-19T23:10:26.894+0000] {logging_mixin.py:188} INFO - [2025-05-19T23:10:26.894+0000] {dag.py:3834} INFO - Setting next_dagrun for example_subdag_operator.section-1 to None, run_after=None
[2025-05-19T23:10:26.901+0000] {logging_mixin.py:188} INFO - [2025-05-19T23:10:26.900+0000] {dag.py:3834} INFO - Setting next_dagrun for example_subdag_operator.section-2 to None, run_after=None
[2025-05-19T23:10:26.933+0000] {logging_mixin.py:188} INFO - [2025-05-19T23:10:26.933+0000] {dag.py:3047} INFO - Sync 2 DAGs
[2025-05-19T23:10:26.955+0000] {logging_mixin.py:188} INFO - [2025-05-19T23:10:26.954+0000] {dag.py:3834} INFO - Setting next_dagrun for example_subdag_operator.section-1 to None, run_after=None
[2025-05-19T23:10:26.958+0000] {logging_mixin.py:188} INFO - [2025-05-19T23:10:26.957+0000] {dag.py:3834} INFO - Setting next_dagrun for example_subdag_operator.section-2 to None, run_after=None
[2025-05-19T23:10:27.014+0000] {processor.py:183} INFO - Processing /home/airflow/.local/lib/python3.8/site-packages/airflow/example_dags/example_subdag_operator.py took 0.619 seconds
[2025-05-19T23:10:57.800+0000] {processor.py:161} INFO - Started process (PID=742) to work on /home/airflow/.local/lib/python3.8/site-packages/airflow/example_dags/example_subdag_operator.py
[2025-05-19T23:10:57.803+0000] {processor.py:830} INFO - Processing file /home/airflow/.local/lib/python3.8/site-packages/airflow/example_dags/example_subdag_operator.py for tasks to queue
[2025-05-19T23:10:57.807+0000] {logging_mixin.py:188} INFO - [2025-05-19T23:10:57.806+0000] {dagbag.py:540} INFO - Filling up the DagBag from /home/airflow/.local/lib/python3.8/site-packages/airflow/example_dags/example_subdag_operator.py
[2025-05-19T23:10:57.863+0000] {processor.py:840} INFO - DAG(s) 'example_subdag_operator.section-1', 'example_subdag_operator.section-2', 'example_subdag_operator' retrieved from /home/airflow/.local/lib/python3.8/site-packages/airflow/example_dags/example_subdag_operator.py
[2025-05-19T23:10:57.897+0000] {logging_mixin.py:188} INFO - [2025-05-19T23:10:57.896+0000] {dag.py:3047} INFO - Sync 3 DAGs
[2025-05-19T23:10:57.975+0000] {logging_mixin.py:188} INFO - [2025-05-19T23:10:57.975+0000] {dag.py:3834} INFO - Setting next_dagrun for example_subdag_operator to 2022-01-01 00:00:00+00:00, run_after=2022-01-01 00:00:00+00:00
[2025-05-19T23:10:57.983+0000] {logging_mixin.py:188} INFO - [2025-05-19T23:10:57.983+0000] {dag.py:3834} INFO - Setting next_dagrun for example_subdag_operator.section-1 to None, run_after=None
[2025-05-19T23:10:57.987+0000] {logging_mixin.py:188} INFO - [2025-05-19T23:10:57.986+0000] {dag.py:3834} INFO - Setting next_dagrun for example_subdag_operator.section-2 to None, run_after=None
[2025-05-19T23:10:58.003+0000] {logging_mixin.py:188} INFO - [2025-05-19T23:10:58.002+0000] {dag.py:3047} INFO - Sync 2 DAGs
[2025-05-19T23:10:58.016+0000] {logging_mixin.py:188} INFO - [2025-05-19T23:10:58.015+0000] {dag.py:3834} INFO - Setting next_dagrun for example_subdag_operator.section-1 to None, run_after=None
[2025-05-19T23:10:58.017+0000] {logging_mixin.py:188} INFO - [2025-05-19T23:10:58.017+0000] {dag.py:3834} INFO - Setting next_dagrun for example_subdag_operator.section-2 to None, run_after=None
[2025-05-19T23:10:58.049+0000] {processor.py:183} INFO - Processing /home/airflow/.local/lib/python3.8/site-packages/airflow/example_dags/example_subdag_operator.py took 0.256 seconds
[2025-05-19T23:48:09.798+0000] {processor.py:161} INFO - Started process (PID=267) to work on /home/airflow/.local/lib/python3.8/site-packages/airflow/example_dags/example_subdag_operator.py
[2025-05-19T23:48:09.802+0000] {processor.py:830} INFO - Processing file /home/airflow/.local/lib/python3.8/site-packages/airflow/example_dags/example_subdag_operator.py for tasks to queue
[2025-05-19T23:48:09.841+0000] {logging_mixin.py:188} INFO - [2025-05-19T23:48:09.840+0000] {dagbag.py:540} INFO - Filling up the DagBag from /home/airflow/.local/lib/python3.8/site-packages/airflow/example_dags/example_subdag_operator.py
[2025-05-19T23:48:10.121+0000] {processor.py:840} INFO - DAG(s) 'example_subdag_operator.section-1', 'example_subdag_operator.section-2', 'example_subdag_operator' retrieved from /home/airflow/.local/lib/python3.8/site-packages/airflow/example_dags/example_subdag_operator.py
[2025-05-19T23:48:11.240+0000] {logging_mixin.py:188} INFO - [2025-05-19T23:48:11.240+0000] {dag.py:3047} INFO - Sync 3 DAGs
[2025-05-19T23:48:11.551+0000] {logging_mixin.py:188} INFO - [2025-05-19T23:48:11.550+0000] {dag.py:3834} INFO - Setting next_dagrun for example_subdag_operator to 2022-01-01 00:00:00+00:00, run_after=2022-01-01 00:00:00+00:00
[2025-05-19T23:48:11.920+0000] {logging_mixin.py:188} INFO - [2025-05-19T23:48:11.920+0000] {dag.py:3834} INFO - Setting next_dagrun for example_subdag_operator.section-1 to None, run_after=None
[2025-05-19T23:48:12.027+0000] {logging_mixin.py:188} INFO - [2025-05-19T23:48:12.026+0000] {dag.py:3834} INFO - Setting next_dagrun for example_subdag_operator.section-2 to None, run_after=None
[2025-05-19T23:48:12.215+0000] {logging_mixin.py:188} INFO - [2025-05-19T23:48:12.214+0000] {dag.py:3047} INFO - Sync 2 DAGs
[2025-05-19T23:48:12.255+0000] {logging_mixin.py:188} INFO - [2025-05-19T23:48:12.255+0000] {dag.py:3834} INFO - Setting next_dagrun for example_subdag_operator.section-1 to None, run_after=None
[2025-05-19T23:48:12.270+0000] {logging_mixin.py:188} INFO - [2025-05-19T23:48:12.266+0000] {dag.py:3834} INFO - Setting next_dagrun for example_subdag_operator.section-2 to None, run_after=None
[2025-05-19T23:48:12.472+0000] {processor.py:183} INFO - Processing /home/airflow/.local/lib/python3.8/site-packages/airflow/example_dags/example_subdag_operator.py took 2.748 seconds
