[2025-05-19T23:05:10.425+0000] {processor.py:161} INFO - Started process (PID=89) to work on /home/airflow/.local/lib/python3.8/site-packages/airflow/example_dags/example_setup_teardown_taskflow.py
[2025-05-19T23:05:10.429+0000] {processor.py:830} INFO - Processing file /home/airflow/.local/lib/python3.8/site-packages/airflow/example_dags/example_setup_teardown_taskflow.py for tasks to queue
[2025-05-19T23:05:10.435+0000] {logging_mixin.py:188} INFO - [2025-05-19T23:05:10.434+0000] {dagbag.py:540} INFO - Filling up the DagBag from /home/airflow/.local/lib/python3.8/site-packages/airflow/example_dags/example_setup_teardown_taskflow.py
[2025-05-19T23:05:10.482+0000] {processor.py:840} INFO - DAG(s) 'example_setup_teardown_taskflow' retrieved from /home/airflow/.local/lib/python3.8/site-packages/airflow/example_dags/example_setup_teardown_taskflow.py
[2025-05-19T23:05:10.893+0000] {logging_mixin.py:188} INFO - [2025-05-19T23:05:10.891+0000] {override.py:1769} INFO - Created Permission View: can edit on DAG:example_setup_teardown_taskflow
[2025-05-19T23:05:10.933+0000] {logging_mixin.py:188} INFO - [2025-05-19T23:05:10.932+0000] {override.py:1769} INFO - Created Permission View: can delete on DAG:example_setup_teardown_taskflow
[2025-05-19T23:05:10.957+0000] {logging_mixin.py:188} INFO - [2025-05-19T23:05:10.956+0000] {override.py:1769} INFO - Created Permission View: can read on DAG:example_setup_teardown_taskflow
[2025-05-19T23:05:10.959+0000] {logging_mixin.py:188} INFO - [2025-05-19T23:05:10.958+0000] {dag.py:3047} INFO - Sync 1 DAGs
[2025-05-19T23:05:11.004+0000] {logging_mixin.py:188} INFO - [2025-05-19T23:05:11.004+0000] {dag.py:3069} INFO - Creating ORM DAG for example_setup_teardown_taskflow
[2025-05-19T23:05:11.035+0000] {logging_mixin.py:188} INFO - [2025-05-19T23:05:11.034+0000] {dag.py:3834} INFO - Setting next_dagrun for example_setup_teardown_taskflow to 2025-05-18 00:00:00+00:00, run_after=2025-05-19 00:00:00+00:00
[2025-05-19T23:05:11.118+0000] {processor.py:183} INFO - Processing /home/airflow/.local/lib/python3.8/site-packages/airflow/example_dags/example_setup_teardown_taskflow.py took 0.706 seconds
[2025-05-19T23:05:41.547+0000] {processor.py:161} INFO - Started process (PID=146) to work on /home/airflow/.local/lib/python3.8/site-packages/airflow/example_dags/example_setup_teardown_taskflow.py
[2025-05-19T23:05:41.550+0000] {processor.py:830} INFO - Processing file /home/airflow/.local/lib/python3.8/site-packages/airflow/example_dags/example_setup_teardown_taskflow.py for tasks to queue
[2025-05-19T23:05:41.557+0000] {logging_mixin.py:188} INFO - [2025-05-19T23:05:41.555+0000] {dagbag.py:540} INFO - Filling up the DagBag from /home/airflow/.local/lib/python3.8/site-packages/airflow/example_dags/example_setup_teardown_taskflow.py
[2025-05-19T23:05:41.588+0000] {processor.py:840} INFO - DAG(s) 'example_setup_teardown_taskflow' retrieved from /home/airflow/.local/lib/python3.8/site-packages/airflow/example_dags/example_setup_teardown_taskflow.py
[2025-05-19T23:05:41.706+0000] {logging_mixin.py:188} INFO - [2025-05-19T23:05:41.705+0000] {dag.py:3047} INFO - Sync 1 DAGs
[2025-05-19T23:05:41.873+0000] {logging_mixin.py:188} INFO - [2025-05-19T23:05:41.872+0000] {dag.py:3834} INFO - Setting next_dagrun for example_setup_teardown_taskflow to 2025-05-18 00:00:00+00:00, run_after=2025-05-19 00:00:00+00:00
[2025-05-19T23:05:42.005+0000] {processor.py:183} INFO - Processing /home/airflow/.local/lib/python3.8/site-packages/airflow/example_dags/example_setup_teardown_taskflow.py took 0.468 seconds
[2025-05-19T23:06:12.299+0000] {processor.py:161} INFO - Started process (PID=203) to work on /home/airflow/.local/lib/python3.8/site-packages/airflow/example_dags/example_setup_teardown_taskflow.py
[2025-05-19T23:06:12.303+0000] {processor.py:830} INFO - Processing file /home/airflow/.local/lib/python3.8/site-packages/airflow/example_dags/example_setup_teardown_taskflow.py for tasks to queue
[2025-05-19T23:06:12.316+0000] {logging_mixin.py:188} INFO - [2025-05-19T23:06:12.315+0000] {dagbag.py:540} INFO - Filling up the DagBag from /home/airflow/.local/lib/python3.8/site-packages/airflow/example_dags/example_setup_teardown_taskflow.py
[2025-05-19T23:06:12.363+0000] {processor.py:840} INFO - DAG(s) 'example_setup_teardown_taskflow' retrieved from /home/airflow/.local/lib/python3.8/site-packages/airflow/example_dags/example_setup_teardown_taskflow.py
[2025-05-19T23:06:12.453+0000] {logging_mixin.py:188} INFO - [2025-05-19T23:06:12.452+0000] {dag.py:3047} INFO - Sync 1 DAGs
[2025-05-19T23:06:12.535+0000] {logging_mixin.py:188} INFO - [2025-05-19T23:06:12.534+0000] {dag.py:3834} INFO - Setting next_dagrun for example_setup_teardown_taskflow to 2025-05-18 00:00:00+00:00, run_after=2025-05-19 00:00:00+00:00
[2025-05-19T23:06:12.637+0000] {processor.py:183} INFO - Processing /home/airflow/.local/lib/python3.8/site-packages/airflow/example_dags/example_setup_teardown_taskflow.py took 0.352 seconds
[2025-05-19T23:06:42.837+0000] {processor.py:161} INFO - Started process (PID=260) to work on /home/airflow/.local/lib/python3.8/site-packages/airflow/example_dags/example_setup_teardown_taskflow.py
[2025-05-19T23:06:42.840+0000] {processor.py:830} INFO - Processing file /home/airflow/.local/lib/python3.8/site-packages/airflow/example_dags/example_setup_teardown_taskflow.py for tasks to queue
[2025-05-19T23:06:42.845+0000] {logging_mixin.py:188} INFO - [2025-05-19T23:06:42.844+0000] {dagbag.py:540} INFO - Filling up the DagBag from /home/airflow/.local/lib/python3.8/site-packages/airflow/example_dags/example_setup_teardown_taskflow.py
[2025-05-19T23:06:42.866+0000] {processor.py:840} INFO - DAG(s) 'example_setup_teardown_taskflow' retrieved from /home/airflow/.local/lib/python3.8/site-packages/airflow/example_dags/example_setup_teardown_taskflow.py
[2025-05-19T23:06:42.923+0000] {logging_mixin.py:188} INFO - [2025-05-19T23:06:42.922+0000] {dag.py:3047} INFO - Sync 1 DAGs
[2025-05-19T23:06:42.980+0000] {logging_mixin.py:188} INFO - [2025-05-19T23:06:42.979+0000] {dag.py:3834} INFO - Setting next_dagrun for example_setup_teardown_taskflow to 2025-05-18 00:00:00+00:00, run_after=2025-05-19 00:00:00+00:00
[2025-05-19T23:06:43.042+0000] {processor.py:183} INFO - Processing /home/airflow/.local/lib/python3.8/site-packages/airflow/example_dags/example_setup_teardown_taskflow.py took 0.212 seconds
[2025-05-19T23:07:13.795+0000] {processor.py:161} INFO - Started process (PID=317) to work on /home/airflow/.local/lib/python3.8/site-packages/airflow/example_dags/example_setup_teardown_taskflow.py
[2025-05-19T23:07:13.799+0000] {processor.py:830} INFO - Processing file /home/airflow/.local/lib/python3.8/site-packages/airflow/example_dags/example_setup_teardown_taskflow.py for tasks to queue
[2025-05-19T23:07:13.804+0000] {logging_mixin.py:188} INFO - [2025-05-19T23:07:13.804+0000] {dagbag.py:540} INFO - Filling up the DagBag from /home/airflow/.local/lib/python3.8/site-packages/airflow/example_dags/example_setup_teardown_taskflow.py
[2025-05-19T23:07:13.833+0000] {processor.py:840} INFO - DAG(s) 'example_setup_teardown_taskflow' retrieved from /home/airflow/.local/lib/python3.8/site-packages/airflow/example_dags/example_setup_teardown_taskflow.py
[2025-05-19T23:07:13.895+0000] {logging_mixin.py:188} INFO - [2025-05-19T23:07:13.894+0000] {dag.py:3047} INFO - Sync 1 DAGs
[2025-05-19T23:07:13.955+0000] {logging_mixin.py:188} INFO - [2025-05-19T23:07:13.955+0000] {dag.py:3834} INFO - Setting next_dagrun for example_setup_teardown_taskflow to 2025-05-18 00:00:00+00:00, run_after=2025-05-19 00:00:00+00:00
[2025-05-19T23:07:14.133+0000] {processor.py:183} INFO - Processing /home/airflow/.local/lib/python3.8/site-packages/airflow/example_dags/example_setup_teardown_taskflow.py took 0.348 seconds
[2025-05-19T23:07:44.593+0000] {processor.py:161} INFO - Started process (PID=374) to work on /home/airflow/.local/lib/python3.8/site-packages/airflow/example_dags/example_setup_teardown_taskflow.py
[2025-05-19T23:07:44.598+0000] {processor.py:830} INFO - Processing file /home/airflow/.local/lib/python3.8/site-packages/airflow/example_dags/example_setup_teardown_taskflow.py for tasks to queue
[2025-05-19T23:07:44.615+0000] {logging_mixin.py:188} INFO - [2025-05-19T23:07:44.612+0000] {dagbag.py:540} INFO - Filling up the DagBag from /home/airflow/.local/lib/python3.8/site-packages/airflow/example_dags/example_setup_teardown_taskflow.py
[2025-05-19T23:07:44.688+0000] {processor.py:840} INFO - DAG(s) 'example_setup_teardown_taskflow' retrieved from /home/airflow/.local/lib/python3.8/site-packages/airflow/example_dags/example_setup_teardown_taskflow.py
[2025-05-19T23:07:44.830+0000] {logging_mixin.py:188} INFO - [2025-05-19T23:07:44.829+0000] {dag.py:3047} INFO - Sync 1 DAGs
[2025-05-19T23:07:44.970+0000] {logging_mixin.py:188} INFO - [2025-05-19T23:07:44.968+0000] {dag.py:3834} INFO - Setting next_dagrun for example_setup_teardown_taskflow to 2025-05-18 00:00:00+00:00, run_after=2025-05-19 00:00:00+00:00
[2025-05-19T23:07:45.084+0000] {processor.py:183} INFO - Processing /home/airflow/.local/lib/python3.8/site-packages/airflow/example_dags/example_setup_teardown_taskflow.py took 0.518 seconds
[2025-05-19T23:08:15.322+0000] {processor.py:161} INFO - Started process (PID=431) to work on /home/airflow/.local/lib/python3.8/site-packages/airflow/example_dags/example_setup_teardown_taskflow.py
[2025-05-19T23:08:15.324+0000] {processor.py:830} INFO - Processing file /home/airflow/.local/lib/python3.8/site-packages/airflow/example_dags/example_setup_teardown_taskflow.py for tasks to queue
[2025-05-19T23:08:15.328+0000] {logging_mixin.py:188} INFO - [2025-05-19T23:08:15.327+0000] {dagbag.py:540} INFO - Filling up the DagBag from /home/airflow/.local/lib/python3.8/site-packages/airflow/example_dags/example_setup_teardown_taskflow.py
[2025-05-19T23:08:15.353+0000] {processor.py:840} INFO - DAG(s) 'example_setup_teardown_taskflow' retrieved from /home/airflow/.local/lib/python3.8/site-packages/airflow/example_dags/example_setup_teardown_taskflow.py
[2025-05-19T23:08:15.403+0000] {logging_mixin.py:188} INFO - [2025-05-19T23:08:15.402+0000] {dag.py:3047} INFO - Sync 1 DAGs
[2025-05-19T23:08:15.469+0000] {logging_mixin.py:188} INFO - [2025-05-19T23:08:15.468+0000] {dag.py:3834} INFO - Setting next_dagrun for example_setup_teardown_taskflow to 2025-05-18 00:00:00+00:00, run_after=2025-05-19 00:00:00+00:00
[2025-05-19T23:08:15.603+0000] {processor.py:183} INFO - Processing /home/airflow/.local/lib/python3.8/site-packages/airflow/example_dags/example_setup_teardown_taskflow.py took 0.289 seconds
[2025-05-19T23:08:46.887+0000] {processor.py:161} INFO - Started process (PID=488) to work on /home/airflow/.local/lib/python3.8/site-packages/airflow/example_dags/example_setup_teardown_taskflow.py
[2025-05-19T23:08:46.893+0000] {processor.py:830} INFO - Processing file /home/airflow/.local/lib/python3.8/site-packages/airflow/example_dags/example_setup_teardown_taskflow.py for tasks to queue
[2025-05-19T23:08:46.901+0000] {logging_mixin.py:188} INFO - [2025-05-19T23:08:46.899+0000] {dagbag.py:540} INFO - Filling up the DagBag from /home/airflow/.local/lib/python3.8/site-packages/airflow/example_dags/example_setup_teardown_taskflow.py
[2025-05-19T23:08:46.933+0000] {processor.py:840} INFO - DAG(s) 'example_setup_teardown_taskflow' retrieved from /home/airflow/.local/lib/python3.8/site-packages/airflow/example_dags/example_setup_teardown_taskflow.py
[2025-05-19T23:08:47.002+0000] {logging_mixin.py:188} INFO - [2025-05-19T23:08:47.001+0000] {dag.py:3047} INFO - Sync 1 DAGs
[2025-05-19T23:08:47.106+0000] {logging_mixin.py:188} INFO - [2025-05-19T23:08:47.105+0000] {dag.py:3834} INFO - Setting next_dagrun for example_setup_teardown_taskflow to 2025-05-18 00:00:00+00:00, run_after=2025-05-19 00:00:00+00:00
[2025-05-19T23:08:47.224+0000] {processor.py:183} INFO - Processing /home/airflow/.local/lib/python3.8/site-packages/airflow/example_dags/example_setup_teardown_taskflow.py took 0.363 seconds
[2025-05-19T23:09:17.938+0000] {processor.py:161} INFO - Started process (PID=545) to work on /home/airflow/.local/lib/python3.8/site-packages/airflow/example_dags/example_setup_teardown_taskflow.py
[2025-05-19T23:09:17.943+0000] {processor.py:830} INFO - Processing file /home/airflow/.local/lib/python3.8/site-packages/airflow/example_dags/example_setup_teardown_taskflow.py for tasks to queue
[2025-05-19T23:09:17.950+0000] {logging_mixin.py:188} INFO - [2025-05-19T23:09:17.949+0000] {dagbag.py:540} INFO - Filling up the DagBag from /home/airflow/.local/lib/python3.8/site-packages/airflow/example_dags/example_setup_teardown_taskflow.py
[2025-05-19T23:09:17.995+0000] {processor.py:840} INFO - DAG(s) 'example_setup_teardown_taskflow' retrieved from /home/airflow/.local/lib/python3.8/site-packages/airflow/example_dags/example_setup_teardown_taskflow.py
[2025-05-19T23:09:18.096+0000] {logging_mixin.py:188} INFO - [2025-05-19T23:09:18.095+0000] {dag.py:3047} INFO - Sync 1 DAGs
[2025-05-19T23:09:18.173+0000] {logging_mixin.py:188} INFO - [2025-05-19T23:09:18.172+0000] {dag.py:3834} INFO - Setting next_dagrun for example_setup_teardown_taskflow to 2025-05-18 00:00:00+00:00, run_after=2025-05-19 00:00:00+00:00
[2025-05-19T23:09:18.314+0000] {processor.py:183} INFO - Processing /home/airflow/.local/lib/python3.8/site-packages/airflow/example_dags/example_setup_teardown_taskflow.py took 0.388 seconds
[2025-05-19T23:09:49.118+0000] {processor.py:161} INFO - Started process (PID=609) to work on /home/airflow/.local/lib/python3.8/site-packages/airflow/example_dags/example_setup_teardown_taskflow.py
[2025-05-19T23:09:49.127+0000] {processor.py:830} INFO - Processing file /home/airflow/.local/lib/python3.8/site-packages/airflow/example_dags/example_setup_teardown_taskflow.py for tasks to queue
[2025-05-19T23:09:49.134+0000] {logging_mixin.py:188} INFO - [2025-05-19T23:09:49.133+0000] {dagbag.py:540} INFO - Filling up the DagBag from /home/airflow/.local/lib/python3.8/site-packages/airflow/example_dags/example_setup_teardown_taskflow.py
[2025-05-19T23:09:49.192+0000] {processor.py:840} INFO - DAG(s) 'example_setup_teardown_taskflow' retrieved from /home/airflow/.local/lib/python3.8/site-packages/airflow/example_dags/example_setup_teardown_taskflow.py
[2025-05-19T23:09:49.349+0000] {logging_mixin.py:188} INFO - [2025-05-19T23:09:49.349+0000] {dag.py:3047} INFO - Sync 1 DAGs
[2025-05-19T23:09:49.439+0000] {logging_mixin.py:188} INFO - [2025-05-19T23:09:49.438+0000] {dag.py:3834} INFO - Setting next_dagrun for example_setup_teardown_taskflow to 2025-05-18 00:00:00+00:00, run_after=2025-05-19 00:00:00+00:00
[2025-05-19T23:09:49.482+0000] {processor.py:183} INFO - Processing /home/airflow/.local/lib/python3.8/site-packages/airflow/example_dags/example_setup_teardown_taskflow.py took 0.373 seconds
[2025-05-19T23:10:19.667+0000] {processor.py:161} INFO - Started process (PID=665) to work on /home/airflow/.local/lib/python3.8/site-packages/airflow/example_dags/example_setup_teardown_taskflow.py
[2025-05-19T23:10:19.670+0000] {processor.py:830} INFO - Processing file /home/airflow/.local/lib/python3.8/site-packages/airflow/example_dags/example_setup_teardown_taskflow.py for tasks to queue
[2025-05-19T23:10:19.676+0000] {logging_mixin.py:188} INFO - [2025-05-19T23:10:19.675+0000] {dagbag.py:540} INFO - Filling up the DagBag from /home/airflow/.local/lib/python3.8/site-packages/airflow/example_dags/example_setup_teardown_taskflow.py
[2025-05-19T23:10:19.701+0000] {processor.py:840} INFO - DAG(s) 'example_setup_teardown_taskflow' retrieved from /home/airflow/.local/lib/python3.8/site-packages/airflow/example_dags/example_setup_teardown_taskflow.py
[2025-05-19T23:10:19.742+0000] {logging_mixin.py:188} INFO - [2025-05-19T23:10:19.741+0000] {dag.py:3047} INFO - Sync 1 DAGs
[2025-05-19T23:10:19.831+0000] {logging_mixin.py:188} INFO - [2025-05-19T23:10:19.830+0000] {dag.py:3834} INFO - Setting next_dagrun for example_setup_teardown_taskflow to 2025-05-18 00:00:00+00:00, run_after=2025-05-19 00:00:00+00:00
[2025-05-19T23:10:19.904+0000] {processor.py:183} INFO - Processing /home/airflow/.local/lib/python3.8/site-packages/airflow/example_dags/example_setup_teardown_taskflow.py took 0.245 seconds
[2025-05-19T23:10:50.572+0000] {processor.py:161} INFO - Started process (PID=722) to work on /home/airflow/.local/lib/python3.8/site-packages/airflow/example_dags/example_setup_teardown_taskflow.py
[2025-05-19T23:10:50.575+0000] {processor.py:830} INFO - Processing file /home/airflow/.local/lib/python3.8/site-packages/airflow/example_dags/example_setup_teardown_taskflow.py for tasks to queue
[2025-05-19T23:10:50.581+0000] {logging_mixin.py:188} INFO - [2025-05-19T23:10:50.580+0000] {dagbag.py:540} INFO - Filling up the DagBag from /home/airflow/.local/lib/python3.8/site-packages/airflow/example_dags/example_setup_teardown_taskflow.py
[2025-05-19T23:10:50.616+0000] {processor.py:840} INFO - DAG(s) 'example_setup_teardown_taskflow' retrieved from /home/airflow/.local/lib/python3.8/site-packages/airflow/example_dags/example_setup_teardown_taskflow.py
[2025-05-19T23:10:51.096+0000] {logging_mixin.py:188} INFO - [2025-05-19T23:10:51.096+0000] {dag.py:3047} INFO - Sync 1 DAGs
[2025-05-19T23:10:51.160+0000] {logging_mixin.py:188} INFO - [2025-05-19T23:10:51.159+0000] {dag.py:3834} INFO - Setting next_dagrun for example_setup_teardown_taskflow to 2025-05-18 00:00:00+00:00, run_after=2025-05-19 00:00:00+00:00
[2025-05-19T23:10:51.206+0000] {processor.py:183} INFO - Processing /home/airflow/.local/lib/python3.8/site-packages/airflow/example_dags/example_setup_teardown_taskflow.py took 0.644 seconds
[2025-05-19T23:46:42.661+0000] {processor.py:161} INFO - Started process (PID=231) to work on /home/airflow/.local/lib/python3.8/site-packages/airflow/example_dags/example_setup_teardown_taskflow.py
[2025-05-19T23:46:42.675+0000] {processor.py:830} INFO - Processing file /home/airflow/.local/lib/python3.8/site-packages/airflow/example_dags/example_setup_teardown_taskflow.py for tasks to queue
[2025-05-19T23:46:42.687+0000] {logging_mixin.py:188} INFO - [2025-05-19T23:46:42.686+0000] {dagbag.py:540} INFO - Filling up the DagBag from /home/airflow/.local/lib/python3.8/site-packages/airflow/example_dags/example_setup_teardown_taskflow.py
[2025-05-19T23:46:42.846+0000] {processor.py:840} INFO - DAG(s) 'example_setup_teardown_taskflow' retrieved from /home/airflow/.local/lib/python3.8/site-packages/airflow/example_dags/example_setup_teardown_taskflow.py
[2025-05-19T23:46:48.572+0000] {logging_mixin.py:188} INFO - [2025-05-19T23:46:48.571+0000] {dag.py:3047} INFO - Sync 1 DAGs
[2025-05-19T23:46:50.712+0000] {logging_mixin.py:188} INFO - [2025-05-19T23:46:50.711+0000] {dag.py:3834} INFO - Setting next_dagrun for example_setup_teardown_taskflow to 2025-05-18 00:00:00+00:00, run_after=2025-05-19 00:00:00+00:00
[2025-05-19T23:46:51.615+0000] {processor.py:183} INFO - Processing /home/airflow/.local/lib/python3.8/site-packages/airflow/example_dags/example_setup_teardown_taskflow.py took 8.982 seconds
