[2025-05-19T23:05:15.132+0000] {processor.py:161} INFO - Started process (PID=103) to work on /home/airflow/.local/lib/python3.8/site-packages/airflow/example_dags/example_complex.py
[2025-05-19T23:05:15.134+0000] {processor.py:830} INFO - Processing file /home/airflow/.local/lib/python3.8/site-packages/airflow/example_dags/example_complex.py for tasks to queue
[2025-05-19T23:05:15.138+0000] {logging_mixin.py:188} INFO - [2025-05-19T23:05:15.138+0000] {dagbag.py:540} INFO - Filling up the DagBag from /home/airflow/.local/lib/python3.8/site-packages/airflow/example_dags/example_complex.py
[2025-05-19T23:05:15.188+0000] {processor.py:840} INFO - DAG(s) 'example_complex' retrieved from /home/airflow/.local/lib/python3.8/site-packages/airflow/example_dags/example_complex.py
[2025-05-19T23:05:15.516+0000] {logging_mixin.py:188} INFO - [2025-05-19T23:05:15.515+0000] {override.py:1769} INFO - Created Permission View: can edit on DAG:example_complex
[2025-05-19T23:05:15.537+0000] {logging_mixin.py:188} INFO - [2025-05-19T23:05:15.536+0000] {override.py:1769} INFO - Created Permission View: can delete on DAG:example_complex
[2025-05-19T23:05:15.557+0000] {logging_mixin.py:188} INFO - [2025-05-19T23:05:15.557+0000] {override.py:1769} INFO - Created Permission View: can read on DAG:example_complex
[2025-05-19T23:05:15.558+0000] {logging_mixin.py:188} INFO - [2025-05-19T23:05:15.558+0000] {dag.py:3047} INFO - Sync 1 DAGs
[2025-05-19T23:05:15.579+0000] {logging_mixin.py:188} INFO - [2025-05-19T23:05:15.579+0000] {dag.py:3069} INFO - Creating ORM DAG for example_complex
[2025-05-19T23:05:15.581+0000] {logging_mixin.py:188} INFO - [2025-05-19T23:05:15.580+0000] {dag.py:3834} INFO - Setting next_dagrun for example_complex to None, run_after=None
[2025-05-19T23:05:15.623+0000] {processor.py:183} INFO - Processing /home/airflow/.local/lib/python3.8/site-packages/airflow/example_dags/example_complex.py took 0.497 seconds
[2025-05-19T23:05:46.060+0000] {processor.py:161} INFO - Started process (PID=160) to work on /home/airflow/.local/lib/python3.8/site-packages/airflow/example_dags/example_complex.py
[2025-05-19T23:05:46.062+0000] {processor.py:830} INFO - Processing file /home/airflow/.local/lib/python3.8/site-packages/airflow/example_dags/example_complex.py for tasks to queue
[2025-05-19T23:05:46.067+0000] {logging_mixin.py:188} INFO - [2025-05-19T23:05:46.067+0000] {dagbag.py:540} INFO - Filling up the DagBag from /home/airflow/.local/lib/python3.8/site-packages/airflow/example_dags/example_complex.py
[2025-05-19T23:05:46.107+0000] {processor.py:840} INFO - DAG(s) 'example_complex' retrieved from /home/airflow/.local/lib/python3.8/site-packages/airflow/example_dags/example_complex.py
[2025-05-19T23:05:46.223+0000] {logging_mixin.py:188} INFO - [2025-05-19T23:05:46.222+0000] {dag.py:3047} INFO - Sync 1 DAGs
[2025-05-19T23:05:46.264+0000] {logging_mixin.py:188} INFO - [2025-05-19T23:05:46.263+0000] {dag.py:3834} INFO - Setting next_dagrun for example_complex to None, run_after=None
[2025-05-19T23:05:46.332+0000] {processor.py:183} INFO - Processing /home/airflow/.local/lib/python3.8/site-packages/airflow/example_dags/example_complex.py took 0.283 seconds
[2025-05-19T23:06:16.694+0000] {processor.py:161} INFO - Started process (PID=217) to work on /home/airflow/.local/lib/python3.8/site-packages/airflow/example_dags/example_complex.py
[2025-05-19T23:06:16.697+0000] {processor.py:830} INFO - Processing file /home/airflow/.local/lib/python3.8/site-packages/airflow/example_dags/example_complex.py for tasks to queue
[2025-05-19T23:06:16.703+0000] {logging_mixin.py:188} INFO - [2025-05-19T23:06:16.702+0000] {dagbag.py:540} INFO - Filling up the DagBag from /home/airflow/.local/lib/python3.8/site-packages/airflow/example_dags/example_complex.py
[2025-05-19T23:06:16.737+0000] {processor.py:840} INFO - DAG(s) 'example_complex' retrieved from /home/airflow/.local/lib/python3.8/site-packages/airflow/example_dags/example_complex.py
[2025-05-19T23:06:16.845+0000] {logging_mixin.py:188} INFO - [2025-05-19T23:06:16.844+0000] {dag.py:3047} INFO - Sync 1 DAGs
[2025-05-19T23:06:16.888+0000] {logging_mixin.py:188} INFO - [2025-05-19T23:06:16.887+0000] {dag.py:3834} INFO - Setting next_dagrun for example_complex to None, run_after=None
[2025-05-19T23:06:16.956+0000] {processor.py:183} INFO - Processing /home/airflow/.local/lib/python3.8/site-packages/airflow/example_dags/example_complex.py took 0.271 seconds
[2025-05-19T23:06:47.201+0000] {processor.py:161} INFO - Started process (PID=274) to work on /home/airflow/.local/lib/python3.8/site-packages/airflow/example_dags/example_complex.py
[2025-05-19T23:06:47.204+0000] {processor.py:830} INFO - Processing file /home/airflow/.local/lib/python3.8/site-packages/airflow/example_dags/example_complex.py for tasks to queue
[2025-05-19T23:06:47.209+0000] {logging_mixin.py:188} INFO - [2025-05-19T23:06:47.208+0000] {dagbag.py:540} INFO - Filling up the DagBag from /home/airflow/.local/lib/python3.8/site-packages/airflow/example_dags/example_complex.py
[2025-05-19T23:06:47.252+0000] {processor.py:840} INFO - DAG(s) 'example_complex' retrieved from /home/airflow/.local/lib/python3.8/site-packages/airflow/example_dags/example_complex.py
[2025-05-19T23:06:47.356+0000] {logging_mixin.py:188} INFO - [2025-05-19T23:06:47.355+0000] {dag.py:3047} INFO - Sync 1 DAGs
[2025-05-19T23:06:47.390+0000] {logging_mixin.py:188} INFO - [2025-05-19T23:06:47.390+0000] {dag.py:3834} INFO - Setting next_dagrun for example_complex to None, run_after=None
[2025-05-19T23:06:47.453+0000] {processor.py:183} INFO - Processing /home/airflow/.local/lib/python3.8/site-packages/airflow/example_dags/example_complex.py took 0.267 seconds
[2025-05-19T23:07:18.034+0000] {processor.py:161} INFO - Started process (PID=331) to work on /home/airflow/.local/lib/python3.8/site-packages/airflow/example_dags/example_complex.py
[2025-05-19T23:07:18.036+0000] {processor.py:830} INFO - Processing file /home/airflow/.local/lib/python3.8/site-packages/airflow/example_dags/example_complex.py for tasks to queue
[2025-05-19T23:07:18.039+0000] {logging_mixin.py:188} INFO - [2025-05-19T23:07:18.039+0000] {dagbag.py:540} INFO - Filling up the DagBag from /home/airflow/.local/lib/python3.8/site-packages/airflow/example_dags/example_complex.py
[2025-05-19T23:07:18.075+0000] {processor.py:840} INFO - DAG(s) 'example_complex' retrieved from /home/airflow/.local/lib/python3.8/site-packages/airflow/example_dags/example_complex.py
[2025-05-19T23:07:18.149+0000] {logging_mixin.py:188} INFO - [2025-05-19T23:07:18.148+0000] {dag.py:3047} INFO - Sync 1 DAGs
[2025-05-19T23:07:18.191+0000] {logging_mixin.py:188} INFO - [2025-05-19T23:07:18.191+0000] {dag.py:3834} INFO - Setting next_dagrun for example_complex to None, run_after=None
[2025-05-19T23:07:18.246+0000] {processor.py:183} INFO - Processing /home/airflow/.local/lib/python3.8/site-packages/airflow/example_dags/example_complex.py took 0.218 seconds
[2025-05-19T23:07:48.608+0000] {processor.py:161} INFO - Started process (PID=394) to work on /home/airflow/.local/lib/python3.8/site-packages/airflow/example_dags/example_complex.py
[2025-05-19T23:07:48.611+0000] {processor.py:830} INFO - Processing file /home/airflow/.local/lib/python3.8/site-packages/airflow/example_dags/example_complex.py for tasks to queue
[2025-05-19T23:07:48.618+0000] {logging_mixin.py:188} INFO - [2025-05-19T23:07:48.616+0000] {dagbag.py:540} INFO - Filling up the DagBag from /home/airflow/.local/lib/python3.8/site-packages/airflow/example_dags/example_complex.py
[2025-05-19T23:07:48.657+0000] {processor.py:840} INFO - DAG(s) 'example_complex' retrieved from /home/airflow/.local/lib/python3.8/site-packages/airflow/example_dags/example_complex.py
[2025-05-19T23:07:48.770+0000] {logging_mixin.py:188} INFO - [2025-05-19T23:07:48.769+0000] {dag.py:3047} INFO - Sync 1 DAGs
[2025-05-19T23:07:48.814+0000] {logging_mixin.py:188} INFO - [2025-05-19T23:07:48.813+0000] {dag.py:3834} INFO - Setting next_dagrun for example_complex to None, run_after=None
[2025-05-19T23:07:48.900+0000] {processor.py:183} INFO - Processing /home/airflow/.local/lib/python3.8/site-packages/airflow/example_dags/example_complex.py took 0.305 seconds
[2025-05-19T23:08:19.779+0000] {processor.py:161} INFO - Started process (PID=451) to work on /home/airflow/.local/lib/python3.8/site-packages/airflow/example_dags/example_complex.py
[2025-05-19T23:08:19.784+0000] {processor.py:830} INFO - Processing file /home/airflow/.local/lib/python3.8/site-packages/airflow/example_dags/example_complex.py for tasks to queue
[2025-05-19T23:08:19.798+0000] {logging_mixin.py:188} INFO - [2025-05-19T23:08:19.796+0000] {dagbag.py:540} INFO - Filling up the DagBag from /home/airflow/.local/lib/python3.8/site-packages/airflow/example_dags/example_complex.py
[2025-05-19T23:08:19.848+0000] {processor.py:840} INFO - DAG(s) 'example_complex' retrieved from /home/airflow/.local/lib/python3.8/site-packages/airflow/example_dags/example_complex.py
[2025-05-19T23:08:19.927+0000] {logging_mixin.py:188} INFO - [2025-05-19T23:08:19.927+0000] {dag.py:3047} INFO - Sync 1 DAGs
[2025-05-19T23:08:19.962+0000] {logging_mixin.py:188} INFO - [2025-05-19T23:08:19.961+0000] {dag.py:3834} INFO - Setting next_dagrun for example_complex to None, run_after=None
[2025-05-19T23:08:20.019+0000] {processor.py:183} INFO - Processing /home/airflow/.local/lib/python3.8/site-packages/airflow/example_dags/example_complex.py took 0.255 seconds
[2025-05-19T23:08:50.900+0000] {processor.py:161} INFO - Started process (PID=508) to work on /home/airflow/.local/lib/python3.8/site-packages/airflow/example_dags/example_complex.py
[2025-05-19T23:08:50.906+0000] {processor.py:830} INFO - Processing file /home/airflow/.local/lib/python3.8/site-packages/airflow/example_dags/example_complex.py for tasks to queue
[2025-05-19T23:08:50.914+0000] {logging_mixin.py:188} INFO - [2025-05-19T23:08:50.912+0000] {dagbag.py:540} INFO - Filling up the DagBag from /home/airflow/.local/lib/python3.8/site-packages/airflow/example_dags/example_complex.py
[2025-05-19T23:08:50.969+0000] {processor.py:840} INFO - DAG(s) 'example_complex' retrieved from /home/airflow/.local/lib/python3.8/site-packages/airflow/example_dags/example_complex.py
[2025-05-19T23:08:51.117+0000] {logging_mixin.py:188} INFO - [2025-05-19T23:08:51.116+0000] {dag.py:3047} INFO - Sync 1 DAGs
[2025-05-19T23:08:51.162+0000] {logging_mixin.py:188} INFO - [2025-05-19T23:08:51.161+0000] {dag.py:3834} INFO - Setting next_dagrun for example_complex to None, run_after=None
[2025-05-19T23:08:51.246+0000] {processor.py:183} INFO - Processing /home/airflow/.local/lib/python3.8/site-packages/airflow/example_dags/example_complex.py took 0.359 seconds
[2025-05-19T23:09:21.617+0000] {processor.py:161} INFO - Started process (PID=566) to work on /home/airflow/.local/lib/python3.8/site-packages/airflow/example_dags/example_complex.py
[2025-05-19T23:09:21.625+0000] {processor.py:830} INFO - Processing file /home/airflow/.local/lib/python3.8/site-packages/airflow/example_dags/example_complex.py for tasks to queue
[2025-05-19T23:09:21.644+0000] {logging_mixin.py:188} INFO - [2025-05-19T23:09:21.635+0000] {dagbag.py:540} INFO - Filling up the DagBag from /home/airflow/.local/lib/python3.8/site-packages/airflow/example_dags/example_complex.py
[2025-05-19T23:09:21.795+0000] {processor.py:840} INFO - DAG(s) 'example_complex' retrieved from /home/airflow/.local/lib/python3.8/site-packages/airflow/example_dags/example_complex.py
[2025-05-19T23:09:21.983+0000] {logging_mixin.py:188} INFO - [2025-05-19T23:09:21.982+0000] {dag.py:3047} INFO - Sync 1 DAGs
[2025-05-19T23:09:22.055+0000] {logging_mixin.py:188} INFO - [2025-05-19T23:09:22.054+0000] {dag.py:3834} INFO - Setting next_dagrun for example_complex to None, run_after=None
[2025-05-19T23:09:22.128+0000] {processor.py:183} INFO - Processing /home/airflow/.local/lib/python3.8/site-packages/airflow/example_dags/example_complex.py took 0.531 seconds
[2025-05-19T23:09:53.390+0000] {processor.py:161} INFO - Started process (PID=623) to work on /home/airflow/.local/lib/python3.8/site-packages/airflow/example_dags/example_complex.py
[2025-05-19T23:09:53.394+0000] {processor.py:830} INFO - Processing file /home/airflow/.local/lib/python3.8/site-packages/airflow/example_dags/example_complex.py for tasks to queue
[2025-05-19T23:09:53.399+0000] {logging_mixin.py:188} INFO - [2025-05-19T23:09:53.398+0000] {dagbag.py:540} INFO - Filling up the DagBag from /home/airflow/.local/lib/python3.8/site-packages/airflow/example_dags/example_complex.py
[2025-05-19T23:09:53.450+0000] {processor.py:840} INFO - DAG(s) 'example_complex' retrieved from /home/airflow/.local/lib/python3.8/site-packages/airflow/example_dags/example_complex.py
[2025-05-19T23:09:53.518+0000] {logging_mixin.py:188} INFO - [2025-05-19T23:09:53.518+0000] {dag.py:3047} INFO - Sync 1 DAGs
[2025-05-19T23:09:53.544+0000] {logging_mixin.py:188} INFO - [2025-05-19T23:09:53.543+0000] {dag.py:3834} INFO - Setting next_dagrun for example_complex to None, run_after=None
[2025-05-19T23:09:53.589+0000] {processor.py:183} INFO - Processing /home/airflow/.local/lib/python3.8/site-packages/airflow/example_dags/example_complex.py took 0.212 seconds
[2025-05-19T23:10:24.602+0000] {processor.py:161} INFO - Started process (PID=680) to work on /home/airflow/.local/lib/python3.8/site-packages/airflow/example_dags/example_complex.py
[2025-05-19T23:10:24.606+0000] {processor.py:830} INFO - Processing file /home/airflow/.local/lib/python3.8/site-packages/airflow/example_dags/example_complex.py for tasks to queue
[2025-05-19T23:10:24.611+0000] {logging_mixin.py:188} INFO - [2025-05-19T23:10:24.610+0000] {dagbag.py:540} INFO - Filling up the DagBag from /home/airflow/.local/lib/python3.8/site-packages/airflow/example_dags/example_complex.py
[2025-05-19T23:10:24.650+0000] {processor.py:840} INFO - DAG(s) 'example_complex' retrieved from /home/airflow/.local/lib/python3.8/site-packages/airflow/example_dags/example_complex.py
[2025-05-19T23:10:25.080+0000] {logging_mixin.py:188} INFO - [2025-05-19T23:10:25.079+0000] {dag.py:3047} INFO - Sync 1 DAGs
[2025-05-19T23:10:25.121+0000] {logging_mixin.py:188} INFO - [2025-05-19T23:10:25.120+0000] {dag.py:3834} INFO - Setting next_dagrun for example_complex to None, run_after=None
[2025-05-19T23:10:25.191+0000] {processor.py:183} INFO - Processing /home/airflow/.local/lib/python3.8/site-packages/airflow/example_dags/example_complex.py took 0.598 seconds
[2025-05-19T23:10:55.986+0000] {processor.py:161} INFO - Started process (PID=737) to work on /home/airflow/.local/lib/python3.8/site-packages/airflow/example_dags/example_complex.py
[2025-05-19T23:10:55.989+0000] {processor.py:830} INFO - Processing file /home/airflow/.local/lib/python3.8/site-packages/airflow/example_dags/example_complex.py for tasks to queue
[2025-05-19T23:10:55.994+0000] {logging_mixin.py:188} INFO - [2025-05-19T23:10:55.993+0000] {dagbag.py:540} INFO - Filling up the DagBag from /home/airflow/.local/lib/python3.8/site-packages/airflow/example_dags/example_complex.py
[2025-05-19T23:10:56.035+0000] {processor.py:840} INFO - DAG(s) 'example_complex' retrieved from /home/airflow/.local/lib/python3.8/site-packages/airflow/example_dags/example_complex.py
[2025-05-19T23:10:56.170+0000] {logging_mixin.py:188} INFO - [2025-05-19T23:10:56.169+0000] {dag.py:3047} INFO - Sync 1 DAGs
[2025-05-19T23:10:56.202+0000] {logging_mixin.py:188} INFO - [2025-05-19T23:10:56.202+0000] {dag.py:3834} INFO - Setting next_dagrun for example_complex to None, run_after=None
[2025-05-19T23:10:56.275+0000] {processor.py:183} INFO - Processing /home/airflow/.local/lib/python3.8/site-packages/airflow/example_dags/example_complex.py took 0.297 seconds
[2025-05-19T23:47:52.087+0000] {processor.py:161} INFO - Started process (PID=256) to work on /home/airflow/.local/lib/python3.8/site-packages/airflow/example_dags/example_complex.py
[2025-05-19T23:47:52.104+0000] {processor.py:830} INFO - Processing file /home/airflow/.local/lib/python3.8/site-packages/airflow/example_dags/example_complex.py for tasks to queue
[2025-05-19T23:47:52.124+0000] {logging_mixin.py:188} INFO - [2025-05-19T23:47:52.123+0000] {dagbag.py:540} INFO - Filling up the DagBag from /home/airflow/.local/lib/python3.8/site-packages/airflow/example_dags/example_complex.py
[2025-05-19T23:47:52.520+0000] {processor.py:840} INFO - DAG(s) 'example_complex' retrieved from /home/airflow/.local/lib/python3.8/site-packages/airflow/example_dags/example_complex.py
[2025-05-19T23:48:01.501+0000] {logging_mixin.py:188} INFO - [2025-05-19T23:48:01.497+0000] {dag.py:3047} INFO - Sync 1 DAGs
[2025-05-19T23:48:01.788+0000] {logging_mixin.py:188} INFO - [2025-05-19T23:48:01.787+0000] {dag.py:3834} INFO - Setting next_dagrun for example_complex to None, run_after=None
[2025-05-19T23:48:02.534+0000] {processor.py:183} INFO - Processing /home/airflow/.local/lib/python3.8/site-packages/airflow/example_dags/example_complex.py took 10.467 seconds
