[2025-05-19T23:05:06.587+0000] {processor.py:161} INFO - Started process (PID=78) to work on /home/airflow/.local/lib/python3.8/site-packages/airflow/example_dags/example_short_circuit_decorator.py
[2025-05-19T23:05:06.591+0000] {processor.py:830} INFO - Processing file /home/airflow/.local/lib/python3.8/site-packages/airflow/example_dags/example_short_circuit_decorator.py for tasks to queue
[2025-05-19T23:05:06.597+0000] {logging_mixin.py:188} INFO - [2025-05-19T23:05:06.596+0000] {dagbag.py:540} INFO - Filling up the DagBag from /home/airflow/.local/lib/python3.8/site-packages/airflow/example_dags/example_short_circuit_decorator.py
[2025-05-19T23:05:06.639+0000] {processor.py:840} INFO - DAG(s) 'example_short_circuit_decorator' retrieved from /home/airflow/.local/lib/python3.8/site-packages/airflow/example_dags/example_short_circuit_decorator.py
[2025-05-19T23:05:07.008+0000] {logging_mixin.py:188} INFO - [2025-05-19T23:05:07.007+0000] {override.py:1769} INFO - Created Permission View: can edit on DAG:example_short_circuit_decorator
[2025-05-19T23:05:07.033+0000] {logging_mixin.py:188} INFO - [2025-05-19T23:05:07.032+0000] {override.py:1769} INFO - Created Permission View: can delete on DAG:example_short_circuit_decorator
[2025-05-19T23:05:07.053+0000] {logging_mixin.py:188} INFO - [2025-05-19T23:05:07.052+0000] {override.py:1769} INFO - Created Permission View: can read on DAG:example_short_circuit_decorator
[2025-05-19T23:05:07.055+0000] {logging_mixin.py:188} INFO - [2025-05-19T23:05:07.054+0000] {dag.py:3047} INFO - Sync 1 DAGs
[2025-05-19T23:05:07.108+0000] {logging_mixin.py:188} INFO - [2025-05-19T23:05:07.107+0000] {dag.py:3069} INFO - Creating ORM DAG for example_short_circuit_decorator
[2025-05-19T23:05:07.151+0000] {logging_mixin.py:188} INFO - [2025-05-19T23:05:07.150+0000] {dag.py:3834} INFO - Setting next_dagrun for example_short_circuit_decorator to 2025-05-18 00:00:00+00:00, run_after=2025-05-19 00:00:00+00:00
[2025-05-19T23:05:07.207+0000] {processor.py:183} INFO - Processing /home/airflow/.local/lib/python3.8/site-packages/airflow/example_dags/example_short_circuit_decorator.py took 0.632 seconds
[2025-05-19T23:05:37.738+0000] {processor.py:161} INFO - Started process (PID=135) to work on /home/airflow/.local/lib/python3.8/site-packages/airflow/example_dags/example_short_circuit_decorator.py
[2025-05-19T23:05:37.740+0000] {processor.py:830} INFO - Processing file /home/airflow/.local/lib/python3.8/site-packages/airflow/example_dags/example_short_circuit_decorator.py for tasks to queue
[2025-05-19T23:05:37.745+0000] {logging_mixin.py:188} INFO - [2025-05-19T23:05:37.744+0000] {dagbag.py:540} INFO - Filling up the DagBag from /home/airflow/.local/lib/python3.8/site-packages/airflow/example_dags/example_short_circuit_decorator.py
[2025-05-19T23:05:37.771+0000] {processor.py:840} INFO - DAG(s) 'example_short_circuit_decorator' retrieved from /home/airflow/.local/lib/python3.8/site-packages/airflow/example_dags/example_short_circuit_decorator.py
[2025-05-19T23:05:37.837+0000] {logging_mixin.py:188} INFO - [2025-05-19T23:05:37.836+0000] {dag.py:3047} INFO - Sync 1 DAGs
[2025-05-19T23:05:37.903+0000] {logging_mixin.py:188} INFO - [2025-05-19T23:05:37.902+0000] {dag.py:3834} INFO - Setting next_dagrun for example_short_circuit_decorator to 2025-05-18 00:00:00+00:00, run_after=2025-05-19 00:00:00+00:00
[2025-05-19T23:05:37.953+0000] {processor.py:183} INFO - Processing /home/airflow/.local/lib/python3.8/site-packages/airflow/example_dags/example_short_circuit_decorator.py took 0.223 seconds
[2025-05-19T23:06:08.470+0000] {processor.py:161} INFO - Started process (PID=192) to work on /home/airflow/.local/lib/python3.8/site-packages/airflow/example_dags/example_short_circuit_decorator.py
[2025-05-19T23:06:08.476+0000] {processor.py:830} INFO - Processing file /home/airflow/.local/lib/python3.8/site-packages/airflow/example_dags/example_short_circuit_decorator.py for tasks to queue
[2025-05-19T23:06:08.483+0000] {logging_mixin.py:188} INFO - [2025-05-19T23:06:08.482+0000] {dagbag.py:540} INFO - Filling up the DagBag from /home/airflow/.local/lib/python3.8/site-packages/airflow/example_dags/example_short_circuit_decorator.py
[2025-05-19T23:06:08.521+0000] {processor.py:840} INFO - DAG(s) 'example_short_circuit_decorator' retrieved from /home/airflow/.local/lib/python3.8/site-packages/airflow/example_dags/example_short_circuit_decorator.py
[2025-05-19T23:06:08.607+0000] {logging_mixin.py:188} INFO - [2025-05-19T23:06:08.606+0000] {dag.py:3047} INFO - Sync 1 DAGs
[2025-05-19T23:06:08.672+0000] {logging_mixin.py:188} INFO - [2025-05-19T23:06:08.671+0000] {dag.py:3834} INFO - Setting next_dagrun for example_short_circuit_decorator to 2025-05-18 00:00:00+00:00, run_after=2025-05-19 00:00:00+00:00
[2025-05-19T23:06:08.732+0000] {processor.py:183} INFO - Processing /home/airflow/.local/lib/python3.8/site-packages/airflow/example_dags/example_short_circuit_decorator.py took 0.276 seconds
[2025-05-19T23:06:39.128+0000] {processor.py:161} INFO - Started process (PID=248) to work on /home/airflow/.local/lib/python3.8/site-packages/airflow/example_dags/example_short_circuit_decorator.py
[2025-05-19T23:06:39.132+0000] {processor.py:830} INFO - Processing file /home/airflow/.local/lib/python3.8/site-packages/airflow/example_dags/example_short_circuit_decorator.py for tasks to queue
[2025-05-19T23:06:39.139+0000] {logging_mixin.py:188} INFO - [2025-05-19T23:06:39.138+0000] {dagbag.py:540} INFO - Filling up the DagBag from /home/airflow/.local/lib/python3.8/site-packages/airflow/example_dags/example_short_circuit_decorator.py
[2025-05-19T23:06:39.167+0000] {processor.py:840} INFO - DAG(s) 'example_short_circuit_decorator' retrieved from /home/airflow/.local/lib/python3.8/site-packages/airflow/example_dags/example_short_circuit_decorator.py
[2025-05-19T23:06:39.255+0000] {logging_mixin.py:188} INFO - [2025-05-19T23:06:39.255+0000] {dag.py:3047} INFO - Sync 1 DAGs
[2025-05-19T23:06:39.301+0000] {logging_mixin.py:188} INFO - [2025-05-19T23:06:39.300+0000] {dag.py:3834} INFO - Setting next_dagrun for example_short_circuit_decorator to 2025-05-18 00:00:00+00:00, run_after=2025-05-19 00:00:00+00:00
[2025-05-19T23:06:39.454+0000] {processor.py:183} INFO - Processing /home/airflow/.local/lib/python3.8/site-packages/airflow/example_dags/example_short_circuit_decorator.py took 0.338 seconds
[2025-05-19T23:07:10.093+0000] {processor.py:161} INFO - Started process (PID=305) to work on /home/airflow/.local/lib/python3.8/site-packages/airflow/example_dags/example_short_circuit_decorator.py
[2025-05-19T23:07:10.098+0000] {processor.py:830} INFO - Processing file /home/airflow/.local/lib/python3.8/site-packages/airflow/example_dags/example_short_circuit_decorator.py for tasks to queue
[2025-05-19T23:07:10.106+0000] {logging_mixin.py:188} INFO - [2025-05-19T23:07:10.105+0000] {dagbag.py:540} INFO - Filling up the DagBag from /home/airflow/.local/lib/python3.8/site-packages/airflow/example_dags/example_short_circuit_decorator.py
[2025-05-19T23:07:10.144+0000] {processor.py:840} INFO - DAG(s) 'example_short_circuit_decorator' retrieved from /home/airflow/.local/lib/python3.8/site-packages/airflow/example_dags/example_short_circuit_decorator.py
[2025-05-19T23:07:10.238+0000] {logging_mixin.py:188} INFO - [2025-05-19T23:07:10.236+0000] {dag.py:3047} INFO - Sync 1 DAGs
[2025-05-19T23:07:10.323+0000] {logging_mixin.py:188} INFO - [2025-05-19T23:07:10.322+0000] {dag.py:3834} INFO - Setting next_dagrun for example_short_circuit_decorator to 2025-05-18 00:00:00+00:00, run_after=2025-05-19 00:00:00+00:00
[2025-05-19T23:07:10.400+0000] {processor.py:183} INFO - Processing /home/airflow/.local/lib/python3.8/site-packages/airflow/example_dags/example_short_circuit_decorator.py took 0.320 seconds
[2025-05-19T23:07:40.943+0000] {processor.py:161} INFO - Started process (PID=362) to work on /home/airflow/.local/lib/python3.8/site-packages/airflow/example_dags/example_short_circuit_decorator.py
[2025-05-19T23:07:40.947+0000] {processor.py:830} INFO - Processing file /home/airflow/.local/lib/python3.8/site-packages/airflow/example_dags/example_short_circuit_decorator.py for tasks to queue
[2025-05-19T23:07:40.952+0000] {logging_mixin.py:188} INFO - [2025-05-19T23:07:40.951+0000] {dagbag.py:540} INFO - Filling up the DagBag from /home/airflow/.local/lib/python3.8/site-packages/airflow/example_dags/example_short_circuit_decorator.py
[2025-05-19T23:07:40.974+0000] {processor.py:840} INFO - DAG(s) 'example_short_circuit_decorator' retrieved from /home/airflow/.local/lib/python3.8/site-packages/airflow/example_dags/example_short_circuit_decorator.py
[2025-05-19T23:07:41.040+0000] {logging_mixin.py:188} INFO - [2025-05-19T23:07:41.039+0000] {dag.py:3047} INFO - Sync 1 DAGs
[2025-05-19T23:07:41.094+0000] {logging_mixin.py:188} INFO - [2025-05-19T23:07:41.094+0000] {dag.py:3834} INFO - Setting next_dagrun for example_short_circuit_decorator to 2025-05-18 00:00:00+00:00, run_after=2025-05-19 00:00:00+00:00
[2025-05-19T23:07:41.232+0000] {processor.py:183} INFO - Processing /home/airflow/.local/lib/python3.8/site-packages/airflow/example_dags/example_short_circuit_decorator.py took 0.302 seconds
[2025-05-19T23:08:11.542+0000] {processor.py:161} INFO - Started process (PID=419) to work on /home/airflow/.local/lib/python3.8/site-packages/airflow/example_dags/example_short_circuit_decorator.py
[2025-05-19T23:08:11.546+0000] {processor.py:830} INFO - Processing file /home/airflow/.local/lib/python3.8/site-packages/airflow/example_dags/example_short_circuit_decorator.py for tasks to queue
[2025-05-19T23:08:11.552+0000] {logging_mixin.py:188} INFO - [2025-05-19T23:08:11.551+0000] {dagbag.py:540} INFO - Filling up the DagBag from /home/airflow/.local/lib/python3.8/site-packages/airflow/example_dags/example_short_circuit_decorator.py
[2025-05-19T23:08:11.585+0000] {processor.py:840} INFO - DAG(s) 'example_short_circuit_decorator' retrieved from /home/airflow/.local/lib/python3.8/site-packages/airflow/example_dags/example_short_circuit_decorator.py
[2025-05-19T23:08:11.645+0000] {logging_mixin.py:188} INFO - [2025-05-19T23:08:11.644+0000] {dag.py:3047} INFO - Sync 1 DAGs
[2025-05-19T23:08:11.712+0000] {logging_mixin.py:188} INFO - [2025-05-19T23:08:11.711+0000] {dag.py:3834} INFO - Setting next_dagrun for example_short_circuit_decorator to 2025-05-18 00:00:00+00:00, run_after=2025-05-19 00:00:00+00:00
[2025-05-19T23:08:11.758+0000] {processor.py:183} INFO - Processing /home/airflow/.local/lib/python3.8/site-packages/airflow/example_dags/example_short_circuit_decorator.py took 0.234 seconds
[2025-05-19T23:08:42.133+0000] {processor.py:161} INFO - Started process (PID=476) to work on /home/airflow/.local/lib/python3.8/site-packages/airflow/example_dags/example_short_circuit_decorator.py
[2025-05-19T23:08:42.139+0000] {processor.py:830} INFO - Processing file /home/airflow/.local/lib/python3.8/site-packages/airflow/example_dags/example_short_circuit_decorator.py for tasks to queue
[2025-05-19T23:08:42.145+0000] {logging_mixin.py:188} INFO - [2025-05-19T23:08:42.144+0000] {dagbag.py:540} INFO - Filling up the DagBag from /home/airflow/.local/lib/python3.8/site-packages/airflow/example_dags/example_short_circuit_decorator.py
[2025-05-19T23:08:42.188+0000] {processor.py:840} INFO - DAG(s) 'example_short_circuit_decorator' retrieved from /home/airflow/.local/lib/python3.8/site-packages/airflow/example_dags/example_short_circuit_decorator.py
[2025-05-19T23:08:42.308+0000] {logging_mixin.py:188} INFO - [2025-05-19T23:08:42.307+0000] {dag.py:3047} INFO - Sync 1 DAGs
[2025-05-19T23:08:42.368+0000] {logging_mixin.py:188} INFO - [2025-05-19T23:08:42.368+0000] {dag.py:3834} INFO - Setting next_dagrun for example_short_circuit_decorator to 2025-05-18 00:00:00+00:00, run_after=2025-05-19 00:00:00+00:00
[2025-05-19T23:08:42.417+0000] {processor.py:183} INFO - Processing /home/airflow/.local/lib/python3.8/site-packages/airflow/example_dags/example_short_circuit_decorator.py took 0.299 seconds
[2025-05-19T23:09:13.918+0000] {processor.py:161} INFO - Started process (PID=533) to work on /home/airflow/.local/lib/python3.8/site-packages/airflow/example_dags/example_short_circuit_decorator.py
[2025-05-19T23:09:13.921+0000] {processor.py:830} INFO - Processing file /home/airflow/.local/lib/python3.8/site-packages/airflow/example_dags/example_short_circuit_decorator.py for tasks to queue
[2025-05-19T23:09:13.927+0000] {logging_mixin.py:188} INFO - [2025-05-19T23:09:13.926+0000] {dagbag.py:540} INFO - Filling up the DagBag from /home/airflow/.local/lib/python3.8/site-packages/airflow/example_dags/example_short_circuit_decorator.py
[2025-05-19T23:09:13.951+0000] {processor.py:840} INFO - DAG(s) 'example_short_circuit_decorator' retrieved from /home/airflow/.local/lib/python3.8/site-packages/airflow/example_dags/example_short_circuit_decorator.py
[2025-05-19T23:09:14.039+0000] {logging_mixin.py:188} INFO - [2025-05-19T23:09:14.039+0000] {dag.py:3047} INFO - Sync 1 DAGs
[2025-05-19T23:09:14.127+0000] {logging_mixin.py:188} INFO - [2025-05-19T23:09:14.123+0000] {dag.py:3834} INFO - Setting next_dagrun for example_short_circuit_decorator to 2025-05-18 00:00:00+00:00, run_after=2025-05-19 00:00:00+00:00
[2025-05-19T23:09:14.182+0000] {processor.py:183} INFO - Processing /home/airflow/.local/lib/python3.8/site-packages/airflow/example_dags/example_short_circuit_decorator.py took 0.273 seconds
[2025-05-19T23:09:45.013+0000] {processor.py:161} INFO - Started process (PID=591) to work on /home/airflow/.local/lib/python3.8/site-packages/airflow/example_dags/example_short_circuit_decorator.py
[2025-05-19T23:09:45.017+0000] {processor.py:830} INFO - Processing file /home/airflow/.local/lib/python3.8/site-packages/airflow/example_dags/example_short_circuit_decorator.py for tasks to queue
[2025-05-19T23:09:45.026+0000] {logging_mixin.py:188} INFO - [2025-05-19T23:09:45.024+0000] {dagbag.py:540} INFO - Filling up the DagBag from /home/airflow/.local/lib/python3.8/site-packages/airflow/example_dags/example_short_circuit_decorator.py
[2025-05-19T23:09:45.067+0000] {processor.py:840} INFO - DAG(s) 'example_short_circuit_decorator' retrieved from /home/airflow/.local/lib/python3.8/site-packages/airflow/example_dags/example_short_circuit_decorator.py
[2025-05-19T23:09:45.145+0000] {logging_mixin.py:188} INFO - [2025-05-19T23:09:45.144+0000] {dag.py:3047} INFO - Sync 1 DAGs
[2025-05-19T23:09:45.229+0000] {logging_mixin.py:188} INFO - [2025-05-19T23:09:45.229+0000] {dag.py:3834} INFO - Setting next_dagrun for example_short_circuit_decorator to 2025-05-18 00:00:00+00:00, run_after=2025-05-19 00:00:00+00:00
[2025-05-19T23:09:45.281+0000] {processor.py:183} INFO - Processing /home/airflow/.local/lib/python3.8/site-packages/airflow/example_dags/example_short_circuit_decorator.py took 0.282 seconds
[2025-05-19T23:10:15.627+0000] {processor.py:161} INFO - Started process (PID=648) to work on /home/airflow/.local/lib/python3.8/site-packages/airflow/example_dags/example_short_circuit_decorator.py
[2025-05-19T23:10:15.630+0000] {processor.py:830} INFO - Processing file /home/airflow/.local/lib/python3.8/site-packages/airflow/example_dags/example_short_circuit_decorator.py for tasks to queue
[2025-05-19T23:10:15.635+0000] {logging_mixin.py:188} INFO - [2025-05-19T23:10:15.635+0000] {dagbag.py:540} INFO - Filling up the DagBag from /home/airflow/.local/lib/python3.8/site-packages/airflow/example_dags/example_short_circuit_decorator.py
[2025-05-19T23:10:15.659+0000] {processor.py:840} INFO - DAG(s) 'example_short_circuit_decorator' retrieved from /home/airflow/.local/lib/python3.8/site-packages/airflow/example_dags/example_short_circuit_decorator.py
[2025-05-19T23:10:15.689+0000] {logging_mixin.py:188} INFO - [2025-05-19T23:10:15.688+0000] {dag.py:3047} INFO - Sync 1 DAGs
[2025-05-19T23:10:15.738+0000] {logging_mixin.py:188} INFO - [2025-05-19T23:10:15.738+0000] {dag.py:3834} INFO - Setting next_dagrun for example_short_circuit_decorator to 2025-05-18 00:00:00+00:00, run_after=2025-05-19 00:00:00+00:00
[2025-05-19T23:10:15.793+0000] {processor.py:183} INFO - Processing /home/airflow/.local/lib/python3.8/site-packages/airflow/example_dags/example_short_circuit_decorator.py took 0.174 seconds
[2025-05-19T23:10:46.413+0000] {processor.py:161} INFO - Started process (PID=705) to work on /home/airflow/.local/lib/python3.8/site-packages/airflow/example_dags/example_short_circuit_decorator.py
[2025-05-19T23:10:46.417+0000] {processor.py:830} INFO - Processing file /home/airflow/.local/lib/python3.8/site-packages/airflow/example_dags/example_short_circuit_decorator.py for tasks to queue
[2025-05-19T23:10:46.423+0000] {logging_mixin.py:188} INFO - [2025-05-19T23:10:46.422+0000] {dagbag.py:540} INFO - Filling up the DagBag from /home/airflow/.local/lib/python3.8/site-packages/airflow/example_dags/example_short_circuit_decorator.py
[2025-05-19T23:10:46.453+0000] {processor.py:840} INFO - DAG(s) 'example_short_circuit_decorator' retrieved from /home/airflow/.local/lib/python3.8/site-packages/airflow/example_dags/example_short_circuit_decorator.py
[2025-05-19T23:10:46.631+0000] {logging_mixin.py:188} INFO - [2025-05-19T23:10:46.630+0000] {dag.py:3047} INFO - Sync 1 DAGs
[2025-05-19T23:10:46.703+0000] {logging_mixin.py:188} INFO - [2025-05-19T23:10:46.703+0000] {dag.py:3834} INFO - Setting next_dagrun for example_short_circuit_decorator to 2025-05-18 00:00:00+00:00, run_after=2025-05-19 00:00:00+00:00
[2025-05-19T23:10:46.758+0000] {processor.py:183} INFO - Processing /home/airflow/.local/lib/python3.8/site-packages/airflow/example_dags/example_short_circuit_decorator.py took 0.581 seconds
[2025-05-19T23:13:45.992+0000] {processor.py:161} INFO - Started process (PID=763) to work on /home/airflow/.local/lib/python3.8/site-packages/airflow/example_dags/example_short_circuit_decorator.py
[2025-05-19T23:13:46.000+0000] {processor.py:830} INFO - Processing file /home/airflow/.local/lib/python3.8/site-packages/airflow/example_dags/example_short_circuit_decorator.py for tasks to queue
[2025-05-19T23:13:46.014+0000] {logging_mixin.py:188} INFO - [2025-05-19T23:13:46.011+0000] {dagbag.py:540} INFO - Filling up the DagBag from /home/airflow/.local/lib/python3.8/site-packages/airflow/example_dags/example_short_circuit_decorator.py
[2025-05-19T23:13:46.746+0000] {processor.py:840} INFO - DAG(s) 'example_short_circuit_decorator' retrieved from /home/airflow/.local/lib/python3.8/site-packages/airflow/example_dags/example_short_circuit_decorator.py
[2025-05-19T23:13:47.238+0000] {logging_mixin.py:188} INFO - [2025-05-19T23:13:47.236+0000] {dag.py:3047} INFO - Sync 1 DAGs
[2025-05-19T23:13:56.529+0000] {logging_mixin.py:188} INFO - [2025-05-19T23:13:56.524+0000] {dag.py:3834} INFO - Setting next_dagrun for example_short_circuit_decorator to 2025-05-18 00:00:00+00:00, run_after=2025-05-19 00:00:00+00:00
[2025-05-19T23:13:56.754+0000] {processor.py:183} INFO - Processing /home/airflow/.local/lib/python3.8/site-packages/airflow/example_dags/example_short_circuit_decorator.py took 11.340 seconds
[2025-05-19T23:46:01.954+0000] {processor.py:161} INFO - Started process (PID=215) to work on /home/airflow/.local/lib/python3.8/site-packages/airflow/example_dags/example_short_circuit_decorator.py
[2025-05-19T23:46:01.980+0000] {processor.py:830} INFO - Processing file /home/airflow/.local/lib/python3.8/site-packages/airflow/example_dags/example_short_circuit_decorator.py for tasks to queue
[2025-05-19T23:46:02.017+0000] {logging_mixin.py:188} INFO - [2025-05-19T23:46:02.017+0000] {dagbag.py:540} INFO - Filling up the DagBag from /home/airflow/.local/lib/python3.8/site-packages/airflow/example_dags/example_short_circuit_decorator.py
[2025-05-19T23:46:02.100+0000] {processor.py:840} INFO - DAG(s) 'example_short_circuit_decorator' retrieved from /home/airflow/.local/lib/python3.8/site-packages/airflow/example_dags/example_short_circuit_decorator.py
[2025-05-19T23:46:04.382+0000] {logging_mixin.py:188} INFO - [2025-05-19T23:46:04.380+0000] {dag.py:3047} INFO - Sync 1 DAGs
[2025-05-19T23:46:04.596+0000] {logging_mixin.py:188} INFO - [2025-05-19T23:46:04.596+0000] {dag.py:3834} INFO - Setting next_dagrun for example_short_circuit_decorator to 2025-05-18 00:00:00+00:00, run_after=2025-05-19 00:00:00+00:00
[2025-05-19T23:46:05.379+0000] {processor.py:183} INFO - Processing /home/airflow/.local/lib/python3.8/site-packages/airflow/example_dags/example_short_circuit_decorator.py took 3.501 seconds
