[2025-05-19T23:05:19.409+0000] {processor.py:161} INFO - Started process (PID=120) to work on /home/airflow/.local/lib/python3.8/site-packages/airflow/example_dags/example_task_group_decorator.py
[2025-05-19T23:05:19.411+0000] {processor.py:830} INFO - Processing file /home/airflow/.local/lib/python3.8/site-packages/airflow/example_dags/example_task_group_decorator.py for tasks to queue
[2025-05-19T23:05:19.417+0000] {logging_mixin.py:188} INFO - [2025-05-19T23:05:19.416+0000] {dagbag.py:540} INFO - Filling up the DagBag from /home/airflow/.local/lib/python3.8/site-packages/airflow/example_dags/example_task_group_decorator.py
[2025-05-19T23:05:19.448+0000] {processor.py:840} INFO - DAG(s) 'example_task_group_decorator' retrieved from /home/airflow/.local/lib/python3.8/site-packages/airflow/example_dags/example_task_group_decorator.py
[2025-05-19T23:05:19.778+0000] {logging_mixin.py:188} INFO - [2025-05-19T23:05:19.777+0000] {override.py:1769} INFO - Created Permission View: can edit on DAG:example_task_group_decorator
[2025-05-19T23:05:19.800+0000] {logging_mixin.py:188} INFO - [2025-05-19T23:05:19.799+0000] {override.py:1769} INFO - Created Permission View: can delete on DAG:example_task_group_decorator
[2025-05-19T23:05:19.817+0000] {logging_mixin.py:188} INFO - [2025-05-19T23:05:19.816+0000] {override.py:1769} INFO - Created Permission View: can read on DAG:example_task_group_decorator
[2025-05-19T23:05:19.818+0000] {logging_mixin.py:188} INFO - [2025-05-19T23:05:19.818+0000] {dag.py:3047} INFO - Sync 1 DAGs
[2025-05-19T23:05:19.844+0000] {logging_mixin.py:188} INFO - [2025-05-19T23:05:19.844+0000] {dag.py:3069} INFO - Creating ORM DAG for example_task_group_decorator
[2025-05-19T23:05:19.864+0000] {logging_mixin.py:188} INFO - [2025-05-19T23:05:19.864+0000] {dag.py:3834} INFO - Setting next_dagrun for example_task_group_decorator to 2025-05-18 00:00:00+00:00, run_after=2025-05-19 00:00:00+00:00
[2025-05-19T23:05:19.901+0000] {processor.py:183} INFO - Processing /home/airflow/.local/lib/python3.8/site-packages/airflow/example_dags/example_task_group_decorator.py took 0.498 seconds
[2025-05-19T23:05:50.352+0000] {processor.py:161} INFO - Started process (PID=177) to work on /home/airflow/.local/lib/python3.8/site-packages/airflow/example_dags/example_task_group_decorator.py
[2025-05-19T23:05:50.355+0000] {processor.py:830} INFO - Processing file /home/airflow/.local/lib/python3.8/site-packages/airflow/example_dags/example_task_group_decorator.py for tasks to queue
[2025-05-19T23:05:50.362+0000] {logging_mixin.py:188} INFO - [2025-05-19T23:05:50.361+0000] {dagbag.py:540} INFO - Filling up the DagBag from /home/airflow/.local/lib/python3.8/site-packages/airflow/example_dags/example_task_group_decorator.py
[2025-05-19T23:05:50.409+0000] {processor.py:840} INFO - DAG(s) 'example_task_group_decorator' retrieved from /home/airflow/.local/lib/python3.8/site-packages/airflow/example_dags/example_task_group_decorator.py
[2025-05-19T23:05:50.481+0000] {logging_mixin.py:188} INFO - [2025-05-19T23:05:50.480+0000] {dag.py:3047} INFO - Sync 1 DAGs
[2025-05-19T23:05:50.531+0000] {logging_mixin.py:188} INFO - [2025-05-19T23:05:50.530+0000] {dag.py:3834} INFO - Setting next_dagrun for example_task_group_decorator to 2025-05-18 00:00:00+00:00, run_after=2025-05-19 00:00:00+00:00
[2025-05-19T23:05:50.571+0000] {processor.py:183} INFO - Processing /home/airflow/.local/lib/python3.8/site-packages/airflow/example_dags/example_task_group_decorator.py took 0.229 seconds
[2025-05-19T23:06:20.860+0000] {processor.py:161} INFO - Started process (PID=234) to work on /home/airflow/.local/lib/python3.8/site-packages/airflow/example_dags/example_task_group_decorator.py
[2025-05-19T23:06:20.864+0000] {processor.py:830} INFO - Processing file /home/airflow/.local/lib/python3.8/site-packages/airflow/example_dags/example_task_group_decorator.py for tasks to queue
[2025-05-19T23:06:20.871+0000] {logging_mixin.py:188} INFO - [2025-05-19T23:06:20.870+0000] {dagbag.py:540} INFO - Filling up the DagBag from /home/airflow/.local/lib/python3.8/site-packages/airflow/example_dags/example_task_group_decorator.py
[2025-05-19T23:06:20.931+0000] {processor.py:840} INFO - DAG(s) 'example_task_group_decorator' retrieved from /home/airflow/.local/lib/python3.8/site-packages/airflow/example_dags/example_task_group_decorator.py
[2025-05-19T23:06:21.031+0000] {logging_mixin.py:188} INFO - [2025-05-19T23:06:21.030+0000] {dag.py:3047} INFO - Sync 1 DAGs
[2025-05-19T23:06:21.091+0000] {logging_mixin.py:188} INFO - [2025-05-19T23:06:21.090+0000] {dag.py:3834} INFO - Setting next_dagrun for example_task_group_decorator to 2025-05-18 00:00:00+00:00, run_after=2025-05-19 00:00:00+00:00
[2025-05-19T23:06:21.193+0000] {processor.py:183} INFO - Processing /home/airflow/.local/lib/python3.8/site-packages/airflow/example_dags/example_task_group_decorator.py took 0.342 seconds
[2025-05-19T23:06:51.695+0000] {processor.py:161} INFO - Started process (PID=291) to work on /home/airflow/.local/lib/python3.8/site-packages/airflow/example_dags/example_task_group_decorator.py
[2025-05-19T23:06:51.700+0000] {processor.py:830} INFO - Processing file /home/airflow/.local/lib/python3.8/site-packages/airflow/example_dags/example_task_group_decorator.py for tasks to queue
[2025-05-19T23:06:51.708+0000] {logging_mixin.py:188} INFO - [2025-05-19T23:06:51.707+0000] {dagbag.py:540} INFO - Filling up the DagBag from /home/airflow/.local/lib/python3.8/site-packages/airflow/example_dags/example_task_group_decorator.py
[2025-05-19T23:06:51.759+0000] {processor.py:840} INFO - DAG(s) 'example_task_group_decorator' retrieved from /home/airflow/.local/lib/python3.8/site-packages/airflow/example_dags/example_task_group_decorator.py
[2025-05-19T23:06:51.929+0000] {logging_mixin.py:188} INFO - [2025-05-19T23:06:51.929+0000] {dag.py:3047} INFO - Sync 1 DAGs
[2025-05-19T23:06:52.033+0000] {logging_mixin.py:188} INFO - [2025-05-19T23:06:52.033+0000] {dag.py:3834} INFO - Setting next_dagrun for example_task_group_decorator to 2025-05-18 00:00:00+00:00, run_after=2025-05-19 00:00:00+00:00
[2025-05-19T23:06:52.113+0000] {processor.py:183} INFO - Processing /home/airflow/.local/lib/python3.8/site-packages/airflow/example_dags/example_task_group_decorator.py took 0.428 seconds
[2025-05-19T23:07:22.395+0000] {processor.py:161} INFO - Started process (PID=348) to work on /home/airflow/.local/lib/python3.8/site-packages/airflow/example_dags/example_task_group_decorator.py
[2025-05-19T23:07:22.400+0000] {processor.py:830} INFO - Processing file /home/airflow/.local/lib/python3.8/site-packages/airflow/example_dags/example_task_group_decorator.py for tasks to queue
[2025-05-19T23:07:22.414+0000] {logging_mixin.py:188} INFO - [2025-05-19T23:07:22.412+0000] {dagbag.py:540} INFO - Filling up the DagBag from /home/airflow/.local/lib/python3.8/site-packages/airflow/example_dags/example_task_group_decorator.py
[2025-05-19T23:07:22.480+0000] {processor.py:840} INFO - DAG(s) 'example_task_group_decorator' retrieved from /home/airflow/.local/lib/python3.8/site-packages/airflow/example_dags/example_task_group_decorator.py
[2025-05-19T23:07:22.550+0000] {logging_mixin.py:188} INFO - [2025-05-19T23:07:22.548+0000] {dag.py:3047} INFO - Sync 1 DAGs
[2025-05-19T23:07:22.604+0000] {logging_mixin.py:188} INFO - [2025-05-19T23:07:22.604+0000] {dag.py:3834} INFO - Setting next_dagrun for example_task_group_decorator to 2025-05-18 00:00:00+00:00, run_after=2025-05-19 00:00:00+00:00
[2025-05-19T23:07:22.679+0000] {processor.py:183} INFO - Processing /home/airflow/.local/lib/python3.8/site-packages/airflow/example_dags/example_task_group_decorator.py took 0.306 seconds
[2025-05-19T23:07:53.353+0000] {processor.py:161} INFO - Started process (PID=405) to work on /home/airflow/.local/lib/python3.8/site-packages/airflow/example_dags/example_task_group_decorator.py
[2025-05-19T23:07:53.359+0000] {processor.py:830} INFO - Processing file /home/airflow/.local/lib/python3.8/site-packages/airflow/example_dags/example_task_group_decorator.py for tasks to queue
[2025-05-19T23:07:53.373+0000] {logging_mixin.py:188} INFO - [2025-05-19T23:07:53.372+0000] {dagbag.py:540} INFO - Filling up the DagBag from /home/airflow/.local/lib/python3.8/site-packages/airflow/example_dags/example_task_group_decorator.py
[2025-05-19T23:07:53.452+0000] {processor.py:840} INFO - DAG(s) 'example_task_group_decorator' retrieved from /home/airflow/.local/lib/python3.8/site-packages/airflow/example_dags/example_task_group_decorator.py
[2025-05-19T23:07:53.517+0000] {logging_mixin.py:188} INFO - [2025-05-19T23:07:53.516+0000] {dag.py:3047} INFO - Sync 1 DAGs
[2025-05-19T23:07:53.580+0000] {logging_mixin.py:188} INFO - [2025-05-19T23:07:53.579+0000] {dag.py:3834} INFO - Setting next_dagrun for example_task_group_decorator to 2025-05-18 00:00:00+00:00, run_after=2025-05-19 00:00:00+00:00
[2025-05-19T23:07:53.677+0000] {processor.py:183} INFO - Processing /home/airflow/.local/lib/python3.8/site-packages/airflow/example_dags/example_task_group_decorator.py took 0.344 seconds
[2025-05-19T23:08:23.886+0000] {processor.py:161} INFO - Started process (PID=462) to work on /home/airflow/.local/lib/python3.8/site-packages/airflow/example_dags/example_task_group_decorator.py
[2025-05-19T23:08:23.890+0000] {processor.py:830} INFO - Processing file /home/airflow/.local/lib/python3.8/site-packages/airflow/example_dags/example_task_group_decorator.py for tasks to queue
[2025-05-19T23:08:23.897+0000] {logging_mixin.py:188} INFO - [2025-05-19T23:08:23.896+0000] {dagbag.py:540} INFO - Filling up the DagBag from /home/airflow/.local/lib/python3.8/site-packages/airflow/example_dags/example_task_group_decorator.py
[2025-05-19T23:08:23.946+0000] {processor.py:840} INFO - DAG(s) 'example_task_group_decorator' retrieved from /home/airflow/.local/lib/python3.8/site-packages/airflow/example_dags/example_task_group_decorator.py
[2025-05-19T23:08:24.019+0000] {logging_mixin.py:188} INFO - [2025-05-19T23:08:24.018+0000] {dag.py:3047} INFO - Sync 1 DAGs
[2025-05-19T23:08:24.087+0000] {logging_mixin.py:188} INFO - [2025-05-19T23:08:24.087+0000] {dag.py:3834} INFO - Setting next_dagrun for example_task_group_decorator to 2025-05-18 00:00:00+00:00, run_after=2025-05-19 00:00:00+00:00
[2025-05-19T23:08:24.205+0000] {processor.py:183} INFO - Processing /home/airflow/.local/lib/python3.8/site-packages/airflow/example_dags/example_task_group_decorator.py took 0.328 seconds
[2025-05-19T23:08:55.231+0000] {processor.py:161} INFO - Started process (PID=519) to work on /home/airflow/.local/lib/python3.8/site-packages/airflow/example_dags/example_task_group_decorator.py
[2025-05-19T23:08:55.234+0000] {processor.py:830} INFO - Processing file /home/airflow/.local/lib/python3.8/site-packages/airflow/example_dags/example_task_group_decorator.py for tasks to queue
[2025-05-19T23:08:55.239+0000] {logging_mixin.py:188} INFO - [2025-05-19T23:08:55.238+0000] {dagbag.py:540} INFO - Filling up the DagBag from /home/airflow/.local/lib/python3.8/site-packages/airflow/example_dags/example_task_group_decorator.py
[2025-05-19T23:08:55.276+0000] {processor.py:840} INFO - DAG(s) 'example_task_group_decorator' retrieved from /home/airflow/.local/lib/python3.8/site-packages/airflow/example_dags/example_task_group_decorator.py
[2025-05-19T23:08:55.344+0000] {logging_mixin.py:188} INFO - [2025-05-19T23:08:55.343+0000] {dag.py:3047} INFO - Sync 1 DAGs
[2025-05-19T23:08:55.407+0000] {logging_mixin.py:188} INFO - [2025-05-19T23:08:55.404+0000] {dag.py:3834} INFO - Setting next_dagrun for example_task_group_decorator to 2025-05-18 00:00:00+00:00, run_after=2025-05-19 00:00:00+00:00
[2025-05-19T23:08:55.461+0000] {processor.py:183} INFO - Processing /home/airflow/.local/lib/python3.8/site-packages/airflow/example_dags/example_task_group_decorator.py took 0.238 seconds
[2025-05-19T23:09:25.780+0000] {processor.py:161} INFO - Started process (PID=577) to work on /home/airflow/.local/lib/python3.8/site-packages/airflow/example_dags/example_task_group_decorator.py
[2025-05-19T23:09:25.783+0000] {processor.py:830} INFO - Processing file /home/airflow/.local/lib/python3.8/site-packages/airflow/example_dags/example_task_group_decorator.py for tasks to queue
[2025-05-19T23:09:25.790+0000] {logging_mixin.py:188} INFO - [2025-05-19T23:09:25.789+0000] {dagbag.py:540} INFO - Filling up the DagBag from /home/airflow/.local/lib/python3.8/site-packages/airflow/example_dags/example_task_group_decorator.py
[2025-05-19T23:09:25.830+0000] {processor.py:840} INFO - DAG(s) 'example_task_group_decorator' retrieved from /home/airflow/.local/lib/python3.8/site-packages/airflow/example_dags/example_task_group_decorator.py
[2025-05-19T23:09:25.896+0000] {logging_mixin.py:188} INFO - [2025-05-19T23:09:25.895+0000] {dag.py:3047} INFO - Sync 1 DAGs
[2025-05-19T23:09:25.979+0000] {logging_mixin.py:188} INFO - [2025-05-19T23:09:25.978+0000] {dag.py:3834} INFO - Setting next_dagrun for example_task_group_decorator to 2025-05-18 00:00:00+00:00, run_after=2025-05-19 00:00:00+00:00
[2025-05-19T23:09:26.035+0000] {processor.py:183} INFO - Processing /home/airflow/.local/lib/python3.8/site-packages/airflow/example_dags/example_task_group_decorator.py took 0.265 seconds
[2025-05-19T23:09:56.848+0000] {processor.py:161} INFO - Started process (PID=634) to work on /home/airflow/.local/lib/python3.8/site-packages/airflow/example_dags/example_task_group_decorator.py
[2025-05-19T23:09:56.853+0000] {processor.py:830} INFO - Processing file /home/airflow/.local/lib/python3.8/site-packages/airflow/example_dags/example_task_group_decorator.py for tasks to queue
[2025-05-19T23:09:56.864+0000] {logging_mixin.py:188} INFO - [2025-05-19T23:09:56.862+0000] {dagbag.py:540} INFO - Filling up the DagBag from /home/airflow/.local/lib/python3.8/site-packages/airflow/example_dags/example_task_group_decorator.py
[2025-05-19T23:09:56.963+0000] {processor.py:840} INFO - DAG(s) 'example_task_group_decorator' retrieved from /home/airflow/.local/lib/python3.8/site-packages/airflow/example_dags/example_task_group_decorator.py
[2025-05-19T23:09:57.016+0000] {logging_mixin.py:188} INFO - [2025-05-19T23:09:57.015+0000] {dag.py:3047} INFO - Sync 1 DAGs
[2025-05-19T23:09:57.177+0000] {logging_mixin.py:188} INFO - [2025-05-19T23:09:57.170+0000] {dag.py:3834} INFO - Setting next_dagrun for example_task_group_decorator to 2025-05-18 00:00:00+00:00, run_after=2025-05-19 00:00:00+00:00
[2025-05-19T23:09:57.253+0000] {processor.py:183} INFO - Processing /home/airflow/.local/lib/python3.8/site-packages/airflow/example_dags/example_task_group_decorator.py took 0.418 seconds
[2025-05-19T23:10:28.103+0000] {processor.py:161} INFO - Started process (PID=691) to work on /home/airflow/.local/lib/python3.8/site-packages/airflow/example_dags/example_task_group_decorator.py
[2025-05-19T23:10:28.107+0000] {processor.py:830} INFO - Processing file /home/airflow/.local/lib/python3.8/site-packages/airflow/example_dags/example_task_group_decorator.py for tasks to queue
[2025-05-19T23:10:28.113+0000] {logging_mixin.py:188} INFO - [2025-05-19T23:10:28.112+0000] {dagbag.py:540} INFO - Filling up the DagBag from /home/airflow/.local/lib/python3.8/site-packages/airflow/example_dags/example_task_group_decorator.py
[2025-05-19T23:10:28.172+0000] {processor.py:840} INFO - DAG(s) 'example_task_group_decorator' retrieved from /home/airflow/.local/lib/python3.8/site-packages/airflow/example_dags/example_task_group_decorator.py
[2025-05-19T23:10:28.503+0000] {logging_mixin.py:188} INFO - [2025-05-19T23:10:28.503+0000] {dag.py:3047} INFO - Sync 1 DAGs
[2025-05-19T23:10:28.549+0000] {logging_mixin.py:188} INFO - [2025-05-19T23:10:28.549+0000] {dag.py:3834} INFO - Setting next_dagrun for example_task_group_decorator to 2025-05-18 00:00:00+00:00, run_after=2025-05-19 00:00:00+00:00
[2025-05-19T23:10:28.606+0000] {processor.py:183} INFO - Processing /home/airflow/.local/lib/python3.8/site-packages/airflow/example_dags/example_task_group_decorator.py took 0.515 seconds
[2025-05-19T23:10:58.804+0000] {processor.py:161} INFO - Started process (PID=748) to work on /home/airflow/.local/lib/python3.8/site-packages/airflow/example_dags/example_task_group_decorator.py
[2025-05-19T23:10:58.807+0000] {processor.py:830} INFO - Processing file /home/airflow/.local/lib/python3.8/site-packages/airflow/example_dags/example_task_group_decorator.py for tasks to queue
[2025-05-19T23:10:58.812+0000] {logging_mixin.py:188} INFO - [2025-05-19T23:10:58.812+0000] {dagbag.py:540} INFO - Filling up the DagBag from /home/airflow/.local/lib/python3.8/site-packages/airflow/example_dags/example_task_group_decorator.py
[2025-05-19T23:10:58.852+0000] {processor.py:840} INFO - DAG(s) 'example_task_group_decorator' retrieved from /home/airflow/.local/lib/python3.8/site-packages/airflow/example_dags/example_task_group_decorator.py
[2025-05-19T23:10:58.943+0000] {logging_mixin.py:188} INFO - [2025-05-19T23:10:58.942+0000] {dag.py:3047} INFO - Sync 1 DAGs
[2025-05-19T23:10:59.023+0000] {logging_mixin.py:188} INFO - [2025-05-19T23:10:59.023+0000] {dag.py:3834} INFO - Setting next_dagrun for example_task_group_decorator to 2025-05-18 00:00:00+00:00, run_after=2025-05-19 00:00:00+00:00
[2025-05-19T23:10:59.111+0000] {processor.py:183} INFO - Processing /home/airflow/.local/lib/python3.8/site-packages/airflow/example_dags/example_task_group_decorator.py took 0.320 seconds
[2025-05-19T23:48:25.549+0000] {processor.py:161} INFO - Started process (PID=273) to work on /home/airflow/.local/lib/python3.8/site-packages/airflow/example_dags/example_task_group_decorator.py
[2025-05-19T23:48:25.570+0000] {processor.py:830} INFO - Processing file /home/airflow/.local/lib/python3.8/site-packages/airflow/example_dags/example_task_group_decorator.py for tasks to queue
[2025-05-19T23:48:25.591+0000] {logging_mixin.py:188} INFO - [2025-05-19T23:48:25.589+0000] {dagbag.py:540} INFO - Filling up the DagBag from /home/airflow/.local/lib/python3.8/site-packages/airflow/example_dags/example_task_group_decorator.py
[2025-05-19T23:48:25.795+0000] {processor.py:840} INFO - DAG(s) 'example_task_group_decorator' retrieved from /home/airflow/.local/lib/python3.8/site-packages/airflow/example_dags/example_task_group_decorator.py
[2025-05-19T23:48:27.533+0000] {logging_mixin.py:188} INFO - [2025-05-19T23:48:27.526+0000] {dag.py:3047} INFO - Sync 1 DAGs
[2025-05-19T23:48:27.702+0000] {logging_mixin.py:188} INFO - [2025-05-19T23:48:27.688+0000] {dag.py:3834} INFO - Setting next_dagrun for example_task_group_decorator to 2025-05-18 00:00:00+00:00, run_after=2025-05-19 00:00:00+00:00
[2025-05-19T23:48:27.841+0000] {processor.py:183} INFO - Processing /home/airflow/.local/lib/python3.8/site-packages/airflow/example_dags/example_task_group_decorator.py took 2.432 seconds
