[2025-05-19T23:05:08.429+0000] {processor.py:161} INFO - Started process (PID=83) to work on /home/airflow/.local/lib/python3.8/site-packages/airflow/example_dags/example_branch_day_of_week_operator.py
[2025-05-19T23:05:08.433+0000] {processor.py:830} INFO - Processing file /home/airflow/.local/lib/python3.8/site-packages/airflow/example_dags/example_branch_day_of_week_operator.py for tasks to queue
[2025-05-19T23:05:08.440+0000] {logging_mixin.py:188} INFO - [2025-05-19T23:05:08.439+0000] {dagbag.py:540} INFO - Filling up the DagBag from /home/airflow/.local/lib/python3.8/site-packages/airflow/example_dags/example_branch_day_of_week_operator.py
[2025-05-19T23:05:08.476+0000] {processor.py:840} INFO - DAG(s) 'example_weekday_branch_operator' retrieved from /home/airflow/.local/lib/python3.8/site-packages/airflow/example_dags/example_branch_day_of_week_operator.py
[2025-05-19T23:05:08.898+0000] {logging_mixin.py:188} INFO - [2025-05-19T23:05:08.896+0000] {override.py:1769} INFO - Created Permission View: can edit on DAG:example_weekday_branch_operator
[2025-05-19T23:05:08.928+0000] {logging_mixin.py:188} INFO - [2025-05-19T23:05:08.927+0000] {override.py:1769} INFO - Created Permission View: can delete on DAG:example_weekday_branch_operator
[2025-05-19T23:05:08.952+0000] {logging_mixin.py:188} INFO - [2025-05-19T23:05:08.951+0000] {override.py:1769} INFO - Created Permission View: can read on DAG:example_weekday_branch_operator
[2025-05-19T23:05:08.954+0000] {logging_mixin.py:188} INFO - [2025-05-19T23:05:08.954+0000] {dag.py:3047} INFO - Sync 1 DAGs
[2025-05-19T23:05:09.007+0000] {logging_mixin.py:188} INFO - [2025-05-19T23:05:09.006+0000] {dag.py:3069} INFO - Creating ORM DAG for example_weekday_branch_operator
[2025-05-19T23:05:09.033+0000] {logging_mixin.py:188} INFO - [2025-05-19T23:05:09.033+0000] {dag.py:3834} INFO - Setting next_dagrun for example_weekday_branch_operator to 2025-05-18 00:00:00+00:00, run_after=2025-05-19 00:00:00+00:00
[2025-05-19T23:05:09.070+0000] {processor.py:183} INFO - Processing /home/airflow/.local/lib/python3.8/site-packages/airflow/example_dags/example_branch_day_of_week_operator.py took 0.652 seconds
[2025-05-19T23:05:39.267+0000] {processor.py:161} INFO - Started process (PID=140) to work on /home/airflow/.local/lib/python3.8/site-packages/airflow/example_dags/example_branch_day_of_week_operator.py
[2025-05-19T23:05:39.270+0000] {processor.py:830} INFO - Processing file /home/airflow/.local/lib/python3.8/site-packages/airflow/example_dags/example_branch_day_of_week_operator.py for tasks to queue
[2025-05-19T23:05:39.276+0000] {logging_mixin.py:188} INFO - [2025-05-19T23:05:39.275+0000] {dagbag.py:540} INFO - Filling up the DagBag from /home/airflow/.local/lib/python3.8/site-packages/airflow/example_dags/example_branch_day_of_week_operator.py
[2025-05-19T23:05:39.300+0000] {processor.py:840} INFO - DAG(s) 'example_weekday_branch_operator' retrieved from /home/airflow/.local/lib/python3.8/site-packages/airflow/example_dags/example_branch_day_of_week_operator.py
[2025-05-19T23:05:39.358+0000] {logging_mixin.py:188} INFO - [2025-05-19T23:05:39.358+0000] {dag.py:3047} INFO - Sync 1 DAGs
[2025-05-19T23:05:39.425+0000] {logging_mixin.py:188} INFO - [2025-05-19T23:05:39.424+0000] {dag.py:3834} INFO - Setting next_dagrun for example_weekday_branch_operator to 2025-05-18 00:00:00+00:00, run_after=2025-05-19 00:00:00+00:00
[2025-05-19T23:05:39.472+0000] {processor.py:183} INFO - Processing /home/airflow/.local/lib/python3.8/site-packages/airflow/example_dags/example_branch_day_of_week_operator.py took 0.214 seconds
[2025-05-19T23:06:09.738+0000] {processor.py:161} INFO - Started process (PID=197) to work on /home/airflow/.local/lib/python3.8/site-packages/airflow/example_dags/example_branch_day_of_week_operator.py
[2025-05-19T23:06:09.741+0000] {processor.py:830} INFO - Processing file /home/airflow/.local/lib/python3.8/site-packages/airflow/example_dags/example_branch_day_of_week_operator.py for tasks to queue
[2025-05-19T23:06:09.746+0000] {logging_mixin.py:188} INFO - [2025-05-19T23:06:09.745+0000] {dagbag.py:540} INFO - Filling up the DagBag from /home/airflow/.local/lib/python3.8/site-packages/airflow/example_dags/example_branch_day_of_week_operator.py
[2025-05-19T23:06:09.766+0000] {processor.py:840} INFO - DAG(s) 'example_weekday_branch_operator' retrieved from /home/airflow/.local/lib/python3.8/site-packages/airflow/example_dags/example_branch_day_of_week_operator.py
[2025-05-19T23:06:09.820+0000] {logging_mixin.py:188} INFO - [2025-05-19T23:06:09.819+0000] {dag.py:3047} INFO - Sync 1 DAGs
[2025-05-19T23:06:09.869+0000] {logging_mixin.py:188} INFO - [2025-05-19T23:06:09.869+0000] {dag.py:3834} INFO - Setting next_dagrun for example_weekday_branch_operator to 2025-05-18 00:00:00+00:00, run_after=2025-05-19 00:00:00+00:00
[2025-05-19T23:06:09.954+0000] {processor.py:183} INFO - Processing /home/airflow/.local/lib/python3.8/site-packages/airflow/example_dags/example_branch_day_of_week_operator.py took 0.225 seconds
[2025-05-19T23:06:40.834+0000] {processor.py:161} INFO - Started process (PID=254) to work on /home/airflow/.local/lib/python3.8/site-packages/airflow/example_dags/example_branch_day_of_week_operator.py
[2025-05-19T23:06:40.838+0000] {processor.py:830} INFO - Processing file /home/airflow/.local/lib/python3.8/site-packages/airflow/example_dags/example_branch_day_of_week_operator.py for tasks to queue
[2025-05-19T23:06:40.843+0000] {logging_mixin.py:188} INFO - [2025-05-19T23:06:40.843+0000] {dagbag.py:540} INFO - Filling up the DagBag from /home/airflow/.local/lib/python3.8/site-packages/airflow/example_dags/example_branch_day_of_week_operator.py
[2025-05-19T23:06:40.874+0000] {processor.py:840} INFO - DAG(s) 'example_weekday_branch_operator' retrieved from /home/airflow/.local/lib/python3.8/site-packages/airflow/example_dags/example_branch_day_of_week_operator.py
[2025-05-19T23:06:40.938+0000] {logging_mixin.py:188} INFO - [2025-05-19T23:06:40.937+0000] {dag.py:3047} INFO - Sync 1 DAGs
[2025-05-19T23:06:41.025+0000] {logging_mixin.py:188} INFO - [2025-05-19T23:06:41.025+0000] {dag.py:3834} INFO - Setting next_dagrun for example_weekday_branch_operator to 2025-05-18 00:00:00+00:00, run_after=2025-05-19 00:00:00+00:00
[2025-05-19T23:06:41.091+0000] {processor.py:183} INFO - Processing /home/airflow/.local/lib/python3.8/site-packages/airflow/example_dags/example_branch_day_of_week_operator.py took 0.270 seconds
[2025-05-19T23:07:11.860+0000] {processor.py:161} INFO - Started process (PID=311) to work on /home/airflow/.local/lib/python3.8/site-packages/airflow/example_dags/example_branch_day_of_week_operator.py
[2025-05-19T23:07:11.863+0000] {processor.py:830} INFO - Processing file /home/airflow/.local/lib/python3.8/site-packages/airflow/example_dags/example_branch_day_of_week_operator.py for tasks to queue
[2025-05-19T23:07:11.868+0000] {logging_mixin.py:188} INFO - [2025-05-19T23:07:11.867+0000] {dagbag.py:540} INFO - Filling up the DagBag from /home/airflow/.local/lib/python3.8/site-packages/airflow/example_dags/example_branch_day_of_week_operator.py
[2025-05-19T23:07:11.888+0000] {processor.py:840} INFO - DAG(s) 'example_weekday_branch_operator' retrieved from /home/airflow/.local/lib/python3.8/site-packages/airflow/example_dags/example_branch_day_of_week_operator.py
[2025-05-19T23:07:11.948+0000] {logging_mixin.py:188} INFO - [2025-05-19T23:07:11.948+0000] {dag.py:3047} INFO - Sync 1 DAGs
[2025-05-19T23:07:12.012+0000] {logging_mixin.py:188} INFO - [2025-05-19T23:07:12.012+0000] {dag.py:3834} INFO - Setting next_dagrun for example_weekday_branch_operator to 2025-05-18 00:00:00+00:00, run_after=2025-05-19 00:00:00+00:00
[2025-05-19T23:07:12.066+0000] {processor.py:183} INFO - Processing /home/airflow/.local/lib/python3.8/site-packages/airflow/example_dags/example_branch_day_of_week_operator.py took 0.214 seconds
[2025-05-19T23:07:42.997+0000] {processor.py:161} INFO - Started process (PID=368) to work on /home/airflow/.local/lib/python3.8/site-packages/airflow/example_dags/example_branch_day_of_week_operator.py
[2025-05-19T23:07:43.000+0000] {processor.py:830} INFO - Processing file /home/airflow/.local/lib/python3.8/site-packages/airflow/example_dags/example_branch_day_of_week_operator.py for tasks to queue
[2025-05-19T23:07:43.005+0000] {logging_mixin.py:188} INFO - [2025-05-19T23:07:43.004+0000] {dagbag.py:540} INFO - Filling up the DagBag from /home/airflow/.local/lib/python3.8/site-packages/airflow/example_dags/example_branch_day_of_week_operator.py
[2025-05-19T23:07:43.025+0000] {processor.py:840} INFO - DAG(s) 'example_weekday_branch_operator' retrieved from /home/airflow/.local/lib/python3.8/site-packages/airflow/example_dags/example_branch_day_of_week_operator.py
[2025-05-19T23:07:43.095+0000] {logging_mixin.py:188} INFO - [2025-05-19T23:07:43.094+0000] {dag.py:3047} INFO - Sync 1 DAGs
[2025-05-19T23:07:43.231+0000] {logging_mixin.py:188} INFO - [2025-05-19T23:07:43.229+0000] {dag.py:3834} INFO - Setting next_dagrun for example_weekday_branch_operator to 2025-05-18 00:00:00+00:00, run_after=2025-05-19 00:00:00+00:00
[2025-05-19T23:07:43.300+0000] {processor.py:183} INFO - Processing /home/airflow/.local/lib/python3.8/site-packages/airflow/example_dags/example_branch_day_of_week_operator.py took 0.311 seconds
[2025-05-19T23:08:14.006+0000] {processor.py:161} INFO - Started process (PID=425) to work on /home/airflow/.local/lib/python3.8/site-packages/airflow/example_dags/example_branch_day_of_week_operator.py
[2025-05-19T23:08:14.013+0000] {processor.py:830} INFO - Processing file /home/airflow/.local/lib/python3.8/site-packages/airflow/example_dags/example_branch_day_of_week_operator.py for tasks to queue
[2025-05-19T23:08:14.023+0000] {logging_mixin.py:188} INFO - [2025-05-19T23:08:14.021+0000] {dagbag.py:540} INFO - Filling up the DagBag from /home/airflow/.local/lib/python3.8/site-packages/airflow/example_dags/example_branch_day_of_week_operator.py
[2025-05-19T23:08:14.080+0000] {processor.py:840} INFO - DAG(s) 'example_weekday_branch_operator' retrieved from /home/airflow/.local/lib/python3.8/site-packages/airflow/example_dags/example_branch_day_of_week_operator.py
[2025-05-19T23:08:14.224+0000] {logging_mixin.py:188} INFO - [2025-05-19T23:08:14.223+0000] {dag.py:3047} INFO - Sync 1 DAGs
[2025-05-19T23:08:14.323+0000] {logging_mixin.py:188} INFO - [2025-05-19T23:08:14.323+0000] {dag.py:3834} INFO - Setting next_dagrun for example_weekday_branch_operator to 2025-05-18 00:00:00+00:00, run_after=2025-05-19 00:00:00+00:00
[2025-05-19T23:08:14.382+0000] {processor.py:183} INFO - Processing /home/airflow/.local/lib/python3.8/site-packages/airflow/example_dags/example_branch_day_of_week_operator.py took 0.397 seconds
[2025-05-19T23:08:45.234+0000] {processor.py:161} INFO - Started process (PID=482) to work on /home/airflow/.local/lib/python3.8/site-packages/airflow/example_dags/example_branch_day_of_week_operator.py
[2025-05-19T23:08:45.240+0000] {processor.py:830} INFO - Processing file /home/airflow/.local/lib/python3.8/site-packages/airflow/example_dags/example_branch_day_of_week_operator.py for tasks to queue
[2025-05-19T23:08:45.250+0000] {logging_mixin.py:188} INFO - [2025-05-19T23:08:45.249+0000] {dagbag.py:540} INFO - Filling up the DagBag from /home/airflow/.local/lib/python3.8/site-packages/airflow/example_dags/example_branch_day_of_week_operator.py
[2025-05-19T23:08:45.273+0000] {processor.py:840} INFO - DAG(s) 'example_weekday_branch_operator' retrieved from /home/airflow/.local/lib/python3.8/site-packages/airflow/example_dags/example_branch_day_of_week_operator.py
[2025-05-19T23:08:45.320+0000] {logging_mixin.py:188} INFO - [2025-05-19T23:08:45.320+0000] {dag.py:3047} INFO - Sync 1 DAGs
[2025-05-19T23:08:45.371+0000] {logging_mixin.py:188} INFO - [2025-05-19T23:08:45.371+0000] {dag.py:3834} INFO - Setting next_dagrun for example_weekday_branch_operator to 2025-05-18 00:00:00+00:00, run_after=2025-05-19 00:00:00+00:00
[2025-05-19T23:08:45.508+0000] {processor.py:183} INFO - Processing /home/airflow/.local/lib/python3.8/site-packages/airflow/example_dags/example_branch_day_of_week_operator.py took 0.313 seconds
[2025-05-19T23:09:15.770+0000] {processor.py:161} INFO - Started process (PID=538) to work on /home/airflow/.local/lib/python3.8/site-packages/airflow/example_dags/example_branch_day_of_week_operator.py
[2025-05-19T23:09:15.776+0000] {processor.py:830} INFO - Processing file /home/airflow/.local/lib/python3.8/site-packages/airflow/example_dags/example_branch_day_of_week_operator.py for tasks to queue
[2025-05-19T23:09:15.790+0000] {logging_mixin.py:188} INFO - [2025-05-19T23:09:15.789+0000] {dagbag.py:540} INFO - Filling up the DagBag from /home/airflow/.local/lib/python3.8/site-packages/airflow/example_dags/example_branch_day_of_week_operator.py
[2025-05-19T23:09:15.813+0000] {processor.py:840} INFO - DAG(s) 'example_weekday_branch_operator' retrieved from /home/airflow/.local/lib/python3.8/site-packages/airflow/example_dags/example_branch_day_of_week_operator.py
[2025-05-19T23:09:15.927+0000] {logging_mixin.py:188} INFO - [2025-05-19T23:09:15.927+0000] {dag.py:3047} INFO - Sync 1 DAGs
[2025-05-19T23:09:16.010+0000] {logging_mixin.py:188} INFO - [2025-05-19T23:09:16.009+0000] {dag.py:3834} INFO - Setting next_dagrun for example_weekday_branch_operator to 2025-05-18 00:00:00+00:00, run_after=2025-05-19 00:00:00+00:00
[2025-05-19T23:09:16.098+0000] {processor.py:183} INFO - Processing /home/airflow/.local/lib/python3.8/site-packages/airflow/example_dags/example_branch_day_of_week_operator.py took 0.364 seconds
[2025-05-19T23:09:46.654+0000] {processor.py:161} INFO - Started process (PID=596) to work on /home/airflow/.local/lib/python3.8/site-packages/airflow/example_dags/example_branch_day_of_week_operator.py
[2025-05-19T23:09:46.659+0000] {processor.py:830} INFO - Processing file /home/airflow/.local/lib/python3.8/site-packages/airflow/example_dags/example_branch_day_of_week_operator.py for tasks to queue
[2025-05-19T23:09:46.667+0000] {logging_mixin.py:188} INFO - [2025-05-19T23:09:46.666+0000] {dagbag.py:540} INFO - Filling up the DagBag from /home/airflow/.local/lib/python3.8/site-packages/airflow/example_dags/example_branch_day_of_week_operator.py
[2025-05-19T23:09:46.718+0000] {processor.py:840} INFO - DAG(s) 'example_weekday_branch_operator' retrieved from /home/airflow/.local/lib/python3.8/site-packages/airflow/example_dags/example_branch_day_of_week_operator.py
[2025-05-19T23:09:46.804+0000] {logging_mixin.py:188} INFO - [2025-05-19T23:09:46.803+0000] {dag.py:3047} INFO - Sync 1 DAGs
[2025-05-19T23:09:46.895+0000] {logging_mixin.py:188} INFO - [2025-05-19T23:09:46.894+0000] {dag.py:3834} INFO - Setting next_dagrun for example_weekday_branch_operator to 2025-05-18 00:00:00+00:00, run_after=2025-05-19 00:00:00+00:00
[2025-05-19T23:09:46.958+0000] {processor.py:183} INFO - Processing /home/airflow/.local/lib/python3.8/site-packages/airflow/example_dags/example_branch_day_of_week_operator.py took 0.319 seconds
[2025-05-19T23:10:17.403+0000] {processor.py:161} INFO - Started process (PID=653) to work on /home/airflow/.local/lib/python3.8/site-packages/airflow/example_dags/example_branch_day_of_week_operator.py
[2025-05-19T23:10:17.412+0000] {processor.py:830} INFO - Processing file /home/airflow/.local/lib/python3.8/site-packages/airflow/example_dags/example_branch_day_of_week_operator.py for tasks to queue
[2025-05-19T23:10:17.420+0000] {logging_mixin.py:188} INFO - [2025-05-19T23:10:17.419+0000] {dagbag.py:540} INFO - Filling up the DagBag from /home/airflow/.local/lib/python3.8/site-packages/airflow/example_dags/example_branch_day_of_week_operator.py
[2025-05-19T23:10:17.449+0000] {processor.py:840} INFO - DAG(s) 'example_weekday_branch_operator' retrieved from /home/airflow/.local/lib/python3.8/site-packages/airflow/example_dags/example_branch_day_of_week_operator.py
[2025-05-19T23:10:17.498+0000] {logging_mixin.py:188} INFO - [2025-05-19T23:10:17.497+0000] {dag.py:3047} INFO - Sync 1 DAGs
[2025-05-19T23:10:17.615+0000] {logging_mixin.py:188} INFO - [2025-05-19T23:10:17.614+0000] {dag.py:3834} INFO - Setting next_dagrun for example_weekday_branch_operator to 2025-05-18 00:00:00+00:00, run_after=2025-05-19 00:00:00+00:00
[2025-05-19T23:10:17.716+0000] {processor.py:183} INFO - Processing /home/airflow/.local/lib/python3.8/site-packages/airflow/example_dags/example_branch_day_of_week_operator.py took 0.325 seconds
[2025-05-19T23:10:47.899+0000] {processor.py:161} INFO - Started process (PID=710) to work on /home/airflow/.local/lib/python3.8/site-packages/airflow/example_dags/example_branch_day_of_week_operator.py
[2025-05-19T23:10:47.901+0000] {processor.py:830} INFO - Processing file /home/airflow/.local/lib/python3.8/site-packages/airflow/example_dags/example_branch_day_of_week_operator.py for tasks to queue
[2025-05-19T23:10:47.905+0000] {logging_mixin.py:188} INFO - [2025-05-19T23:10:47.905+0000] {dagbag.py:540} INFO - Filling up the DagBag from /home/airflow/.local/lib/python3.8/site-packages/airflow/example_dags/example_branch_day_of_week_operator.py
[2025-05-19T23:10:47.925+0000] {processor.py:840} INFO - DAG(s) 'example_weekday_branch_operator' retrieved from /home/airflow/.local/lib/python3.8/site-packages/airflow/example_dags/example_branch_day_of_week_operator.py
[2025-05-19T23:10:48.229+0000] {logging_mixin.py:188} INFO - [2025-05-19T23:10:48.228+0000] {dag.py:3047} INFO - Sync 1 DAGs
[2025-05-19T23:10:48.291+0000] {logging_mixin.py:188} INFO - [2025-05-19T23:10:48.290+0000] {dag.py:3834} INFO - Setting next_dagrun for example_weekday_branch_operator to 2025-05-18 00:00:00+00:00, run_after=2025-05-19 00:00:00+00:00
[2025-05-19T23:10:48.333+0000] {processor.py:183} INFO - Processing /home/airflow/.local/lib/python3.8/site-packages/airflow/example_dags/example_branch_day_of_week_operator.py took 0.443 seconds
[2025-05-19T23:46:17.073+0000] {processor.py:161} INFO - Started process (PID=225) to work on /home/airflow/.local/lib/python3.8/site-packages/airflow/example_dags/example_branch_day_of_week_operator.py
[2025-05-19T23:46:17.079+0000] {processor.py:830} INFO - Processing file /home/airflow/.local/lib/python3.8/site-packages/airflow/example_dags/example_branch_day_of_week_operator.py for tasks to queue
[2025-05-19T23:46:17.101+0000] {logging_mixin.py:188} INFO - [2025-05-19T23:46:17.100+0000] {dagbag.py:540} INFO - Filling up the DagBag from /home/airflow/.local/lib/python3.8/site-packages/airflow/example_dags/example_branch_day_of_week_operator.py
[2025-05-19T23:46:17.212+0000] {processor.py:840} INFO - DAG(s) 'example_weekday_branch_operator' retrieved from /home/airflow/.local/lib/python3.8/site-packages/airflow/example_dags/example_branch_day_of_week_operator.py
[2025-05-19T23:46:18.571+0000] {logging_mixin.py:188} INFO - [2025-05-19T23:46:18.569+0000] {dag.py:3047} INFO - Sync 1 DAGs
[2025-05-19T23:46:18.851+0000] {logging_mixin.py:188} INFO - [2025-05-19T23:46:18.851+0000] {dag.py:3834} INFO - Setting next_dagrun for example_weekday_branch_operator to 2025-05-18 00:00:00+00:00, run_after=2025-05-19 00:00:00+00:00
[2025-05-19T23:46:19.386+0000] {processor.py:183} INFO - Processing /home/airflow/.local/lib/python3.8/site-packages/airflow/example_dags/example_branch_day_of_week_operator.py took 2.357 seconds
