[2025-05-19T23:05:11.507+0000] {processor.py:161} INFO - Started process (PID=92) to work on /home/airflow/.local/lib/python3.8/site-packages/airflow/example_dags/example_dynamic_task_mapping.py
[2025-05-19T23:05:11.510+0000] {processor.py:830} INFO - Processing file /home/airflow/.local/lib/python3.8/site-packages/airflow/example_dags/example_dynamic_task_mapping.py for tasks to queue
[2025-05-19T23:05:11.514+0000] {logging_mixin.py:188} INFO - [2025-05-19T23:05:11.514+0000] {dagbag.py:540} INFO - Filling up the DagBag from /home/airflow/.local/lib/python3.8/site-packages/airflow/example_dags/example_dynamic_task_mapping.py
[2025-05-19T23:05:11.532+0000] {processor.py:840} INFO - DAG(s) 'example_dynamic_task_mapping' retrieved from /home/airflow/.local/lib/python3.8/site-packages/airflow/example_dags/example_dynamic_task_mapping.py
[2025-05-19T23:05:11.797+0000] {logging_mixin.py:188} INFO - [2025-05-19T23:05:11.796+0000] {override.py:1769} INFO - Created Permission View: can edit on DAG:example_dynamic_task_mapping
[2025-05-19T23:05:11.845+0000] {logging_mixin.py:188} INFO - [2025-05-19T23:05:11.843+0000] {override.py:1769} INFO - Created Permission View: can delete on DAG:example_dynamic_task_mapping
[2025-05-19T23:05:11.882+0000] {logging_mixin.py:188} INFO - [2025-05-19T23:05:11.881+0000] {override.py:1769} INFO - Created Permission View: can read on DAG:example_dynamic_task_mapping
[2025-05-19T23:05:11.885+0000] {logging_mixin.py:188} INFO - [2025-05-19T23:05:11.884+0000] {dag.py:3047} INFO - Sync 1 DAGs
[2025-05-19T23:05:11.932+0000] {logging_mixin.py:188} INFO - [2025-05-19T23:05:11.931+0000] {dag.py:3069} INFO - Creating ORM DAG for example_dynamic_task_mapping
[2025-05-19T23:05:11.975+0000] {logging_mixin.py:188} INFO - [2025-05-19T23:05:11.974+0000] {dag.py:3834} INFO - Setting next_dagrun for example_dynamic_task_mapping to 2022-03-04 00:00:00+00:00, run_after=2022-03-05 00:00:00+00:00
[2025-05-19T23:05:12.040+0000] {processor.py:183} INFO - Processing /home/airflow/.local/lib/python3.8/site-packages/airflow/example_dags/example_dynamic_task_mapping.py took 0.541 seconds
[2025-05-19T23:05:42.557+0000] {processor.py:161} INFO - Started process (PID=149) to work on /home/airflow/.local/lib/python3.8/site-packages/airflow/example_dags/example_dynamic_task_mapping.py
[2025-05-19T23:05:42.560+0000] {processor.py:830} INFO - Processing file /home/airflow/.local/lib/python3.8/site-packages/airflow/example_dags/example_dynamic_task_mapping.py for tasks to queue
[2025-05-19T23:05:42.565+0000] {logging_mixin.py:188} INFO - [2025-05-19T23:05:42.564+0000] {dagbag.py:540} INFO - Filling up the DagBag from /home/airflow/.local/lib/python3.8/site-packages/airflow/example_dags/example_dynamic_task_mapping.py
[2025-05-19T23:05:42.586+0000] {processor.py:840} INFO - DAG(s) 'example_dynamic_task_mapping' retrieved from /home/airflow/.local/lib/python3.8/site-packages/airflow/example_dags/example_dynamic_task_mapping.py
[2025-05-19T23:05:42.642+0000] {logging_mixin.py:188} INFO - [2025-05-19T23:05:42.642+0000] {dag.py:3047} INFO - Sync 1 DAGs
[2025-05-19T23:05:42.709+0000] {logging_mixin.py:188} INFO - [2025-05-19T23:05:42.708+0000] {dag.py:3834} INFO - Setting next_dagrun for example_dynamic_task_mapping to 2022-03-04 00:00:00+00:00, run_after=2022-03-05 00:00:00+00:00
[2025-05-19T23:05:42.803+0000] {processor.py:183} INFO - Processing /home/airflow/.local/lib/python3.8/site-packages/airflow/example_dags/example_dynamic_task_mapping.py took 0.253 seconds
[2025-05-19T23:06:13.022+0000] {processor.py:161} INFO - Started process (PID=206) to work on /home/airflow/.local/lib/python3.8/site-packages/airflow/example_dags/example_dynamic_task_mapping.py
[2025-05-19T23:06:13.025+0000] {processor.py:830} INFO - Processing file /home/airflow/.local/lib/python3.8/site-packages/airflow/example_dags/example_dynamic_task_mapping.py for tasks to queue
[2025-05-19T23:06:13.030+0000] {logging_mixin.py:188} INFO - [2025-05-19T23:06:13.029+0000] {dagbag.py:540} INFO - Filling up the DagBag from /home/airflow/.local/lib/python3.8/site-packages/airflow/example_dags/example_dynamic_task_mapping.py
[2025-05-19T23:06:13.044+0000] {processor.py:840} INFO - DAG(s) 'example_dynamic_task_mapping' retrieved from /home/airflow/.local/lib/python3.8/site-packages/airflow/example_dags/example_dynamic_task_mapping.py
[2025-05-19T23:06:13.114+0000] {logging_mixin.py:188} INFO - [2025-05-19T23:06:13.112+0000] {dag.py:3047} INFO - Sync 1 DAGs
[2025-05-19T23:06:13.207+0000] {logging_mixin.py:188} INFO - [2025-05-19T23:06:13.207+0000] {dag.py:3834} INFO - Setting next_dagrun for example_dynamic_task_mapping to 2022-03-04 00:00:00+00:00, run_after=2022-03-05 00:00:00+00:00
[2025-05-19T23:06:13.289+0000] {processor.py:183} INFO - Processing /home/airflow/.local/lib/python3.8/site-packages/airflow/example_dags/example_dynamic_task_mapping.py took 0.274 seconds
[2025-05-19T23:06:43.443+0000] {processor.py:161} INFO - Started process (PID=263) to work on /home/airflow/.local/lib/python3.8/site-packages/airflow/example_dags/example_dynamic_task_mapping.py
[2025-05-19T23:06:43.445+0000] {processor.py:830} INFO - Processing file /home/airflow/.local/lib/python3.8/site-packages/airflow/example_dags/example_dynamic_task_mapping.py for tasks to queue
[2025-05-19T23:06:43.451+0000] {logging_mixin.py:188} INFO - [2025-05-19T23:06:43.449+0000] {dagbag.py:540} INFO - Filling up the DagBag from /home/airflow/.local/lib/python3.8/site-packages/airflow/example_dags/example_dynamic_task_mapping.py
[2025-05-19T23:06:43.466+0000] {processor.py:840} INFO - DAG(s) 'example_dynamic_task_mapping' retrieved from /home/airflow/.local/lib/python3.8/site-packages/airflow/example_dags/example_dynamic_task_mapping.py
[2025-05-19T23:06:43.519+0000] {logging_mixin.py:188} INFO - [2025-05-19T23:06:43.518+0000] {dag.py:3047} INFO - Sync 1 DAGs
[2025-05-19T23:06:43.595+0000] {logging_mixin.py:188} INFO - [2025-05-19T23:06:43.594+0000] {dag.py:3834} INFO - Setting next_dagrun for example_dynamic_task_mapping to 2022-03-04 00:00:00+00:00, run_after=2022-03-05 00:00:00+00:00
[2025-05-19T23:06:43.688+0000] {processor.py:183} INFO - Processing /home/airflow/.local/lib/python3.8/site-packages/airflow/example_dags/example_dynamic_task_mapping.py took 0.253 seconds
[2025-05-19T23:07:14.892+0000] {processor.py:161} INFO - Started process (PID=320) to work on /home/airflow/.local/lib/python3.8/site-packages/airflow/example_dags/example_dynamic_task_mapping.py
[2025-05-19T23:07:14.897+0000] {processor.py:830} INFO - Processing file /home/airflow/.local/lib/python3.8/site-packages/airflow/example_dags/example_dynamic_task_mapping.py for tasks to queue
[2025-05-19T23:07:14.903+0000] {logging_mixin.py:188} INFO - [2025-05-19T23:07:14.902+0000] {dagbag.py:540} INFO - Filling up the DagBag from /home/airflow/.local/lib/python3.8/site-packages/airflow/example_dags/example_dynamic_task_mapping.py
[2025-05-19T23:07:14.925+0000] {processor.py:840} INFO - DAG(s) 'example_dynamic_task_mapping' retrieved from /home/airflow/.local/lib/python3.8/site-packages/airflow/example_dags/example_dynamic_task_mapping.py
[2025-05-19T23:07:14.982+0000] {logging_mixin.py:188} INFO - [2025-05-19T23:07:14.981+0000] {dag.py:3047} INFO - Sync 1 DAGs
[2025-05-19T23:07:15.039+0000] {logging_mixin.py:188} INFO - [2025-05-19T23:07:15.039+0000] {dag.py:3834} INFO - Setting next_dagrun for example_dynamic_task_mapping to 2022-03-04 00:00:00+00:00, run_after=2022-03-05 00:00:00+00:00
[2025-05-19T23:07:15.171+0000] {processor.py:183} INFO - Processing /home/airflow/.local/lib/python3.8/site-packages/airflow/example_dags/example_dynamic_task_mapping.py took 0.292 seconds
[2025-05-19T23:07:45.564+0000] {processor.py:161} INFO - Started process (PID=377) to work on /home/airflow/.local/lib/python3.8/site-packages/airflow/example_dags/example_dynamic_task_mapping.py
[2025-05-19T23:07:45.568+0000] {processor.py:830} INFO - Processing file /home/airflow/.local/lib/python3.8/site-packages/airflow/example_dags/example_dynamic_task_mapping.py for tasks to queue
[2025-05-19T23:07:45.574+0000] {logging_mixin.py:188} INFO - [2025-05-19T23:07:45.573+0000] {dagbag.py:540} INFO - Filling up the DagBag from /home/airflow/.local/lib/python3.8/site-packages/airflow/example_dags/example_dynamic_task_mapping.py
[2025-05-19T23:07:45.599+0000] {processor.py:840} INFO - DAG(s) 'example_dynamic_task_mapping' retrieved from /home/airflow/.local/lib/python3.8/site-packages/airflow/example_dags/example_dynamic_task_mapping.py
[2025-05-19T23:07:45.676+0000] {logging_mixin.py:188} INFO - [2025-05-19T23:07:45.676+0000] {dag.py:3047} INFO - Sync 1 DAGs
[2025-05-19T23:07:45.742+0000] {logging_mixin.py:188} INFO - [2025-05-19T23:07:45.741+0000] {dag.py:3834} INFO - Setting next_dagrun for example_dynamic_task_mapping to 2022-03-04 00:00:00+00:00, run_after=2022-03-05 00:00:00+00:00
[2025-05-19T23:07:45.927+0000] {processor.py:183} INFO - Processing /home/airflow/.local/lib/python3.8/site-packages/airflow/example_dags/example_dynamic_task_mapping.py took 0.375 seconds
[2025-05-19T23:08:16.107+0000] {processor.py:161} INFO - Started process (PID=434) to work on /home/airflow/.local/lib/python3.8/site-packages/airflow/example_dags/example_dynamic_task_mapping.py
[2025-05-19T23:08:16.113+0000] {processor.py:830} INFO - Processing file /home/airflow/.local/lib/python3.8/site-packages/airflow/example_dags/example_dynamic_task_mapping.py for tasks to queue
[2025-05-19T23:08:16.127+0000] {logging_mixin.py:188} INFO - [2025-05-19T23:08:16.124+0000] {dagbag.py:540} INFO - Filling up the DagBag from /home/airflow/.local/lib/python3.8/site-packages/airflow/example_dags/example_dynamic_task_mapping.py
[2025-05-19T23:08:16.179+0000] {processor.py:840} INFO - DAG(s) 'example_dynamic_task_mapping' retrieved from /home/airflow/.local/lib/python3.8/site-packages/airflow/example_dags/example_dynamic_task_mapping.py
[2025-05-19T23:08:16.300+0000] {logging_mixin.py:188} INFO - [2025-05-19T23:08:16.299+0000] {dag.py:3047} INFO - Sync 1 DAGs
[2025-05-19T23:08:16.362+0000] {logging_mixin.py:188} INFO - [2025-05-19T23:08:16.361+0000] {dag.py:3834} INFO - Setting next_dagrun for example_dynamic_task_mapping to 2022-03-04 00:00:00+00:00, run_after=2022-03-05 00:00:00+00:00
[2025-05-19T23:08:16.424+0000] {processor.py:183} INFO - Processing /home/airflow/.local/lib/python3.8/site-packages/airflow/example_dags/example_dynamic_task_mapping.py took 0.344 seconds
[2025-05-19T23:08:47.890+0000] {processor.py:161} INFO - Started process (PID=491) to work on /home/airflow/.local/lib/python3.8/site-packages/airflow/example_dags/example_dynamic_task_mapping.py
[2025-05-19T23:08:47.896+0000] {processor.py:830} INFO - Processing file /home/airflow/.local/lib/python3.8/site-packages/airflow/example_dags/example_dynamic_task_mapping.py for tasks to queue
[2025-05-19T23:08:47.906+0000] {logging_mixin.py:188} INFO - [2025-05-19T23:08:47.904+0000] {dagbag.py:540} INFO - Filling up the DagBag from /home/airflow/.local/lib/python3.8/site-packages/airflow/example_dags/example_dynamic_task_mapping.py
[2025-05-19T23:08:47.942+0000] {processor.py:840} INFO - DAG(s) 'example_dynamic_task_mapping' retrieved from /home/airflow/.local/lib/python3.8/site-packages/airflow/example_dags/example_dynamic_task_mapping.py
[2025-05-19T23:08:48.034+0000] {logging_mixin.py:188} INFO - [2025-05-19T23:08:48.033+0000] {dag.py:3047} INFO - Sync 1 DAGs
[2025-05-19T23:08:48.155+0000] {logging_mixin.py:188} INFO - [2025-05-19T23:08:48.154+0000] {dag.py:3834} INFO - Setting next_dagrun for example_dynamic_task_mapping to 2022-03-04 00:00:00+00:00, run_after=2022-03-05 00:00:00+00:00
[2025-05-19T23:08:48.206+0000] {processor.py:183} INFO - Processing /home/airflow/.local/lib/python3.8/site-packages/airflow/example_dags/example_dynamic_task_mapping.py took 0.333 seconds
[2025-05-19T23:09:18.423+0000] {processor.py:161} INFO - Started process (PID=555) to work on /home/airflow/.local/lib/python3.8/site-packages/airflow/example_dags/example_dynamic_task_mapping.py
[2025-05-19T23:09:18.428+0000] {processor.py:830} INFO - Processing file /home/airflow/.local/lib/python3.8/site-packages/airflow/example_dags/example_dynamic_task_mapping.py for tasks to queue
[2025-05-19T23:09:18.439+0000] {logging_mixin.py:188} INFO - [2025-05-19T23:09:18.438+0000] {dagbag.py:540} INFO - Filling up the DagBag from /home/airflow/.local/lib/python3.8/site-packages/airflow/example_dags/example_dynamic_task_mapping.py
[2025-05-19T23:09:18.459+0000] {processor.py:840} INFO - DAG(s) 'example_dynamic_task_mapping' retrieved from /home/airflow/.local/lib/python3.8/site-packages/airflow/example_dags/example_dynamic_task_mapping.py
[2025-05-19T23:09:18.508+0000] {logging_mixin.py:188} INFO - [2025-05-19T23:09:18.507+0000] {dag.py:3047} INFO - Sync 1 DAGs
[2025-05-19T23:09:18.582+0000] {logging_mixin.py:188} INFO - [2025-05-19T23:09:18.581+0000] {dag.py:3834} INFO - Setting next_dagrun for example_dynamic_task_mapping to 2022-03-04 00:00:00+00:00, run_after=2022-03-05 00:00:00+00:00
[2025-05-19T23:09:18.648+0000] {processor.py:183} INFO - Processing /home/airflow/.local/lib/python3.8/site-packages/airflow/example_dags/example_dynamic_task_mapping.py took 0.237 seconds
[2025-05-19T23:09:50.184+0000] {processor.py:161} INFO - Started process (PID=612) to work on /home/airflow/.local/lib/python3.8/site-packages/airflow/example_dags/example_dynamic_task_mapping.py
[2025-05-19T23:09:50.191+0000] {processor.py:830} INFO - Processing file /home/airflow/.local/lib/python3.8/site-packages/airflow/example_dags/example_dynamic_task_mapping.py for tasks to queue
[2025-05-19T23:09:50.196+0000] {logging_mixin.py:188} INFO - [2025-05-19T23:09:50.195+0000] {dagbag.py:540} INFO - Filling up the DagBag from /home/airflow/.local/lib/python3.8/site-packages/airflow/example_dags/example_dynamic_task_mapping.py
[2025-05-19T23:09:50.219+0000] {processor.py:840} INFO - DAG(s) 'example_dynamic_task_mapping' retrieved from /home/airflow/.local/lib/python3.8/site-packages/airflow/example_dags/example_dynamic_task_mapping.py
[2025-05-19T23:09:50.298+0000] {logging_mixin.py:188} INFO - [2025-05-19T23:09:50.297+0000] {dag.py:3047} INFO - Sync 1 DAGs
[2025-05-19T23:09:50.395+0000] {logging_mixin.py:188} INFO - [2025-05-19T23:09:50.394+0000] {dag.py:3834} INFO - Setting next_dagrun for example_dynamic_task_mapping to 2022-03-04 00:00:00+00:00, run_after=2022-03-05 00:00:00+00:00
[2025-05-19T23:09:50.441+0000] {processor.py:183} INFO - Processing /home/airflow/.local/lib/python3.8/site-packages/airflow/example_dags/example_dynamic_task_mapping.py took 0.266 seconds
[2025-05-19T23:10:20.772+0000] {processor.py:161} INFO - Started process (PID=668) to work on /home/airflow/.local/lib/python3.8/site-packages/airflow/example_dags/example_dynamic_task_mapping.py
[2025-05-19T23:10:20.776+0000] {processor.py:830} INFO - Processing file /home/airflow/.local/lib/python3.8/site-packages/airflow/example_dags/example_dynamic_task_mapping.py for tasks to queue
[2025-05-19T23:10:20.782+0000] {logging_mixin.py:188} INFO - [2025-05-19T23:10:20.781+0000] {dagbag.py:540} INFO - Filling up the DagBag from /home/airflow/.local/lib/python3.8/site-packages/airflow/example_dags/example_dynamic_task_mapping.py
[2025-05-19T23:10:20.800+0000] {processor.py:840} INFO - DAG(s) 'example_dynamic_task_mapping' retrieved from /home/airflow/.local/lib/python3.8/site-packages/airflow/example_dags/example_dynamic_task_mapping.py
[2025-05-19T23:10:20.835+0000] {logging_mixin.py:188} INFO - [2025-05-19T23:10:20.834+0000] {dag.py:3047} INFO - Sync 1 DAGs
[2025-05-19T23:10:20.916+0000] {logging_mixin.py:188} INFO - [2025-05-19T23:10:20.914+0000] {dag.py:3834} INFO - Setting next_dagrun for example_dynamic_task_mapping to 2022-03-04 00:00:00+00:00, run_after=2022-03-05 00:00:00+00:00
[2025-05-19T23:10:21.043+0000] {processor.py:183} INFO - Processing /home/airflow/.local/lib/python3.8/site-packages/airflow/example_dags/example_dynamic_task_mapping.py took 0.282 seconds
[2025-05-19T23:10:51.338+0000] {processor.py:161} INFO - Started process (PID=725) to work on /home/airflow/.local/lib/python3.8/site-packages/airflow/example_dags/example_dynamic_task_mapping.py
[2025-05-19T23:10:51.341+0000] {processor.py:830} INFO - Processing file /home/airflow/.local/lib/python3.8/site-packages/airflow/example_dags/example_dynamic_task_mapping.py for tasks to queue
[2025-05-19T23:10:51.346+0000] {logging_mixin.py:188} INFO - [2025-05-19T23:10:51.345+0000] {dagbag.py:540} INFO - Filling up the DagBag from /home/airflow/.local/lib/python3.8/site-packages/airflow/example_dags/example_dynamic_task_mapping.py
[2025-05-19T23:10:51.364+0000] {processor.py:840} INFO - DAG(s) 'example_dynamic_task_mapping' retrieved from /home/airflow/.local/lib/python3.8/site-packages/airflow/example_dags/example_dynamic_task_mapping.py
[2025-05-19T23:10:51.686+0000] {logging_mixin.py:188} INFO - [2025-05-19T23:10:51.685+0000] {dag.py:3047} INFO - Sync 1 DAGs
[2025-05-19T23:10:51.737+0000] {logging_mixin.py:188} INFO - [2025-05-19T23:10:51.736+0000] {dag.py:3834} INFO - Setting next_dagrun for example_dynamic_task_mapping to 2022-03-04 00:00:00+00:00, run_after=2022-03-05 00:00:00+00:00
[2025-05-19T23:10:51.796+0000] {processor.py:183} INFO - Processing /home/airflow/.local/lib/python3.8/site-packages/airflow/example_dags/example_dynamic_task_mapping.py took 0.467 seconds
[2025-05-19T23:46:58.826+0000] {processor.py:161} INFO - Started process (PID=239) to work on /home/airflow/.local/lib/python3.8/site-packages/airflow/example_dags/example_dynamic_task_mapping.py
[2025-05-19T23:46:58.834+0000] {processor.py:830} INFO - Processing file /home/airflow/.local/lib/python3.8/site-packages/airflow/example_dags/example_dynamic_task_mapping.py for tasks to queue
[2025-05-19T23:46:58.909+0000] {logging_mixin.py:188} INFO - [2025-05-19T23:46:58.908+0000] {dagbag.py:540} INFO - Filling up the DagBag from /home/airflow/.local/lib/python3.8/site-packages/airflow/example_dags/example_dynamic_task_mapping.py
[2025-05-19T23:46:59.108+0000] {processor.py:840} INFO - DAG(s) 'example_dynamic_task_mapping' retrieved from /home/airflow/.local/lib/python3.8/site-packages/airflow/example_dags/example_dynamic_task_mapping.py
[2025-05-19T23:47:01.235+0000] {logging_mixin.py:188} INFO - [2025-05-19T23:47:01.234+0000] {dag.py:3047} INFO - Sync 1 DAGs
[2025-05-19T23:47:01.821+0000] {logging_mixin.py:188} INFO - [2025-05-19T23:47:01.820+0000] {dag.py:3834} INFO - Setting next_dagrun for example_dynamic_task_mapping to 2022-03-04 00:00:00+00:00, run_after=2022-03-05 00:00:00+00:00
[2025-05-19T23:47:05.965+0000] {processor.py:183} INFO - Processing /home/airflow/.local/lib/python3.8/site-packages/airflow/example_dags/example_dynamic_task_mapping.py took 7.443 seconds
