[2025-05-19T23:05:17.201+0000] {processor.py:161} INFO - Started process (PID=109) to work on /home/airflow/.local/lib/python3.8/site-packages/airflow/example_dags/example_local_kubernetes_executor.py
[2025-05-19T23:05:17.204+0000] {processor.py:830} INFO - Processing file /home/airflow/.local/lib/python3.8/site-packages/airflow/example_dags/example_local_kubernetes_executor.py for tasks to queue
[2025-05-19T23:05:17.210+0000] {logging_mixin.py:188} INFO - [2025-05-19T23:05:17.209+0000] {dagbag.py:540} INFO - Filling up the DagBag from /home/airflow/.local/lib/python3.8/site-packages/airflow/example_dags/example_local_kubernetes_executor.py
[2025-05-19T23:05:17.240+0000] {processor.py:840} INFO - DAG(s) 'example_local_kubernetes_executor' retrieved from /home/airflow/.local/lib/python3.8/site-packages/airflow/example_dags/example_local_kubernetes_executor.py
[2025-05-19T23:05:17.524+0000] {logging_mixin.py:188} INFO - [2025-05-19T23:05:17.523+0000] {override.py:1769} INFO - Created Permission View: can edit on DAG:example_local_kubernetes_executor
[2025-05-19T23:05:17.548+0000] {logging_mixin.py:188} INFO - [2025-05-19T23:05:17.547+0000] {override.py:1769} INFO - Created Permission View: can delete on DAG:example_local_kubernetes_executor
[2025-05-19T23:05:17.567+0000] {logging_mixin.py:188} INFO - [2025-05-19T23:05:17.566+0000] {override.py:1769} INFO - Created Permission View: can read on DAG:example_local_kubernetes_executor
[2025-05-19T23:05:17.569+0000] {logging_mixin.py:188} INFO - [2025-05-19T23:05:17.568+0000] {dag.py:3047} INFO - Sync 1 DAGs
[2025-05-19T23:05:17.605+0000] {logging_mixin.py:188} INFO - [2025-05-19T23:05:17.605+0000] {dag.py:3069} INFO - Creating ORM DAG for example_local_kubernetes_executor
[2025-05-19T23:05:17.608+0000] {logging_mixin.py:188} INFO - [2025-05-19T23:05:17.607+0000] {dag.py:3834} INFO - Setting next_dagrun for example_local_kubernetes_executor to None, run_after=None
[2025-05-19T23:05:17.665+0000] {processor.py:183} INFO - Processing /home/airflow/.local/lib/python3.8/site-packages/airflow/example_dags/example_local_kubernetes_executor.py took 0.474 seconds
[2025-05-19T23:05:48.620+0000] {processor.py:161} INFO - Started process (PID=172) to work on /home/airflow/.local/lib/python3.8/site-packages/airflow/example_dags/example_local_kubernetes_executor.py
[2025-05-19T23:05:48.624+0000] {processor.py:830} INFO - Processing file /home/airflow/.local/lib/python3.8/site-packages/airflow/example_dags/example_local_kubernetes_executor.py for tasks to queue
[2025-05-19T23:05:48.632+0000] {logging_mixin.py:188} INFO - [2025-05-19T23:05:48.631+0000] {dagbag.py:540} INFO - Filling up the DagBag from /home/airflow/.local/lib/python3.8/site-packages/airflow/example_dags/example_local_kubernetes_executor.py
[2025-05-19T23:05:48.658+0000] {processor.py:840} INFO - DAG(s) 'example_local_kubernetes_executor' retrieved from /home/airflow/.local/lib/python3.8/site-packages/airflow/example_dags/example_local_kubernetes_executor.py
[2025-05-19T23:05:48.795+0000] {logging_mixin.py:188} INFO - [2025-05-19T23:05:48.795+0000] {dag.py:3047} INFO - Sync 1 DAGs
[2025-05-19T23:05:48.845+0000] {logging_mixin.py:188} INFO - [2025-05-19T23:05:48.844+0000] {dag.py:3834} INFO - Setting next_dagrun for example_local_kubernetes_executor to None, run_after=None
[2025-05-19T23:05:48.906+0000] {processor.py:183} INFO - Processing /home/airflow/.local/lib/python3.8/site-packages/airflow/example_dags/example_local_kubernetes_executor.py took 0.296 seconds
[2025-05-19T23:06:19.581+0000] {processor.py:161} INFO - Started process (PID=229) to work on /home/airflow/.local/lib/python3.8/site-packages/airflow/example_dags/example_local_kubernetes_executor.py
[2025-05-19T23:06:19.601+0000] {processor.py:830} INFO - Processing file /home/airflow/.local/lib/python3.8/site-packages/airflow/example_dags/example_local_kubernetes_executor.py for tasks to queue
[2025-05-19T23:06:19.617+0000] {logging_mixin.py:188} INFO - [2025-05-19T23:06:19.614+0000] {dagbag.py:540} INFO - Filling up the DagBag from /home/airflow/.local/lib/python3.8/site-packages/airflow/example_dags/example_local_kubernetes_executor.py
[2025-05-19T23:06:19.661+0000] {processor.py:840} INFO - DAG(s) 'example_local_kubernetes_executor' retrieved from /home/airflow/.local/lib/python3.8/site-packages/airflow/example_dags/example_local_kubernetes_executor.py
[2025-05-19T23:06:19.766+0000] {logging_mixin.py:188} INFO - [2025-05-19T23:06:19.766+0000] {dag.py:3047} INFO - Sync 1 DAGs
[2025-05-19T23:06:19.802+0000] {logging_mixin.py:188} INFO - [2025-05-19T23:06:19.802+0000] {dag.py:3834} INFO - Setting next_dagrun for example_local_kubernetes_executor to None, run_after=None
[2025-05-19T23:06:19.874+0000] {processor.py:183} INFO - Processing /home/airflow/.local/lib/python3.8/site-packages/airflow/example_dags/example_local_kubernetes_executor.py took 0.318 seconds
[2025-05-19T23:06:50.424+0000] {processor.py:161} INFO - Started process (PID=286) to work on /home/airflow/.local/lib/python3.8/site-packages/airflow/example_dags/example_local_kubernetes_executor.py
[2025-05-19T23:06:50.432+0000] {processor.py:830} INFO - Processing file /home/airflow/.local/lib/python3.8/site-packages/airflow/example_dags/example_local_kubernetes_executor.py for tasks to queue
[2025-05-19T23:06:50.445+0000] {logging_mixin.py:188} INFO - [2025-05-19T23:06:50.443+0000] {dagbag.py:540} INFO - Filling up the DagBag from /home/airflow/.local/lib/python3.8/site-packages/airflow/example_dags/example_local_kubernetes_executor.py
[2025-05-19T23:06:50.490+0000] {processor.py:840} INFO - DAG(s) 'example_local_kubernetes_executor' retrieved from /home/airflow/.local/lib/python3.8/site-packages/airflow/example_dags/example_local_kubernetes_executor.py
[2025-05-19T23:06:50.705+0000] {logging_mixin.py:188} INFO - [2025-05-19T23:06:50.703+0000] {dag.py:3047} INFO - Sync 1 DAGs
[2025-05-19T23:06:50.790+0000] {logging_mixin.py:188} INFO - [2025-05-19T23:06:50.789+0000] {dag.py:3834} INFO - Setting next_dagrun for example_local_kubernetes_executor to None, run_after=None
[2025-05-19T23:06:50.901+0000] {processor.py:183} INFO - Processing /home/airflow/.local/lib/python3.8/site-packages/airflow/example_dags/example_local_kubernetes_executor.py took 0.507 seconds
[2025-05-19T23:07:21.216+0000] {processor.py:161} INFO - Started process (PID=343) to work on /home/airflow/.local/lib/python3.8/site-packages/airflow/example_dags/example_local_kubernetes_executor.py
[2025-05-19T23:07:21.220+0000] {processor.py:830} INFO - Processing file /home/airflow/.local/lib/python3.8/site-packages/airflow/example_dags/example_local_kubernetes_executor.py for tasks to queue
[2025-05-19T23:07:21.231+0000] {logging_mixin.py:188} INFO - [2025-05-19T23:07:21.229+0000] {dagbag.py:540} INFO - Filling up the DagBag from /home/airflow/.local/lib/python3.8/site-packages/airflow/example_dags/example_local_kubernetes_executor.py
[2025-05-19T23:07:21.263+0000] {processor.py:840} INFO - DAG(s) 'example_local_kubernetes_executor' retrieved from /home/airflow/.local/lib/python3.8/site-packages/airflow/example_dags/example_local_kubernetes_executor.py
[2025-05-19T23:07:21.420+0000] {logging_mixin.py:188} INFO - [2025-05-19T23:07:21.419+0000] {dag.py:3047} INFO - Sync 1 DAGs
[2025-05-19T23:07:21.454+0000] {logging_mixin.py:188} INFO - [2025-05-19T23:07:21.453+0000] {dag.py:3834} INFO - Setting next_dagrun for example_local_kubernetes_executor to None, run_after=None
[2025-05-19T23:07:21.521+0000] {processor.py:183} INFO - Processing /home/airflow/.local/lib/python3.8/site-packages/airflow/example_dags/example_local_kubernetes_executor.py took 0.320 seconds
[2025-05-19T23:07:52.180+0000] {processor.py:161} INFO - Started process (PID=400) to work on /home/airflow/.local/lib/python3.8/site-packages/airflow/example_dags/example_local_kubernetes_executor.py
[2025-05-19T23:07:52.184+0000] {processor.py:830} INFO - Processing file /home/airflow/.local/lib/python3.8/site-packages/airflow/example_dags/example_local_kubernetes_executor.py for tasks to queue
[2025-05-19T23:07:52.188+0000] {logging_mixin.py:188} INFO - [2025-05-19T23:07:52.187+0000] {dagbag.py:540} INFO - Filling up the DagBag from /home/airflow/.local/lib/python3.8/site-packages/airflow/example_dags/example_local_kubernetes_executor.py
[2025-05-19T23:07:52.210+0000] {processor.py:840} INFO - DAG(s) 'example_local_kubernetes_executor' retrieved from /home/airflow/.local/lib/python3.8/site-packages/airflow/example_dags/example_local_kubernetes_executor.py
[2025-05-19T23:07:52.289+0000] {logging_mixin.py:188} INFO - [2025-05-19T23:07:52.288+0000] {dag.py:3047} INFO - Sync 1 DAGs
[2025-05-19T23:07:52.317+0000] {logging_mixin.py:188} INFO - [2025-05-19T23:07:52.316+0000] {dag.py:3834} INFO - Setting next_dagrun for example_local_kubernetes_executor to None, run_after=None
[2025-05-19T23:07:52.354+0000] {processor.py:183} INFO - Processing /home/airflow/.local/lib/python3.8/site-packages/airflow/example_dags/example_local_kubernetes_executor.py took 0.182 seconds
[2025-05-19T23:08:22.844+0000] {processor.py:161} INFO - Started process (PID=457) to work on /home/airflow/.local/lib/python3.8/site-packages/airflow/example_dags/example_local_kubernetes_executor.py
[2025-05-19T23:08:22.847+0000] {processor.py:830} INFO - Processing file /home/airflow/.local/lib/python3.8/site-packages/airflow/example_dags/example_local_kubernetes_executor.py for tasks to queue
[2025-05-19T23:08:22.853+0000] {logging_mixin.py:188} INFO - [2025-05-19T23:08:22.852+0000] {dagbag.py:540} INFO - Filling up the DagBag from /home/airflow/.local/lib/python3.8/site-packages/airflow/example_dags/example_local_kubernetes_executor.py
[2025-05-19T23:08:22.868+0000] {processor.py:840} INFO - DAG(s) 'example_local_kubernetes_executor' retrieved from /home/airflow/.local/lib/python3.8/site-packages/airflow/example_dags/example_local_kubernetes_executor.py
[2025-05-19T23:08:22.942+0000] {logging_mixin.py:188} INFO - [2025-05-19T23:08:22.941+0000] {dag.py:3047} INFO - Sync 1 DAGs
[2025-05-19T23:08:22.968+0000] {logging_mixin.py:188} INFO - [2025-05-19T23:08:22.967+0000] {dag.py:3834} INFO - Setting next_dagrun for example_local_kubernetes_executor to None, run_after=None
[2025-05-19T23:08:23.106+0000] {processor.py:183} INFO - Processing /home/airflow/.local/lib/python3.8/site-packages/airflow/example_dags/example_local_kubernetes_executor.py took 0.267 seconds
[2025-05-19T23:08:54.073+0000] {processor.py:161} INFO - Started process (PID=514) to work on /home/airflow/.local/lib/python3.8/site-packages/airflow/example_dags/example_local_kubernetes_executor.py
[2025-05-19T23:08:54.082+0000] {processor.py:830} INFO - Processing file /home/airflow/.local/lib/python3.8/site-packages/airflow/example_dags/example_local_kubernetes_executor.py for tasks to queue
[2025-05-19T23:08:54.098+0000] {logging_mixin.py:188} INFO - [2025-05-19T23:08:54.095+0000] {dagbag.py:540} INFO - Filling up the DagBag from /home/airflow/.local/lib/python3.8/site-packages/airflow/example_dags/example_local_kubernetes_executor.py
[2025-05-19T23:08:54.148+0000] {processor.py:840} INFO - DAG(s) 'example_local_kubernetes_executor' retrieved from /home/airflow/.local/lib/python3.8/site-packages/airflow/example_dags/example_local_kubernetes_executor.py
[2025-05-19T23:08:54.271+0000] {logging_mixin.py:188} INFO - [2025-05-19T23:08:54.271+0000] {dag.py:3047} INFO - Sync 1 DAGs
[2025-05-19T23:08:54.299+0000] {logging_mixin.py:188} INFO - [2025-05-19T23:08:54.299+0000] {dag.py:3834} INFO - Setting next_dagrun for example_local_kubernetes_executor to None, run_after=None
[2025-05-19T23:08:54.443+0000] {processor.py:183} INFO - Processing /home/airflow/.local/lib/python3.8/site-packages/airflow/example_dags/example_local_kubernetes_executor.py took 0.389 seconds
[2025-05-19T23:09:24.870+0000] {processor.py:161} INFO - Started process (PID=572) to work on /home/airflow/.local/lib/python3.8/site-packages/airflow/example_dags/example_local_kubernetes_executor.py
[2025-05-19T23:09:24.873+0000] {processor.py:830} INFO - Processing file /home/airflow/.local/lib/python3.8/site-packages/airflow/example_dags/example_local_kubernetes_executor.py for tasks to queue
[2025-05-19T23:09:24.878+0000] {logging_mixin.py:188} INFO - [2025-05-19T23:09:24.877+0000] {dagbag.py:540} INFO - Filling up the DagBag from /home/airflow/.local/lib/python3.8/site-packages/airflow/example_dags/example_local_kubernetes_executor.py
[2025-05-19T23:09:24.900+0000] {processor.py:840} INFO - DAG(s) 'example_local_kubernetes_executor' retrieved from /home/airflow/.local/lib/python3.8/site-packages/airflow/example_dags/example_local_kubernetes_executor.py
[2025-05-19T23:09:25.019+0000] {logging_mixin.py:188} INFO - [2025-05-19T23:09:25.018+0000] {dag.py:3047} INFO - Sync 1 DAGs
[2025-05-19T23:09:25.067+0000] {logging_mixin.py:188} INFO - [2025-05-19T23:09:25.067+0000] {dag.py:3834} INFO - Setting next_dagrun for example_local_kubernetes_executor to None, run_after=None
[2025-05-19T23:09:25.127+0000] {processor.py:183} INFO - Processing /home/airflow/.local/lib/python3.8/site-packages/airflow/example_dags/example_local_kubernetes_executor.py took 0.269 seconds
[2025-05-19T23:09:55.564+0000] {processor.py:161} INFO - Started process (PID=629) to work on /home/airflow/.local/lib/python3.8/site-packages/airflow/example_dags/example_local_kubernetes_executor.py
[2025-05-19T23:09:55.589+0000] {processor.py:830} INFO - Processing file /home/airflow/.local/lib/python3.8/site-packages/airflow/example_dags/example_local_kubernetes_executor.py for tasks to queue
[2025-05-19T23:09:55.595+0000] {logging_mixin.py:188} INFO - [2025-05-19T23:09:55.593+0000] {dagbag.py:540} INFO - Filling up the DagBag from /home/airflow/.local/lib/python3.8/site-packages/airflow/example_dags/example_local_kubernetes_executor.py
[2025-05-19T23:09:55.628+0000] {processor.py:840} INFO - DAG(s) 'example_local_kubernetes_executor' retrieved from /home/airflow/.local/lib/python3.8/site-packages/airflow/example_dags/example_local_kubernetes_executor.py
[2025-05-19T23:09:55.691+0000] {logging_mixin.py:188} INFO - [2025-05-19T23:09:55.690+0000] {dag.py:3047} INFO - Sync 1 DAGs
[2025-05-19T23:09:55.742+0000] {logging_mixin.py:188} INFO - [2025-05-19T23:09:55.741+0000] {dag.py:3834} INFO - Setting next_dagrun for example_local_kubernetes_executor to None, run_after=None
[2025-05-19T23:09:55.851+0000] {processor.py:183} INFO - Processing /home/airflow/.local/lib/python3.8/site-packages/airflow/example_dags/example_local_kubernetes_executor.py took 0.303 seconds
[2025-05-19T23:10:26.499+0000] {processor.py:161} INFO - Started process (PID=686) to work on /home/airflow/.local/lib/python3.8/site-packages/airflow/example_dags/example_local_kubernetes_executor.py
[2025-05-19T23:10:26.502+0000] {processor.py:830} INFO - Processing file /home/airflow/.local/lib/python3.8/site-packages/airflow/example_dags/example_local_kubernetes_executor.py for tasks to queue
[2025-05-19T23:10:26.508+0000] {logging_mixin.py:188} INFO - [2025-05-19T23:10:26.506+0000] {dagbag.py:540} INFO - Filling up the DagBag from /home/airflow/.local/lib/python3.8/site-packages/airflow/example_dags/example_local_kubernetes_executor.py
[2025-05-19T23:10:26.527+0000] {processor.py:840} INFO - DAG(s) 'example_local_kubernetes_executor' retrieved from /home/airflow/.local/lib/python3.8/site-packages/airflow/example_dags/example_local_kubernetes_executor.py
[2025-05-19T23:10:26.927+0000] {logging_mixin.py:188} INFO - [2025-05-19T23:10:26.926+0000] {dag.py:3047} INFO - Sync 1 DAGs
[2025-05-19T23:10:26.973+0000] {logging_mixin.py:188} INFO - [2025-05-19T23:10:26.972+0000] {dag.py:3834} INFO - Setting next_dagrun for example_local_kubernetes_executor to None, run_after=None
[2025-05-19T23:10:27.093+0000] {processor.py:183} INFO - Processing /home/airflow/.local/lib/python3.8/site-packages/airflow/example_dags/example_local_kubernetes_executor.py took 0.601 seconds
[2025-05-19T23:10:57.804+0000] {processor.py:161} INFO - Started process (PID=743) to work on /home/airflow/.local/lib/python3.8/site-packages/airflow/example_dags/example_local_kubernetes_executor.py
[2025-05-19T23:10:57.806+0000] {processor.py:830} INFO - Processing file /home/airflow/.local/lib/python3.8/site-packages/airflow/example_dags/example_local_kubernetes_executor.py for tasks to queue
[2025-05-19T23:10:57.810+0000] {logging_mixin.py:188} INFO - [2025-05-19T23:10:57.809+0000] {dagbag.py:540} INFO - Filling up the DagBag from /home/airflow/.local/lib/python3.8/site-packages/airflow/example_dags/example_local_kubernetes_executor.py
[2025-05-19T23:10:57.827+0000] {processor.py:840} INFO - DAG(s) 'example_local_kubernetes_executor' retrieved from /home/airflow/.local/lib/python3.8/site-packages/airflow/example_dags/example_local_kubernetes_executor.py
[2025-05-19T23:10:57.907+0000] {logging_mixin.py:188} INFO - [2025-05-19T23:10:57.907+0000] {dag.py:3047} INFO - Sync 1 DAGs
[2025-05-19T23:10:57.936+0000] {logging_mixin.py:188} INFO - [2025-05-19T23:10:57.935+0000] {dag.py:3834} INFO - Setting next_dagrun for example_local_kubernetes_executor to None, run_after=None
[2025-05-19T23:10:57.998+0000] {processor.py:183} INFO - Processing /home/airflow/.local/lib/python3.8/site-packages/airflow/example_dags/example_local_kubernetes_executor.py took 0.203 seconds
[2025-05-19T23:48:10.614+0000] {processor.py:161} INFO - Started process (PID=268) to work on /home/airflow/.local/lib/python3.8/site-packages/airflow/example_dags/example_local_kubernetes_executor.py
[2025-05-19T23:48:10.681+0000] {processor.py:830} INFO - Processing file /home/airflow/.local/lib/python3.8/site-packages/airflow/example_dags/example_local_kubernetes_executor.py for tasks to queue
[2025-05-19T23:48:10.722+0000] {logging_mixin.py:188} INFO - [2025-05-19T23:48:10.721+0000] {dagbag.py:540} INFO - Filling up the DagBag from /home/airflow/.local/lib/python3.8/site-packages/airflow/example_dags/example_local_kubernetes_executor.py
[2025-05-19T23:48:11.129+0000] {processor.py:840} INFO - DAG(s) 'example_local_kubernetes_executor' retrieved from /home/airflow/.local/lib/python3.8/site-packages/airflow/example_dags/example_local_kubernetes_executor.py
[2025-05-19T23:48:13.706+0000] {logging_mixin.py:188} INFO - [2025-05-19T23:48:13.706+0000] {dag.py:3047} INFO - Sync 1 DAGs
[2025-05-19T23:48:14.573+0000] {logging_mixin.py:188} INFO - [2025-05-19T23:48:14.571+0000] {dag.py:3834} INFO - Setting next_dagrun for example_local_kubernetes_executor to None, run_after=None
[2025-05-19T23:48:15.374+0000] {processor.py:183} INFO - Processing /home/airflow/.local/lib/python3.8/site-packages/airflow/example_dags/example_local_kubernetes_executor.py took 4.940 seconds
