[2025-05-19T23:05:05.802+0000] {processor.py:161} INFO - Started process (PID=77) to work on /home/airflow/.local/lib/python3.8/site-packages/airflow/example_dags/example_datasets.py
[2025-05-19T23:05:05.805+0000] {processor.py:830} INFO - Processing file /home/airflow/.local/lib/python3.8/site-packages/airflow/example_dags/example_datasets.py for tasks to queue
[2025-05-19T23:05:05.811+0000] {logging_mixin.py:188} INFO - [2025-05-19T23:05:05.810+0000] {dagbag.py:540} INFO - Filling up the DagBag from /home/airflow/.local/lib/python3.8/site-packages/airflow/example_dags/example_datasets.py
[2025-05-19T23:05:05.849+0000] {processor.py:840} INFO - DAG(s) 'dataset_produces_2', 'dataset_produces_1', 'dataset_consumes_unknown_never_scheduled', 'dataset_consumes_1_and_2', 'dataset_consumes_1_never_scheduled', 'dataset_consumes_1' retrieved from /home/airflow/.local/lib/python3.8/site-packages/airflow/example_dags/example_datasets.py
[2025-05-19T23:05:06.163+0000] {logging_mixin.py:188} INFO - [2025-05-19T23:05:06.162+0000] {override.py:1769} INFO - Created Permission View: can edit on DAG:dataset_produces_2
[2025-05-19T23:05:06.189+0000] {logging_mixin.py:188} INFO - [2025-05-19T23:05:06.189+0000] {override.py:1769} INFO - Created Permission View: can delete on DAG:dataset_produces_2
[2025-05-19T23:05:06.212+0000] {logging_mixin.py:188} INFO - [2025-05-19T23:05:06.211+0000] {override.py:1769} INFO - Created Permission View: can read on DAG:dataset_produces_2
[2025-05-19T23:05:06.253+0000] {logging_mixin.py:188} INFO - [2025-05-19T23:05:06.252+0000] {override.py:1769} INFO - Created Permission View: can edit on DAG:dataset_produces_1
[2025-05-19T23:05:06.282+0000] {logging_mixin.py:188} INFO - [2025-05-19T23:05:06.281+0000] {override.py:1769} INFO - Created Permission View: can delete on DAG:dataset_produces_1
[2025-05-19T23:05:06.310+0000] {logging_mixin.py:188} INFO - [2025-05-19T23:05:06.309+0000] {override.py:1769} INFO - Created Permission View: can read on DAG:dataset_produces_1
[2025-05-19T23:05:06.358+0000] {logging_mixin.py:188} INFO - [2025-05-19T23:05:06.357+0000] {override.py:1769} INFO - Created Permission View: can edit on DAG:dataset_consumes_unknown_never_scheduled
[2025-05-19T23:05:06.383+0000] {logging_mixin.py:188} INFO - [2025-05-19T23:05:06.382+0000] {override.py:1769} INFO - Created Permission View: can delete on DAG:dataset_consumes_unknown_never_scheduled
[2025-05-19T23:05:06.408+0000] {logging_mixin.py:188} INFO - [2025-05-19T23:05:06.408+0000] {override.py:1769} INFO - Created Permission View: can read on DAG:dataset_consumes_unknown_never_scheduled
[2025-05-19T23:05:06.454+0000] {logging_mixin.py:188} INFO - [2025-05-19T23:05:06.453+0000] {override.py:1769} INFO - Created Permission View: can edit on DAG:dataset_consumes_1_and_2
[2025-05-19T23:05:06.478+0000] {logging_mixin.py:188} INFO - [2025-05-19T23:05:06.477+0000] {override.py:1769} INFO - Created Permission View: can delete on DAG:dataset_consumes_1_and_2
[2025-05-19T23:05:06.499+0000] {logging_mixin.py:188} INFO - [2025-05-19T23:05:06.498+0000] {override.py:1769} INFO - Created Permission View: can read on DAG:dataset_consumes_1_and_2
[2025-05-19T23:05:06.546+0000] {logging_mixin.py:188} INFO - [2025-05-19T23:05:06.546+0000] {override.py:1769} INFO - Created Permission View: can edit on DAG:dataset_consumes_1_never_scheduled
[2025-05-19T23:05:06.575+0000] {logging_mixin.py:188} INFO - [2025-05-19T23:05:06.574+0000] {override.py:1769} INFO - Created Permission View: can delete on DAG:dataset_consumes_1_never_scheduled
[2025-05-19T23:05:06.599+0000] {logging_mixin.py:188} INFO - [2025-05-19T23:05:06.598+0000] {override.py:1769} INFO - Created Permission View: can read on DAG:dataset_consumes_1_never_scheduled
[2025-05-19T23:05:06.639+0000] {logging_mixin.py:188} INFO - [2025-05-19T23:05:06.639+0000] {override.py:1769} INFO - Created Permission View: can edit on DAG:dataset_consumes_1
[2025-05-19T23:05:06.662+0000] {logging_mixin.py:188} INFO - [2025-05-19T23:05:06.661+0000] {override.py:1769} INFO - Created Permission View: can delete on DAG:dataset_consumes_1
[2025-05-19T23:05:06.684+0000] {logging_mixin.py:188} INFO - [2025-05-19T23:05:06.683+0000] {override.py:1769} INFO - Created Permission View: can read on DAG:dataset_consumes_1
[2025-05-19T23:05:06.685+0000] {logging_mixin.py:188} INFO - [2025-05-19T23:05:06.685+0000] {dag.py:3047} INFO - Sync 6 DAGs
[2025-05-19T23:05:06.722+0000] {logging_mixin.py:188} INFO - [2025-05-19T23:05:06.722+0000] {dag.py:3069} INFO - Creating ORM DAG for dataset_produces_2
[2025-05-19T23:05:06.726+0000] {logging_mixin.py:188} INFO - [2025-05-19T23:05:06.725+0000] {dag.py:3069} INFO - Creating ORM DAG for dataset_consumes_1
[2025-05-19T23:05:06.729+0000] {logging_mixin.py:188} INFO - [2025-05-19T23:05:06.728+0000] {dag.py:3069} INFO - Creating ORM DAG for dataset_consumes_unknown_never_scheduled
[2025-05-19T23:05:06.732+0000] {logging_mixin.py:188} INFO - [2025-05-19T23:05:06.732+0000] {dag.py:3069} INFO - Creating ORM DAG for dataset_consumes_1_and_2
[2025-05-19T23:05:06.737+0000] {logging_mixin.py:188} INFO - [2025-05-19T23:05:06.736+0000] {dag.py:3069} INFO - Creating ORM DAG for dataset_consumes_1_never_scheduled
[2025-05-19T23:05:06.739+0000] {logging_mixin.py:188} INFO - [2025-05-19T23:05:06.739+0000] {dag.py:3069} INFO - Creating ORM DAG for dataset_produces_1
[2025-05-19T23:05:06.768+0000] {logging_mixin.py:188} INFO - [2025-05-19T23:05:06.767+0000] {dag.py:3834} INFO - Setting next_dagrun for dataset_consumes_1 to None, run_after=None
[2025-05-19T23:05:06.770+0000] {logging_mixin.py:188} INFO - [2025-05-19T23:05:06.770+0000] {dag.py:3834} INFO - Setting next_dagrun for dataset_consumes_1_and_2 to None, run_after=None
[2025-05-19T23:05:06.774+0000] {logging_mixin.py:188} INFO - [2025-05-19T23:05:06.773+0000] {dag.py:3834} INFO - Setting next_dagrun for dataset_consumes_1_never_scheduled to None, run_after=None
[2025-05-19T23:05:06.778+0000] {logging_mixin.py:188} INFO - [2025-05-19T23:05:06.778+0000] {dag.py:3834} INFO - Setting next_dagrun for dataset_consumes_unknown_never_scheduled to None, run_after=None
[2025-05-19T23:05:06.785+0000] {logging_mixin.py:188} INFO - [2025-05-19T23:05:06.784+0000] {dag.py:3834} INFO - Setting next_dagrun for dataset_produces_1 to 2025-05-18 00:00:00+00:00, run_after=2025-05-19 00:00:00+00:00
[2025-05-19T23:05:06.787+0000] {logging_mixin.py:188} INFO - [2025-05-19T23:05:06.787+0000] {dag.py:3834} INFO - Setting next_dagrun for dataset_produces_2 to None, run_after=None
[2025-05-19T23:05:06.944+0000] {processor.py:183} INFO - Processing /home/airflow/.local/lib/python3.8/site-packages/airflow/example_dags/example_datasets.py took 1.151 seconds
[2025-05-19T23:05:37.228+0000] {processor.py:161} INFO - Started process (PID=134) to work on /home/airflow/.local/lib/python3.8/site-packages/airflow/example_dags/example_datasets.py
[2025-05-19T23:05:37.232+0000] {processor.py:830} INFO - Processing file /home/airflow/.local/lib/python3.8/site-packages/airflow/example_dags/example_datasets.py for tasks to queue
[2025-05-19T23:05:37.240+0000] {logging_mixin.py:188} INFO - [2025-05-19T23:05:37.240+0000] {dagbag.py:540} INFO - Filling up the DagBag from /home/airflow/.local/lib/python3.8/site-packages/airflow/example_dags/example_datasets.py
[2025-05-19T23:05:37.270+0000] {processor.py:840} INFO - DAG(s) 'dataset_consumes_unknown_never_scheduled', 'dataset_consumes_1', 'dataset_produces_2', 'dataset_consumes_1_and_2', 'dataset_consumes_1_never_scheduled', 'dataset_produces_1' retrieved from /home/airflow/.local/lib/python3.8/site-packages/airflow/example_dags/example_datasets.py
[2025-05-19T23:05:37.429+0000] {logging_mixin.py:188} INFO - [2025-05-19T23:05:37.428+0000] {dag.py:3047} INFO - Sync 6 DAGs
[2025-05-19T23:05:37.511+0000] {logging_mixin.py:188} INFO - [2025-05-19T23:05:37.510+0000] {dag.py:3834} INFO - Setting next_dagrun for dataset_consumes_1 to None, run_after=None
[2025-05-19T23:05:37.522+0000] {logging_mixin.py:188} INFO - [2025-05-19T23:05:37.522+0000] {dag.py:3834} INFO - Setting next_dagrun for dataset_consumes_1_and_2 to None, run_after=None
[2025-05-19T23:05:37.527+0000] {logging_mixin.py:188} INFO - [2025-05-19T23:05:37.526+0000] {dag.py:3834} INFO - Setting next_dagrun for dataset_consumes_1_never_scheduled to None, run_after=None
[2025-05-19T23:05:37.531+0000] {logging_mixin.py:188} INFO - [2025-05-19T23:05:37.531+0000] {dag.py:3834} INFO - Setting next_dagrun for dataset_consumes_unknown_never_scheduled to None, run_after=None
[2025-05-19T23:05:37.544+0000] {logging_mixin.py:188} INFO - [2025-05-19T23:05:37.543+0000] {dag.py:3834} INFO - Setting next_dagrun for dataset_produces_1 to 2025-05-18 00:00:00+00:00, run_after=2025-05-19 00:00:00+00:00
[2025-05-19T23:05:37.549+0000] {logging_mixin.py:188} INFO - [2025-05-19T23:05:37.548+0000] {dag.py:3834} INFO - Setting next_dagrun for dataset_produces_2 to None, run_after=None
[2025-05-19T23:05:37.677+0000] {processor.py:183} INFO - Processing /home/airflow/.local/lib/python3.8/site-packages/airflow/example_dags/example_datasets.py took 0.460 seconds
[2025-05-19T23:06:07.818+0000] {processor.py:161} INFO - Started process (PID=190) to work on /home/airflow/.local/lib/python3.8/site-packages/airflow/example_dags/example_datasets.py
[2025-05-19T23:06:07.821+0000] {processor.py:830} INFO - Processing file /home/airflow/.local/lib/python3.8/site-packages/airflow/example_dags/example_datasets.py for tasks to queue
[2025-05-19T23:06:07.827+0000] {logging_mixin.py:188} INFO - [2025-05-19T23:06:07.826+0000] {dagbag.py:540} INFO - Filling up the DagBag from /home/airflow/.local/lib/python3.8/site-packages/airflow/example_dags/example_datasets.py
[2025-05-19T23:06:07.867+0000] {processor.py:840} INFO - DAG(s) 'dataset_consumes_unknown_never_scheduled', 'dataset_consumes_1_never_scheduled', 'dataset_produces_1', 'dataset_consumes_1_and_2', 'dataset_consumes_1', 'dataset_produces_2' retrieved from /home/airflow/.local/lib/python3.8/site-packages/airflow/example_dags/example_datasets.py
[2025-05-19T23:06:08.005+0000] {logging_mixin.py:188} INFO - [2025-05-19T23:06:08.003+0000] {dag.py:3047} INFO - Sync 6 DAGs
[2025-05-19T23:06:08.123+0000] {logging_mixin.py:188} INFO - [2025-05-19T23:06:08.122+0000] {dag.py:3834} INFO - Setting next_dagrun for dataset_consumes_1 to None, run_after=None
[2025-05-19T23:06:08.140+0000] {logging_mixin.py:188} INFO - [2025-05-19T23:06:08.139+0000] {dag.py:3834} INFO - Setting next_dagrun for dataset_consumes_1_and_2 to None, run_after=None
[2025-05-19T23:06:08.146+0000] {logging_mixin.py:188} INFO - [2025-05-19T23:06:08.145+0000] {dag.py:3834} INFO - Setting next_dagrun for dataset_consumes_1_never_scheduled to None, run_after=None
[2025-05-19T23:06:08.152+0000] {logging_mixin.py:188} INFO - [2025-05-19T23:06:08.151+0000] {dag.py:3834} INFO - Setting next_dagrun for dataset_consumes_unknown_never_scheduled to None, run_after=None
[2025-05-19T23:06:08.160+0000] {logging_mixin.py:188} INFO - [2025-05-19T23:06:08.160+0000] {dag.py:3834} INFO - Setting next_dagrun for dataset_produces_1 to 2025-05-18 00:00:00+00:00, run_after=2025-05-19 00:00:00+00:00
[2025-05-19T23:06:08.166+0000] {logging_mixin.py:188} INFO - [2025-05-19T23:06:08.165+0000] {dag.py:3834} INFO - Setting next_dagrun for dataset_produces_2 to None, run_after=None
[2025-05-19T23:06:08.315+0000] {processor.py:183} INFO - Processing /home/airflow/.local/lib/python3.8/site-packages/airflow/example_dags/example_datasets.py took 0.508 seconds
[2025-05-19T23:06:38.558+0000] {processor.py:161} INFO - Started process (PID=247) to work on /home/airflow/.local/lib/python3.8/site-packages/airflow/example_dags/example_datasets.py
[2025-05-19T23:06:38.561+0000] {processor.py:830} INFO - Processing file /home/airflow/.local/lib/python3.8/site-packages/airflow/example_dags/example_datasets.py for tasks to queue
[2025-05-19T23:06:38.566+0000] {logging_mixin.py:188} INFO - [2025-05-19T23:06:38.565+0000] {dagbag.py:540} INFO - Filling up the DagBag from /home/airflow/.local/lib/python3.8/site-packages/airflow/example_dags/example_datasets.py
[2025-05-19T23:06:38.605+0000] {processor.py:840} INFO - DAG(s) 'dataset_consumes_unknown_never_scheduled', 'dataset_produces_1', 'dataset_consumes_1_and_2', 'dataset_produces_2', 'dataset_consumes_1_never_scheduled', 'dataset_consumes_1' retrieved from /home/airflow/.local/lib/python3.8/site-packages/airflow/example_dags/example_datasets.py
[2025-05-19T23:06:38.742+0000] {logging_mixin.py:188} INFO - [2025-05-19T23:06:38.741+0000] {dag.py:3047} INFO - Sync 6 DAGs
[2025-05-19T23:06:38.849+0000] {logging_mixin.py:188} INFO - [2025-05-19T23:06:38.848+0000] {dag.py:3834} INFO - Setting next_dagrun for dataset_consumes_1 to None, run_after=None
[2025-05-19T23:06:38.858+0000] {logging_mixin.py:188} INFO - [2025-05-19T23:06:38.858+0000] {dag.py:3834} INFO - Setting next_dagrun for dataset_consumes_1_and_2 to None, run_after=None
[2025-05-19T23:06:38.862+0000] {logging_mixin.py:188} INFO - [2025-05-19T23:06:38.862+0000] {dag.py:3834} INFO - Setting next_dagrun for dataset_consumes_1_never_scheduled to None, run_after=None
[2025-05-19T23:06:38.869+0000] {logging_mixin.py:188} INFO - [2025-05-19T23:06:38.868+0000] {dag.py:3834} INFO - Setting next_dagrun for dataset_consumes_unknown_never_scheduled to None, run_after=None
[2025-05-19T23:06:38.879+0000] {logging_mixin.py:188} INFO - [2025-05-19T23:06:38.878+0000] {dag.py:3834} INFO - Setting next_dagrun for dataset_produces_1 to 2025-05-18 00:00:00+00:00, run_after=2025-05-19 00:00:00+00:00
[2025-05-19T23:06:38.886+0000] {logging_mixin.py:188} INFO - [2025-05-19T23:06:38.885+0000] {dag.py:3834} INFO - Setting next_dagrun for dataset_produces_2 to None, run_after=None
[2025-05-19T23:06:39.070+0000] {processor.py:183} INFO - Processing /home/airflow/.local/lib/python3.8/site-packages/airflow/example_dags/example_datasets.py took 0.521 seconds
[2025-05-19T23:07:09.527+0000] {processor.py:161} INFO - Started process (PID=304) to work on /home/airflow/.local/lib/python3.8/site-packages/airflow/example_dags/example_datasets.py
[2025-05-19T23:07:09.530+0000] {processor.py:830} INFO - Processing file /home/airflow/.local/lib/python3.8/site-packages/airflow/example_dags/example_datasets.py for tasks to queue
[2025-05-19T23:07:09.535+0000] {logging_mixin.py:188} INFO - [2025-05-19T23:07:09.534+0000] {dagbag.py:540} INFO - Filling up the DagBag from /home/airflow/.local/lib/python3.8/site-packages/airflow/example_dags/example_datasets.py
[2025-05-19T23:07:09.559+0000] {processor.py:840} INFO - DAG(s) 'dataset_produces_1', 'dataset_consumes_unknown_never_scheduled', 'dataset_produces_2', 'dataset_consumes_1_and_2', 'dataset_consumes_1', 'dataset_consumes_1_never_scheduled' retrieved from /home/airflow/.local/lib/python3.8/site-packages/airflow/example_dags/example_datasets.py
[2025-05-19T23:07:09.639+0000] {logging_mixin.py:188} INFO - [2025-05-19T23:07:09.639+0000] {dag.py:3047} INFO - Sync 6 DAGs
[2025-05-19T23:07:09.686+0000] {logging_mixin.py:188} INFO - [2025-05-19T23:07:09.686+0000] {dag.py:3834} INFO - Setting next_dagrun for dataset_consumes_1 to None, run_after=None
[2025-05-19T23:07:09.694+0000] {logging_mixin.py:188} INFO - [2025-05-19T23:07:09.694+0000] {dag.py:3834} INFO - Setting next_dagrun for dataset_consumes_1_and_2 to None, run_after=None
[2025-05-19T23:07:09.698+0000] {logging_mixin.py:188} INFO - [2025-05-19T23:07:09.698+0000] {dag.py:3834} INFO - Setting next_dagrun for dataset_consumes_1_never_scheduled to None, run_after=None
[2025-05-19T23:07:09.702+0000] {logging_mixin.py:188} INFO - [2025-05-19T23:07:09.701+0000] {dag.py:3834} INFO - Setting next_dagrun for dataset_consumes_unknown_never_scheduled to None, run_after=None
[2025-05-19T23:07:09.708+0000] {logging_mixin.py:188} INFO - [2025-05-19T23:07:09.708+0000] {dag.py:3834} INFO - Setting next_dagrun for dataset_produces_1 to 2025-05-18 00:00:00+00:00, run_after=2025-05-19 00:00:00+00:00
[2025-05-19T23:07:09.712+0000] {logging_mixin.py:188} INFO - [2025-05-19T23:07:09.711+0000] {dag.py:3834} INFO - Setting next_dagrun for dataset_produces_2 to None, run_after=None
[2025-05-19T23:07:09.896+0000] {processor.py:183} INFO - Processing /home/airflow/.local/lib/python3.8/site-packages/airflow/example_dags/example_datasets.py took 0.378 seconds
[2025-05-19T23:07:40.286+0000] {processor.py:161} INFO - Started process (PID=361) to work on /home/airflow/.local/lib/python3.8/site-packages/airflow/example_dags/example_datasets.py
[2025-05-19T23:07:40.296+0000] {processor.py:830} INFO - Processing file /home/airflow/.local/lib/python3.8/site-packages/airflow/example_dags/example_datasets.py for tasks to queue
[2025-05-19T23:07:40.314+0000] {logging_mixin.py:188} INFO - [2025-05-19T23:07:40.311+0000] {dagbag.py:540} INFO - Filling up the DagBag from /home/airflow/.local/lib/python3.8/site-packages/airflow/example_dags/example_datasets.py
[2025-05-19T23:07:40.388+0000] {processor.py:840} INFO - DAG(s) 'dataset_produces_1', 'dataset_consumes_1', 'dataset_consumes_unknown_never_scheduled', 'dataset_consumes_1_and_2', 'dataset_produces_2', 'dataset_consumes_1_never_scheduled' retrieved from /home/airflow/.local/lib/python3.8/site-packages/airflow/example_dags/example_datasets.py
[2025-05-19T23:07:40.615+0000] {logging_mixin.py:188} INFO - [2025-05-19T23:07:40.614+0000] {dag.py:3047} INFO - Sync 6 DAGs
[2025-05-19T23:07:40.764+0000] {logging_mixin.py:188} INFO - [2025-05-19T23:07:40.762+0000] {dag.py:3834} INFO - Setting next_dagrun for dataset_consumes_1 to None, run_after=None
[2025-05-19T23:07:40.787+0000] {logging_mixin.py:188} INFO - [2025-05-19T23:07:40.785+0000] {dag.py:3834} INFO - Setting next_dagrun for dataset_consumes_1_and_2 to None, run_after=None
[2025-05-19T23:07:40.799+0000] {logging_mixin.py:188} INFO - [2025-05-19T23:07:40.798+0000] {dag.py:3834} INFO - Setting next_dagrun for dataset_consumes_1_never_scheduled to None, run_after=None
[2025-05-19T23:07:40.812+0000] {logging_mixin.py:188} INFO - [2025-05-19T23:07:40.811+0000] {dag.py:3834} INFO - Setting next_dagrun for dataset_consumes_unknown_never_scheduled to None, run_after=None
[2025-05-19T23:07:40.838+0000] {logging_mixin.py:188} INFO - [2025-05-19T23:07:40.837+0000] {dag.py:3834} INFO - Setting next_dagrun for dataset_produces_1 to 2025-05-18 00:00:00+00:00, run_after=2025-05-19 00:00:00+00:00
[2025-05-19T23:07:40.855+0000] {logging_mixin.py:188} INFO - [2025-05-19T23:07:40.853+0000] {dag.py:3834} INFO - Setting next_dagrun for dataset_produces_2 to None, run_after=None
[2025-05-19T23:07:40.995+0000] {processor.py:183} INFO - Processing /home/airflow/.local/lib/python3.8/site-packages/airflow/example_dags/example_datasets.py took 0.734 seconds
[2025-05-19T23:08:11.542+0000] {processor.py:161} INFO - Started process (PID=418) to work on /home/airflow/.local/lib/python3.8/site-packages/airflow/example_dags/example_datasets.py
[2025-05-19T23:08:11.545+0000] {processor.py:830} INFO - Processing file /home/airflow/.local/lib/python3.8/site-packages/airflow/example_dags/example_datasets.py for tasks to queue
[2025-05-19T23:08:11.552+0000] {logging_mixin.py:188} INFO - [2025-05-19T23:08:11.551+0000] {dagbag.py:540} INFO - Filling up the DagBag from /home/airflow/.local/lib/python3.8/site-packages/airflow/example_dags/example_datasets.py
[2025-05-19T23:08:11.586+0000] {processor.py:840} INFO - DAG(s) 'dataset_consumes_1_and_2', 'dataset_consumes_unknown_never_scheduled', 'dataset_consumes_1_never_scheduled', 'dataset_consumes_1', 'dataset_produces_1', 'dataset_produces_2' retrieved from /home/airflow/.local/lib/python3.8/site-packages/airflow/example_dags/example_datasets.py
[2025-05-19T23:08:11.685+0000] {logging_mixin.py:188} INFO - [2025-05-19T23:08:11.684+0000] {dag.py:3047} INFO - Sync 6 DAGs
[2025-05-19T23:08:11.751+0000] {logging_mixin.py:188} INFO - [2025-05-19T23:08:11.751+0000] {dag.py:3834} INFO - Setting next_dagrun for dataset_consumes_1 to None, run_after=None
[2025-05-19T23:08:11.759+0000] {logging_mixin.py:188} INFO - [2025-05-19T23:08:11.758+0000] {dag.py:3834} INFO - Setting next_dagrun for dataset_consumes_1_and_2 to None, run_after=None
[2025-05-19T23:08:11.762+0000] {logging_mixin.py:188} INFO - [2025-05-19T23:08:11.762+0000] {dag.py:3834} INFO - Setting next_dagrun for dataset_consumes_1_never_scheduled to None, run_after=None
[2025-05-19T23:08:11.766+0000] {logging_mixin.py:188} INFO - [2025-05-19T23:08:11.765+0000] {dag.py:3834} INFO - Setting next_dagrun for dataset_consumes_unknown_never_scheduled to None, run_after=None
[2025-05-19T23:08:11.775+0000] {logging_mixin.py:188} INFO - [2025-05-19T23:08:11.774+0000] {dag.py:3834} INFO - Setting next_dagrun for dataset_produces_1 to 2025-05-18 00:00:00+00:00, run_after=2025-05-19 00:00:00+00:00
[2025-05-19T23:08:11.778+0000] {logging_mixin.py:188} INFO - [2025-05-19T23:08:11.778+0000] {dag.py:3834} INFO - Setting next_dagrun for dataset_produces_2 to None, run_after=None
[2025-05-19T23:08:11.887+0000] {processor.py:183} INFO - Processing /home/airflow/.local/lib/python3.8/site-packages/airflow/example_dags/example_datasets.py took 0.362 seconds
[2025-05-19T23:08:42.127+0000] {processor.py:161} INFO - Started process (PID=475) to work on /home/airflow/.local/lib/python3.8/site-packages/airflow/example_dags/example_datasets.py
[2025-05-19T23:08:42.130+0000] {processor.py:830} INFO - Processing file /home/airflow/.local/lib/python3.8/site-packages/airflow/example_dags/example_datasets.py for tasks to queue
[2025-05-19T23:08:42.143+0000] {logging_mixin.py:188} INFO - [2025-05-19T23:08:42.142+0000] {dagbag.py:540} INFO - Filling up the DagBag from /home/airflow/.local/lib/python3.8/site-packages/airflow/example_dags/example_datasets.py
[2025-05-19T23:08:42.184+0000] {processor.py:840} INFO - DAG(s) 'dataset_consumes_1_never_scheduled', 'dataset_consumes_1', 'dataset_consumes_1_and_2', 'dataset_produces_1', 'dataset_produces_2', 'dataset_consumes_unknown_never_scheduled' retrieved from /home/airflow/.local/lib/python3.8/site-packages/airflow/example_dags/example_datasets.py
[2025-05-19T23:08:42.338+0000] {logging_mixin.py:188} INFO - [2025-05-19T23:08:42.338+0000] {dag.py:3047} INFO - Sync 6 DAGs
[2025-05-19T23:08:42.397+0000] {logging_mixin.py:188} INFO - [2025-05-19T23:08:42.397+0000] {dag.py:3834} INFO - Setting next_dagrun for dataset_consumes_1 to None, run_after=None
[2025-05-19T23:08:42.406+0000] {logging_mixin.py:188} INFO - [2025-05-19T23:08:42.405+0000] {dag.py:3834} INFO - Setting next_dagrun for dataset_consumes_1_and_2 to None, run_after=None
[2025-05-19T23:08:42.411+0000] {logging_mixin.py:188} INFO - [2025-05-19T23:08:42.410+0000] {dag.py:3834} INFO - Setting next_dagrun for dataset_consumes_1_never_scheduled to None, run_after=None
[2025-05-19T23:08:42.415+0000] {logging_mixin.py:188} INFO - [2025-05-19T23:08:42.415+0000] {dag.py:3834} INFO - Setting next_dagrun for dataset_consumes_unknown_never_scheduled to None, run_after=None
[2025-05-19T23:08:42.426+0000] {logging_mixin.py:188} INFO - [2025-05-19T23:08:42.426+0000] {dag.py:3834} INFO - Setting next_dagrun for dataset_produces_1 to 2025-05-18 00:00:00+00:00, run_after=2025-05-19 00:00:00+00:00
[2025-05-19T23:08:42.430+0000] {logging_mixin.py:188} INFO - [2025-05-19T23:08:42.430+0000] {dag.py:3834} INFO - Setting next_dagrun for dataset_produces_2 to None, run_after=None
[2025-05-19T23:08:42.543+0000] {processor.py:183} INFO - Processing /home/airflow/.local/lib/python3.8/site-packages/airflow/example_dags/example_datasets.py took 0.429 seconds
[2025-05-19T23:09:13.602+0000] {processor.py:161} INFO - Started process (PID=532) to work on /home/airflow/.local/lib/python3.8/site-packages/airflow/example_dags/example_datasets.py
[2025-05-19T23:09:13.605+0000] {processor.py:830} INFO - Processing file /home/airflow/.local/lib/python3.8/site-packages/airflow/example_dags/example_datasets.py for tasks to queue
[2025-05-19T23:09:13.609+0000] {logging_mixin.py:188} INFO - [2025-05-19T23:09:13.609+0000] {dagbag.py:540} INFO - Filling up the DagBag from /home/airflow/.local/lib/python3.8/site-packages/airflow/example_dags/example_datasets.py
[2025-05-19T23:09:13.650+0000] {processor.py:840} INFO - DAG(s) 'dataset_produces_2', 'dataset_consumes_1_and_2', 'dataset_produces_1', 'dataset_consumes_1_never_scheduled', 'dataset_consumes_unknown_never_scheduled', 'dataset_consumes_1' retrieved from /home/airflow/.local/lib/python3.8/site-packages/airflow/example_dags/example_datasets.py
[2025-05-19T23:09:13.768+0000] {logging_mixin.py:188} INFO - [2025-05-19T23:09:13.767+0000] {dag.py:3047} INFO - Sync 6 DAGs
[2025-05-19T23:09:13.816+0000] {logging_mixin.py:188} INFO - [2025-05-19T23:09:13.816+0000] {dag.py:3834} INFO - Setting next_dagrun for dataset_consumes_1 to None, run_after=None
[2025-05-19T23:09:13.823+0000] {logging_mixin.py:188} INFO - [2025-05-19T23:09:13.823+0000] {dag.py:3834} INFO - Setting next_dagrun for dataset_consumes_1_and_2 to None, run_after=None
[2025-05-19T23:09:13.830+0000] {logging_mixin.py:188} INFO - [2025-05-19T23:09:13.829+0000] {dag.py:3834} INFO - Setting next_dagrun for dataset_consumes_1_never_scheduled to None, run_after=None
[2025-05-19T23:09:13.833+0000] {logging_mixin.py:188} INFO - [2025-05-19T23:09:13.832+0000] {dag.py:3834} INFO - Setting next_dagrun for dataset_consumes_unknown_never_scheduled to None, run_after=None
[2025-05-19T23:09:13.840+0000] {logging_mixin.py:188} INFO - [2025-05-19T23:09:13.839+0000] {dag.py:3834} INFO - Setting next_dagrun for dataset_produces_1 to 2025-05-18 00:00:00+00:00, run_after=2025-05-19 00:00:00+00:00
[2025-05-19T23:09:13.844+0000] {logging_mixin.py:188} INFO - [2025-05-19T23:09:13.843+0000] {dag.py:3834} INFO - Setting next_dagrun for dataset_produces_2 to None, run_after=None
[2025-05-19T23:09:13.971+0000] {processor.py:183} INFO - Processing /home/airflow/.local/lib/python3.8/site-packages/airflow/example_dags/example_datasets.py took 0.379 seconds
[2025-05-19T23:09:44.550+0000] {processor.py:161} INFO - Started process (PID=590) to work on /home/airflow/.local/lib/python3.8/site-packages/airflow/example_dags/example_datasets.py
[2025-05-19T23:09:44.568+0000] {processor.py:830} INFO - Processing file /home/airflow/.local/lib/python3.8/site-packages/airflow/example_dags/example_datasets.py for tasks to queue
[2025-05-19T23:09:44.576+0000] {logging_mixin.py:188} INFO - [2025-05-19T23:09:44.574+0000] {dagbag.py:540} INFO - Filling up the DagBag from /home/airflow/.local/lib/python3.8/site-packages/airflow/example_dags/example_datasets.py
[2025-05-19T23:09:44.686+0000] {processor.py:840} INFO - DAG(s) 'dataset_produces_1', 'dataset_consumes_1_never_scheduled', 'dataset_consumes_1', 'dataset_consumes_unknown_never_scheduled', 'dataset_consumes_1_and_2', 'dataset_produces_2' retrieved from /home/airflow/.local/lib/python3.8/site-packages/airflow/example_dags/example_datasets.py
[2025-05-19T23:09:44.838+0000] {logging_mixin.py:188} INFO - [2025-05-19T23:09:44.837+0000] {dag.py:3047} INFO - Sync 6 DAGs
[2025-05-19T23:09:44.951+0000] {logging_mixin.py:188} INFO - [2025-05-19T23:09:44.950+0000] {dag.py:3834} INFO - Setting next_dagrun for dataset_consumes_1 to None, run_after=None
[2025-05-19T23:09:44.968+0000] {logging_mixin.py:188} INFO - [2025-05-19T23:09:44.966+0000] {dag.py:3834} INFO - Setting next_dagrun for dataset_consumes_1_and_2 to None, run_after=None
[2025-05-19T23:09:44.975+0000] {logging_mixin.py:188} INFO - [2025-05-19T23:09:44.974+0000] {dag.py:3834} INFO - Setting next_dagrun for dataset_consumes_1_never_scheduled to None, run_after=None
[2025-05-19T23:09:44.980+0000] {logging_mixin.py:188} INFO - [2025-05-19T23:09:44.979+0000] {dag.py:3834} INFO - Setting next_dagrun for dataset_consumes_unknown_never_scheduled to None, run_after=None
[2025-05-19T23:09:44.994+0000] {logging_mixin.py:188} INFO - [2025-05-19T23:09:44.993+0000] {dag.py:3834} INFO - Setting next_dagrun for dataset_produces_1 to 2025-05-18 00:00:00+00:00, run_after=2025-05-19 00:00:00+00:00
[2025-05-19T23:09:45.007+0000] {logging_mixin.py:188} INFO - [2025-05-19T23:09:45.006+0000] {dag.py:3834} INFO - Setting next_dagrun for dataset_produces_2 to None, run_after=None
[2025-05-19T23:09:45.135+0000] {processor.py:183} INFO - Processing /home/airflow/.local/lib/python3.8/site-packages/airflow/example_dags/example_datasets.py took 0.594 seconds
[2025-05-19T23:10:15.323+0000] {processor.py:161} INFO - Started process (PID=647) to work on /home/airflow/.local/lib/python3.8/site-packages/airflow/example_dags/example_datasets.py
[2025-05-19T23:10:15.326+0000] {processor.py:830} INFO - Processing file /home/airflow/.local/lib/python3.8/site-packages/airflow/example_dags/example_datasets.py for tasks to queue
[2025-05-19T23:10:15.331+0000] {logging_mixin.py:188} INFO - [2025-05-19T23:10:15.330+0000] {dagbag.py:540} INFO - Filling up the DagBag from /home/airflow/.local/lib/python3.8/site-packages/airflow/example_dags/example_datasets.py
[2025-05-19T23:10:15.354+0000] {processor.py:840} INFO - DAG(s) 'dataset_produces_1', 'dataset_produces_2', 'dataset_consumes_1_and_2', 'dataset_consumes_1_never_scheduled', 'dataset_consumes_1', 'dataset_consumes_unknown_never_scheduled' retrieved from /home/airflow/.local/lib/python3.8/site-packages/airflow/example_dags/example_datasets.py
[2025-05-19T23:10:15.391+0000] {logging_mixin.py:188} INFO - [2025-05-19T23:10:15.390+0000] {dag.py:3047} INFO - Sync 6 DAGs
[2025-05-19T23:10:15.450+0000] {logging_mixin.py:188} INFO - [2025-05-19T23:10:15.450+0000] {dag.py:3834} INFO - Setting next_dagrun for dataset_consumes_1 to None, run_after=None
[2025-05-19T23:10:15.457+0000] {logging_mixin.py:188} INFO - [2025-05-19T23:10:15.457+0000] {dag.py:3834} INFO - Setting next_dagrun for dataset_consumes_1_and_2 to None, run_after=None
[2025-05-19T23:10:15.461+0000] {logging_mixin.py:188} INFO - [2025-05-19T23:10:15.460+0000] {dag.py:3834} INFO - Setting next_dagrun for dataset_consumes_1_never_scheduled to None, run_after=None
[2025-05-19T23:10:15.466+0000] {logging_mixin.py:188} INFO - [2025-05-19T23:10:15.466+0000] {dag.py:3834} INFO - Setting next_dagrun for dataset_consumes_unknown_never_scheduled to None, run_after=None
[2025-05-19T23:10:15.472+0000] {logging_mixin.py:188} INFO - [2025-05-19T23:10:15.472+0000] {dag.py:3834} INFO - Setting next_dagrun for dataset_produces_1 to 2025-05-18 00:00:00+00:00, run_after=2025-05-19 00:00:00+00:00
[2025-05-19T23:10:15.475+0000] {logging_mixin.py:188} INFO - [2025-05-19T23:10:15.475+0000] {dag.py:3834} INFO - Setting next_dagrun for dataset_produces_2 to None, run_after=None
[2025-05-19T23:10:15.548+0000] {processor.py:183} INFO - Processing /home/airflow/.local/lib/python3.8/site-packages/airflow/example_dags/example_datasets.py took 0.234 seconds
[2025-05-19T23:10:46.235+0000] {processor.py:161} INFO - Started process (PID=704) to work on /home/airflow/.local/lib/python3.8/site-packages/airflow/example_dags/example_datasets.py
[2025-05-19T23:10:46.238+0000] {processor.py:830} INFO - Processing file /home/airflow/.local/lib/python3.8/site-packages/airflow/example_dags/example_datasets.py for tasks to queue
[2025-05-19T23:10:46.244+0000] {logging_mixin.py:188} INFO - [2025-05-19T23:10:46.243+0000] {dagbag.py:540} INFO - Filling up the DagBag from /home/airflow/.local/lib/python3.8/site-packages/airflow/example_dags/example_datasets.py
[2025-05-19T23:10:46.277+0000] {processor.py:840} INFO - DAG(s) 'dataset_consumes_1_and_2', 'dataset_consumes_1_never_scheduled', 'dataset_produces_2', 'dataset_produces_1', 'dataset_consumes_unknown_never_scheduled', 'dataset_consumes_1' retrieved from /home/airflow/.local/lib/python3.8/site-packages/airflow/example_dags/example_datasets.py
[2025-05-19T23:10:46.719+0000] {logging_mixin.py:188} INFO - [2025-05-19T23:10:46.718+0000] {dag.py:3047} INFO - Sync 6 DAGs
[2025-05-19T23:10:46.791+0000] {logging_mixin.py:188} INFO - [2025-05-19T23:10:46.789+0000] {dag.py:3834} INFO - Setting next_dagrun for dataset_consumes_1 to None, run_after=None
[2025-05-19T23:10:46.804+0000] {logging_mixin.py:188} INFO - [2025-05-19T23:10:46.804+0000] {dag.py:3834} INFO - Setting next_dagrun for dataset_consumes_1_and_2 to None, run_after=None
[2025-05-19T23:10:46.810+0000] {logging_mixin.py:188} INFO - [2025-05-19T23:10:46.810+0000] {dag.py:3834} INFO - Setting next_dagrun for dataset_consumes_1_never_scheduled to None, run_after=None
[2025-05-19T23:10:46.815+0000] {logging_mixin.py:188} INFO - [2025-05-19T23:10:46.815+0000] {dag.py:3834} INFO - Setting next_dagrun for dataset_consumes_unknown_never_scheduled to None, run_after=None
[2025-05-19T23:10:46.825+0000] {logging_mixin.py:188} INFO - [2025-05-19T23:10:46.825+0000] {dag.py:3834} INFO - Setting next_dagrun for dataset_produces_1 to 2025-05-18 00:00:00+00:00, run_after=2025-05-19 00:00:00+00:00
[2025-05-19T23:10:46.830+0000] {logging_mixin.py:188} INFO - [2025-05-19T23:10:46.830+0000] {dag.py:3834} INFO - Setting next_dagrun for dataset_produces_2 to None, run_after=None
[2025-05-19T23:10:46.944+0000] {processor.py:183} INFO - Processing /home/airflow/.local/lib/python3.8/site-packages/airflow/example_dags/example_datasets.py took 0.941 seconds
[2025-05-19T23:13:31.058+0000] {processor.py:161} INFO - Started process (PID=762) to work on /home/airflow/.local/lib/python3.8/site-packages/airflow/example_dags/example_datasets.py
[2025-05-19T23:13:31.075+0000] {processor.py:830} INFO - Processing file /home/airflow/.local/lib/python3.8/site-packages/airflow/example_dags/example_datasets.py for tasks to queue
[2025-05-19T23:13:31.095+0000] {logging_mixin.py:188} INFO - [2025-05-19T23:13:31.094+0000] {dagbag.py:540} INFO - Filling up the DagBag from /home/airflow/.local/lib/python3.8/site-packages/airflow/example_dags/example_datasets.py
[2025-05-19T23:13:31.375+0000] {processor.py:840} INFO - DAG(s) 'dataset_consumes_1_never_scheduled', 'dataset_produces_1', 'dataset_consumes_1', 'dataset_produces_2', 'dataset_consumes_unknown_never_scheduled', 'dataset_consumes_1_and_2' retrieved from /home/airflow/.local/lib/python3.8/site-packages/airflow/example_dags/example_datasets.py
[2025-05-19T23:13:41.190+0000] {logging_mixin.py:188} INFO - [2025-05-19T23:13:41.189+0000] {dag.py:3047} INFO - Sync 6 DAGs
[2025-05-19T23:13:43.815+0000] {logging_mixin.py:188} INFO - [2025-05-19T23:13:43.814+0000] {dag.py:3834} INFO - Setting next_dagrun for dataset_consumes_1 to None, run_after=None
[2025-05-19T23:13:44.066+0000] {logging_mixin.py:188} INFO - [2025-05-19T23:13:44.065+0000] {dag.py:3834} INFO - Setting next_dagrun for dataset_consumes_1_and_2 to None, run_after=None
[2025-05-19T23:13:44.086+0000] {logging_mixin.py:188} INFO - [2025-05-19T23:13:44.085+0000] {dag.py:3834} INFO - Setting next_dagrun for dataset_consumes_1_never_scheduled to None, run_after=None
[2025-05-19T23:13:44.091+0000] {logging_mixin.py:188} INFO - [2025-05-19T23:13:44.091+0000] {dag.py:3834} INFO - Setting next_dagrun for dataset_consumes_unknown_never_scheduled to None, run_after=None
[2025-05-19T23:13:44.338+0000] {logging_mixin.py:188} INFO - [2025-05-19T23:13:44.326+0000] {dag.py:3834} INFO - Setting next_dagrun for dataset_produces_1 to 2025-05-18 00:00:00+00:00, run_after=2025-05-19 00:00:00+00:00
[2025-05-19T23:13:44.359+0000] {logging_mixin.py:188} INFO - [2025-05-19T23:13:44.350+0000] {dag.py:3834} INFO - Setting next_dagrun for dataset_produces_2 to None, run_after=None
[2025-05-19T23:13:45.709+0000] {processor.py:183} INFO - Processing /home/airflow/.local/lib/python3.8/site-packages/airflow/example_dags/example_datasets.py took 14.866 seconds
[2025-05-19T23:45:56.093+0000] {processor.py:161} INFO - Started process (PID=214) to work on /home/airflow/.local/lib/python3.8/site-packages/airflow/example_dags/example_datasets.py
[2025-05-19T23:45:56.113+0000] {processor.py:830} INFO - Processing file /home/airflow/.local/lib/python3.8/site-packages/airflow/example_dags/example_datasets.py for tasks to queue
[2025-05-19T23:45:56.130+0000] {logging_mixin.py:188} INFO - [2025-05-19T23:45:56.121+0000] {dagbag.py:540} INFO - Filling up the DagBag from /home/airflow/.local/lib/python3.8/site-packages/airflow/example_dags/example_datasets.py
[2025-05-19T23:45:56.325+0000] {processor.py:840} INFO - DAG(s) 'dataset_produces_1', 'dataset_consumes_1', 'dataset_produces_2', 'dataset_consumes_1_never_scheduled', 'dataset_consumes_unknown_never_scheduled', 'dataset_consumes_1_and_2' retrieved from /home/airflow/.local/lib/python3.8/site-packages/airflow/example_dags/example_datasets.py
[2025-05-19T23:45:58.951+0000] {logging_mixin.py:188} INFO - [2025-05-19T23:45:58.950+0000] {dag.py:3047} INFO - Sync 6 DAGs
[2025-05-19T23:45:59.235+0000] {logging_mixin.py:188} INFO - [2025-05-19T23:45:59.234+0000] {dag.py:3834} INFO - Setting next_dagrun for dataset_consumes_1 to None, run_after=None
[2025-05-19T23:45:59.390+0000] {logging_mixin.py:188} INFO - [2025-05-19T23:45:59.389+0000] {dag.py:3834} INFO - Setting next_dagrun for dataset_consumes_1_and_2 to None, run_after=None
[2025-05-19T23:45:59.406+0000] {logging_mixin.py:188} INFO - [2025-05-19T23:45:59.406+0000] {dag.py:3834} INFO - Setting next_dagrun for dataset_consumes_1_never_scheduled to None, run_after=None
[2025-05-19T23:45:59.424+0000] {logging_mixin.py:188} INFO - [2025-05-19T23:45:59.423+0000] {dag.py:3834} INFO - Setting next_dagrun for dataset_consumes_unknown_never_scheduled to None, run_after=None
[2025-05-19T23:45:59.461+0000] {logging_mixin.py:188} INFO - [2025-05-19T23:45:59.449+0000] {dag.py:3834} INFO - Setting next_dagrun for dataset_produces_1 to 2025-05-18 00:00:00+00:00, run_after=2025-05-19 00:00:00+00:00
[2025-05-19T23:45:59.466+0000] {logging_mixin.py:188} INFO - [2025-05-19T23:45:59.465+0000] {dag.py:3834} INFO - Setting next_dagrun for dataset_produces_2 to None, run_after=None
[2025-05-19T23:46:01.105+0000] {processor.py:183} INFO - Processing /home/airflow/.local/lib/python3.8/site-packages/airflow/example_dags/example_datasets.py took 5.212 seconds
