[2025-05-19T23:05:20.030+0000] {processor.py:161} INFO - Started process (PID=123) to work on /home/airflow/.local/lib/python3.8/site-packages/airflow/example_dags/example_branch_operator.py
[2025-05-19T23:05:20.032+0000] {processor.py:830} INFO - Processing file /home/airflow/.local/lib/python3.8/site-packages/airflow/example_dags/example_branch_operator.py for tasks to queue
[2025-05-19T23:05:20.036+0000] {logging_mixin.py:188} INFO - [2025-05-19T23:05:20.036+0000] {dagbag.py:540} INFO - Filling up the DagBag from /home/airflow/.local/lib/python3.8/site-packages/airflow/example_dags/example_branch_operator.py
[2025-05-19T23:05:20.074+0000] {processor.py:840} INFO - DAG(s) 'example_branch_operator' retrieved from /home/airflow/.local/lib/python3.8/site-packages/airflow/example_dags/example_branch_operator.py
[2025-05-19T23:05:20.501+0000] {logging_mixin.py:188} INFO - [2025-05-19T23:05:20.498+0000] {override.py:1769} INFO - Created Permission View: can edit on DAG:example_branch_operator
[2025-05-19T23:05:20.574+0000] {logging_mixin.py:188} INFO - [2025-05-19T23:05:20.573+0000] {override.py:1769} INFO - Created Permission View: can delete on DAG:example_branch_operator
[2025-05-19T23:05:20.601+0000] {logging_mixin.py:188} INFO - [2025-05-19T23:05:20.600+0000] {override.py:1769} INFO - Created Permission View: can read on DAG:example_branch_operator
[2025-05-19T23:05:20.603+0000] {logging_mixin.py:188} INFO - [2025-05-19T23:05:20.602+0000] {dag.py:3047} INFO - Sync 1 DAGs
[2025-05-19T23:05:20.648+0000] {logging_mixin.py:188} INFO - [2025-05-19T23:05:20.647+0000] {dag.py:3069} INFO - Creating ORM DAG for example_branch_operator
[2025-05-19T23:05:20.687+0000] {logging_mixin.py:188} INFO - [2025-05-19T23:05:20.686+0000] {dag.py:3834} INFO - Setting next_dagrun for example_branch_operator to 2025-05-18 00:00:00+00:00, run_after=2025-05-19 00:00:00+00:00
[2025-05-19T23:05:20.742+0000] {processor.py:183} INFO - Processing /home/airflow/.local/lib/python3.8/site-packages/airflow/example_dags/example_branch_operator.py took 0.720 seconds
[2025-05-19T23:05:51.697+0000] {processor.py:161} INFO - Started process (PID=180) to work on /home/airflow/.local/lib/python3.8/site-packages/airflow/example_dags/example_branch_operator.py
[2025-05-19T23:05:51.701+0000] {processor.py:830} INFO - Processing file /home/airflow/.local/lib/python3.8/site-packages/airflow/example_dags/example_branch_operator.py for tasks to queue
[2025-05-19T23:05:51.708+0000] {logging_mixin.py:188} INFO - [2025-05-19T23:05:51.707+0000] {dagbag.py:540} INFO - Filling up the DagBag from /home/airflow/.local/lib/python3.8/site-packages/airflow/example_dags/example_branch_operator.py
[2025-05-19T23:05:51.789+0000] {processor.py:840} INFO - DAG(s) 'example_branch_operator' retrieved from /home/airflow/.local/lib/python3.8/site-packages/airflow/example_dags/example_branch_operator.py
[2025-05-19T23:05:51.885+0000] {logging_mixin.py:188} INFO - [2025-05-19T23:05:51.885+0000] {dag.py:3047} INFO - Sync 1 DAGs
[2025-05-19T23:05:51.942+0000] {logging_mixin.py:188} INFO - [2025-05-19T23:05:51.942+0000] {dag.py:3834} INFO - Setting next_dagrun for example_branch_operator to 2025-05-18 00:00:00+00:00, run_after=2025-05-19 00:00:00+00:00
[2025-05-19T23:05:51.994+0000] {processor.py:183} INFO - Processing /home/airflow/.local/lib/python3.8/site-packages/airflow/example_dags/example_branch_operator.py took 0.305 seconds
[2025-05-19T23:06:22.490+0000] {processor.py:161} INFO - Started process (PID=237) to work on /home/airflow/.local/lib/python3.8/site-packages/airflow/example_dags/example_branch_operator.py
[2025-05-19T23:06:22.494+0000] {processor.py:830} INFO - Processing file /home/airflow/.local/lib/python3.8/site-packages/airflow/example_dags/example_branch_operator.py for tasks to queue
[2025-05-19T23:06:22.500+0000] {logging_mixin.py:188} INFO - [2025-05-19T23:06:22.498+0000] {dagbag.py:540} INFO - Filling up the DagBag from /home/airflow/.local/lib/python3.8/site-packages/airflow/example_dags/example_branch_operator.py
[2025-05-19T23:06:22.574+0000] {processor.py:840} INFO - DAG(s) 'example_branch_operator' retrieved from /home/airflow/.local/lib/python3.8/site-packages/airflow/example_dags/example_branch_operator.py
[2025-05-19T23:06:22.702+0000] {logging_mixin.py:188} INFO - [2025-05-19T23:06:22.701+0000] {dag.py:3047} INFO - Sync 1 DAGs
[2025-05-19T23:06:22.790+0000] {logging_mixin.py:188} INFO - [2025-05-19T23:06:22.789+0000] {dag.py:3834} INFO - Setting next_dagrun for example_branch_operator to 2025-05-18 00:00:00+00:00, run_after=2025-05-19 00:00:00+00:00
[2025-05-19T23:06:22.904+0000] {processor.py:183} INFO - Processing /home/airflow/.local/lib/python3.8/site-packages/airflow/example_dags/example_branch_operator.py took 0.424 seconds
[2025-05-19T23:06:53.261+0000] {processor.py:161} INFO - Started process (PID=294) to work on /home/airflow/.local/lib/python3.8/site-packages/airflow/example_dags/example_branch_operator.py
[2025-05-19T23:06:53.263+0000] {processor.py:830} INFO - Processing file /home/airflow/.local/lib/python3.8/site-packages/airflow/example_dags/example_branch_operator.py for tasks to queue
[2025-05-19T23:06:53.269+0000] {logging_mixin.py:188} INFO - [2025-05-19T23:06:53.268+0000] {dagbag.py:540} INFO - Filling up the DagBag from /home/airflow/.local/lib/python3.8/site-packages/airflow/example_dags/example_branch_operator.py
[2025-05-19T23:06:53.324+0000] {processor.py:840} INFO - DAG(s) 'example_branch_operator' retrieved from /home/airflow/.local/lib/python3.8/site-packages/airflow/example_dags/example_branch_operator.py
[2025-05-19T23:06:53.418+0000] {logging_mixin.py:188} INFO - [2025-05-19T23:06:53.418+0000] {dag.py:3047} INFO - Sync 1 DAGs
[2025-05-19T23:06:53.494+0000] {logging_mixin.py:188} INFO - [2025-05-19T23:06:53.494+0000] {dag.py:3834} INFO - Setting next_dagrun for example_branch_operator to 2025-05-18 00:00:00+00:00, run_after=2025-05-19 00:00:00+00:00
[2025-05-19T23:06:53.555+0000] {processor.py:183} INFO - Processing /home/airflow/.local/lib/python3.8/site-packages/airflow/example_dags/example_branch_operator.py took 0.303 seconds
[2025-05-19T23:07:23.861+0000] {processor.py:161} INFO - Started process (PID=351) to work on /home/airflow/.local/lib/python3.8/site-packages/airflow/example_dags/example_branch_operator.py
[2025-05-19T23:07:23.865+0000] {processor.py:830} INFO - Processing file /home/airflow/.local/lib/python3.8/site-packages/airflow/example_dags/example_branch_operator.py for tasks to queue
[2025-05-19T23:07:23.870+0000] {logging_mixin.py:188} INFO - [2025-05-19T23:07:23.869+0000] {dagbag.py:540} INFO - Filling up the DagBag from /home/airflow/.local/lib/python3.8/site-packages/airflow/example_dags/example_branch_operator.py
[2025-05-19T23:07:23.925+0000] {processor.py:840} INFO - DAG(s) 'example_branch_operator' retrieved from /home/airflow/.local/lib/python3.8/site-packages/airflow/example_dags/example_branch_operator.py
[2025-05-19T23:07:24.008+0000] {logging_mixin.py:188} INFO - [2025-05-19T23:07:24.008+0000] {dag.py:3047} INFO - Sync 1 DAGs
[2025-05-19T23:07:24.063+0000] {logging_mixin.py:188} INFO - [2025-05-19T23:07:24.062+0000] {dag.py:3834} INFO - Setting next_dagrun for example_branch_operator to 2025-05-18 00:00:00+00:00, run_after=2025-05-19 00:00:00+00:00
[2025-05-19T23:07:24.115+0000] {processor.py:183} INFO - Processing /home/airflow/.local/lib/python3.8/site-packages/airflow/example_dags/example_branch_operator.py took 0.284 seconds
[2025-05-19T23:07:54.484+0000] {processor.py:161} INFO - Started process (PID=408) to work on /home/airflow/.local/lib/python3.8/site-packages/airflow/example_dags/example_branch_operator.py
[2025-05-19T23:07:54.489+0000] {processor.py:830} INFO - Processing file /home/airflow/.local/lib/python3.8/site-packages/airflow/example_dags/example_branch_operator.py for tasks to queue
[2025-05-19T23:07:54.501+0000] {logging_mixin.py:188} INFO - [2025-05-19T23:07:54.499+0000] {dagbag.py:540} INFO - Filling up the DagBag from /home/airflow/.local/lib/python3.8/site-packages/airflow/example_dags/example_branch_operator.py
[2025-05-19T23:07:54.598+0000] {processor.py:840} INFO - DAG(s) 'example_branch_operator' retrieved from /home/airflow/.local/lib/python3.8/site-packages/airflow/example_dags/example_branch_operator.py
[2025-05-19T23:07:54.655+0000] {logging_mixin.py:188} INFO - [2025-05-19T23:07:54.654+0000] {dag.py:3047} INFO - Sync 1 DAGs
[2025-05-19T23:07:54.753+0000] {logging_mixin.py:188} INFO - [2025-05-19T23:07:54.752+0000] {dag.py:3834} INFO - Setting next_dagrun for example_branch_operator to 2025-05-18 00:00:00+00:00, run_after=2025-05-19 00:00:00+00:00
[2025-05-19T23:07:54.917+0000] {processor.py:183} INFO - Processing /home/airflow/.local/lib/python3.8/site-packages/airflow/example_dags/example_branch_operator.py took 0.457 seconds
[2025-05-19T23:08:25.663+0000] {processor.py:161} INFO - Started process (PID=465) to work on /home/airflow/.local/lib/python3.8/site-packages/airflow/example_dags/example_branch_operator.py
[2025-05-19T23:08:25.681+0000] {processor.py:830} INFO - Processing file /home/airflow/.local/lib/python3.8/site-packages/airflow/example_dags/example_branch_operator.py for tasks to queue
[2025-05-19T23:08:25.698+0000] {logging_mixin.py:188} INFO - [2025-05-19T23:08:25.696+0000] {dagbag.py:540} INFO - Filling up the DagBag from /home/airflow/.local/lib/python3.8/site-packages/airflow/example_dags/example_branch_operator.py
[2025-05-19T23:08:25.819+0000] {processor.py:840} INFO - DAG(s) 'example_branch_operator' retrieved from /home/airflow/.local/lib/python3.8/site-packages/airflow/example_dags/example_branch_operator.py
[2025-05-19T23:08:26.021+0000] {logging_mixin.py:188} INFO - [2025-05-19T23:08:26.019+0000] {dag.py:3047} INFO - Sync 1 DAGs
[2025-05-19T23:08:26.150+0000] {logging_mixin.py:188} INFO - [2025-05-19T23:08:26.149+0000] {dag.py:3834} INFO - Setting next_dagrun for example_branch_operator to 2025-05-18 00:00:00+00:00, run_after=2025-05-19 00:00:00+00:00
[2025-05-19T23:08:26.208+0000] {processor.py:183} INFO - Processing /home/airflow/.local/lib/python3.8/site-packages/airflow/example_dags/example_branch_operator.py took 0.562 seconds
[2025-05-19T23:08:57.038+0000] {processor.py:161} INFO - Started process (PID=522) to work on /home/airflow/.local/lib/python3.8/site-packages/airflow/example_dags/example_branch_operator.py
[2025-05-19T23:08:57.043+0000] {processor.py:830} INFO - Processing file /home/airflow/.local/lib/python3.8/site-packages/airflow/example_dags/example_branch_operator.py for tasks to queue
[2025-05-19T23:08:57.048+0000] {logging_mixin.py:188} INFO - [2025-05-19T23:08:57.047+0000] {dagbag.py:540} INFO - Filling up the DagBag from /home/airflow/.local/lib/python3.8/site-packages/airflow/example_dags/example_branch_operator.py
[2025-05-19T23:08:57.112+0000] {processor.py:840} INFO - DAG(s) 'example_branch_operator' retrieved from /home/airflow/.local/lib/python3.8/site-packages/airflow/example_dags/example_branch_operator.py
[2025-05-19T23:08:57.184+0000] {logging_mixin.py:188} INFO - [2025-05-19T23:08:57.183+0000] {dag.py:3047} INFO - Sync 1 DAGs
[2025-05-19T23:08:57.239+0000] {logging_mixin.py:188} INFO - [2025-05-19T23:08:57.238+0000] {dag.py:3834} INFO - Setting next_dagrun for example_branch_operator to 2025-05-18 00:00:00+00:00, run_after=2025-05-19 00:00:00+00:00
[2025-05-19T23:08:57.288+0000] {processor.py:183} INFO - Processing /home/airflow/.local/lib/python3.8/site-packages/airflow/example_dags/example_branch_operator.py took 0.263 seconds
[2025-05-19T23:09:27.437+0000] {processor.py:161} INFO - Started process (PID=580) to work on /home/airflow/.local/lib/python3.8/site-packages/airflow/example_dags/example_branch_operator.py
[2025-05-19T23:09:27.440+0000] {processor.py:830} INFO - Processing file /home/airflow/.local/lib/python3.8/site-packages/airflow/example_dags/example_branch_operator.py for tasks to queue
[2025-05-19T23:09:27.447+0000] {logging_mixin.py:188} INFO - [2025-05-19T23:09:27.446+0000] {dagbag.py:540} INFO - Filling up the DagBag from /home/airflow/.local/lib/python3.8/site-packages/airflow/example_dags/example_branch_operator.py
[2025-05-19T23:09:27.501+0000] {processor.py:840} INFO - DAG(s) 'example_branch_operator' retrieved from /home/airflow/.local/lib/python3.8/site-packages/airflow/example_dags/example_branch_operator.py
[2025-05-19T23:09:27.596+0000] {logging_mixin.py:188} INFO - [2025-05-19T23:09:27.596+0000] {dag.py:3047} INFO - Sync 1 DAGs
[2025-05-19T23:09:27.703+0000] {logging_mixin.py:188} INFO - [2025-05-19T23:09:27.702+0000] {dag.py:3834} INFO - Setting next_dagrun for example_branch_operator to 2025-05-18 00:00:00+00:00, run_after=2025-05-19 00:00:00+00:00
[2025-05-19T23:09:27.782+0000] {processor.py:183} INFO - Processing /home/airflow/.local/lib/python3.8/site-packages/airflow/example_dags/example_branch_operator.py took 0.355 seconds
[2025-05-19T23:09:58.446+0000] {processor.py:161} INFO - Started process (PID=637) to work on /home/airflow/.local/lib/python3.8/site-packages/airflow/example_dags/example_branch_operator.py
[2025-05-19T23:09:58.450+0000] {processor.py:830} INFO - Processing file /home/airflow/.local/lib/python3.8/site-packages/airflow/example_dags/example_branch_operator.py for tasks to queue
[2025-05-19T23:09:58.456+0000] {logging_mixin.py:188} INFO - [2025-05-19T23:09:58.455+0000] {dagbag.py:540} INFO - Filling up the DagBag from /home/airflow/.local/lib/python3.8/site-packages/airflow/example_dags/example_branch_operator.py
[2025-05-19T23:09:58.509+0000] {processor.py:840} INFO - DAG(s) 'example_branch_operator' retrieved from /home/airflow/.local/lib/python3.8/site-packages/airflow/example_dags/example_branch_operator.py
[2025-05-19T23:09:58.540+0000] {logging_mixin.py:188} INFO - [2025-05-19T23:09:58.540+0000] {dag.py:3047} INFO - Sync 1 DAGs
[2025-05-19T23:09:58.607+0000] {logging_mixin.py:188} INFO - [2025-05-19T23:09:58.607+0000] {dag.py:3834} INFO - Setting next_dagrun for example_branch_operator to 2025-05-18 00:00:00+00:00, run_after=2025-05-19 00:00:00+00:00
[2025-05-19T23:09:58.658+0000] {processor.py:183} INFO - Processing /home/airflow/.local/lib/python3.8/site-packages/airflow/example_dags/example_branch_operator.py took 0.223 seconds
[2025-05-19T23:10:29.211+0000] {processor.py:161} INFO - Started process (PID=694) to work on /home/airflow/.local/lib/python3.8/site-packages/airflow/example_dags/example_branch_operator.py
[2025-05-19T23:10:29.216+0000] {processor.py:830} INFO - Processing file /home/airflow/.local/lib/python3.8/site-packages/airflow/example_dags/example_branch_operator.py for tasks to queue
[2025-05-19T23:10:29.226+0000] {logging_mixin.py:188} INFO - [2025-05-19T23:10:29.225+0000] {dagbag.py:540} INFO - Filling up the DagBag from /home/airflow/.local/lib/python3.8/site-packages/airflow/example_dags/example_branch_operator.py
[2025-05-19T23:10:29.313+0000] {processor.py:840} INFO - DAG(s) 'example_branch_operator' retrieved from /home/airflow/.local/lib/python3.8/site-packages/airflow/example_dags/example_branch_operator.py
[2025-05-19T23:10:29.684+0000] {logging_mixin.py:188} INFO - [2025-05-19T23:10:29.683+0000] {dag.py:3047} INFO - Sync 1 DAGs
[2025-05-19T23:10:29.769+0000] {logging_mixin.py:188} INFO - [2025-05-19T23:10:29.769+0000] {dag.py:3834} INFO - Setting next_dagrun for example_branch_operator to 2025-05-18 00:00:00+00:00, run_after=2025-05-19 00:00:00+00:00
[2025-05-19T23:10:29.831+0000] {processor.py:183} INFO - Processing /home/airflow/.local/lib/python3.8/site-packages/airflow/example_dags/example_branch_operator.py took 0.633 seconds
[2025-05-19T23:11:00.057+0000] {processor.py:161} INFO - Started process (PID=753) to work on /home/airflow/.local/lib/python3.8/site-packages/airflow/example_dags/example_branch_operator.py
[2025-05-19T23:11:00.061+0000] {processor.py:830} INFO - Processing file /home/airflow/.local/lib/python3.8/site-packages/airflow/example_dags/example_branch_operator.py for tasks to queue
[2025-05-19T23:11:00.069+0000] {logging_mixin.py:188} INFO - [2025-05-19T23:11:00.068+0000] {dagbag.py:540} INFO - Filling up the DagBag from /home/airflow/.local/lib/python3.8/site-packages/airflow/example_dags/example_branch_operator.py
[2025-05-19T23:11:00.116+0000] {processor.py:840} INFO - DAG(s) 'example_branch_operator' retrieved from /home/airflow/.local/lib/python3.8/site-packages/airflow/example_dags/example_branch_operator.py
[2025-05-19T23:11:00.204+0000] {logging_mixin.py:188} INFO - [2025-05-19T23:11:00.203+0000] {dag.py:3047} INFO - Sync 1 DAGs
[2025-05-19T23:11:00.274+0000] {logging_mixin.py:188} INFO - [2025-05-19T23:11:00.273+0000] {dag.py:3834} INFO - Setting next_dagrun for example_branch_operator to 2025-05-18 00:00:00+00:00, run_after=2025-05-19 00:00:00+00:00
[2025-05-19T23:11:00.321+0000] {processor.py:183} INFO - Processing /home/airflow/.local/lib/python3.8/site-packages/airflow/example_dags/example_branch_operator.py took 0.274 seconds
[2025-05-19T23:48:28.534+0000] {processor.py:161} INFO - Started process (PID=276) to work on /home/airflow/.local/lib/python3.8/site-packages/airflow/example_dags/example_branch_operator.py
[2025-05-19T23:48:28.544+0000] {processor.py:830} INFO - Processing file /home/airflow/.local/lib/python3.8/site-packages/airflow/example_dags/example_branch_operator.py for tasks to queue
[2025-05-19T23:48:28.572+0000] {logging_mixin.py:188} INFO - [2025-05-19T23:48:28.564+0000] {dagbag.py:540} INFO - Filling up the DagBag from /home/airflow/.local/lib/python3.8/site-packages/airflow/example_dags/example_branch_operator.py
[2025-05-19T23:48:28.780+0000] {processor.py:840} INFO - DAG(s) 'example_branch_operator' retrieved from /home/airflow/.local/lib/python3.8/site-packages/airflow/example_dags/example_branch_operator.py
[2025-05-19T23:48:30.406+0000] {logging_mixin.py:188} INFO - [2025-05-19T23:48:30.405+0000] {dag.py:3047} INFO - Sync 1 DAGs
[2025-05-19T23:48:30.635+0000] {logging_mixin.py:188} INFO - [2025-05-19T23:48:30.634+0000] {dag.py:3834} INFO - Setting next_dagrun for example_branch_operator to 2025-05-18 00:00:00+00:00, run_after=2025-05-19 00:00:00+00:00
[2025-05-19T23:48:30.844+0000] {processor.py:183} INFO - Processing /home/airflow/.local/lib/python3.8/site-packages/airflow/example_dags/example_branch_operator.py took 2.400 seconds
