[2025-05-19T23:05:11.902+0000] {processor.py:161} INFO - Started process (PID=93) to work on /home/airflow/.local/lib/python3.8/site-packages/airflow/example_dags/example_time_delta_sensor_async.py
[2025-05-19T23:05:11.907+0000] {processor.py:830} INFO - Processing file /home/airflow/.local/lib/python3.8/site-packages/airflow/example_dags/example_time_delta_sensor_async.py for tasks to queue
[2025-05-19T23:05:11.916+0000] {logging_mixin.py:188} INFO - [2025-05-19T23:05:11.915+0000] {dagbag.py:540} INFO - Filling up the DagBag from /home/airflow/.local/lib/python3.8/site-packages/airflow/example_dags/example_time_delta_sensor_async.py
[2025-05-19T23:05:11.944+0000] {processor.py:840} INFO - DAG(s) 'example_time_delta_sensor_async' retrieved from /home/airflow/.local/lib/python3.8/site-packages/airflow/example_dags/example_time_delta_sensor_async.py
[2025-05-19T23:05:12.229+0000] {logging_mixin.py:188} INFO - [2025-05-19T23:05:12.228+0000] {override.py:1769} INFO - Created Permission View: can edit on DAG:example_time_delta_sensor_async
[2025-05-19T23:05:12.251+0000] {logging_mixin.py:188} INFO - [2025-05-19T23:05:12.250+0000] {override.py:1769} INFO - Created Permission View: can delete on DAG:example_time_delta_sensor_async
[2025-05-19T23:05:12.267+0000] {logging_mixin.py:188} INFO - [2025-05-19T23:05:12.266+0000] {override.py:1769} INFO - Created Permission View: can read on DAG:example_time_delta_sensor_async
[2025-05-19T23:05:12.268+0000] {logging_mixin.py:188} INFO - [2025-05-19T23:05:12.268+0000] {dag.py:3047} INFO - Sync 1 DAGs
[2025-05-19T23:05:12.303+0000] {logging_mixin.py:188} INFO - [2025-05-19T23:05:12.302+0000] {dag.py:3069} INFO - Creating ORM DAG for example_time_delta_sensor_async
[2025-05-19T23:05:12.305+0000] {logging_mixin.py:188} INFO - [2025-05-19T23:05:12.305+0000] {dag.py:3834} INFO - Setting next_dagrun for example_time_delta_sensor_async to None, run_after=None
[2025-05-19T23:05:12.354+0000] {processor.py:183} INFO - Processing /home/airflow/.local/lib/python3.8/site-packages/airflow/example_dags/example_time_delta_sensor_async.py took 0.465 seconds
[2025-05-19T23:05:43.007+0000] {processor.py:161} INFO - Started process (PID=150) to work on /home/airflow/.local/lib/python3.8/site-packages/airflow/example_dags/example_time_delta_sensor_async.py
[2025-05-19T23:05:43.012+0000] {processor.py:830} INFO - Processing file /home/airflow/.local/lib/python3.8/site-packages/airflow/example_dags/example_time_delta_sensor_async.py for tasks to queue
[2025-05-19T23:05:43.021+0000] {logging_mixin.py:188} INFO - [2025-05-19T23:05:43.020+0000] {dagbag.py:540} INFO - Filling up the DagBag from /home/airflow/.local/lib/python3.8/site-packages/airflow/example_dags/example_time_delta_sensor_async.py
[2025-05-19T23:05:43.046+0000] {processor.py:840} INFO - DAG(s) 'example_time_delta_sensor_async' retrieved from /home/airflow/.local/lib/python3.8/site-packages/airflow/example_dags/example_time_delta_sensor_async.py
[2025-05-19T23:05:43.178+0000] {logging_mixin.py:188} INFO - [2025-05-19T23:05:43.177+0000] {dag.py:3047} INFO - Sync 1 DAGs
[2025-05-19T23:05:43.243+0000] {logging_mixin.py:188} INFO - [2025-05-19T23:05:43.243+0000] {dag.py:3834} INFO - Setting next_dagrun for example_time_delta_sensor_async to None, run_after=None
[2025-05-19T23:05:43.303+0000] {processor.py:183} INFO - Processing /home/airflow/.local/lib/python3.8/site-packages/airflow/example_dags/example_time_delta_sensor_async.py took 0.321 seconds
[2025-05-19T23:06:13.424+0000] {processor.py:161} INFO - Started process (PID=207) to work on /home/airflow/.local/lib/python3.8/site-packages/airflow/example_dags/example_time_delta_sensor_async.py
[2025-05-19T23:06:13.428+0000] {processor.py:830} INFO - Processing file /home/airflow/.local/lib/python3.8/site-packages/airflow/example_dags/example_time_delta_sensor_async.py for tasks to queue
[2025-05-19T23:06:13.439+0000] {logging_mixin.py:188} INFO - [2025-05-19T23:06:13.437+0000] {dagbag.py:540} INFO - Filling up the DagBag from /home/airflow/.local/lib/python3.8/site-packages/airflow/example_dags/example_time_delta_sensor_async.py
[2025-05-19T23:06:13.459+0000] {processor.py:840} INFO - DAG(s) 'example_time_delta_sensor_async' retrieved from /home/airflow/.local/lib/python3.8/site-packages/airflow/example_dags/example_time_delta_sensor_async.py
[2025-05-19T23:06:13.544+0000] {logging_mixin.py:188} INFO - [2025-05-19T23:06:13.543+0000] {dag.py:3047} INFO - Sync 1 DAGs
[2025-05-19T23:06:13.585+0000] {logging_mixin.py:188} INFO - [2025-05-19T23:06:13.584+0000] {dag.py:3834} INFO - Setting next_dagrun for example_time_delta_sensor_async to None, run_after=None
[2025-05-19T23:06:13.761+0000] {processor.py:183} INFO - Processing /home/airflow/.local/lib/python3.8/site-packages/airflow/example_dags/example_time_delta_sensor_async.py took 0.349 seconds
[2025-05-19T23:06:44.498+0000] {processor.py:161} INFO - Started process (PID=264) to work on /home/airflow/.local/lib/python3.8/site-packages/airflow/example_dags/example_time_delta_sensor_async.py
[2025-05-19T23:06:44.502+0000] {processor.py:830} INFO - Processing file /home/airflow/.local/lib/python3.8/site-packages/airflow/example_dags/example_time_delta_sensor_async.py for tasks to queue
[2025-05-19T23:06:44.510+0000] {logging_mixin.py:188} INFO - [2025-05-19T23:06:44.508+0000] {dagbag.py:540} INFO - Filling up the DagBag from /home/airflow/.local/lib/python3.8/site-packages/airflow/example_dags/example_time_delta_sensor_async.py
[2025-05-19T23:06:44.525+0000] {processor.py:840} INFO - DAG(s) 'example_time_delta_sensor_async' retrieved from /home/airflow/.local/lib/python3.8/site-packages/airflow/example_dags/example_time_delta_sensor_async.py
[2025-05-19T23:06:44.600+0000] {logging_mixin.py:188} INFO - [2025-05-19T23:06:44.600+0000] {dag.py:3047} INFO - Sync 1 DAGs
[2025-05-19T23:06:44.648+0000] {logging_mixin.py:188} INFO - [2025-05-19T23:06:44.647+0000] {dag.py:3834} INFO - Setting next_dagrun for example_time_delta_sensor_async to None, run_after=None
[2025-05-19T23:06:44.765+0000] {processor.py:183} INFO - Processing /home/airflow/.local/lib/python3.8/site-packages/airflow/example_dags/example_time_delta_sensor_async.py took 0.282 seconds
[2025-05-19T23:07:14.939+0000] {processor.py:161} INFO - Started process (PID=321) to work on /home/airflow/.local/lib/python3.8/site-packages/airflow/example_dags/example_time_delta_sensor_async.py
[2025-05-19T23:07:14.942+0000] {processor.py:830} INFO - Processing file /home/airflow/.local/lib/python3.8/site-packages/airflow/example_dags/example_time_delta_sensor_async.py for tasks to queue
[2025-05-19T23:07:14.949+0000] {logging_mixin.py:188} INFO - [2025-05-19T23:07:14.947+0000] {dagbag.py:540} INFO - Filling up the DagBag from /home/airflow/.local/lib/python3.8/site-packages/airflow/example_dags/example_time_delta_sensor_async.py
[2025-05-19T23:07:14.964+0000] {processor.py:840} INFO - DAG(s) 'example_time_delta_sensor_async' retrieved from /home/airflow/.local/lib/python3.8/site-packages/airflow/example_dags/example_time_delta_sensor_async.py
[2025-05-19T23:07:15.016+0000] {logging_mixin.py:188} INFO - [2025-05-19T23:07:15.016+0000] {dag.py:3047} INFO - Sync 1 DAGs
[2025-05-19T23:07:15.051+0000] {logging_mixin.py:188} INFO - [2025-05-19T23:07:15.050+0000] {dag.py:3834} INFO - Setting next_dagrun for example_time_delta_sensor_async to None, run_after=None
[2025-05-19T23:07:15.186+0000] {processor.py:183} INFO - Processing /home/airflow/.local/lib/python3.8/site-packages/airflow/example_dags/example_time_delta_sensor_async.py took 0.258 seconds
[2025-05-19T23:07:46.128+0000] {processor.py:161} INFO - Started process (PID=378) to work on /home/airflow/.local/lib/python3.8/site-packages/airflow/example_dags/example_time_delta_sensor_async.py
[2025-05-19T23:07:46.135+0000] {processor.py:830} INFO - Processing file /home/airflow/.local/lib/python3.8/site-packages/airflow/example_dags/example_time_delta_sensor_async.py for tasks to queue
[2025-05-19T23:07:46.146+0000] {logging_mixin.py:188} INFO - [2025-05-19T23:07:46.144+0000] {dagbag.py:540} INFO - Filling up the DagBag from /home/airflow/.local/lib/python3.8/site-packages/airflow/example_dags/example_time_delta_sensor_async.py
[2025-05-19T23:07:46.169+0000] {processor.py:840} INFO - DAG(s) 'example_time_delta_sensor_async' retrieved from /home/airflow/.local/lib/python3.8/site-packages/airflow/example_dags/example_time_delta_sensor_async.py
[2025-05-19T23:07:46.324+0000] {logging_mixin.py:188} INFO - [2025-05-19T23:07:46.323+0000] {dag.py:3047} INFO - Sync 1 DAGs
[2025-05-19T23:07:46.415+0000] {logging_mixin.py:188} INFO - [2025-05-19T23:07:46.414+0000] {dag.py:3834} INFO - Setting next_dagrun for example_time_delta_sensor_async to None, run_after=None
[2025-05-19T23:07:46.504+0000] {processor.py:183} INFO - Processing /home/airflow/.local/lib/python3.8/site-packages/airflow/example_dags/example_time_delta_sensor_async.py took 0.402 seconds
[2025-05-19T23:08:16.991+0000] {processor.py:161} INFO - Started process (PID=435) to work on /home/airflow/.local/lib/python3.8/site-packages/airflow/example_dags/example_time_delta_sensor_async.py
[2025-05-19T23:08:16.996+0000] {processor.py:830} INFO - Processing file /home/airflow/.local/lib/python3.8/site-packages/airflow/example_dags/example_time_delta_sensor_async.py for tasks to queue
[2025-05-19T23:08:17.003+0000] {logging_mixin.py:188} INFO - [2025-05-19T23:08:17.001+0000] {dagbag.py:540} INFO - Filling up the DagBag from /home/airflow/.local/lib/python3.8/site-packages/airflow/example_dags/example_time_delta_sensor_async.py
[2025-05-19T23:08:17.012+0000] {processor.py:840} INFO - DAG(s) 'example_time_delta_sensor_async' retrieved from /home/airflow/.local/lib/python3.8/site-packages/airflow/example_dags/example_time_delta_sensor_async.py
[2025-05-19T23:08:17.106+0000] {logging_mixin.py:188} INFO - [2025-05-19T23:08:17.105+0000] {dag.py:3047} INFO - Sync 1 DAGs
[2025-05-19T23:08:17.153+0000] {logging_mixin.py:188} INFO - [2025-05-19T23:08:17.152+0000] {dag.py:3834} INFO - Setting next_dagrun for example_time_delta_sensor_async to None, run_after=None
[2025-05-19T23:08:17.262+0000] {processor.py:183} INFO - Processing /home/airflow/.local/lib/python3.8/site-packages/airflow/example_dags/example_time_delta_sensor_async.py took 0.283 seconds
[2025-05-19T23:08:48.289+0000] {processor.py:161} INFO - Started process (PID=498) to work on /home/airflow/.local/lib/python3.8/site-packages/airflow/example_dags/example_time_delta_sensor_async.py
[2025-05-19T23:08:48.291+0000] {processor.py:830} INFO - Processing file /home/airflow/.local/lib/python3.8/site-packages/airflow/example_dags/example_time_delta_sensor_async.py for tasks to queue
[2025-05-19T23:08:48.296+0000] {logging_mixin.py:188} INFO - [2025-05-19T23:08:48.295+0000] {dagbag.py:540} INFO - Filling up the DagBag from /home/airflow/.local/lib/python3.8/site-packages/airflow/example_dags/example_time_delta_sensor_async.py
[2025-05-19T23:08:48.306+0000] {processor.py:840} INFO - DAG(s) 'example_time_delta_sensor_async' retrieved from /home/airflow/.local/lib/python3.8/site-packages/airflow/example_dags/example_time_delta_sensor_async.py
[2025-05-19T23:08:48.373+0000] {logging_mixin.py:188} INFO - [2025-05-19T23:08:48.372+0000] {dag.py:3047} INFO - Sync 1 DAGs
[2025-05-19T23:08:48.406+0000] {logging_mixin.py:188} INFO - [2025-05-19T23:08:48.405+0000] {dag.py:3834} INFO - Setting next_dagrun for example_time_delta_sensor_async to None, run_after=None
[2025-05-19T23:08:48.544+0000] {processor.py:183} INFO - Processing /home/airflow/.local/lib/python3.8/site-packages/airflow/example_dags/example_time_delta_sensor_async.py took 0.263 seconds
[2025-05-19T23:09:18.701+0000] {processor.py:161} INFO - Started process (PID=556) to work on /home/airflow/.local/lib/python3.8/site-packages/airflow/example_dags/example_time_delta_sensor_async.py
[2025-05-19T23:09:18.704+0000] {processor.py:830} INFO - Processing file /home/airflow/.local/lib/python3.8/site-packages/airflow/example_dags/example_time_delta_sensor_async.py for tasks to queue
[2025-05-19T23:09:18.712+0000] {logging_mixin.py:188} INFO - [2025-05-19T23:09:18.711+0000] {dagbag.py:540} INFO - Filling up the DagBag from /home/airflow/.local/lib/python3.8/site-packages/airflow/example_dags/example_time_delta_sensor_async.py
[2025-05-19T23:09:18.730+0000] {processor.py:840} INFO - DAG(s) 'example_time_delta_sensor_async' retrieved from /home/airflow/.local/lib/python3.8/site-packages/airflow/example_dags/example_time_delta_sensor_async.py
[2025-05-19T23:09:18.791+0000] {logging_mixin.py:188} INFO - [2025-05-19T23:09:18.790+0000] {dag.py:3047} INFO - Sync 1 DAGs
[2025-05-19T23:09:18.836+0000] {logging_mixin.py:188} INFO - [2025-05-19T23:09:18.835+0000] {dag.py:3834} INFO - Setting next_dagrun for example_time_delta_sensor_async to None, run_after=None
[2025-05-19T23:09:18.909+0000] {processor.py:183} INFO - Processing /home/airflow/.local/lib/python3.8/site-packages/airflow/example_dags/example_time_delta_sensor_async.py took 0.236 seconds
[2025-05-19T23:09:50.509+0000] {processor.py:161} INFO - Started process (PID=613) to work on /home/airflow/.local/lib/python3.8/site-packages/airflow/example_dags/example_time_delta_sensor_async.py
[2025-05-19T23:09:50.513+0000] {processor.py:830} INFO - Processing file /home/airflow/.local/lib/python3.8/site-packages/airflow/example_dags/example_time_delta_sensor_async.py for tasks to queue
[2025-05-19T23:09:50.523+0000] {logging_mixin.py:188} INFO - [2025-05-19T23:09:50.520+0000] {dagbag.py:540} INFO - Filling up the DagBag from /home/airflow/.local/lib/python3.8/site-packages/airflow/example_dags/example_time_delta_sensor_async.py
[2025-05-19T23:09:50.558+0000] {processor.py:840} INFO - DAG(s) 'example_time_delta_sensor_async' retrieved from /home/airflow/.local/lib/python3.8/site-packages/airflow/example_dags/example_time_delta_sensor_async.py
[2025-05-19T23:09:50.746+0000] {logging_mixin.py:188} INFO - [2025-05-19T23:09:50.744+0000] {dag.py:3047} INFO - Sync 1 DAGs
[2025-05-19T23:09:51.443+0000] {logging_mixin.py:188} INFO - [2025-05-19T23:09:51.442+0000] {dag.py:3834} INFO - Setting next_dagrun for example_time_delta_sensor_async to None, run_after=None
[2025-05-19T23:09:51.568+0000] {processor.py:183} INFO - Processing /home/airflow/.local/lib/python3.8/site-packages/airflow/example_dags/example_time_delta_sensor_async.py took 1.069 seconds
[2025-05-19T23:10:21.891+0000] {processor.py:161} INFO - Started process (PID=670) to work on /home/airflow/.local/lib/python3.8/site-packages/airflow/example_dags/example_time_delta_sensor_async.py
[2025-05-19T23:10:21.897+0000] {processor.py:830} INFO - Processing file /home/airflow/.local/lib/python3.8/site-packages/airflow/example_dags/example_time_delta_sensor_async.py for tasks to queue
[2025-05-19T23:10:21.911+0000] {logging_mixin.py:188} INFO - [2025-05-19T23:10:21.908+0000] {dagbag.py:540} INFO - Filling up the DagBag from /home/airflow/.local/lib/python3.8/site-packages/airflow/example_dags/example_time_delta_sensor_async.py
[2025-05-19T23:10:21.936+0000] {processor.py:840} INFO - DAG(s) 'example_time_delta_sensor_async' retrieved from /home/airflow/.local/lib/python3.8/site-packages/airflow/example_dags/example_time_delta_sensor_async.py
[2025-05-19T23:10:22.011+0000] {logging_mixin.py:188} INFO - [2025-05-19T23:10:22.009+0000] {dag.py:3047} INFO - Sync 1 DAGs
[2025-05-19T23:10:22.091+0000] {logging_mixin.py:188} INFO - [2025-05-19T23:10:22.089+0000] {dag.py:3834} INFO - Setting next_dagrun for example_time_delta_sensor_async to None, run_after=None
[2025-05-19T23:10:22.204+0000] {processor.py:183} INFO - Processing /home/airflow/.local/lib/python3.8/site-packages/airflow/example_dags/example_time_delta_sensor_async.py took 0.339 seconds
[2025-05-19T23:10:52.938+0000] {processor.py:161} INFO - Started process (PID=726) to work on /home/airflow/.local/lib/python3.8/site-packages/airflow/example_dags/example_time_delta_sensor_async.py
[2025-05-19T23:10:52.942+0000] {processor.py:830} INFO - Processing file /home/airflow/.local/lib/python3.8/site-packages/airflow/example_dags/example_time_delta_sensor_async.py for tasks to queue
[2025-05-19T23:10:52.951+0000] {logging_mixin.py:188} INFO - [2025-05-19T23:10:52.950+0000] {dagbag.py:540} INFO - Filling up the DagBag from /home/airflow/.local/lib/python3.8/site-packages/airflow/example_dags/example_time_delta_sensor_async.py
[2025-05-19T23:10:52.979+0000] {processor.py:840} INFO - DAG(s) 'example_time_delta_sensor_async' retrieved from /home/airflow/.local/lib/python3.8/site-packages/airflow/example_dags/example_time_delta_sensor_async.py
[2025-05-19T23:10:53.307+0000] {logging_mixin.py:188} INFO - [2025-05-19T23:10:53.306+0000] {dag.py:3047} INFO - Sync 1 DAGs
[2025-05-19T23:10:53.331+0000] {logging_mixin.py:188} INFO - [2025-05-19T23:10:53.330+0000] {dag.py:3834} INFO - Setting next_dagrun for example_time_delta_sensor_async to None, run_after=None
[2025-05-19T23:10:53.374+0000] {processor.py:183} INFO - Processing /home/airflow/.local/lib/python3.8/site-packages/airflow/example_dags/example_time_delta_sensor_async.py took 0.451 seconds
[2025-05-19T23:47:01.802+0000] {processor.py:161} INFO - Started process (PID=240) to work on /home/airflow/.local/lib/python3.8/site-packages/airflow/example_dags/example_time_delta_sensor_async.py
[2025-05-19T23:47:01.824+0000] {processor.py:830} INFO - Processing file /home/airflow/.local/lib/python3.8/site-packages/airflow/example_dags/example_time_delta_sensor_async.py for tasks to queue
[2025-05-19T23:47:02.488+0000] {logging_mixin.py:188} INFO - [2025-05-19T23:47:02.486+0000] {dagbag.py:540} INFO - Filling up the DagBag from /home/airflow/.local/lib/python3.8/site-packages/airflow/example_dags/example_time_delta_sensor_async.py
[2025-05-19T23:47:03.244+0000] {processor.py:840} INFO - DAG(s) 'example_time_delta_sensor_async' retrieved from /home/airflow/.local/lib/python3.8/site-packages/airflow/example_dags/example_time_delta_sensor_async.py
[2025-05-19T23:47:10.501+0000] {logging_mixin.py:188} INFO - [2025-05-19T23:47:10.500+0000] {dag.py:3047} INFO - Sync 1 DAGs
[2025-05-19T23:47:10.639+0000] {logging_mixin.py:188} INFO - [2025-05-19T23:47:10.633+0000] {dag.py:3834} INFO - Setting next_dagrun for example_time_delta_sensor_async to None, run_after=None
[2025-05-19T23:47:10.902+0000] {processor.py:183} INFO - Processing /home/airflow/.local/lib/python3.8/site-packages/airflow/example_dags/example_time_delta_sensor_async.py took 9.121 seconds
