[2025-05-19T23:05:13.854+0000] {processor.py:161} INFO - Started process (PID=99) to work on /home/airflow/.local/lib/python3.8/site-packages/airflow/example_dags/example_trigger_target_dag.py
[2025-05-19T23:05:13.859+0000] {processor.py:830} INFO - Processing file /home/airflow/.local/lib/python3.8/site-packages/airflow/example_dags/example_trigger_target_dag.py for tasks to queue
[2025-05-19T23:05:13.864+0000] {logging_mixin.py:188} INFO - [2025-05-19T23:05:13.863+0000] {dagbag.py:540} INFO - Filling up the DagBag from /home/airflow/.local/lib/python3.8/site-packages/airflow/example_dags/example_trigger_target_dag.py
[2025-05-19T23:05:13.896+0000] {processor.py:840} INFO - DAG(s) 'example_trigger_target_dag' retrieved from /home/airflow/.local/lib/python3.8/site-packages/airflow/example_dags/example_trigger_target_dag.py
[2025-05-19T23:05:14.164+0000] {logging_mixin.py:188} INFO - [2025-05-19T23:05:14.163+0000] {override.py:1769} INFO - Created Permission View: can edit on DAG:example_trigger_target_dag
[2025-05-19T23:05:14.192+0000] {logging_mixin.py:188} INFO - [2025-05-19T23:05:14.192+0000] {override.py:1769} INFO - Created Permission View: can delete on DAG:example_trigger_target_dag
[2025-05-19T23:05:14.211+0000] {logging_mixin.py:188} INFO - [2025-05-19T23:05:14.210+0000] {override.py:1769} INFO - Created Permission View: can read on DAG:example_trigger_target_dag
[2025-05-19T23:05:14.213+0000] {logging_mixin.py:188} INFO - [2025-05-19T23:05:14.213+0000] {dag.py:3047} INFO - Sync 1 DAGs
[2025-05-19T23:05:14.249+0000] {logging_mixin.py:188} INFO - [2025-05-19T23:05:14.249+0000] {dag.py:3069} INFO - Creating ORM DAG for example_trigger_target_dag
[2025-05-19T23:05:14.253+0000] {logging_mixin.py:188} INFO - [2025-05-19T23:05:14.252+0000] {dag.py:3834} INFO - Setting next_dagrun for example_trigger_target_dag to None, run_after=None
[2025-05-19T23:05:14.323+0000] {processor.py:183} INFO - Processing /home/airflow/.local/lib/python3.8/site-packages/airflow/example_dags/example_trigger_target_dag.py took 0.479 seconds
[2025-05-19T23:05:44.861+0000] {processor.py:161} INFO - Started process (PID=156) to work on /home/airflow/.local/lib/python3.8/site-packages/airflow/example_dags/example_trigger_target_dag.py
[2025-05-19T23:05:44.865+0000] {processor.py:830} INFO - Processing file /home/airflow/.local/lib/python3.8/site-packages/airflow/example_dags/example_trigger_target_dag.py for tasks to queue
[2025-05-19T23:05:44.871+0000] {logging_mixin.py:188} INFO - [2025-05-19T23:05:44.871+0000] {dagbag.py:540} INFO - Filling up the DagBag from /home/airflow/.local/lib/python3.8/site-packages/airflow/example_dags/example_trigger_target_dag.py
[2025-05-19T23:05:44.887+0000] {processor.py:840} INFO - DAG(s) 'example_trigger_target_dag' retrieved from /home/airflow/.local/lib/python3.8/site-packages/airflow/example_dags/example_trigger_target_dag.py
[2025-05-19T23:05:44.946+0000] {logging_mixin.py:188} INFO - [2025-05-19T23:05:44.945+0000] {dag.py:3047} INFO - Sync 1 DAGs
[2025-05-19T23:05:44.991+0000] {logging_mixin.py:188} INFO - [2025-05-19T23:05:44.990+0000] {dag.py:3834} INFO - Setting next_dagrun for example_trigger_target_dag to None, run_after=None
[2025-05-19T23:05:45.110+0000] {processor.py:183} INFO - Processing /home/airflow/.local/lib/python3.8/site-packages/airflow/example_dags/example_trigger_target_dag.py took 0.258 seconds
[2025-05-19T23:06:15.236+0000] {processor.py:161} INFO - Started process (PID=213) to work on /home/airflow/.local/lib/python3.8/site-packages/airflow/example_dags/example_trigger_target_dag.py
[2025-05-19T23:06:15.239+0000] {processor.py:830} INFO - Processing file /home/airflow/.local/lib/python3.8/site-packages/airflow/example_dags/example_trigger_target_dag.py for tasks to queue
[2025-05-19T23:06:15.245+0000] {logging_mixin.py:188} INFO - [2025-05-19T23:06:15.244+0000] {dagbag.py:540} INFO - Filling up the DagBag from /home/airflow/.local/lib/python3.8/site-packages/airflow/example_dags/example_trigger_target_dag.py
[2025-05-19T23:06:15.261+0000] {processor.py:840} INFO - DAG(s) 'example_trigger_target_dag' retrieved from /home/airflow/.local/lib/python3.8/site-packages/airflow/example_dags/example_trigger_target_dag.py
[2025-05-19T23:06:15.324+0000] {logging_mixin.py:188} INFO - [2025-05-19T23:06:15.323+0000] {dag.py:3047} INFO - Sync 1 DAGs
[2025-05-19T23:06:15.360+0000] {logging_mixin.py:188} INFO - [2025-05-19T23:06:15.360+0000] {dag.py:3834} INFO - Setting next_dagrun for example_trigger_target_dag to None, run_after=None
[2025-05-19T23:06:15.491+0000] {processor.py:183} INFO - Processing /home/airflow/.local/lib/python3.8/site-packages/airflow/example_dags/example_trigger_target_dag.py took 0.263 seconds
[2025-05-19T23:06:46.038+0000] {processor.py:161} INFO - Started process (PID=270) to work on /home/airflow/.local/lib/python3.8/site-packages/airflow/example_dags/example_trigger_target_dag.py
[2025-05-19T23:06:46.040+0000] {processor.py:830} INFO - Processing file /home/airflow/.local/lib/python3.8/site-packages/airflow/example_dags/example_trigger_target_dag.py for tasks to queue
[2025-05-19T23:06:46.046+0000] {logging_mixin.py:188} INFO - [2025-05-19T23:06:46.045+0000] {dagbag.py:540} INFO - Filling up the DagBag from /home/airflow/.local/lib/python3.8/site-packages/airflow/example_dags/example_trigger_target_dag.py
[2025-05-19T23:06:46.062+0000] {processor.py:840} INFO - DAG(s) 'example_trigger_target_dag' retrieved from /home/airflow/.local/lib/python3.8/site-packages/airflow/example_dags/example_trigger_target_dag.py
[2025-05-19T23:06:46.103+0000] {logging_mixin.py:188} INFO - [2025-05-19T23:06:46.102+0000] {dag.py:3047} INFO - Sync 1 DAGs
[2025-05-19T23:06:46.127+0000] {logging_mixin.py:188} INFO - [2025-05-19T23:06:46.126+0000] {dag.py:3834} INFO - Setting next_dagrun for example_trigger_target_dag to None, run_after=None
[2025-05-19T23:06:46.220+0000] {processor.py:183} INFO - Processing /home/airflow/.local/lib/python3.8/site-packages/airflow/example_dags/example_trigger_target_dag.py took 0.192 seconds
[2025-05-19T23:07:16.921+0000] {processor.py:161} INFO - Started process (PID=327) to work on /home/airflow/.local/lib/python3.8/site-packages/airflow/example_dags/example_trigger_target_dag.py
[2025-05-19T23:07:16.928+0000] {processor.py:830} INFO - Processing file /home/airflow/.local/lib/python3.8/site-packages/airflow/example_dags/example_trigger_target_dag.py for tasks to queue
[2025-05-19T23:07:16.939+0000] {logging_mixin.py:188} INFO - [2025-05-19T23:07:16.937+0000] {dagbag.py:540} INFO - Filling up the DagBag from /home/airflow/.local/lib/python3.8/site-packages/airflow/example_dags/example_trigger_target_dag.py
[2025-05-19T23:07:16.979+0000] {processor.py:840} INFO - DAG(s) 'example_trigger_target_dag' retrieved from /home/airflow/.local/lib/python3.8/site-packages/airflow/example_dags/example_trigger_target_dag.py
[2025-05-19T23:07:17.077+0000] {logging_mixin.py:188} INFO - [2025-05-19T23:07:17.076+0000] {dag.py:3047} INFO - Sync 1 DAGs
[2025-05-19T23:07:17.116+0000] {logging_mixin.py:188} INFO - [2025-05-19T23:07:17.116+0000] {dag.py:3834} INFO - Setting next_dagrun for example_trigger_target_dag to None, run_after=None
[2025-05-19T23:07:17.177+0000] {processor.py:183} INFO - Processing /home/airflow/.local/lib/python3.8/site-packages/airflow/example_dags/example_trigger_target_dag.py took 0.281 seconds
[2025-05-19T23:07:47.507+0000] {processor.py:161} INFO - Started process (PID=384) to work on /home/airflow/.local/lib/python3.8/site-packages/airflow/example_dags/example_trigger_target_dag.py
[2025-05-19T23:07:47.512+0000] {processor.py:830} INFO - Processing file /home/airflow/.local/lib/python3.8/site-packages/airflow/example_dags/example_trigger_target_dag.py for tasks to queue
[2025-05-19T23:07:47.520+0000] {logging_mixin.py:188} INFO - [2025-05-19T23:07:47.519+0000] {dagbag.py:540} INFO - Filling up the DagBag from /home/airflow/.local/lib/python3.8/site-packages/airflow/example_dags/example_trigger_target_dag.py
[2025-05-19T23:07:47.542+0000] {processor.py:840} INFO - DAG(s) 'example_trigger_target_dag' retrieved from /home/airflow/.local/lib/python3.8/site-packages/airflow/example_dags/example_trigger_target_dag.py
[2025-05-19T23:07:47.638+0000] {logging_mixin.py:188} INFO - [2025-05-19T23:07:47.637+0000] {dag.py:3047} INFO - Sync 1 DAGs
[2025-05-19T23:07:47.680+0000] {logging_mixin.py:188} INFO - [2025-05-19T23:07:47.679+0000] {dag.py:3834} INFO - Setting next_dagrun for example_trigger_target_dag to None, run_after=None
[2025-05-19T23:07:47.768+0000] {processor.py:183} INFO - Processing /home/airflow/.local/lib/python3.8/site-packages/airflow/example_dags/example_trigger_target_dag.py took 0.275 seconds
[2025-05-19T23:08:19.021+0000] {processor.py:161} INFO - Started process (PID=447) to work on /home/airflow/.local/lib/python3.8/site-packages/airflow/example_dags/example_trigger_target_dag.py
[2025-05-19T23:08:19.027+0000] {processor.py:830} INFO - Processing file /home/airflow/.local/lib/python3.8/site-packages/airflow/example_dags/example_trigger_target_dag.py for tasks to queue
[2025-05-19T23:08:19.037+0000] {logging_mixin.py:188} INFO - [2025-05-19T23:08:19.035+0000] {dagbag.py:540} INFO - Filling up the DagBag from /home/airflow/.local/lib/python3.8/site-packages/airflow/example_dags/example_trigger_target_dag.py
[2025-05-19T23:08:19.066+0000] {processor.py:840} INFO - DAG(s) 'example_trigger_target_dag' retrieved from /home/airflow/.local/lib/python3.8/site-packages/airflow/example_dags/example_trigger_target_dag.py
[2025-05-19T23:08:19.166+0000] {logging_mixin.py:188} INFO - [2025-05-19T23:08:19.164+0000] {dag.py:3047} INFO - Sync 1 DAGs
[2025-05-19T23:08:19.273+0000] {logging_mixin.py:188} INFO - [2025-05-19T23:08:19.271+0000] {dag.py:3834} INFO - Setting next_dagrun for example_trigger_target_dag to None, run_after=None
[2025-05-19T23:08:19.365+0000] {processor.py:183} INFO - Processing /home/airflow/.local/lib/python3.8/site-packages/airflow/example_dags/example_trigger_target_dag.py took 0.364 seconds
[2025-05-19T23:08:50.128+0000] {processor.py:161} INFO - Started process (PID=504) to work on /home/airflow/.local/lib/python3.8/site-packages/airflow/example_dags/example_trigger_target_dag.py
[2025-05-19T23:08:50.130+0000] {processor.py:830} INFO - Processing file /home/airflow/.local/lib/python3.8/site-packages/airflow/example_dags/example_trigger_target_dag.py for tasks to queue
[2025-05-19T23:08:50.134+0000] {logging_mixin.py:188} INFO - [2025-05-19T23:08:50.134+0000] {dagbag.py:540} INFO - Filling up the DagBag from /home/airflow/.local/lib/python3.8/site-packages/airflow/example_dags/example_trigger_target_dag.py
[2025-05-19T23:08:50.149+0000] {processor.py:840} INFO - DAG(s) 'example_trigger_target_dag' retrieved from /home/airflow/.local/lib/python3.8/site-packages/airflow/example_dags/example_trigger_target_dag.py
[2025-05-19T23:08:50.208+0000] {logging_mixin.py:188} INFO - [2025-05-19T23:08:50.207+0000] {dag.py:3047} INFO - Sync 1 DAGs
[2025-05-19T23:08:50.261+0000] {logging_mixin.py:188} INFO - [2025-05-19T23:08:50.260+0000] {dag.py:3834} INFO - Setting next_dagrun for example_trigger_target_dag to None, run_after=None
[2025-05-19T23:08:50.322+0000] {processor.py:183} INFO - Processing /home/airflow/.local/lib/python3.8/site-packages/airflow/example_dags/example_trigger_target_dag.py took 0.200 seconds
[2025-05-19T23:09:20.787+0000] {processor.py:161} INFO - Started process (PID=562) to work on /home/airflow/.local/lib/python3.8/site-packages/airflow/example_dags/example_trigger_target_dag.py
[2025-05-19T23:09:20.790+0000] {processor.py:830} INFO - Processing file /home/airflow/.local/lib/python3.8/site-packages/airflow/example_dags/example_trigger_target_dag.py for tasks to queue
[2025-05-19T23:09:20.794+0000] {logging_mixin.py:188} INFO - [2025-05-19T23:09:20.793+0000] {dagbag.py:540} INFO - Filling up the DagBag from /home/airflow/.local/lib/python3.8/site-packages/airflow/example_dags/example_trigger_target_dag.py
[2025-05-19T23:09:20.811+0000] {processor.py:840} INFO - DAG(s) 'example_trigger_target_dag' retrieved from /home/airflow/.local/lib/python3.8/site-packages/airflow/example_dags/example_trigger_target_dag.py
[2025-05-19T23:09:20.877+0000] {logging_mixin.py:188} INFO - [2025-05-19T23:09:20.877+0000] {dag.py:3047} INFO - Sync 1 DAGs
[2025-05-19T23:09:20.918+0000] {logging_mixin.py:188} INFO - [2025-05-19T23:09:20.917+0000] {dag.py:3834} INFO - Setting next_dagrun for example_trigger_target_dag to None, run_after=None
[2025-05-19T23:09:21.002+0000] {processor.py:183} INFO - Processing /home/airflow/.local/lib/python3.8/site-packages/airflow/example_dags/example_trigger_target_dag.py took 0.224 seconds
[2025-05-19T23:09:52.393+0000] {processor.py:161} INFO - Started process (PID=619) to work on /home/airflow/.local/lib/python3.8/site-packages/airflow/example_dags/example_trigger_target_dag.py
[2025-05-19T23:09:52.397+0000] {processor.py:830} INFO - Processing file /home/airflow/.local/lib/python3.8/site-packages/airflow/example_dags/example_trigger_target_dag.py for tasks to queue
[2025-05-19T23:09:52.404+0000] {logging_mixin.py:188} INFO - [2025-05-19T23:09:52.402+0000] {dagbag.py:540} INFO - Filling up the DagBag from /home/airflow/.local/lib/python3.8/site-packages/airflow/example_dags/example_trigger_target_dag.py
[2025-05-19T23:09:52.417+0000] {processor.py:840} INFO - DAG(s) 'example_trigger_target_dag' retrieved from /home/airflow/.local/lib/python3.8/site-packages/airflow/example_dags/example_trigger_target_dag.py
[2025-05-19T23:09:52.479+0000] {logging_mixin.py:188} INFO - [2025-05-19T23:09:52.479+0000] {dag.py:3047} INFO - Sync 1 DAGs
[2025-05-19T23:09:52.528+0000] {logging_mixin.py:188} INFO - [2025-05-19T23:09:52.527+0000] {dag.py:3834} INFO - Setting next_dagrun for example_trigger_target_dag to None, run_after=None
[2025-05-19T23:09:52.605+0000] {processor.py:183} INFO - Processing /home/airflow/.local/lib/python3.8/site-packages/airflow/example_dags/example_trigger_target_dag.py took 0.222 seconds
[2025-05-19T23:10:23.301+0000] {processor.py:161} INFO - Started process (PID=676) to work on /home/airflow/.local/lib/python3.8/site-packages/airflow/example_dags/example_trigger_target_dag.py
[2025-05-19T23:10:23.307+0000] {processor.py:830} INFO - Processing file /home/airflow/.local/lib/python3.8/site-packages/airflow/example_dags/example_trigger_target_dag.py for tasks to queue
[2025-05-19T23:10:23.314+0000] {logging_mixin.py:188} INFO - [2025-05-19T23:10:23.312+0000] {dagbag.py:540} INFO - Filling up the DagBag from /home/airflow/.local/lib/python3.8/site-packages/airflow/example_dags/example_trigger_target_dag.py
[2025-05-19T23:10:23.334+0000] {processor.py:840} INFO - DAG(s) 'example_trigger_target_dag' retrieved from /home/airflow/.local/lib/python3.8/site-packages/airflow/example_dags/example_trigger_target_dag.py
[2025-05-19T23:10:23.643+0000] {logging_mixin.py:188} INFO - [2025-05-19T23:10:23.642+0000] {dag.py:3047} INFO - Sync 1 DAGs
[2025-05-19T23:10:23.674+0000] {logging_mixin.py:188} INFO - [2025-05-19T23:10:23.674+0000] {dag.py:3834} INFO - Setting next_dagrun for example_trigger_target_dag to None, run_after=None
[2025-05-19T23:10:23.746+0000] {processor.py:183} INFO - Processing /home/airflow/.local/lib/python3.8/site-packages/airflow/example_dags/example_trigger_target_dag.py took 0.455 seconds
[2025-05-19T23:10:55.327+0000] {processor.py:161} INFO - Started process (PID=733) to work on /home/airflow/.local/lib/python3.8/site-packages/airflow/example_dags/example_trigger_target_dag.py
[2025-05-19T23:10:55.331+0000] {processor.py:830} INFO - Processing file /home/airflow/.local/lib/python3.8/site-packages/airflow/example_dags/example_trigger_target_dag.py for tasks to queue
[2025-05-19T23:10:55.338+0000] {logging_mixin.py:188} INFO - [2025-05-19T23:10:55.337+0000] {dagbag.py:540} INFO - Filling up the DagBag from /home/airflow/.local/lib/python3.8/site-packages/airflow/example_dags/example_trigger_target_dag.py
[2025-05-19T23:10:55.373+0000] {processor.py:840} INFO - DAG(s) 'example_trigger_target_dag' retrieved from /home/airflow/.local/lib/python3.8/site-packages/airflow/example_dags/example_trigger_target_dag.py
[2025-05-19T23:10:55.457+0000] {logging_mixin.py:188} INFO - [2025-05-19T23:10:55.456+0000] {dag.py:3047} INFO - Sync 1 DAGs
[2025-05-19T23:10:55.490+0000] {logging_mixin.py:188} INFO - [2025-05-19T23:10:55.489+0000] {dag.py:3834} INFO - Setting next_dagrun for example_trigger_target_dag to None, run_after=None
[2025-05-19T23:10:55.540+0000] {processor.py:183} INFO - Processing /home/airflow/.local/lib/python3.8/site-packages/airflow/example_dags/example_trigger_target_dag.py took 0.226 seconds
[2025-05-19T23:47:28.848+0000] {processor.py:161} INFO - Started process (PID=252) to work on /home/airflow/.local/lib/python3.8/site-packages/airflow/example_dags/example_trigger_target_dag.py
[2025-05-19T23:47:29.439+0000] {processor.py:830} INFO - Processing file /home/airflow/.local/lib/python3.8/site-packages/airflow/example_dags/example_trigger_target_dag.py for tasks to queue
[2025-05-19T23:47:29.651+0000] {logging_mixin.py:188} INFO - [2025-05-19T23:47:29.566+0000] {dagbag.py:540} INFO - Filling up the DagBag from /home/airflow/.local/lib/python3.8/site-packages/airflow/example_dags/example_trigger_target_dag.py
[2025-05-19T23:47:30.077+0000] {processor.py:840} INFO - DAG(s) 'example_trigger_target_dag' retrieved from /home/airflow/.local/lib/python3.8/site-packages/airflow/example_dags/example_trigger_target_dag.py
[2025-05-19T23:47:36.097+0000] {logging_mixin.py:188} INFO - [2025-05-19T23:47:36.097+0000] {dag.py:3047} INFO - Sync 1 DAGs
[2025-05-19T23:47:36.127+0000] {logging_mixin.py:188} INFO - [2025-05-19T23:47:36.126+0000] {dag.py:3834} INFO - Setting next_dagrun for example_trigger_target_dag to None, run_after=None
[2025-05-19T23:47:38.334+0000] {processor.py:183} INFO - Processing /home/airflow/.local/lib/python3.8/site-packages/airflow/example_dags/example_trigger_target_dag.py took 9.547 seconds
