[2025-05-19T23:05:15.230+0000] {processor.py:161} INFO - Started process (PID=104) to work on /home/airflow/.local/lib/python3.8/site-packages/airflow/example_dags/example_params_ui_tutorial.py
[2025-05-19T23:05:15.233+0000] {processor.py:830} INFO - Processing file /home/airflow/.local/lib/python3.8/site-packages/airflow/example_dags/example_params_ui_tutorial.py for tasks to queue
[2025-05-19T23:05:15.238+0000] {logging_mixin.py:188} INFO - [2025-05-19T23:05:15.237+0000] {dagbag.py:540} INFO - Filling up the DagBag from /home/airflow/.local/lib/python3.8/site-packages/airflow/example_dags/example_params_ui_tutorial.py
[2025-05-19T23:05:15.292+0000] {processor.py:840} INFO - DAG(s) 'example_params_ui_tutorial' retrieved from /home/airflow/.local/lib/python3.8/site-packages/airflow/example_dags/example_params_ui_tutorial.py
[2025-05-19T23:05:15.647+0000] {logging_mixin.py:188} INFO - [2025-05-19T23:05:15.646+0000] {override.py:1769} INFO - Created Permission View: can edit on DAG:example_params_ui_tutorial
[2025-05-19T23:05:15.677+0000] {logging_mixin.py:188} INFO - [2025-05-19T23:05:15.676+0000] {override.py:1769} INFO - Created Permission View: can delete on DAG:example_params_ui_tutorial
[2025-05-19T23:05:15.698+0000] {logging_mixin.py:188} INFO - [2025-05-19T23:05:15.697+0000] {override.py:1769} INFO - Created Permission View: can read on DAG:example_params_ui_tutorial
[2025-05-19T23:05:15.701+0000] {logging_mixin.py:188} INFO - [2025-05-19T23:05:15.700+0000] {dag.py:3047} INFO - Sync 1 DAGs
[2025-05-19T23:05:15.754+0000] {logging_mixin.py:188} INFO - [2025-05-19T23:05:15.753+0000] {dag.py:3069} INFO - Creating ORM DAG for example_params_ui_tutorial
[2025-05-19T23:05:15.760+0000] {logging_mixin.py:188} INFO - [2025-05-19T23:05:15.759+0000] {dag.py:3834} INFO - Setting next_dagrun for example_params_ui_tutorial to None, run_after=None
[2025-05-19T23:05:15.873+0000] {processor.py:183} INFO - Processing /home/airflow/.local/lib/python3.8/site-packages/airflow/example_dags/example_params_ui_tutorial.py took 0.654 seconds
[2025-05-19T23:05:46.454+0000] {processor.py:161} INFO - Started process (PID=161) to work on /home/airflow/.local/lib/python3.8/site-packages/airflow/example_dags/example_params_ui_tutorial.py
[2025-05-19T23:05:46.459+0000] {processor.py:830} INFO - Processing file /home/airflow/.local/lib/python3.8/site-packages/airflow/example_dags/example_params_ui_tutorial.py for tasks to queue
[2025-05-19T23:05:46.469+0000] {logging_mixin.py:188} INFO - [2025-05-19T23:05:46.467+0000] {dagbag.py:540} INFO - Filling up the DagBag from /home/airflow/.local/lib/python3.8/site-packages/airflow/example_dags/example_params_ui_tutorial.py
[2025-05-19T23:05:46.561+0000] {processor.py:840} INFO - DAG(s) 'example_params_ui_tutorial' retrieved from /home/airflow/.local/lib/python3.8/site-packages/airflow/example_dags/example_params_ui_tutorial.py
[2025-05-19T23:05:46.901+0000] {logging_mixin.py:188} INFO - [2025-05-19T23:05:46.900+0000] {dag.py:3047} INFO - Sync 1 DAGs
[2025-05-19T23:05:46.955+0000] {logging_mixin.py:188} INFO - [2025-05-19T23:05:46.954+0000] {dag.py:3834} INFO - Setting next_dagrun for example_params_ui_tutorial to None, run_after=None
[2025-05-19T23:05:47.041+0000] {processor.py:183} INFO - Processing /home/airflow/.local/lib/python3.8/site-packages/airflow/example_dags/example_params_ui_tutorial.py took 0.600 seconds
[2025-05-19T23:06:17.796+0000] {processor.py:161} INFO - Started process (PID=218) to work on /home/airflow/.local/lib/python3.8/site-packages/airflow/example_dags/example_params_ui_tutorial.py
[2025-05-19T23:06:17.800+0000] {processor.py:830} INFO - Processing file /home/airflow/.local/lib/python3.8/site-packages/airflow/example_dags/example_params_ui_tutorial.py for tasks to queue
[2025-05-19T23:06:17.806+0000] {logging_mixin.py:188} INFO - [2025-05-19T23:06:17.805+0000] {dagbag.py:540} INFO - Filling up the DagBag from /home/airflow/.local/lib/python3.8/site-packages/airflow/example_dags/example_params_ui_tutorial.py
[2025-05-19T23:06:17.848+0000] {processor.py:840} INFO - DAG(s) 'example_params_ui_tutorial' retrieved from /home/airflow/.local/lib/python3.8/site-packages/airflow/example_dags/example_params_ui_tutorial.py
[2025-05-19T23:06:17.862+0000] {logging_mixin.py:188} INFO - [2025-05-19T23:06:17.861+0000] {dag.py:3047} INFO - Sync 1 DAGs
[2025-05-19T23:06:17.895+0000] {logging_mixin.py:188} INFO - [2025-05-19T23:06:17.895+0000] {dag.py:3834} INFO - Setting next_dagrun for example_params_ui_tutorial to None, run_after=None
[2025-05-19T23:06:18.014+0000] {processor.py:183} INFO - Processing /home/airflow/.local/lib/python3.8/site-packages/airflow/example_dags/example_params_ui_tutorial.py took 0.444 seconds
[2025-05-19T23:06:48.368+0000] {processor.py:161} INFO - Started process (PID=281) to work on /home/airflow/.local/lib/python3.8/site-packages/airflow/example_dags/example_params_ui_tutorial.py
[2025-05-19T23:06:48.376+0000] {processor.py:830} INFO - Processing file /home/airflow/.local/lib/python3.8/site-packages/airflow/example_dags/example_params_ui_tutorial.py for tasks to queue
[2025-05-19T23:06:48.383+0000] {logging_mixin.py:188} INFO - [2025-05-19T23:06:48.382+0000] {dagbag.py:540} INFO - Filling up the DagBag from /home/airflow/.local/lib/python3.8/site-packages/airflow/example_dags/example_params_ui_tutorial.py
[2025-05-19T23:06:48.419+0000] {processor.py:840} INFO - DAG(s) 'example_params_ui_tutorial' retrieved from /home/airflow/.local/lib/python3.8/site-packages/airflow/example_dags/example_params_ui_tutorial.py
[2025-05-19T23:06:48.604+0000] {logging_mixin.py:188} INFO - [2025-05-19T23:06:48.604+0000] {dag.py:3047} INFO - Sync 1 DAGs
[2025-05-19T23:06:48.643+0000] {logging_mixin.py:188} INFO - [2025-05-19T23:06:48.642+0000] {dag.py:3834} INFO - Setting next_dagrun for example_params_ui_tutorial to None, run_after=None
[2025-05-19T23:06:48.706+0000] {processor.py:183} INFO - Processing /home/airflow/.local/lib/python3.8/site-packages/airflow/example_dags/example_params_ui_tutorial.py took 0.352 seconds
[2025-05-19T23:07:19.430+0000] {processor.py:161} INFO - Started process (PID=338) to work on /home/airflow/.local/lib/python3.8/site-packages/airflow/example_dags/example_params_ui_tutorial.py
[2025-05-19T23:07:19.433+0000] {processor.py:830} INFO - Processing file /home/airflow/.local/lib/python3.8/site-packages/airflow/example_dags/example_params_ui_tutorial.py for tasks to queue
[2025-05-19T23:07:19.440+0000] {logging_mixin.py:188} INFO - [2025-05-19T23:07:19.439+0000] {dagbag.py:540} INFO - Filling up the DagBag from /home/airflow/.local/lib/python3.8/site-packages/airflow/example_dags/example_params_ui_tutorial.py
[2025-05-19T23:07:19.467+0000] {processor.py:840} INFO - DAG(s) 'example_params_ui_tutorial' retrieved from /home/airflow/.local/lib/python3.8/site-packages/airflow/example_dags/example_params_ui_tutorial.py
[2025-05-19T23:07:19.644+0000] {logging_mixin.py:188} INFO - [2025-05-19T23:07:19.644+0000] {dag.py:3047} INFO - Sync 1 DAGs
[2025-05-19T23:07:19.671+0000] {logging_mixin.py:188} INFO - [2025-05-19T23:07:19.670+0000] {dag.py:3834} INFO - Setting next_dagrun for example_params_ui_tutorial to None, run_after=None
[2025-05-19T23:07:19.736+0000] {processor.py:183} INFO - Processing /home/airflow/.local/lib/python3.8/site-packages/airflow/example_dags/example_params_ui_tutorial.py took 0.322 seconds
[2025-05-19T23:07:50.100+0000] {processor.py:161} INFO - Started process (PID=395) to work on /home/airflow/.local/lib/python3.8/site-packages/airflow/example_dags/example_params_ui_tutorial.py
[2025-05-19T23:07:50.105+0000] {processor.py:830} INFO - Processing file /home/airflow/.local/lib/python3.8/site-packages/airflow/example_dags/example_params_ui_tutorial.py for tasks to queue
[2025-05-19T23:07:50.116+0000] {logging_mixin.py:188} INFO - [2025-05-19T23:07:50.113+0000] {dagbag.py:540} INFO - Filling up the DagBag from /home/airflow/.local/lib/python3.8/site-packages/airflow/example_dags/example_params_ui_tutorial.py
[2025-05-19T23:07:50.190+0000] {processor.py:840} INFO - DAG(s) 'example_params_ui_tutorial' retrieved from /home/airflow/.local/lib/python3.8/site-packages/airflow/example_dags/example_params_ui_tutorial.py
[2025-05-19T23:07:50.347+0000] {logging_mixin.py:188} INFO - [2025-05-19T23:07:50.347+0000] {dag.py:3047} INFO - Sync 1 DAGs
[2025-05-19T23:07:50.371+0000] {logging_mixin.py:188} INFO - [2025-05-19T23:07:50.370+0000] {dag.py:3834} INFO - Setting next_dagrun for example_params_ui_tutorial to None, run_after=None
[2025-05-19T23:07:50.418+0000] {processor.py:183} INFO - Processing /home/airflow/.local/lib/python3.8/site-packages/airflow/example_dags/example_params_ui_tutorial.py took 0.337 seconds
[2025-05-19T23:08:20.949+0000] {processor.py:161} INFO - Started process (PID=452) to work on /home/airflow/.local/lib/python3.8/site-packages/airflow/example_dags/example_params_ui_tutorial.py
[2025-05-19T23:08:20.955+0000] {processor.py:830} INFO - Processing file /home/airflow/.local/lib/python3.8/site-packages/airflow/example_dags/example_params_ui_tutorial.py for tasks to queue
[2025-05-19T23:08:20.966+0000] {logging_mixin.py:188} INFO - [2025-05-19T23:08:20.963+0000] {dagbag.py:540} INFO - Filling up the DagBag from /home/airflow/.local/lib/python3.8/site-packages/airflow/example_dags/example_params_ui_tutorial.py
[2025-05-19T23:08:21.032+0000] {processor.py:840} INFO - DAG(s) 'example_params_ui_tutorial' retrieved from /home/airflow/.local/lib/python3.8/site-packages/airflow/example_dags/example_params_ui_tutorial.py
[2025-05-19T23:08:21.371+0000] {logging_mixin.py:188} INFO - [2025-05-19T23:08:21.370+0000] {dag.py:3047} INFO - Sync 1 DAGs
[2025-05-19T23:08:21.435+0000] {logging_mixin.py:188} INFO - [2025-05-19T23:08:21.434+0000] {dag.py:3834} INFO - Setting next_dagrun for example_params_ui_tutorial to None, run_after=None
[2025-05-19T23:08:21.605+0000] {processor.py:183} INFO - Processing /home/airflow/.local/lib/python3.8/site-packages/airflow/example_dags/example_params_ui_tutorial.py took 0.674 seconds
[2025-05-19T23:08:52.030+0000] {processor.py:161} INFO - Started process (PID=509) to work on /home/airflow/.local/lib/python3.8/site-packages/airflow/example_dags/example_params_ui_tutorial.py
[2025-05-19T23:08:52.036+0000] {processor.py:830} INFO - Processing file /home/airflow/.local/lib/python3.8/site-packages/airflow/example_dags/example_params_ui_tutorial.py for tasks to queue
[2025-05-19T23:08:52.049+0000] {logging_mixin.py:188} INFO - [2025-05-19T23:08:52.047+0000] {dagbag.py:540} INFO - Filling up the DagBag from /home/airflow/.local/lib/python3.8/site-packages/airflow/example_dags/example_params_ui_tutorial.py
[2025-05-19T23:08:52.129+0000] {processor.py:840} INFO - DAG(s) 'example_params_ui_tutorial' retrieved from /home/airflow/.local/lib/python3.8/site-packages/airflow/example_dags/example_params_ui_tutorial.py
[2025-05-19T23:08:52.465+0000] {logging_mixin.py:188} INFO - [2025-05-19T23:08:52.465+0000] {dag.py:3047} INFO - Sync 1 DAGs
[2025-05-19T23:08:52.489+0000] {logging_mixin.py:188} INFO - [2025-05-19T23:08:52.489+0000] {dag.py:3834} INFO - Setting next_dagrun for example_params_ui_tutorial to None, run_after=None
[2025-05-19T23:08:52.590+0000] {processor.py:183} INFO - Processing /home/airflow/.local/lib/python3.8/site-packages/airflow/example_dags/example_params_ui_tutorial.py took 0.590 seconds
[2025-05-19T23:09:22.922+0000] {processor.py:161} INFO - Started process (PID=567) to work on /home/airflow/.local/lib/python3.8/site-packages/airflow/example_dags/example_params_ui_tutorial.py
[2025-05-19T23:09:22.926+0000] {processor.py:830} INFO - Processing file /home/airflow/.local/lib/python3.8/site-packages/airflow/example_dags/example_params_ui_tutorial.py for tasks to queue
[2025-05-19T23:09:22.933+0000] {logging_mixin.py:188} INFO - [2025-05-19T23:09:22.932+0000] {dagbag.py:540} INFO - Filling up the DagBag from /home/airflow/.local/lib/python3.8/site-packages/airflow/example_dags/example_params_ui_tutorial.py
[2025-05-19T23:09:22.977+0000] {processor.py:840} INFO - DAG(s) 'example_params_ui_tutorial' retrieved from /home/airflow/.local/lib/python3.8/site-packages/airflow/example_dags/example_params_ui_tutorial.py
[2025-05-19T23:09:23.209+0000] {logging_mixin.py:188} INFO - [2025-05-19T23:09:23.208+0000] {dag.py:3047} INFO - Sync 1 DAGs
[2025-05-19T23:09:23.272+0000] {logging_mixin.py:188} INFO - [2025-05-19T23:09:23.271+0000] {dag.py:3834} INFO - Setting next_dagrun for example_params_ui_tutorial to None, run_after=None
[2025-05-19T23:09:23.360+0000] {processor.py:183} INFO - Processing /home/airflow/.local/lib/python3.8/site-packages/airflow/example_dags/example_params_ui_tutorial.py took 0.448 seconds
[2025-05-19T23:09:54.049+0000] {processor.py:161} INFO - Started process (PID=625) to work on /home/airflow/.local/lib/python3.8/site-packages/airflow/example_dags/example_params_ui_tutorial.py
[2025-05-19T23:09:54.059+0000] {processor.py:830} INFO - Processing file /home/airflow/.local/lib/python3.8/site-packages/airflow/example_dags/example_params_ui_tutorial.py for tasks to queue
[2025-05-19T23:09:54.065+0000] {logging_mixin.py:188} INFO - [2025-05-19T23:09:54.063+0000] {dagbag.py:540} INFO - Filling up the DagBag from /home/airflow/.local/lib/python3.8/site-packages/airflow/example_dags/example_params_ui_tutorial.py
[2025-05-19T23:09:54.103+0000] {processor.py:840} INFO - DAG(s) 'example_params_ui_tutorial' retrieved from /home/airflow/.local/lib/python3.8/site-packages/airflow/example_dags/example_params_ui_tutorial.py
[2025-05-19T23:09:54.271+0000] {logging_mixin.py:188} INFO - [2025-05-19T23:09:54.271+0000] {dag.py:3047} INFO - Sync 1 DAGs
[2025-05-19T23:09:54.299+0000] {logging_mixin.py:188} INFO - [2025-05-19T23:09:54.299+0000] {dag.py:3834} INFO - Setting next_dagrun for example_params_ui_tutorial to None, run_after=None
[2025-05-19T23:09:54.354+0000] {processor.py:183} INFO - Processing /home/airflow/.local/lib/python3.8/site-packages/airflow/example_dags/example_params_ui_tutorial.py took 0.318 seconds
[2025-05-19T23:10:25.194+0000] {processor.py:161} INFO - Started process (PID=681) to work on /home/airflow/.local/lib/python3.8/site-packages/airflow/example_dags/example_params_ui_tutorial.py
[2025-05-19T23:10:25.198+0000] {processor.py:830} INFO - Processing file /home/airflow/.local/lib/python3.8/site-packages/airflow/example_dags/example_params_ui_tutorial.py for tasks to queue
[2025-05-19T23:10:25.205+0000] {logging_mixin.py:188} INFO - [2025-05-19T23:10:25.203+0000] {dagbag.py:540} INFO - Filling up the DagBag from /home/airflow/.local/lib/python3.8/site-packages/airflow/example_dags/example_params_ui_tutorial.py
[2025-05-19T23:10:25.250+0000] {processor.py:840} INFO - DAG(s) 'example_params_ui_tutorial' retrieved from /home/airflow/.local/lib/python3.8/site-packages/airflow/example_dags/example_params_ui_tutorial.py
[2025-05-19T23:10:25.640+0000] {logging_mixin.py:188} INFO - [2025-05-19T23:10:25.639+0000] {dag.py:3047} INFO - Sync 1 DAGs
[2025-05-19T23:10:25.664+0000] {logging_mixin.py:188} INFO - [2025-05-19T23:10:25.663+0000] {dag.py:3834} INFO - Setting next_dagrun for example_params_ui_tutorial to None, run_after=None
[2025-05-19T23:10:25.722+0000] {processor.py:183} INFO - Processing /home/airflow/.local/lib/python3.8/site-packages/airflow/example_dags/example_params_ui_tutorial.py took 0.539 seconds
[2025-05-19T23:10:56.098+0000] {processor.py:161} INFO - Started process (PID=738) to work on /home/airflow/.local/lib/python3.8/site-packages/airflow/example_dags/example_params_ui_tutorial.py
[2025-05-19T23:10:56.102+0000] {processor.py:830} INFO - Processing file /home/airflow/.local/lib/python3.8/site-packages/airflow/example_dags/example_params_ui_tutorial.py for tasks to queue
[2025-05-19T23:10:56.108+0000] {logging_mixin.py:188} INFO - [2025-05-19T23:10:56.107+0000] {dagbag.py:540} INFO - Filling up the DagBag from /home/airflow/.local/lib/python3.8/site-packages/airflow/example_dags/example_params_ui_tutorial.py
[2025-05-19T23:10:56.160+0000] {processor.py:840} INFO - DAG(s) 'example_params_ui_tutorial' retrieved from /home/airflow/.local/lib/python3.8/site-packages/airflow/example_dags/example_params_ui_tutorial.py
[2025-05-19T23:10:56.340+0000] {logging_mixin.py:188} INFO - [2025-05-19T23:10:56.338+0000] {dag.py:3047} INFO - Sync 1 DAGs
[2025-05-19T23:10:56.373+0000] {logging_mixin.py:188} INFO - [2025-05-19T23:10:56.372+0000] {dag.py:3834} INFO - Setting next_dagrun for example_params_ui_tutorial to None, run_after=None
[2025-05-19T23:10:56.420+0000] {processor.py:183} INFO - Processing /home/airflow/.local/lib/python3.8/site-packages/airflow/example_dags/example_params_ui_tutorial.py took 0.334 seconds
[2025-05-19T23:47:52.356+0000] {processor.py:161} INFO - Started process (PID=257) to work on /home/airflow/.local/lib/python3.8/site-packages/airflow/example_dags/example_params_ui_tutorial.py
[2025-05-19T23:47:52.368+0000] {processor.py:830} INFO - Processing file /home/airflow/.local/lib/python3.8/site-packages/airflow/example_dags/example_params_ui_tutorial.py for tasks to queue
[2025-05-19T23:47:52.419+0000] {logging_mixin.py:188} INFO - [2025-05-19T23:47:52.418+0000] {dagbag.py:540} INFO - Filling up the DagBag from /home/airflow/.local/lib/python3.8/site-packages/airflow/example_dags/example_params_ui_tutorial.py
[2025-05-19T23:47:52.936+0000] {processor.py:840} INFO - DAG(s) 'example_params_ui_tutorial' retrieved from /home/airflow/.local/lib/python3.8/site-packages/airflow/example_dags/example_params_ui_tutorial.py
[2025-05-19T23:48:03.218+0000] {logging_mixin.py:188} INFO - [2025-05-19T23:48:03.207+0000] {dag.py:3047} INFO - Sync 1 DAGs
[2025-05-19T23:48:03.617+0000] {logging_mixin.py:188} INFO - [2025-05-19T23:48:03.616+0000] {dag.py:3834} INFO - Setting next_dagrun for example_params_ui_tutorial to None, run_after=None
[2025-05-19T23:48:04.086+0000] {processor.py:183} INFO - Processing /home/airflow/.local/lib/python3.8/site-packages/airflow/example_dags/example_params_ui_tutorial.py took 11.966 seconds
