[2025-05-19T23:05:08.034+0000] {processor.py:161} INFO - Started process (PID=82) to work on /home/airflow/.local/lib/python3.8/site-packages/airflow/example_dags/example_short_circuit_operator.py
[2025-05-19T23:05:08.038+0000] {processor.py:830} INFO - Processing file /home/airflow/.local/lib/python3.8/site-packages/airflow/example_dags/example_short_circuit_operator.py for tasks to queue
[2025-05-19T23:05:08.044+0000] {logging_mixin.py:188} INFO - [2025-05-19T23:05:08.043+0000] {dagbag.py:540} INFO - Filling up the DagBag from /home/airflow/.local/lib/python3.8/site-packages/airflow/example_dags/example_short_circuit_operator.py
[2025-05-19T23:05:08.079+0000] {processor.py:840} INFO - DAG(s) 'example_short_circuit_operator' retrieved from /home/airflow/.local/lib/python3.8/site-packages/airflow/example_dags/example_short_circuit_operator.py
[2025-05-19T23:05:08.359+0000] {logging_mixin.py:188} INFO - [2025-05-19T23:05:08.357+0000] {override.py:1769} INFO - Created Permission View: can edit on DAG:example_short_circuit_operator
[2025-05-19T23:05:08.388+0000] {logging_mixin.py:188} INFO - [2025-05-19T23:05:08.387+0000] {override.py:1769} INFO - Created Permission View: can delete on DAG:example_short_circuit_operator
[2025-05-19T23:05:08.413+0000] {logging_mixin.py:188} INFO - [2025-05-19T23:05:08.412+0000] {override.py:1769} INFO - Created Permission View: can read on DAG:example_short_circuit_operator
[2025-05-19T23:05:08.415+0000] {logging_mixin.py:188} INFO - [2025-05-19T23:05:08.414+0000] {dag.py:3047} INFO - Sync 1 DAGs
[2025-05-19T23:05:08.450+0000] {logging_mixin.py:188} INFO - [2025-05-19T23:05:08.449+0000] {dag.py:3069} INFO - Creating ORM DAG for example_short_circuit_operator
[2025-05-19T23:05:08.479+0000] {logging_mixin.py:188} INFO - [2025-05-19T23:05:08.479+0000] {dag.py:3834} INFO - Setting next_dagrun for example_short_circuit_operator to 2025-05-18 00:00:00+00:00, run_after=2025-05-19 00:00:00+00:00
[2025-05-19T23:05:08.549+0000] {processor.py:183} INFO - Processing /home/airflow/.local/lib/python3.8/site-packages/airflow/example_dags/example_short_circuit_operator.py took 0.525 seconds
[2025-05-19T23:05:38.770+0000] {processor.py:161} INFO - Started process (PID=139) to work on /home/airflow/.local/lib/python3.8/site-packages/airflow/example_dags/example_short_circuit_operator.py
[2025-05-19T23:05:38.773+0000] {processor.py:830} INFO - Processing file /home/airflow/.local/lib/python3.8/site-packages/airflow/example_dags/example_short_circuit_operator.py for tasks to queue
[2025-05-19T23:05:38.779+0000] {logging_mixin.py:188} INFO - [2025-05-19T23:05:38.778+0000] {dagbag.py:540} INFO - Filling up the DagBag from /home/airflow/.local/lib/python3.8/site-packages/airflow/example_dags/example_short_circuit_operator.py
[2025-05-19T23:05:38.804+0000] {processor.py:840} INFO - DAG(s) 'example_short_circuit_operator' retrieved from /home/airflow/.local/lib/python3.8/site-packages/airflow/example_dags/example_short_circuit_operator.py
[2025-05-19T23:05:38.913+0000] {logging_mixin.py:188} INFO - [2025-05-19T23:05:38.913+0000] {dag.py:3047} INFO - Sync 1 DAGs
[2025-05-19T23:05:38.980+0000] {logging_mixin.py:188} INFO - [2025-05-19T23:05:38.980+0000] {dag.py:3834} INFO - Setting next_dagrun for example_short_circuit_operator to 2025-05-18 00:00:00+00:00, run_after=2025-05-19 00:00:00+00:00
[2025-05-19T23:05:39.097+0000] {processor.py:183} INFO - Processing /home/airflow/.local/lib/python3.8/site-packages/airflow/example_dags/example_short_circuit_operator.py took 0.336 seconds
[2025-05-19T23:06:09.476+0000] {processor.py:161} INFO - Started process (PID=196) to work on /home/airflow/.local/lib/python3.8/site-packages/airflow/example_dags/example_short_circuit_operator.py
[2025-05-19T23:06:09.480+0000] {processor.py:830} INFO - Processing file /home/airflow/.local/lib/python3.8/site-packages/airflow/example_dags/example_short_circuit_operator.py for tasks to queue
[2025-05-19T23:06:09.486+0000] {logging_mixin.py:188} INFO - [2025-05-19T23:06:09.486+0000] {dagbag.py:540} INFO - Filling up the DagBag from /home/airflow/.local/lib/python3.8/site-packages/airflow/example_dags/example_short_circuit_operator.py
[2025-05-19T23:06:09.509+0000] {processor.py:840} INFO - DAG(s) 'example_short_circuit_operator' retrieved from /home/airflow/.local/lib/python3.8/site-packages/airflow/example_dags/example_short_circuit_operator.py
[2025-05-19T23:06:09.594+0000] {logging_mixin.py:188} INFO - [2025-05-19T23:06:09.594+0000] {dag.py:3047} INFO - Sync 1 DAGs
[2025-05-19T23:06:09.699+0000] {logging_mixin.py:188} INFO - [2025-05-19T23:06:09.698+0000] {dag.py:3834} INFO - Setting next_dagrun for example_short_circuit_operator to 2025-05-18 00:00:00+00:00, run_after=2025-05-19 00:00:00+00:00
[2025-05-19T23:06:09.784+0000] {processor.py:183} INFO - Processing /home/airflow/.local/lib/python3.8/site-packages/airflow/example_dags/example_short_circuit_operator.py took 0.321 seconds
[2025-05-19T23:06:40.548+0000] {processor.py:161} INFO - Started process (PID=253) to work on /home/airflow/.local/lib/python3.8/site-packages/airflow/example_dags/example_short_circuit_operator.py
[2025-05-19T23:06:40.551+0000] {processor.py:830} INFO - Processing file /home/airflow/.local/lib/python3.8/site-packages/airflow/example_dags/example_short_circuit_operator.py for tasks to queue
[2025-05-19T23:06:40.558+0000] {logging_mixin.py:188} INFO - [2025-05-19T23:06:40.557+0000] {dagbag.py:540} INFO - Filling up the DagBag from /home/airflow/.local/lib/python3.8/site-packages/airflow/example_dags/example_short_circuit_operator.py
[2025-05-19T23:06:40.587+0000] {processor.py:840} INFO - DAG(s) 'example_short_circuit_operator' retrieved from /home/airflow/.local/lib/python3.8/site-packages/airflow/example_dags/example_short_circuit_operator.py
[2025-05-19T23:06:40.670+0000] {logging_mixin.py:188} INFO - [2025-05-19T23:06:40.669+0000] {dag.py:3047} INFO - Sync 1 DAGs
[2025-05-19T23:06:40.734+0000] {logging_mixin.py:188} INFO - [2025-05-19T23:06:40.733+0000] {dag.py:3834} INFO - Setting next_dagrun for example_short_circuit_operator to 2025-05-18 00:00:00+00:00, run_after=2025-05-19 00:00:00+00:00
[2025-05-19T23:06:40.792+0000] {processor.py:183} INFO - Processing /home/airflow/.local/lib/python3.8/site-packages/airflow/example_dags/example_short_circuit_operator.py took 0.256 seconds
[2025-05-19T23:07:11.705+0000] {processor.py:161} INFO - Started process (PID=310) to work on /home/airflow/.local/lib/python3.8/site-packages/airflow/example_dags/example_short_circuit_operator.py
[2025-05-19T23:07:11.708+0000] {processor.py:830} INFO - Processing file /home/airflow/.local/lib/python3.8/site-packages/airflow/example_dags/example_short_circuit_operator.py for tasks to queue
[2025-05-19T23:07:11.712+0000] {logging_mixin.py:188} INFO - [2025-05-19T23:07:11.711+0000] {dagbag.py:540} INFO - Filling up the DagBag from /home/airflow/.local/lib/python3.8/site-packages/airflow/example_dags/example_short_circuit_operator.py
[2025-05-19T23:07:11.730+0000] {processor.py:840} INFO - DAG(s) 'example_short_circuit_operator' retrieved from /home/airflow/.local/lib/python3.8/site-packages/airflow/example_dags/example_short_circuit_operator.py
[2025-05-19T23:07:11.792+0000] {logging_mixin.py:188} INFO - [2025-05-19T23:07:11.792+0000] {dag.py:3047} INFO - Sync 1 DAGs
[2025-05-19T23:07:11.845+0000] {logging_mixin.py:188} INFO - [2025-05-19T23:07:11.844+0000] {dag.py:3834} INFO - Setting next_dagrun for example_short_circuit_operator to 2025-05-18 00:00:00+00:00, run_after=2025-05-19 00:00:00+00:00
[2025-05-19T23:07:11.894+0000] {processor.py:183} INFO - Processing /home/airflow/.local/lib/python3.8/site-packages/airflow/example_dags/example_short_circuit_operator.py took 0.198 seconds
[2025-05-19T23:07:42.588+0000] {processor.py:161} INFO - Started process (PID=367) to work on /home/airflow/.local/lib/python3.8/site-packages/airflow/example_dags/example_short_circuit_operator.py
[2025-05-19T23:07:42.594+0000] {processor.py:830} INFO - Processing file /home/airflow/.local/lib/python3.8/site-packages/airflow/example_dags/example_short_circuit_operator.py for tasks to queue
[2025-05-19T23:07:42.605+0000] {logging_mixin.py:188} INFO - [2025-05-19T23:07:42.603+0000] {dagbag.py:540} INFO - Filling up the DagBag from /home/airflow/.local/lib/python3.8/site-packages/airflow/example_dags/example_short_circuit_operator.py
[2025-05-19T23:07:42.653+0000] {processor.py:840} INFO - DAG(s) 'example_short_circuit_operator' retrieved from /home/airflow/.local/lib/python3.8/site-packages/airflow/example_dags/example_short_circuit_operator.py
[2025-05-19T23:07:42.793+0000] {logging_mixin.py:188} INFO - [2025-05-19T23:07:42.791+0000] {dag.py:3047} INFO - Sync 1 DAGs
[2025-05-19T23:07:42.883+0000] {logging_mixin.py:188} INFO - [2025-05-19T23:07:42.882+0000] {dag.py:3834} INFO - Setting next_dagrun for example_short_circuit_operator to 2025-05-18 00:00:00+00:00, run_after=2025-05-19 00:00:00+00:00
[2025-05-19T23:07:42.933+0000] {processor.py:183} INFO - Processing /home/airflow/.local/lib/python3.8/site-packages/airflow/example_dags/example_short_circuit_operator.py took 0.364 seconds
[2025-05-19T23:08:13.453+0000] {processor.py:161} INFO - Started process (PID=423) to work on /home/airflow/.local/lib/python3.8/site-packages/airflow/example_dags/example_short_circuit_operator.py
[2025-05-19T23:08:13.455+0000] {processor.py:830} INFO - Processing file /home/airflow/.local/lib/python3.8/site-packages/airflow/example_dags/example_short_circuit_operator.py for tasks to queue
[2025-05-19T23:08:13.460+0000] {logging_mixin.py:188} INFO - [2025-05-19T23:08:13.460+0000] {dagbag.py:540} INFO - Filling up the DagBag from /home/airflow/.local/lib/python3.8/site-packages/airflow/example_dags/example_short_circuit_operator.py
[2025-05-19T23:08:13.475+0000] {processor.py:840} INFO - DAG(s) 'example_short_circuit_operator' retrieved from /home/airflow/.local/lib/python3.8/site-packages/airflow/example_dags/example_short_circuit_operator.py
[2025-05-19T23:08:13.525+0000] {logging_mixin.py:188} INFO - [2025-05-19T23:08:13.525+0000] {dag.py:3047} INFO - Sync 1 DAGs
[2025-05-19T23:08:13.626+0000] {logging_mixin.py:188} INFO - [2025-05-19T23:08:13.625+0000] {dag.py:3834} INFO - Setting next_dagrun for example_short_circuit_operator to 2025-05-18 00:00:00+00:00, run_after=2025-05-19 00:00:00+00:00
[2025-05-19T23:08:13.795+0000] {processor.py:183} INFO - Processing /home/airflow/.local/lib/python3.8/site-packages/airflow/example_dags/example_short_circuit_operator.py took 0.348 seconds
[2025-05-19T23:08:44.083+0000] {processor.py:161} INFO - Started process (PID=480) to work on /home/airflow/.local/lib/python3.8/site-packages/airflow/example_dags/example_short_circuit_operator.py
[2025-05-19T23:08:44.087+0000] {processor.py:830} INFO - Processing file /home/airflow/.local/lib/python3.8/site-packages/airflow/example_dags/example_short_circuit_operator.py for tasks to queue
[2025-05-19T23:08:44.093+0000] {logging_mixin.py:188} INFO - [2025-05-19T23:08:44.092+0000] {dagbag.py:540} INFO - Filling up the DagBag from /home/airflow/.local/lib/python3.8/site-packages/airflow/example_dags/example_short_circuit_operator.py
[2025-05-19T23:08:44.113+0000] {processor.py:840} INFO - DAG(s) 'example_short_circuit_operator' retrieved from /home/airflow/.local/lib/python3.8/site-packages/airflow/example_dags/example_short_circuit_operator.py
[2025-05-19T23:08:44.167+0000] {logging_mixin.py:188} INFO - [2025-05-19T23:08:44.167+0000] {dag.py:3047} INFO - Sync 1 DAGs
[2025-05-19T23:08:44.218+0000] {logging_mixin.py:188} INFO - [2025-05-19T23:08:44.217+0000] {dag.py:3834} INFO - Setting next_dagrun for example_short_circuit_operator to 2025-05-18 00:00:00+00:00, run_after=2025-05-19 00:00:00+00:00
[2025-05-19T23:08:44.272+0000] {processor.py:183} INFO - Processing /home/airflow/.local/lib/python3.8/site-packages/airflow/example_dags/example_short_circuit_operator.py took 0.197 seconds
[2025-05-19T23:09:14.714+0000] {processor.py:161} INFO - Started process (PID=537) to work on /home/airflow/.local/lib/python3.8/site-packages/airflow/example_dags/example_short_circuit_operator.py
[2025-05-19T23:09:14.718+0000] {processor.py:830} INFO - Processing file /home/airflow/.local/lib/python3.8/site-packages/airflow/example_dags/example_short_circuit_operator.py for tasks to queue
[2025-05-19T23:09:14.726+0000] {logging_mixin.py:188} INFO - [2025-05-19T23:09:14.724+0000] {dagbag.py:540} INFO - Filling up the DagBag from /home/airflow/.local/lib/python3.8/site-packages/airflow/example_dags/example_short_circuit_operator.py
[2025-05-19T23:09:14.747+0000] {processor.py:840} INFO - DAG(s) 'example_short_circuit_operator' retrieved from /home/airflow/.local/lib/python3.8/site-packages/airflow/example_dags/example_short_circuit_operator.py
[2025-05-19T23:09:14.833+0000] {logging_mixin.py:188} INFO - [2025-05-19T23:09:14.832+0000] {dag.py:3047} INFO - Sync 1 DAGs
[2025-05-19T23:09:14.919+0000] {logging_mixin.py:188} INFO - [2025-05-19T23:09:14.918+0000] {dag.py:3834} INFO - Setting next_dagrun for example_short_circuit_operator to 2025-05-18 00:00:00+00:00, run_after=2025-05-19 00:00:00+00:00
[2025-05-19T23:09:14.984+0000] {processor.py:183} INFO - Processing /home/airflow/.local/lib/python3.8/site-packages/airflow/example_dags/example_short_circuit_operator.py took 0.280 seconds
[2025-05-19T23:09:45.723+0000] {processor.py:161} INFO - Started process (PID=595) to work on /home/airflow/.local/lib/python3.8/site-packages/airflow/example_dags/example_short_circuit_operator.py
[2025-05-19T23:09:45.729+0000] {processor.py:830} INFO - Processing file /home/airflow/.local/lib/python3.8/site-packages/airflow/example_dags/example_short_circuit_operator.py for tasks to queue
[2025-05-19T23:09:45.733+0000] {logging_mixin.py:188} INFO - [2025-05-19T23:09:45.732+0000] {dagbag.py:540} INFO - Filling up the DagBag from /home/airflow/.local/lib/python3.8/site-packages/airflow/example_dags/example_short_circuit_operator.py
[2025-05-19T23:09:45.762+0000] {processor.py:840} INFO - DAG(s) 'example_short_circuit_operator' retrieved from /home/airflow/.local/lib/python3.8/site-packages/airflow/example_dags/example_short_circuit_operator.py
[2025-05-19T23:09:45.833+0000] {logging_mixin.py:188} INFO - [2025-05-19T23:09:45.833+0000] {dag.py:3047} INFO - Sync 1 DAGs
[2025-05-19T23:09:45.903+0000] {logging_mixin.py:188} INFO - [2025-05-19T23:09:45.903+0000] {dag.py:3834} INFO - Setting next_dagrun for example_short_circuit_operator to 2025-05-18 00:00:00+00:00, run_after=2025-05-19 00:00:00+00:00
[2025-05-19T23:09:45.951+0000] {processor.py:183} INFO - Processing /home/airflow/.local/lib/python3.8/site-packages/airflow/example_dags/example_short_circuit_operator.py took 0.236 seconds
[2025-05-19T23:10:16.221+0000] {processor.py:161} INFO - Started process (PID=652) to work on /home/airflow/.local/lib/python3.8/site-packages/airflow/example_dags/example_short_circuit_operator.py
[2025-05-19T23:10:16.226+0000] {processor.py:830} INFO - Processing file /home/airflow/.local/lib/python3.8/site-packages/airflow/example_dags/example_short_circuit_operator.py for tasks to queue
[2025-05-19T23:10:16.232+0000] {logging_mixin.py:188} INFO - [2025-05-19T23:10:16.231+0000] {dagbag.py:540} INFO - Filling up the DagBag from /home/airflow/.local/lib/python3.8/site-packages/airflow/example_dags/example_short_circuit_operator.py
[2025-05-19T23:10:16.256+0000] {processor.py:840} INFO - DAG(s) 'example_short_circuit_operator' retrieved from /home/airflow/.local/lib/python3.8/site-packages/airflow/example_dags/example_short_circuit_operator.py
[2025-05-19T23:10:16.293+0000] {logging_mixin.py:188} INFO - [2025-05-19T23:10:16.293+0000] {dag.py:3047} INFO - Sync 1 DAGs
[2025-05-19T23:10:16.382+0000] {logging_mixin.py:188} INFO - [2025-05-19T23:10:16.382+0000] {dag.py:3834} INFO - Setting next_dagrun for example_short_circuit_operator to 2025-05-18 00:00:00+00:00, run_after=2025-05-19 00:00:00+00:00
[2025-05-19T23:10:16.459+0000] {processor.py:183} INFO - Processing /home/airflow/.local/lib/python3.8/site-packages/airflow/example_dags/example_short_circuit_operator.py took 0.251 seconds
[2025-05-19T23:10:47.574+0000] {processor.py:161} INFO - Started process (PID=709) to work on /home/airflow/.local/lib/python3.8/site-packages/airflow/example_dags/example_short_circuit_operator.py
[2025-05-19T23:10:47.577+0000] {processor.py:830} INFO - Processing file /home/airflow/.local/lib/python3.8/site-packages/airflow/example_dags/example_short_circuit_operator.py for tasks to queue
[2025-05-19T23:10:47.582+0000] {logging_mixin.py:188} INFO - [2025-05-19T23:10:47.581+0000] {dagbag.py:540} INFO - Filling up the DagBag from /home/airflow/.local/lib/python3.8/site-packages/airflow/example_dags/example_short_circuit_operator.py
[2025-05-19T23:10:47.602+0000] {processor.py:840} INFO - DAG(s) 'example_short_circuit_operator' retrieved from /home/airflow/.local/lib/python3.8/site-packages/airflow/example_dags/example_short_circuit_operator.py
[2025-05-19T23:10:47.907+0000] {logging_mixin.py:188} INFO - [2025-05-19T23:10:47.907+0000] {dag.py:3047} INFO - Sync 1 DAGs
[2025-05-19T23:10:47.958+0000] {logging_mixin.py:188} INFO - [2025-05-19T23:10:47.957+0000] {dag.py:3834} INFO - Setting next_dagrun for example_short_circuit_operator to 2025-05-18 00:00:00+00:00, run_after=2025-05-19 00:00:00+00:00
[2025-05-19T23:10:48.004+0000] {processor.py:183} INFO - Processing /home/airflow/.local/lib/python3.8/site-packages/airflow/example_dags/example_short_circuit_operator.py took 0.439 seconds
[2025-05-19T23:46:13.039+0000] {processor.py:161} INFO - Started process (PID=219) to work on /home/airflow/.local/lib/python3.8/site-packages/airflow/example_dags/example_short_circuit_operator.py
[2025-05-19T23:46:13.099+0000] {processor.py:830} INFO - Processing file /home/airflow/.local/lib/python3.8/site-packages/airflow/example_dags/example_short_circuit_operator.py for tasks to queue
[2025-05-19T23:46:13.104+0000] {logging_mixin.py:188} INFO - [2025-05-19T23:46:13.103+0000] {dagbag.py:540} INFO - Filling up the DagBag from /home/airflow/.local/lib/python3.8/site-packages/airflow/example_dags/example_short_circuit_operator.py
[2025-05-19T23:46:13.461+0000] {processor.py:840} INFO - DAG(s) 'example_short_circuit_operator' retrieved from /home/airflow/.local/lib/python3.8/site-packages/airflow/example_dags/example_short_circuit_operator.py
[2025-05-19T23:46:16.977+0000] {logging_mixin.py:188} INFO - [2025-05-19T23:46:16.976+0000] {dag.py:3047} INFO - Sync 1 DAGs
[2025-05-19T23:46:17.254+0000] {logging_mixin.py:188} INFO - [2025-05-19T23:46:17.253+0000] {dag.py:3834} INFO - Setting next_dagrun for example_short_circuit_operator to 2025-05-18 00:00:00+00:00, run_after=2025-05-19 00:00:00+00:00
[2025-05-19T23:46:17.626+0000] {processor.py:183} INFO - Processing /home/airflow/.local/lib/python3.8/site-packages/airflow/example_dags/example_short_circuit_operator.py took 4.694 seconds
