[2025-05-19T23:05:12.658+0000] {processor.py:161} INFO - Started process (PID=96) to work on /home/airflow/.local/lib/python3.8/site-packages/airflow/example_dags/example_kubernetes_executor.py
[2025-05-19T23:05:12.663+0000] {processor.py:830} INFO - Processing file /home/airflow/.local/lib/python3.8/site-packages/airflow/example_dags/example_kubernetes_executor.py for tasks to queue
[2025-05-19T23:05:12.673+0000] {logging_mixin.py:188} INFO - [2025-05-19T23:05:12.672+0000] {dagbag.py:540} INFO - Filling up the DagBag from /home/airflow/.local/lib/python3.8/site-packages/airflow/example_dags/example_kubernetes_executor.py
[2025-05-19T23:05:12.747+0000] {processor.py:840} INFO - DAG(s) 'example_kubernetes_executor' retrieved from /home/airflow/.local/lib/python3.8/site-packages/airflow/example_dags/example_kubernetes_executor.py
[2025-05-19T23:05:13.177+0000] {logging_mixin.py:188} INFO - [2025-05-19T23:05:13.176+0000] {override.py:1769} INFO - Created Permission View: can edit on DAG:example_kubernetes_executor
[2025-05-19T23:05:13.218+0000] {logging_mixin.py:188} INFO - [2025-05-19T23:05:13.217+0000] {override.py:1769} INFO - Created Permission View: can delete on DAG:example_kubernetes_executor
[2025-05-19T23:05:13.245+0000] {logging_mixin.py:188} INFO - [2025-05-19T23:05:13.244+0000] {override.py:1769} INFO - Created Permission View: can read on DAG:example_kubernetes_executor
[2025-05-19T23:05:13.247+0000] {logging_mixin.py:188} INFO - [2025-05-19T23:05:13.247+0000] {dag.py:3047} INFO - Sync 1 DAGs
[2025-05-19T23:05:13.286+0000] {logging_mixin.py:188} INFO - [2025-05-19T23:05:13.286+0000] {dag.py:3069} INFO - Creating ORM DAG for example_kubernetes_executor
[2025-05-19T23:05:13.290+0000] {logging_mixin.py:188} INFO - [2025-05-19T23:05:13.289+0000] {dag.py:3834} INFO - Setting next_dagrun for example_kubernetes_executor to None, run_after=None
[2025-05-19T23:05:13.352+0000] {processor.py:183} INFO - Processing /home/airflow/.local/lib/python3.8/site-packages/airflow/example_dags/example_kubernetes_executor.py took 0.709 seconds
[2025-05-19T23:05:43.911+0000] {processor.py:161} INFO - Started process (PID=153) to work on /home/airflow/.local/lib/python3.8/site-packages/airflow/example_dags/example_kubernetes_executor.py
[2025-05-19T23:05:43.919+0000] {processor.py:830} INFO - Processing file /home/airflow/.local/lib/python3.8/site-packages/airflow/example_dags/example_kubernetes_executor.py for tasks to queue
[2025-05-19T23:05:43.932+0000] {logging_mixin.py:188} INFO - [2025-05-19T23:05:43.930+0000] {dagbag.py:540} INFO - Filling up the DagBag from /home/airflow/.local/lib/python3.8/site-packages/airflow/example_dags/example_kubernetes_executor.py
[2025-05-19T23:05:43.997+0000] {processor.py:840} INFO - DAG(s) 'example_kubernetes_executor' retrieved from /home/airflow/.local/lib/python3.8/site-packages/airflow/example_dags/example_kubernetes_executor.py
[2025-05-19T23:05:44.106+0000] {logging_mixin.py:188} INFO - [2025-05-19T23:05:44.106+0000] {dag.py:3047} INFO - Sync 1 DAGs
[2025-05-19T23:05:44.133+0000] {logging_mixin.py:188} INFO - [2025-05-19T23:05:44.133+0000] {dag.py:3834} INFO - Setting next_dagrun for example_kubernetes_executor to None, run_after=None
[2025-05-19T23:05:44.208+0000] {processor.py:183} INFO - Processing /home/airflow/.local/lib/python3.8/site-packages/airflow/example_dags/example_kubernetes_executor.py took 0.312 seconds
[2025-05-19T23:06:14.433+0000] {processor.py:161} INFO - Started process (PID=210) to work on /home/airflow/.local/lib/python3.8/site-packages/airflow/example_dags/example_kubernetes_executor.py
[2025-05-19T23:06:14.437+0000] {processor.py:830} INFO - Processing file /home/airflow/.local/lib/python3.8/site-packages/airflow/example_dags/example_kubernetes_executor.py for tasks to queue
[2025-05-19T23:06:14.446+0000] {logging_mixin.py:188} INFO - [2025-05-19T23:06:14.445+0000] {dagbag.py:540} INFO - Filling up the DagBag from /home/airflow/.local/lib/python3.8/site-packages/airflow/example_dags/example_kubernetes_executor.py
[2025-05-19T23:06:14.522+0000] {processor.py:840} INFO - DAG(s) 'example_kubernetes_executor' retrieved from /home/airflow/.local/lib/python3.8/site-packages/airflow/example_dags/example_kubernetes_executor.py
[2025-05-19T23:06:14.691+0000] {logging_mixin.py:188} INFO - [2025-05-19T23:06:14.690+0000] {dag.py:3047} INFO - Sync 1 DAGs
[2025-05-19T23:06:14.727+0000] {logging_mixin.py:188} INFO - [2025-05-19T23:06:14.726+0000] {dag.py:3834} INFO - Setting next_dagrun for example_kubernetes_executor to None, run_after=None
[2025-05-19T23:06:14.842+0000] {processor.py:183} INFO - Processing /home/airflow/.local/lib/python3.8/site-packages/airflow/example_dags/example_kubernetes_executor.py took 0.422 seconds
[2025-05-19T23:06:45.175+0000] {processor.py:161} INFO - Started process (PID=267) to work on /home/airflow/.local/lib/python3.8/site-packages/airflow/example_dags/example_kubernetes_executor.py
[2025-05-19T23:06:45.180+0000] {processor.py:830} INFO - Processing file /home/airflow/.local/lib/python3.8/site-packages/airflow/example_dags/example_kubernetes_executor.py for tasks to queue
[2025-05-19T23:06:45.187+0000] {logging_mixin.py:188} INFO - [2025-05-19T23:06:45.186+0000] {dagbag.py:540} INFO - Filling up the DagBag from /home/airflow/.local/lib/python3.8/site-packages/airflow/example_dags/example_kubernetes_executor.py
[2025-05-19T23:06:45.255+0000] {processor.py:840} INFO - DAG(s) 'example_kubernetes_executor' retrieved from /home/airflow/.local/lib/python3.8/site-packages/airflow/example_dags/example_kubernetes_executor.py
[2025-05-19T23:06:45.406+0000] {logging_mixin.py:188} INFO - [2025-05-19T23:06:45.405+0000] {dag.py:3047} INFO - Sync 1 DAGs
[2025-05-19T23:06:45.455+0000] {logging_mixin.py:188} INFO - [2025-05-19T23:06:45.455+0000] {dag.py:3834} INFO - Setting next_dagrun for example_kubernetes_executor to None, run_after=None
[2025-05-19T23:06:45.566+0000] {processor.py:183} INFO - Processing /home/airflow/.local/lib/python3.8/site-packages/airflow/example_dags/example_kubernetes_executor.py took 0.401 seconds
[2025-05-19T23:07:15.926+0000] {processor.py:161} INFO - Started process (PID=324) to work on /home/airflow/.local/lib/python3.8/site-packages/airflow/example_dags/example_kubernetes_executor.py
[2025-05-19T23:07:15.928+0000] {processor.py:830} INFO - Processing file /home/airflow/.local/lib/python3.8/site-packages/airflow/example_dags/example_kubernetes_executor.py for tasks to queue
[2025-05-19T23:07:15.933+0000] {logging_mixin.py:188} INFO - [2025-05-19T23:07:15.932+0000] {dagbag.py:540} INFO - Filling up the DagBag from /home/airflow/.local/lib/python3.8/site-packages/airflow/example_dags/example_kubernetes_executor.py
[2025-05-19T23:07:15.977+0000] {processor.py:840} INFO - DAG(s) 'example_kubernetes_executor' retrieved from /home/airflow/.local/lib/python3.8/site-packages/airflow/example_dags/example_kubernetes_executor.py
[2025-05-19T23:07:16.062+0000] {logging_mixin.py:188} INFO - [2025-05-19T23:07:16.062+0000] {dag.py:3047} INFO - Sync 1 DAGs
[2025-05-19T23:07:16.085+0000] {logging_mixin.py:188} INFO - [2025-05-19T23:07:16.084+0000] {dag.py:3834} INFO - Setting next_dagrun for example_kubernetes_executor to None, run_after=None
[2025-05-19T23:07:16.220+0000] {processor.py:183} INFO - Processing /home/airflow/.local/lib/python3.8/site-packages/airflow/example_dags/example_kubernetes_executor.py took 0.303 seconds
[2025-05-19T23:07:46.992+0000] {processor.py:161} INFO - Started process (PID=381) to work on /home/airflow/.local/lib/python3.8/site-packages/airflow/example_dags/example_kubernetes_executor.py
[2025-05-19T23:07:46.998+0000] {processor.py:830} INFO - Processing file /home/airflow/.local/lib/python3.8/site-packages/airflow/example_dags/example_kubernetes_executor.py for tasks to queue
[2025-05-19T23:07:47.005+0000] {logging_mixin.py:188} INFO - [2025-05-19T23:07:47.004+0000] {dagbag.py:540} INFO - Filling up the DagBag from /home/airflow/.local/lib/python3.8/site-packages/airflow/example_dags/example_kubernetes_executor.py
[2025-05-19T23:07:47.072+0000] {processor.py:840} INFO - DAG(s) 'example_kubernetes_executor' retrieved from /home/airflow/.local/lib/python3.8/site-packages/airflow/example_dags/example_kubernetes_executor.py
[2025-05-19T23:07:47.241+0000] {logging_mixin.py:188} INFO - [2025-05-19T23:07:47.240+0000] {dag.py:3047} INFO - Sync 1 DAGs
[2025-05-19T23:07:47.293+0000] {logging_mixin.py:188} INFO - [2025-05-19T23:07:47.292+0000] {dag.py:3834} INFO - Setting next_dagrun for example_kubernetes_executor to None, run_after=None
[2025-05-19T23:07:47.363+0000] {processor.py:183} INFO - Processing /home/airflow/.local/lib/python3.8/site-packages/airflow/example_dags/example_kubernetes_executor.py took 0.383 seconds
[2025-05-19T23:08:17.342+0000] {processor.py:161} INFO - Started process (PID=437) to work on /home/airflow/.local/lib/python3.8/site-packages/airflow/example_dags/example_kubernetes_executor.py
[2025-05-19T23:08:17.344+0000] {processor.py:830} INFO - Processing file /home/airflow/.local/lib/python3.8/site-packages/airflow/example_dags/example_kubernetes_executor.py for tasks to queue
[2025-05-19T23:08:17.349+0000] {logging_mixin.py:188} INFO - [2025-05-19T23:08:17.348+0000] {dagbag.py:540} INFO - Filling up the DagBag from /home/airflow/.local/lib/python3.8/site-packages/airflow/example_dags/example_kubernetes_executor.py
[2025-05-19T23:08:17.382+0000] {processor.py:840} INFO - DAG(s) 'example_kubernetes_executor' retrieved from /home/airflow/.local/lib/python3.8/site-packages/airflow/example_dags/example_kubernetes_executor.py
[2025-05-19T23:08:17.498+0000] {logging_mixin.py:188} INFO - [2025-05-19T23:08:17.497+0000] {dag.py:3047} INFO - Sync 1 DAGs
[2025-05-19T23:08:17.534+0000] {logging_mixin.py:188} INFO - [2025-05-19T23:08:17.534+0000] {dag.py:3834} INFO - Setting next_dagrun for example_kubernetes_executor to None, run_after=None
[2025-05-19T23:08:17.668+0000] {processor.py:183} INFO - Processing /home/airflow/.local/lib/python3.8/site-packages/airflow/example_dags/example_kubernetes_executor.py took 0.333 seconds
[2025-05-19T23:08:48.766+0000] {processor.py:161} INFO - Started process (PID=500) to work on /home/airflow/.local/lib/python3.8/site-packages/airflow/example_dags/example_kubernetes_executor.py
[2025-05-19T23:08:48.772+0000] {processor.py:830} INFO - Processing file /home/airflow/.local/lib/python3.8/site-packages/airflow/example_dags/example_kubernetes_executor.py for tasks to queue
[2025-05-19T23:08:48.786+0000] {logging_mixin.py:188} INFO - [2025-05-19T23:08:48.785+0000] {dagbag.py:540} INFO - Filling up the DagBag from /home/airflow/.local/lib/python3.8/site-packages/airflow/example_dags/example_kubernetes_executor.py
[2025-05-19T23:08:48.849+0000] {processor.py:840} INFO - DAG(s) 'example_kubernetes_executor' retrieved from /home/airflow/.local/lib/python3.8/site-packages/airflow/example_dags/example_kubernetes_executor.py
[2025-05-19T23:08:48.947+0000] {logging_mixin.py:188} INFO - [2025-05-19T23:08:48.947+0000] {dag.py:3047} INFO - Sync 1 DAGs
[2025-05-19T23:08:48.979+0000] {logging_mixin.py:188} INFO - [2025-05-19T23:08:48.979+0000] {dag.py:3834} INFO - Setting next_dagrun for example_kubernetes_executor to None, run_after=None
[2025-05-19T23:08:49.110+0000] {processor.py:183} INFO - Processing /home/airflow/.local/lib/python3.8/site-packages/airflow/example_dags/example_kubernetes_executor.py took 0.361 seconds
[2025-05-19T23:09:20.090+0000] {processor.py:161} INFO - Started process (PID=559) to work on /home/airflow/.local/lib/python3.8/site-packages/airflow/example_dags/example_kubernetes_executor.py
[2025-05-19T23:09:20.093+0000] {processor.py:830} INFO - Processing file /home/airflow/.local/lib/python3.8/site-packages/airflow/example_dags/example_kubernetes_executor.py for tasks to queue
[2025-05-19T23:09:20.100+0000] {logging_mixin.py:188} INFO - [2025-05-19T23:09:20.099+0000] {dagbag.py:540} INFO - Filling up the DagBag from /home/airflow/.local/lib/python3.8/site-packages/airflow/example_dags/example_kubernetes_executor.py
[2025-05-19T23:09:20.174+0000] {processor.py:840} INFO - DAG(s) 'example_kubernetes_executor' retrieved from /home/airflow/.local/lib/python3.8/site-packages/airflow/example_dags/example_kubernetes_executor.py
[2025-05-19T23:09:20.331+0000] {logging_mixin.py:188} INFO - [2025-05-19T23:09:20.330+0000] {dag.py:3047} INFO - Sync 1 DAGs
[2025-05-19T23:09:20.383+0000] {logging_mixin.py:188} INFO - [2025-05-19T23:09:20.382+0000] {dag.py:3834} INFO - Setting next_dagrun for example_kubernetes_executor to None, run_after=None
[2025-05-19T23:09:20.449+0000] {processor.py:183} INFO - Processing /home/airflow/.local/lib/python3.8/site-packages/airflow/example_dags/example_kubernetes_executor.py took 0.375 seconds
[2025-05-19T23:09:51.932+0000] {processor.py:161} INFO - Started process (PID=616) to work on /home/airflow/.local/lib/python3.8/site-packages/airflow/example_dags/example_kubernetes_executor.py
[2025-05-19T23:09:51.940+0000] {processor.py:830} INFO - Processing file /home/airflow/.local/lib/python3.8/site-packages/airflow/example_dags/example_kubernetes_executor.py for tasks to queue
[2025-05-19T23:09:51.947+0000] {logging_mixin.py:188} INFO - [2025-05-19T23:09:51.946+0000] {dagbag.py:540} INFO - Filling up the DagBag from /home/airflow/.local/lib/python3.8/site-packages/airflow/example_dags/example_kubernetes_executor.py
[2025-05-19T23:09:52.012+0000] {processor.py:840} INFO - DAG(s) 'example_kubernetes_executor' retrieved from /home/airflow/.local/lib/python3.8/site-packages/airflow/example_dags/example_kubernetes_executor.py
[2025-05-19T23:09:52.159+0000] {logging_mixin.py:188} INFO - [2025-05-19T23:09:52.158+0000] {dag.py:3047} INFO - Sync 1 DAGs
[2025-05-19T23:09:52.206+0000] {logging_mixin.py:188} INFO - [2025-05-19T23:09:52.206+0000] {dag.py:3834} INFO - Setting next_dagrun for example_kubernetes_executor to None, run_after=None
[2025-05-19T23:09:52.264+0000] {processor.py:183} INFO - Processing /home/airflow/.local/lib/python3.8/site-packages/airflow/example_dags/example_kubernetes_executor.py took 0.345 seconds
[2025-05-19T23:10:22.801+0000] {processor.py:161} INFO - Started process (PID=673) to work on /home/airflow/.local/lib/python3.8/site-packages/airflow/example_dags/example_kubernetes_executor.py
[2025-05-19T23:10:22.804+0000] {processor.py:830} INFO - Processing file /home/airflow/.local/lib/python3.8/site-packages/airflow/example_dags/example_kubernetes_executor.py for tasks to queue
[2025-05-19T23:10:22.809+0000] {logging_mixin.py:188} INFO - [2025-05-19T23:10:22.808+0000] {dagbag.py:540} INFO - Filling up the DagBag from /home/airflow/.local/lib/python3.8/site-packages/airflow/example_dags/example_kubernetes_executor.py
[2025-05-19T23:10:22.841+0000] {processor.py:840} INFO - DAG(s) 'example_kubernetes_executor' retrieved from /home/airflow/.local/lib/python3.8/site-packages/airflow/example_dags/example_kubernetes_executor.py
[2025-05-19T23:10:22.868+0000] {logging_mixin.py:188} INFO - [2025-05-19T23:10:22.868+0000] {dag.py:3047} INFO - Sync 1 DAGs
[2025-05-19T23:10:22.897+0000] {logging_mixin.py:188} INFO - [2025-05-19T23:10:22.896+0000] {dag.py:3834} INFO - Setting next_dagrun for example_kubernetes_executor to None, run_after=None
[2025-05-19T23:10:22.944+0000] {processor.py:183} INFO - Processing /home/airflow/.local/lib/python3.8/site-packages/airflow/example_dags/example_kubernetes_executor.py took 0.152 seconds
[2025-05-19T23:10:54.010+0000] {processor.py:161} INFO - Started process (PID=730) to work on /home/airflow/.local/lib/python3.8/site-packages/airflow/example_dags/example_kubernetes_executor.py
[2025-05-19T23:10:54.013+0000] {processor.py:830} INFO - Processing file /home/airflow/.local/lib/python3.8/site-packages/airflow/example_dags/example_kubernetes_executor.py for tasks to queue
[2025-05-19T23:10:54.020+0000] {logging_mixin.py:188} INFO - [2025-05-19T23:10:54.019+0000] {dagbag.py:540} INFO - Filling up the DagBag from /home/airflow/.local/lib/python3.8/site-packages/airflow/example_dags/example_kubernetes_executor.py
[2025-05-19T23:10:54.072+0000] {processor.py:840} INFO - DAG(s) 'example_kubernetes_executor' retrieved from /home/airflow/.local/lib/python3.8/site-packages/airflow/example_dags/example_kubernetes_executor.py
[2025-05-19T23:10:54.445+0000] {logging_mixin.py:188} INFO - [2025-05-19T23:10:54.444+0000] {dag.py:3047} INFO - Sync 1 DAGs
[2025-05-19T23:10:54.480+0000] {logging_mixin.py:188} INFO - [2025-05-19T23:10:54.479+0000] {dag.py:3834} INFO - Setting next_dagrun for example_kubernetes_executor to None, run_after=None
[2025-05-19T23:10:54.540+0000] {processor.py:183} INFO - Processing /home/airflow/.local/lib/python3.8/site-packages/airflow/example_dags/example_kubernetes_executor.py took 0.544 seconds
[2025-05-19T23:47:13.047+0000] {processor.py:161} INFO - Started process (PID=243) to work on /home/airflow/.local/lib/python3.8/site-packages/airflow/example_dags/example_kubernetes_executor.py
[2025-05-19T23:47:13.134+0000] {processor.py:830} INFO - Processing file /home/airflow/.local/lib/python3.8/site-packages/airflow/example_dags/example_kubernetes_executor.py for tasks to queue
[2025-05-19T23:47:13.194+0000] {logging_mixin.py:188} INFO - [2025-05-19T23:47:13.189+0000] {dagbag.py:540} INFO - Filling up the DagBag from /home/airflow/.local/lib/python3.8/site-packages/airflow/example_dags/example_kubernetes_executor.py
[2025-05-19T23:47:15.552+0000] {processor.py:840} INFO - DAG(s) 'example_kubernetes_executor' retrieved from /home/airflow/.local/lib/python3.8/site-packages/airflow/example_dags/example_kubernetes_executor.py
[2025-05-19T23:47:18.932+0000] {logging_mixin.py:188} INFO - [2025-05-19T23:47:18.931+0000] {dag.py:3047} INFO - Sync 1 DAGs
[2025-05-19T23:47:19.021+0000] {logging_mixin.py:188} INFO - [2025-05-19T23:47:19.021+0000] {dag.py:3834} INFO - Setting next_dagrun for example_kubernetes_executor to None, run_after=None
[2025-05-19T23:47:21.007+0000] {processor.py:183} INFO - Processing /home/airflow/.local/lib/python3.8/site-packages/airflow/example_dags/example_kubernetes_executor.py took 8.081 seconds
