[2025-05-19T23:05:16.040+0000] {processor.py:161} INFO - Started process (PID=106) to work on /home/airflow/.local/lib/python3.8/site-packages/airflow/example_dags/example_branch_datetime_operator.py
[2025-05-19T23:05:16.043+0000] {processor.py:830} INFO - Processing file /home/airflow/.local/lib/python3.8/site-packages/airflow/example_dags/example_branch_datetime_operator.py for tasks to queue
[2025-05-19T23:05:16.049+0000] {logging_mixin.py:188} INFO - [2025-05-19T23:05:16.048+0000] {dagbag.py:540} INFO - Filling up the DagBag from /home/airflow/.local/lib/python3.8/site-packages/airflow/example_dags/example_branch_datetime_operator.py
[2025-05-19T23:05:16.086+0000] {processor.py:840} INFO - DAG(s) 'example_branch_datetime_operator', 'example_branch_datetime_operator_2', 'example_branch_datetime_operator_3' retrieved from /home/airflow/.local/lib/python3.8/site-packages/airflow/example_dags/example_branch_datetime_operator.py
[2025-05-19T23:05:16.396+0000] {logging_mixin.py:188} INFO - [2025-05-19T23:05:16.394+0000] {override.py:1769} INFO - Created Permission View: can edit on DAG:example_branch_datetime_operator
[2025-05-19T23:05:16.421+0000] {logging_mixin.py:188} INFO - [2025-05-19T23:05:16.420+0000] {override.py:1769} INFO - Created Permission View: can delete on DAG:example_branch_datetime_operator
[2025-05-19T23:05:16.441+0000] {logging_mixin.py:188} INFO - [2025-05-19T23:05:16.440+0000] {override.py:1769} INFO - Created Permission View: can read on DAG:example_branch_datetime_operator
[2025-05-19T23:05:16.479+0000] {logging_mixin.py:188} INFO - [2025-05-19T23:05:16.478+0000] {override.py:1769} INFO - Created Permission View: can edit on DAG:example_branch_datetime_operator_2
[2025-05-19T23:05:16.498+0000] {logging_mixin.py:188} INFO - [2025-05-19T23:05:16.497+0000] {override.py:1769} INFO - Created Permission View: can delete on DAG:example_branch_datetime_operator_2
[2025-05-19T23:05:16.530+0000] {logging_mixin.py:188} INFO - [2025-05-19T23:05:16.529+0000] {override.py:1769} INFO - Created Permission View: can read on DAG:example_branch_datetime_operator_2
[2025-05-19T23:05:16.567+0000] {logging_mixin.py:188} INFO - [2025-05-19T23:05:16.566+0000] {override.py:1769} INFO - Created Permission View: can edit on DAG:example_branch_datetime_operator_3
[2025-05-19T23:05:16.588+0000] {logging_mixin.py:188} INFO - [2025-05-19T23:05:16.588+0000] {override.py:1769} INFO - Created Permission View: can delete on DAG:example_branch_datetime_operator_3
[2025-05-19T23:05:16.610+0000] {logging_mixin.py:188} INFO - [2025-05-19T23:05:16.609+0000] {override.py:1769} INFO - Created Permission View: can read on DAG:example_branch_datetime_operator_3
[2025-05-19T23:05:16.612+0000] {logging_mixin.py:188} INFO - [2025-05-19T23:05:16.611+0000] {dag.py:3047} INFO - Sync 3 DAGs
[2025-05-19T23:05:16.649+0000] {logging_mixin.py:188} INFO - [2025-05-19T23:05:16.648+0000] {dag.py:3069} INFO - Creating ORM DAG for example_branch_datetime_operator_3
[2025-05-19T23:05:16.652+0000] {logging_mixin.py:188} INFO - [2025-05-19T23:05:16.651+0000] {dag.py:3069} INFO - Creating ORM DAG for example_branch_datetime_operator_2
[2025-05-19T23:05:16.654+0000] {logging_mixin.py:188} INFO - [2025-05-19T23:05:16.654+0000] {dag.py:3069} INFO - Creating ORM DAG for example_branch_datetime_operator
[2025-05-19T23:05:16.691+0000] {logging_mixin.py:188} INFO - [2025-05-19T23:05:16.690+0000] {dag.py:3834} INFO - Setting next_dagrun for example_branch_datetime_operator to 2025-05-18 00:00:00+00:00, run_after=2025-05-19 00:00:00+00:00
[2025-05-19T23:05:16.698+0000] {logging_mixin.py:188} INFO - [2025-05-19T23:05:16.698+0000] {dag.py:3834} INFO - Setting next_dagrun for example_branch_datetime_operator_2 to 2025-05-18 00:00:00+00:00, run_after=2025-05-19 00:00:00+00:00
[2025-05-19T23:05:16.705+0000] {logging_mixin.py:188} INFO - [2025-05-19T23:05:16.705+0000] {dag.py:3834} INFO - Setting next_dagrun for example_branch_datetime_operator_3 to 2025-05-18 00:00:00+00:00, run_after=2025-05-19 00:00:00+00:00
[2025-05-19T23:05:16.766+0000] {processor.py:183} INFO - Processing /home/airflow/.local/lib/python3.8/site-packages/airflow/example_dags/example_branch_datetime_operator.py took 0.735 seconds
[2025-05-19T23:05:47.153+0000] {processor.py:161} INFO - Started process (PID=163) to work on /home/airflow/.local/lib/python3.8/site-packages/airflow/example_dags/example_branch_datetime_operator.py
[2025-05-19T23:05:47.156+0000] {processor.py:830} INFO - Processing file /home/airflow/.local/lib/python3.8/site-packages/airflow/example_dags/example_branch_datetime_operator.py for tasks to queue
[2025-05-19T23:05:47.162+0000] {logging_mixin.py:188} INFO - [2025-05-19T23:05:47.161+0000] {dagbag.py:540} INFO - Filling up the DagBag from /home/airflow/.local/lib/python3.8/site-packages/airflow/example_dags/example_branch_datetime_operator.py
[2025-05-19T23:05:47.203+0000] {processor.py:840} INFO - DAG(s) 'example_branch_datetime_operator_3', 'example_branch_datetime_operator', 'example_branch_datetime_operator_2' retrieved from /home/airflow/.local/lib/python3.8/site-packages/airflow/example_dags/example_branch_datetime_operator.py
[2025-05-19T23:05:47.264+0000] {logging_mixin.py:188} INFO - [2025-05-19T23:05:47.263+0000] {dag.py:3047} INFO - Sync 3 DAGs
[2025-05-19T23:05:47.313+0000] {logging_mixin.py:188} INFO - [2025-05-19T23:05:47.312+0000] {dag.py:3834} INFO - Setting next_dagrun for example_branch_datetime_operator to 2025-05-18 00:00:00+00:00, run_after=2025-05-19 00:00:00+00:00
[2025-05-19T23:05:47.324+0000] {logging_mixin.py:188} INFO - [2025-05-19T23:05:47.323+0000] {dag.py:3834} INFO - Setting next_dagrun for example_branch_datetime_operator_2 to 2025-05-18 00:00:00+00:00, run_after=2025-05-19 00:00:00+00:00
[2025-05-19T23:05:47.330+0000] {logging_mixin.py:188} INFO - [2025-05-19T23:05:47.330+0000] {dag.py:3834} INFO - Setting next_dagrun for example_branch_datetime_operator_3 to 2025-05-18 00:00:00+00:00, run_after=2025-05-19 00:00:00+00:00
[2025-05-19T23:05:47.371+0000] {processor.py:183} INFO - Processing /home/airflow/.local/lib/python3.8/site-packages/airflow/example_dags/example_branch_datetime_operator.py took 0.227 seconds
[2025-05-19T23:06:17.947+0000] {processor.py:161} INFO - Started process (PID=220) to work on /home/airflow/.local/lib/python3.8/site-packages/airflow/example_dags/example_branch_datetime_operator.py
[2025-05-19T23:06:17.952+0000] {processor.py:830} INFO - Processing file /home/airflow/.local/lib/python3.8/site-packages/airflow/example_dags/example_branch_datetime_operator.py for tasks to queue
[2025-05-19T23:06:17.961+0000] {logging_mixin.py:188} INFO - [2025-05-19T23:06:17.960+0000] {dagbag.py:540} INFO - Filling up the DagBag from /home/airflow/.local/lib/python3.8/site-packages/airflow/example_dags/example_branch_datetime_operator.py
[2025-05-19T23:06:18.025+0000] {processor.py:840} INFO - DAG(s) 'example_branch_datetime_operator_2', 'example_branch_datetime_operator', 'example_branch_datetime_operator_3' retrieved from /home/airflow/.local/lib/python3.8/site-packages/airflow/example_dags/example_branch_datetime_operator.py
[2025-05-19T23:06:18.107+0000] {logging_mixin.py:188} INFO - [2025-05-19T23:06:18.107+0000] {dag.py:3047} INFO - Sync 3 DAGs
[2025-05-19T23:06:18.170+0000] {logging_mixin.py:188} INFO - [2025-05-19T23:06:18.169+0000] {dag.py:3834} INFO - Setting next_dagrun for example_branch_datetime_operator to 2025-05-18 00:00:00+00:00, run_after=2025-05-19 00:00:00+00:00
[2025-05-19T23:06:18.185+0000] {logging_mixin.py:188} INFO - [2025-05-19T23:06:18.184+0000] {dag.py:3834} INFO - Setting next_dagrun for example_branch_datetime_operator_2 to 2025-05-18 00:00:00+00:00, run_after=2025-05-19 00:00:00+00:00
[2025-05-19T23:06:18.193+0000] {logging_mixin.py:188} INFO - [2025-05-19T23:06:18.193+0000] {dag.py:3834} INFO - Setting next_dagrun for example_branch_datetime_operator_3 to 2025-05-18 00:00:00+00:00, run_after=2025-05-19 00:00:00+00:00
[2025-05-19T23:06:18.267+0000] {processor.py:183} INFO - Processing /home/airflow/.local/lib/python3.8/site-packages/airflow/example_dags/example_branch_datetime_operator.py took 0.334 seconds
[2025-05-19T23:06:48.740+0000] {processor.py:161} INFO - Started process (PID=283) to work on /home/airflow/.local/lib/python3.8/site-packages/airflow/example_dags/example_branch_datetime_operator.py
[2025-05-19T23:06:48.743+0000] {processor.py:830} INFO - Processing file /home/airflow/.local/lib/python3.8/site-packages/airflow/example_dags/example_branch_datetime_operator.py for tasks to queue
[2025-05-19T23:06:48.749+0000] {logging_mixin.py:188} INFO - [2025-05-19T23:06:48.748+0000] {dagbag.py:540} INFO - Filling up the DagBag from /home/airflow/.local/lib/python3.8/site-packages/airflow/example_dags/example_branch_datetime_operator.py
[2025-05-19T23:06:48.792+0000] {processor.py:840} INFO - DAG(s) 'example_branch_datetime_operator_3', 'example_branch_datetime_operator', 'example_branch_datetime_operator_2' retrieved from /home/airflow/.local/lib/python3.8/site-packages/airflow/example_dags/example_branch_datetime_operator.py
[2025-05-19T23:06:48.883+0000] {logging_mixin.py:188} INFO - [2025-05-19T23:06:48.882+0000] {dag.py:3047} INFO - Sync 3 DAGs
[2025-05-19T23:06:49.057+0000] {logging_mixin.py:188} INFO - [2025-05-19T23:06:49.055+0000] {dag.py:3834} INFO - Setting next_dagrun for example_branch_datetime_operator to 2025-05-18 00:00:00+00:00, run_after=2025-05-19 00:00:00+00:00
[2025-05-19T23:06:49.102+0000] {logging_mixin.py:188} INFO - [2025-05-19T23:06:49.100+0000] {dag.py:3834} INFO - Setting next_dagrun for example_branch_datetime_operator_2 to 2025-05-18 00:00:00+00:00, run_after=2025-05-19 00:00:00+00:00
[2025-05-19T23:06:49.116+0000] {logging_mixin.py:188} INFO - [2025-05-19T23:06:49.116+0000] {dag.py:3834} INFO - Setting next_dagrun for example_branch_datetime_operator_3 to 2025-05-18 00:00:00+00:00, run_after=2025-05-19 00:00:00+00:00
[2025-05-19T23:06:49.200+0000] {processor.py:183} INFO - Processing /home/airflow/.local/lib/python3.8/site-packages/airflow/example_dags/example_branch_datetime_operator.py took 0.473 seconds
[2025-05-19T23:07:19.799+0000] {processor.py:161} INFO - Started process (PID=340) to work on /home/airflow/.local/lib/python3.8/site-packages/airflow/example_dags/example_branch_datetime_operator.py
[2025-05-19T23:07:19.803+0000] {processor.py:830} INFO - Processing file /home/airflow/.local/lib/python3.8/site-packages/airflow/example_dags/example_branch_datetime_operator.py for tasks to queue
[2025-05-19T23:07:19.810+0000] {logging_mixin.py:188} INFO - [2025-05-19T23:07:19.809+0000] {dagbag.py:540} INFO - Filling up the DagBag from /home/airflow/.local/lib/python3.8/site-packages/airflow/example_dags/example_branch_datetime_operator.py
[2025-05-19T23:07:19.845+0000] {processor.py:840} INFO - DAG(s) 'example_branch_datetime_operator_3', 'example_branch_datetime_operator', 'example_branch_datetime_operator_2' retrieved from /home/airflow/.local/lib/python3.8/site-packages/airflow/example_dags/example_branch_datetime_operator.py
[2025-05-19T23:07:19.929+0000] {logging_mixin.py:188} INFO - [2025-05-19T23:07:19.929+0000] {dag.py:3047} INFO - Sync 3 DAGs
[2025-05-19T23:07:19.998+0000] {logging_mixin.py:188} INFO - [2025-05-19T23:07:19.997+0000] {dag.py:3834} INFO - Setting next_dagrun for example_branch_datetime_operator to 2025-05-18 00:00:00+00:00, run_after=2025-05-19 00:00:00+00:00
[2025-05-19T23:07:20.011+0000] {logging_mixin.py:188} INFO - [2025-05-19T23:07:20.011+0000] {dag.py:3834} INFO - Setting next_dagrun for example_branch_datetime_operator_2 to 2025-05-18 00:00:00+00:00, run_after=2025-05-19 00:00:00+00:00
[2025-05-19T23:07:20.018+0000] {logging_mixin.py:188} INFO - [2025-05-19T23:07:20.017+0000] {dag.py:3834} INFO - Setting next_dagrun for example_branch_datetime_operator_3 to 2025-05-18 00:00:00+00:00, run_after=2025-05-19 00:00:00+00:00
[2025-05-19T23:07:20.100+0000] {processor.py:183} INFO - Processing /home/airflow/.local/lib/python3.8/site-packages/airflow/example_dags/example_branch_datetime_operator.py took 0.312 seconds
[2025-05-19T23:07:50.568+0000] {processor.py:161} INFO - Started process (PID=397) to work on /home/airflow/.local/lib/python3.8/site-packages/airflow/example_dags/example_branch_datetime_operator.py
[2025-05-19T23:07:50.573+0000] {processor.py:830} INFO - Processing file /home/airflow/.local/lib/python3.8/site-packages/airflow/example_dags/example_branch_datetime_operator.py for tasks to queue
[2025-05-19T23:07:50.582+0000] {logging_mixin.py:188} INFO - [2025-05-19T23:07:50.580+0000] {dagbag.py:540} INFO - Filling up the DagBag from /home/airflow/.local/lib/python3.8/site-packages/airflow/example_dags/example_branch_datetime_operator.py
[2025-05-19T23:07:50.643+0000] {processor.py:840} INFO - DAG(s) 'example_branch_datetime_operator', 'example_branch_datetime_operator_2', 'example_branch_datetime_operator_3' retrieved from /home/airflow/.local/lib/python3.8/site-packages/airflow/example_dags/example_branch_datetime_operator.py
[2025-05-19T23:07:50.789+0000] {logging_mixin.py:188} INFO - [2025-05-19T23:07:50.788+0000] {dag.py:3047} INFO - Sync 3 DAGs
[2025-05-19T23:07:50.847+0000] {logging_mixin.py:188} INFO - [2025-05-19T23:07:50.847+0000] {dag.py:3834} INFO - Setting next_dagrun for example_branch_datetime_operator to 2025-05-18 00:00:00+00:00, run_after=2025-05-19 00:00:00+00:00
[2025-05-19T23:07:50.857+0000] {logging_mixin.py:188} INFO - [2025-05-19T23:07:50.857+0000] {dag.py:3834} INFO - Setting next_dagrun for example_branch_datetime_operator_2 to 2025-05-18 00:00:00+00:00, run_after=2025-05-19 00:00:00+00:00
[2025-05-19T23:07:50.864+0000] {logging_mixin.py:188} INFO - [2025-05-19T23:07:50.863+0000] {dag.py:3834} INFO - Setting next_dagrun for example_branch_datetime_operator_3 to 2025-05-18 00:00:00+00:00, run_after=2025-05-19 00:00:00+00:00
[2025-05-19T23:07:50.949+0000] {processor.py:183} INFO - Processing /home/airflow/.local/lib/python3.8/site-packages/airflow/example_dags/example_branch_datetime_operator.py took 0.399 seconds
[2025-05-19T23:08:21.578+0000] {processor.py:161} INFO - Started process (PID=454) to work on /home/airflow/.local/lib/python3.8/site-packages/airflow/example_dags/example_branch_datetime_operator.py
[2025-05-19T23:08:21.584+0000] {processor.py:830} INFO - Processing file /home/airflow/.local/lib/python3.8/site-packages/airflow/example_dags/example_branch_datetime_operator.py for tasks to queue
[2025-05-19T23:08:21.596+0000] {logging_mixin.py:188} INFO - [2025-05-19T23:08:21.594+0000] {dagbag.py:540} INFO - Filling up the DagBag from /home/airflow/.local/lib/python3.8/site-packages/airflow/example_dags/example_branch_datetime_operator.py
[2025-05-19T23:08:21.668+0000] {processor.py:840} INFO - DAG(s) 'example_branch_datetime_operator_3', 'example_branch_datetime_operator', 'example_branch_datetime_operator_2' retrieved from /home/airflow/.local/lib/python3.8/site-packages/airflow/example_dags/example_branch_datetime_operator.py
[2025-05-19T23:08:21.747+0000] {logging_mixin.py:188} INFO - [2025-05-19T23:08:21.747+0000] {dag.py:3047} INFO - Sync 3 DAGs
[2025-05-19T23:08:21.799+0000] {logging_mixin.py:188} INFO - [2025-05-19T23:08:21.799+0000] {dag.py:3834} INFO - Setting next_dagrun for example_branch_datetime_operator to 2025-05-18 00:00:00+00:00, run_after=2025-05-19 00:00:00+00:00
[2025-05-19T23:08:21.809+0000] {logging_mixin.py:188} INFO - [2025-05-19T23:08:21.809+0000] {dag.py:3834} INFO - Setting next_dagrun for example_branch_datetime_operator_2 to 2025-05-18 00:00:00+00:00, run_after=2025-05-19 00:00:00+00:00
[2025-05-19T23:08:21.818+0000] {logging_mixin.py:188} INFO - [2025-05-19T23:08:21.818+0000] {dag.py:3834} INFO - Setting next_dagrun for example_branch_datetime_operator_3 to 2025-05-18 00:00:00+00:00, run_after=2025-05-19 00:00:00+00:00
[2025-05-19T23:08:21.943+0000] {processor.py:183} INFO - Processing /home/airflow/.local/lib/python3.8/site-packages/airflow/example_dags/example_branch_datetime_operator.py took 0.395 seconds
[2025-05-19T23:08:52.532+0000] {processor.py:161} INFO - Started process (PID=511) to work on /home/airflow/.local/lib/python3.8/site-packages/airflow/example_dags/example_branch_datetime_operator.py
[2025-05-19T23:08:52.534+0000] {processor.py:830} INFO - Processing file /home/airflow/.local/lib/python3.8/site-packages/airflow/example_dags/example_branch_datetime_operator.py for tasks to queue
[2025-05-19T23:08:52.539+0000] {logging_mixin.py:188} INFO - [2025-05-19T23:08:52.539+0000] {dagbag.py:540} INFO - Filling up the DagBag from /home/airflow/.local/lib/python3.8/site-packages/airflow/example_dags/example_branch_datetime_operator.py
[2025-05-19T23:08:52.562+0000] {processor.py:840} INFO - DAG(s) 'example_branch_datetime_operator_3', 'example_branch_datetime_operator', 'example_branch_datetime_operator_2' retrieved from /home/airflow/.local/lib/python3.8/site-packages/airflow/example_dags/example_branch_datetime_operator.py
[2025-05-19T23:08:52.656+0000] {logging_mixin.py:188} INFO - [2025-05-19T23:08:52.656+0000] {dag.py:3047} INFO - Sync 3 DAGs
[2025-05-19T23:08:52.719+0000] {logging_mixin.py:188} INFO - [2025-05-19T23:08:52.719+0000] {dag.py:3834} INFO - Setting next_dagrun for example_branch_datetime_operator to 2025-05-18 00:00:00+00:00, run_after=2025-05-19 00:00:00+00:00
[2025-05-19T23:08:52.740+0000] {logging_mixin.py:188} INFO - [2025-05-19T23:08:52.739+0000] {dag.py:3834} INFO - Setting next_dagrun for example_branch_datetime_operator_2 to 2025-05-18 00:00:00+00:00, run_after=2025-05-19 00:00:00+00:00
[2025-05-19T23:08:52.750+0000] {logging_mixin.py:188} INFO - [2025-05-19T23:08:52.749+0000] {dag.py:3834} INFO - Setting next_dagrun for example_branch_datetime_operator_3 to 2025-05-18 00:00:00+00:00, run_after=2025-05-19 00:00:00+00:00
[2025-05-19T23:08:52.836+0000] {processor.py:183} INFO - Processing /home/airflow/.local/lib/python3.8/site-packages/airflow/example_dags/example_branch_datetime_operator.py took 0.311 seconds
[2025-05-19T23:09:23.311+0000] {processor.py:161} INFO - Started process (PID=569) to work on /home/airflow/.local/lib/python3.8/site-packages/airflow/example_dags/example_branch_datetime_operator.py
[2025-05-19T23:09:23.315+0000] {processor.py:830} INFO - Processing file /home/airflow/.local/lib/python3.8/site-packages/airflow/example_dags/example_branch_datetime_operator.py for tasks to queue
[2025-05-19T23:09:23.322+0000] {logging_mixin.py:188} INFO - [2025-05-19T23:09:23.321+0000] {dagbag.py:540} INFO - Filling up the DagBag from /home/airflow/.local/lib/python3.8/site-packages/airflow/example_dags/example_branch_datetime_operator.py
[2025-05-19T23:09:23.384+0000] {processor.py:840} INFO - DAG(s) 'example_branch_datetime_operator_2', 'example_branch_datetime_operator', 'example_branch_datetime_operator_3' retrieved from /home/airflow/.local/lib/python3.8/site-packages/airflow/example_dags/example_branch_datetime_operator.py
[2025-05-19T23:09:23.523+0000] {logging_mixin.py:188} INFO - [2025-05-19T23:09:23.522+0000] {dag.py:3047} INFO - Sync 3 DAGs
[2025-05-19T23:09:23.655+0000] {logging_mixin.py:188} INFO - [2025-05-19T23:09:23.654+0000] {dag.py:3834} INFO - Setting next_dagrun for example_branch_datetime_operator to 2025-05-18 00:00:00+00:00, run_after=2025-05-19 00:00:00+00:00
[2025-05-19T23:09:23.681+0000] {logging_mixin.py:188} INFO - [2025-05-19T23:09:23.681+0000] {dag.py:3834} INFO - Setting next_dagrun for example_branch_datetime_operator_2 to 2025-05-18 00:00:00+00:00, run_after=2025-05-19 00:00:00+00:00
[2025-05-19T23:09:23.690+0000] {logging_mixin.py:188} INFO - [2025-05-19T23:09:23.689+0000] {dag.py:3834} INFO - Setting next_dagrun for example_branch_datetime_operator_3 to 2025-05-18 00:00:00+00:00, run_after=2025-05-19 00:00:00+00:00
[2025-05-19T23:09:23.742+0000] {processor.py:183} INFO - Processing /home/airflow/.local/lib/python3.8/site-packages/airflow/example_dags/example_branch_datetime_operator.py took 0.448 seconds
[2025-05-19T23:09:54.058+0000] {processor.py:161} INFO - Started process (PID=626) to work on /home/airflow/.local/lib/python3.8/site-packages/airflow/example_dags/example_branch_datetime_operator.py
[2025-05-19T23:09:54.061+0000] {processor.py:830} INFO - Processing file /home/airflow/.local/lib/python3.8/site-packages/airflow/example_dags/example_branch_datetime_operator.py for tasks to queue
[2025-05-19T23:09:54.067+0000] {logging_mixin.py:188} INFO - [2025-05-19T23:09:54.066+0000] {dagbag.py:540} INFO - Filling up the DagBag from /home/airflow/.local/lib/python3.8/site-packages/airflow/example_dags/example_branch_datetime_operator.py
[2025-05-19T23:09:54.100+0000] {processor.py:840} INFO - DAG(s) 'example_branch_datetime_operator_3', 'example_branch_datetime_operator_2', 'example_branch_datetime_operator' retrieved from /home/airflow/.local/lib/python3.8/site-packages/airflow/example_dags/example_branch_datetime_operator.py
[2025-05-19T23:09:54.193+0000] {logging_mixin.py:188} INFO - [2025-05-19T23:09:54.192+0000] {dag.py:3047} INFO - Sync 3 DAGs
[2025-05-19T23:09:54.242+0000] {logging_mixin.py:188} INFO - [2025-05-19T23:09:54.242+0000] {dag.py:3834} INFO - Setting next_dagrun for example_branch_datetime_operator to 2025-05-18 00:00:00+00:00, run_after=2025-05-19 00:00:00+00:00
[2025-05-19T23:09:54.253+0000] {logging_mixin.py:188} INFO - [2025-05-19T23:09:54.252+0000] {dag.py:3834} INFO - Setting next_dagrun for example_branch_datetime_operator_2 to 2025-05-18 00:00:00+00:00, run_after=2025-05-19 00:00:00+00:00
[2025-05-19T23:09:54.259+0000] {logging_mixin.py:188} INFO - [2025-05-19T23:09:54.258+0000] {dag.py:3834} INFO - Setting next_dagrun for example_branch_datetime_operator_3 to 2025-05-18 00:00:00+00:00, run_after=2025-05-19 00:00:00+00:00
[2025-05-19T23:09:54.297+0000] {processor.py:183} INFO - Processing /home/airflow/.local/lib/python3.8/site-packages/airflow/example_dags/example_branch_datetime_operator.py took 0.255 seconds
[2025-05-19T23:10:25.784+0000] {processor.py:161} INFO - Started process (PID=683) to work on /home/airflow/.local/lib/python3.8/site-packages/airflow/example_dags/example_branch_datetime_operator.py
[2025-05-19T23:10:25.788+0000] {processor.py:830} INFO - Processing file /home/airflow/.local/lib/python3.8/site-packages/airflow/example_dags/example_branch_datetime_operator.py for tasks to queue
[2025-05-19T23:10:25.794+0000] {logging_mixin.py:188} INFO - [2025-05-19T23:10:25.793+0000] {dagbag.py:540} INFO - Filling up the DagBag from /home/airflow/.local/lib/python3.8/site-packages/airflow/example_dags/example_branch_datetime_operator.py
[2025-05-19T23:10:25.824+0000] {processor.py:840} INFO - DAG(s) 'example_branch_datetime_operator', 'example_branch_datetime_operator_2', 'example_branch_datetime_operator_3' retrieved from /home/airflow/.local/lib/python3.8/site-packages/airflow/example_dags/example_branch_datetime_operator.py
[2025-05-19T23:10:26.188+0000] {logging_mixin.py:188} INFO - [2025-05-19T23:10:26.188+0000] {dag.py:3047} INFO - Sync 3 DAGs
[2025-05-19T23:10:26.245+0000] {logging_mixin.py:188} INFO - [2025-05-19T23:10:26.245+0000] {dag.py:3834} INFO - Setting next_dagrun for example_branch_datetime_operator to 2025-05-18 00:00:00+00:00, run_after=2025-05-19 00:00:00+00:00
[2025-05-19T23:10:26.338+0000] {logging_mixin.py:188} INFO - [2025-05-19T23:10:26.337+0000] {dag.py:3834} INFO - Setting next_dagrun for example_branch_datetime_operator_2 to 2025-05-18 00:00:00+00:00, run_after=2025-05-19 00:00:00+00:00
[2025-05-19T23:10:26.357+0000] {logging_mixin.py:188} INFO - [2025-05-19T23:10:26.357+0000] {dag.py:3834} INFO - Setting next_dagrun for example_branch_datetime_operator_3 to 2025-05-18 00:00:00+00:00, run_after=2025-05-19 00:00:00+00:00
[2025-05-19T23:10:26.432+0000] {processor.py:183} INFO - Processing /home/airflow/.local/lib/python3.8/site-packages/airflow/example_dags/example_branch_datetime_operator.py took 0.659 seconds
[2025-05-19T23:10:56.618+0000] {processor.py:161} INFO - Started process (PID=741) to work on /home/airflow/.local/lib/python3.8/site-packages/airflow/example_dags/example_branch_datetime_operator.py
[2025-05-19T23:10:56.621+0000] {processor.py:830} INFO - Processing file /home/airflow/.local/lib/python3.8/site-packages/airflow/example_dags/example_branch_datetime_operator.py for tasks to queue
[2025-05-19T23:10:56.627+0000] {logging_mixin.py:188} INFO - [2025-05-19T23:10:56.626+0000] {dagbag.py:540} INFO - Filling up the DagBag from /home/airflow/.local/lib/python3.8/site-packages/airflow/example_dags/example_branch_datetime_operator.py
[2025-05-19T23:10:56.660+0000] {processor.py:840} INFO - DAG(s) 'example_branch_datetime_operator_3', 'example_branch_datetime_operator', 'example_branch_datetime_operator_2' retrieved from /home/airflow/.local/lib/python3.8/site-packages/airflow/example_dags/example_branch_datetime_operator.py
[2025-05-19T23:10:56.754+0000] {logging_mixin.py:188} INFO - [2025-05-19T23:10:56.754+0000] {dag.py:3047} INFO - Sync 3 DAGs
[2025-05-19T23:10:56.829+0000] {logging_mixin.py:188} INFO - [2025-05-19T23:10:56.828+0000] {dag.py:3834} INFO - Setting next_dagrun for example_branch_datetime_operator to 2025-05-18 00:00:00+00:00, run_after=2025-05-19 00:00:00+00:00
[2025-05-19T23:10:56.852+0000] {logging_mixin.py:188} INFO - [2025-05-19T23:10:56.852+0000] {dag.py:3834} INFO - Setting next_dagrun for example_branch_datetime_operator_2 to 2025-05-18 00:00:00+00:00, run_after=2025-05-19 00:00:00+00:00
[2025-05-19T23:10:56.862+0000] {logging_mixin.py:188} INFO - [2025-05-19T23:10:56.861+0000] {dag.py:3834} INFO - Setting next_dagrun for example_branch_datetime_operator_3 to 2025-05-18 00:00:00+00:00, run_after=2025-05-19 00:00:00+00:00
[2025-05-19T23:10:56.918+0000] {processor.py:183} INFO - Processing /home/airflow/.local/lib/python3.8/site-packages/airflow/example_dags/example_branch_datetime_operator.py took 0.308 seconds
[2025-05-19T23:48:04.565+0000] {processor.py:161} INFO - Started process (PID=265) to work on /home/airflow/.local/lib/python3.8/site-packages/airflow/example_dags/example_branch_datetime_operator.py
[2025-05-19T23:48:04.642+0000] {processor.py:830} INFO - Processing file /home/airflow/.local/lib/python3.8/site-packages/airflow/example_dags/example_branch_datetime_operator.py for tasks to queue
[2025-05-19T23:48:04.680+0000] {logging_mixin.py:188} INFO - [2025-05-19T23:48:04.679+0000] {dagbag.py:540} INFO - Filling up the DagBag from /home/airflow/.local/lib/python3.8/site-packages/airflow/example_dags/example_branch_datetime_operator.py
[2025-05-19T23:48:05.333+0000] {processor.py:840} INFO - DAG(s) 'example_branch_datetime_operator_2', 'example_branch_datetime_operator', 'example_branch_datetime_operator_3' retrieved from /home/airflow/.local/lib/python3.8/site-packages/airflow/example_dags/example_branch_datetime_operator.py
[2025-05-19T23:48:07.970+0000] {logging_mixin.py:188} INFO - [2025-05-19T23:48:07.970+0000] {dag.py:3047} INFO - Sync 3 DAGs
[2025-05-19T23:48:08.328+0000] {logging_mixin.py:188} INFO - [2025-05-19T23:48:08.328+0000] {dag.py:3834} INFO - Setting next_dagrun for example_branch_datetime_operator to 2025-05-18 00:00:00+00:00, run_after=2025-05-19 00:00:00+00:00
[2025-05-19T23:48:08.415+0000] {logging_mixin.py:188} INFO - [2025-05-19T23:48:08.415+0000] {dag.py:3834} INFO - Setting next_dagrun for example_branch_datetime_operator_2 to 2025-05-18 00:00:00+00:00, run_after=2025-05-19 00:00:00+00:00
[2025-05-19T23:48:08.482+0000] {logging_mixin.py:188} INFO - [2025-05-19T23:48:08.481+0000] {dag.py:3834} INFO - Setting next_dagrun for example_branch_datetime_operator_3 to 2025-05-18 00:00:00+00:00, run_after=2025-05-19 00:00:00+00:00
[2025-05-19T23:48:08.767+0000] {processor.py:183} INFO - Processing /home/airflow/.local/lib/python3.8/site-packages/airflow/example_dags/example_branch_datetime_operator.py took 4.368 seconds
