[2025-05-19T23:05:12.419+0000] {processor.py:161} INFO - Started process (PID=95) to work on /home/airflow/.local/lib/python3.8/site-packages/airflow/example_dags/example_setup_teardown.py
[2025-05-19T23:05:12.422+0000] {processor.py:830} INFO - Processing file /home/airflow/.local/lib/python3.8/site-packages/airflow/example_dags/example_setup_teardown.py for tasks to queue
[2025-05-19T23:05:12.426+0000] {logging_mixin.py:188} INFO - [2025-05-19T23:05:12.426+0000] {dagbag.py:540} INFO - Filling up the DagBag from /home/airflow/.local/lib/python3.8/site-packages/airflow/example_dags/example_setup_teardown.py
[2025-05-19T23:05:12.450+0000] {processor.py:840} INFO - DAG(s) 'example_setup_teardown' retrieved from /home/airflow/.local/lib/python3.8/site-packages/airflow/example_dags/example_setup_teardown.py
[2025-05-19T23:05:12.894+0000] {logging_mixin.py:188} INFO - [2025-05-19T23:05:12.892+0000] {override.py:1769} INFO - Created Permission View: can edit on DAG:example_setup_teardown
[2025-05-19T23:05:12.932+0000] {logging_mixin.py:188} INFO - [2025-05-19T23:05:12.931+0000] {override.py:1769} INFO - Created Permission View: can delete on DAG:example_setup_teardown
[2025-05-19T23:05:12.970+0000] {logging_mixin.py:188} INFO - [2025-05-19T23:05:12.969+0000] {override.py:1769} INFO - Created Permission View: can read on DAG:example_setup_teardown
[2025-05-19T23:05:12.972+0000] {logging_mixin.py:188} INFO - [2025-05-19T23:05:12.972+0000] {dag.py:3047} INFO - Sync 1 DAGs
[2025-05-19T23:05:13.007+0000] {logging_mixin.py:188} INFO - [2025-05-19T23:05:13.006+0000] {dag.py:3069} INFO - Creating ORM DAG for example_setup_teardown
[2025-05-19T23:05:13.034+0000] {logging_mixin.py:188} INFO - [2025-05-19T23:05:13.033+0000] {dag.py:3834} INFO - Setting next_dagrun for example_setup_teardown to 2025-05-18 00:00:00+00:00, run_after=2025-05-19 00:00:00+00:00
[2025-05-19T23:05:13.175+0000] {processor.py:183} INFO - Processing /home/airflow/.local/lib/python3.8/site-packages/airflow/example_dags/example_setup_teardown.py took 0.763 seconds
[2025-05-19T23:05:43.390+0000] {processor.py:161} INFO - Started process (PID=152) to work on /home/airflow/.local/lib/python3.8/site-packages/airflow/example_dags/example_setup_teardown.py
[2025-05-19T23:05:43.393+0000] {processor.py:830} INFO - Processing file /home/airflow/.local/lib/python3.8/site-packages/airflow/example_dags/example_setup_teardown.py for tasks to queue
[2025-05-19T23:05:43.397+0000] {logging_mixin.py:188} INFO - [2025-05-19T23:05:43.396+0000] {dagbag.py:540} INFO - Filling up the DagBag from /home/airflow/.local/lib/python3.8/site-packages/airflow/example_dags/example_setup_teardown.py
[2025-05-19T23:05:43.414+0000] {processor.py:840} INFO - DAG(s) 'example_setup_teardown' retrieved from /home/airflow/.local/lib/python3.8/site-packages/airflow/example_dags/example_setup_teardown.py
[2025-05-19T23:05:43.505+0000] {logging_mixin.py:188} INFO - [2025-05-19T23:05:43.504+0000] {dag.py:3047} INFO - Sync 1 DAGs
[2025-05-19T23:05:43.618+0000] {logging_mixin.py:188} INFO - [2025-05-19T23:05:43.616+0000] {dag.py:3834} INFO - Setting next_dagrun for example_setup_teardown to 2025-05-18 00:00:00+00:00, run_after=2025-05-19 00:00:00+00:00
[2025-05-19T23:05:43.722+0000] {processor.py:183} INFO - Processing /home/airflow/.local/lib/python3.8/site-packages/airflow/example_dags/example_setup_teardown.py took 0.340 seconds
[2025-05-19T23:06:13.966+0000] {processor.py:161} INFO - Started process (PID=209) to work on /home/airflow/.local/lib/python3.8/site-packages/airflow/example_dags/example_setup_teardown.py
[2025-05-19T23:06:13.970+0000] {processor.py:830} INFO - Processing file /home/airflow/.local/lib/python3.8/site-packages/airflow/example_dags/example_setup_teardown.py for tasks to queue
[2025-05-19T23:06:13.977+0000] {logging_mixin.py:188} INFO - [2025-05-19T23:06:13.976+0000] {dagbag.py:540} INFO - Filling up the DagBag from /home/airflow/.local/lib/python3.8/site-packages/airflow/example_dags/example_setup_teardown.py
[2025-05-19T23:06:14.006+0000] {processor.py:840} INFO - DAG(s) 'example_setup_teardown' retrieved from /home/airflow/.local/lib/python3.8/site-packages/airflow/example_dags/example_setup_teardown.py
[2025-05-19T23:06:14.073+0000] {logging_mixin.py:188} INFO - [2025-05-19T23:06:14.072+0000] {dag.py:3047} INFO - Sync 1 DAGs
[2025-05-19T23:06:14.155+0000] {logging_mixin.py:188} INFO - [2025-05-19T23:06:14.155+0000] {dag.py:3834} INFO - Setting next_dagrun for example_setup_teardown to 2025-05-18 00:00:00+00:00, run_after=2025-05-19 00:00:00+00:00
[2025-05-19T23:06:14.258+0000] {processor.py:183} INFO - Processing /home/airflow/.local/lib/python3.8/site-packages/airflow/example_dags/example_setup_teardown.py took 0.307 seconds
[2025-05-19T23:06:44.849+0000] {processor.py:161} INFO - Started process (PID=266) to work on /home/airflow/.local/lib/python3.8/site-packages/airflow/example_dags/example_setup_teardown.py
[2025-05-19T23:06:44.852+0000] {processor.py:830} INFO - Processing file /home/airflow/.local/lib/python3.8/site-packages/airflow/example_dags/example_setup_teardown.py for tasks to queue
[2025-05-19T23:06:44.856+0000] {logging_mixin.py:188} INFO - [2025-05-19T23:06:44.856+0000] {dagbag.py:540} INFO - Filling up the DagBag from /home/airflow/.local/lib/python3.8/site-packages/airflow/example_dags/example_setup_teardown.py
[2025-05-19T23:06:44.872+0000] {processor.py:840} INFO - DAG(s) 'example_setup_teardown' retrieved from /home/airflow/.local/lib/python3.8/site-packages/airflow/example_dags/example_setup_teardown.py
[2025-05-19T23:06:44.915+0000] {logging_mixin.py:188} INFO - [2025-05-19T23:06:44.915+0000] {dag.py:3047} INFO - Sync 1 DAGs
[2025-05-19T23:06:44.970+0000] {logging_mixin.py:188} INFO - [2025-05-19T23:06:44.969+0000] {dag.py:3834} INFO - Setting next_dagrun for example_setup_teardown to 2025-05-18 00:00:00+00:00, run_after=2025-05-19 00:00:00+00:00
[2025-05-19T23:06:45.059+0000] {processor.py:183} INFO - Processing /home/airflow/.local/lib/python3.8/site-packages/airflow/example_dags/example_setup_teardown.py took 0.219 seconds
[2025-05-19T23:07:15.914+0000] {processor.py:161} INFO - Started process (PID=323) to work on /home/airflow/.local/lib/python3.8/site-packages/airflow/example_dags/example_setup_teardown.py
[2025-05-19T23:07:15.918+0000] {processor.py:830} INFO - Processing file /home/airflow/.local/lib/python3.8/site-packages/airflow/example_dags/example_setup_teardown.py for tasks to queue
[2025-05-19T23:07:15.923+0000] {logging_mixin.py:188} INFO - [2025-05-19T23:07:15.922+0000] {dagbag.py:540} INFO - Filling up the DagBag from /home/airflow/.local/lib/python3.8/site-packages/airflow/example_dags/example_setup_teardown.py
[2025-05-19T23:07:15.939+0000] {processor.py:840} INFO - DAG(s) 'example_setup_teardown' retrieved from /home/airflow/.local/lib/python3.8/site-packages/airflow/example_dags/example_setup_teardown.py
[2025-05-19T23:07:15.989+0000] {logging_mixin.py:188} INFO - [2025-05-19T23:07:15.988+0000] {dag.py:3047} INFO - Sync 1 DAGs
[2025-05-19T23:07:16.043+0000] {logging_mixin.py:188} INFO - [2025-05-19T23:07:16.042+0000] {dag.py:3834} INFO - Setting next_dagrun for example_setup_teardown to 2025-05-18 00:00:00+00:00, run_after=2025-05-19 00:00:00+00:00
[2025-05-19T23:07:16.188+0000] {processor.py:183} INFO - Processing /home/airflow/.local/lib/python3.8/site-packages/airflow/example_dags/example_setup_teardown.py took 0.286 seconds
[2025-05-19T23:07:46.991+0000] {processor.py:161} INFO - Started process (PID=380) to work on /home/airflow/.local/lib/python3.8/site-packages/airflow/example_dags/example_setup_teardown.py
[2025-05-19T23:07:46.996+0000] {processor.py:830} INFO - Processing file /home/airflow/.local/lib/python3.8/site-packages/airflow/example_dags/example_setup_teardown.py for tasks to queue
[2025-05-19T23:07:47.003+0000] {logging_mixin.py:188} INFO - [2025-05-19T23:07:47.003+0000] {dagbag.py:540} INFO - Filling up the DagBag from /home/airflow/.local/lib/python3.8/site-packages/airflow/example_dags/example_setup_teardown.py
[2025-05-19T23:07:47.026+0000] {processor.py:840} INFO - DAG(s) 'example_setup_teardown' retrieved from /home/airflow/.local/lib/python3.8/site-packages/airflow/example_dags/example_setup_teardown.py
[2025-05-19T23:07:47.112+0000] {logging_mixin.py:188} INFO - [2025-05-19T23:07:47.111+0000] {dag.py:3047} INFO - Sync 1 DAGs
[2025-05-19T23:07:47.193+0000] {logging_mixin.py:188} INFO - [2025-05-19T23:07:47.191+0000] {dag.py:3834} INFO - Setting next_dagrun for example_setup_teardown to 2025-05-18 00:00:00+00:00, run_after=2025-05-19 00:00:00+00:00
[2025-05-19T23:07:47.288+0000] {processor.py:183} INFO - Processing /home/airflow/.local/lib/python3.8/site-packages/airflow/example_dags/example_setup_teardown.py took 0.309 seconds
[2025-05-19T23:08:17.891+0000] {processor.py:161} INFO - Started process (PID=438) to work on /home/airflow/.local/lib/python3.8/site-packages/airflow/example_dags/example_setup_teardown.py
[2025-05-19T23:08:17.895+0000] {processor.py:830} INFO - Processing file /home/airflow/.local/lib/python3.8/site-packages/airflow/example_dags/example_setup_teardown.py for tasks to queue
[2025-05-19T23:08:17.905+0000] {logging_mixin.py:188} INFO - [2025-05-19T23:08:17.904+0000] {dagbag.py:540} INFO - Filling up the DagBag from /home/airflow/.local/lib/python3.8/site-packages/airflow/example_dags/example_setup_teardown.py
[2025-05-19T23:08:17.941+0000] {processor.py:840} INFO - DAG(s) 'example_setup_teardown' retrieved from /home/airflow/.local/lib/python3.8/site-packages/airflow/example_dags/example_setup_teardown.py
[2025-05-19T23:08:18.064+0000] {logging_mixin.py:188} INFO - [2025-05-19T23:08:18.063+0000] {dag.py:3047} INFO - Sync 1 DAGs
[2025-05-19T23:08:18.145+0000] {logging_mixin.py:188} INFO - [2025-05-19T23:08:18.144+0000] {dag.py:3834} INFO - Setting next_dagrun for example_setup_teardown to 2025-05-18 00:00:00+00:00, run_after=2025-05-19 00:00:00+00:00
[2025-05-19T23:08:18.258+0000] {processor.py:183} INFO - Processing /home/airflow/.local/lib/python3.8/site-packages/airflow/example_dags/example_setup_teardown.py took 0.382 seconds
[2025-05-19T23:08:49.291+0000] {processor.py:161} INFO - Started process (PID=501) to work on /home/airflow/.local/lib/python3.8/site-packages/airflow/example_dags/example_setup_teardown.py
[2025-05-19T23:08:49.295+0000] {processor.py:830} INFO - Processing file /home/airflow/.local/lib/python3.8/site-packages/airflow/example_dags/example_setup_teardown.py for tasks to queue
[2025-05-19T23:08:49.303+0000] {logging_mixin.py:188} INFO - [2025-05-19T23:08:49.302+0000] {dagbag.py:540} INFO - Filling up the DagBag from /home/airflow/.local/lib/python3.8/site-packages/airflow/example_dags/example_setup_teardown.py
[2025-05-19T23:08:49.323+0000] {processor.py:840} INFO - DAG(s) 'example_setup_teardown' retrieved from /home/airflow/.local/lib/python3.8/site-packages/airflow/example_dags/example_setup_teardown.py
[2025-05-19T23:08:49.390+0000] {logging_mixin.py:188} INFO - [2025-05-19T23:08:49.389+0000] {dag.py:3047} INFO - Sync 1 DAGs
[2025-05-19T23:08:49.449+0000] {logging_mixin.py:188} INFO - [2025-05-19T23:08:49.449+0000] {dag.py:3834} INFO - Setting next_dagrun for example_setup_teardown to 2025-05-18 00:00:00+00:00, run_after=2025-05-19 00:00:00+00:00
[2025-05-19T23:08:49.495+0000] {processor.py:183} INFO - Processing /home/airflow/.local/lib/python3.8/site-packages/airflow/example_dags/example_setup_teardown.py took 0.216 seconds
[2025-05-19T23:09:20.053+0000] {processor.py:161} INFO - Started process (PID=558) to work on /home/airflow/.local/lib/python3.8/site-packages/airflow/example_dags/example_setup_teardown.py
[2025-05-19T23:09:20.056+0000] {processor.py:830} INFO - Processing file /home/airflow/.local/lib/python3.8/site-packages/airflow/example_dags/example_setup_teardown.py for tasks to queue
[2025-05-19T23:09:20.065+0000] {logging_mixin.py:188} INFO - [2025-05-19T23:09:20.063+0000] {dagbag.py:540} INFO - Filling up the DagBag from /home/airflow/.local/lib/python3.8/site-packages/airflow/example_dags/example_setup_teardown.py
[2025-05-19T23:09:20.103+0000] {processor.py:840} INFO - DAG(s) 'example_setup_teardown' retrieved from /home/airflow/.local/lib/python3.8/site-packages/airflow/example_dags/example_setup_teardown.py
[2025-05-19T23:09:20.216+0000] {logging_mixin.py:188} INFO - [2025-05-19T23:09:20.216+0000] {dag.py:3047} INFO - Sync 1 DAGs
[2025-05-19T23:09:20.302+0000] {logging_mixin.py:188} INFO - [2025-05-19T23:09:20.301+0000] {dag.py:3834} INFO - Setting next_dagrun for example_setup_teardown to 2025-05-18 00:00:00+00:00, run_after=2025-05-19 00:00:00+00:00
[2025-05-19T23:09:20.379+0000] {processor.py:183} INFO - Processing /home/airflow/.local/lib/python3.8/site-packages/airflow/example_dags/example_setup_teardown.py took 0.344 seconds
[2025-05-19T23:09:51.681+0000] {processor.py:161} INFO - Started process (PID=615) to work on /home/airflow/.local/lib/python3.8/site-packages/airflow/example_dags/example_setup_teardown.py
[2025-05-19T23:09:51.684+0000] {processor.py:830} INFO - Processing file /home/airflow/.local/lib/python3.8/site-packages/airflow/example_dags/example_setup_teardown.py for tasks to queue
[2025-05-19T23:09:51.690+0000] {logging_mixin.py:188} INFO - [2025-05-19T23:09:51.689+0000] {dagbag.py:540} INFO - Filling up the DagBag from /home/airflow/.local/lib/python3.8/site-packages/airflow/example_dags/example_setup_teardown.py
[2025-05-19T23:09:51.710+0000] {processor.py:840} INFO - DAG(s) 'example_setup_teardown' retrieved from /home/airflow/.local/lib/python3.8/site-packages/airflow/example_dags/example_setup_teardown.py
[2025-05-19T23:09:51.789+0000] {logging_mixin.py:188} INFO - [2025-05-19T23:09:51.788+0000] {dag.py:3047} INFO - Sync 1 DAGs
[2025-05-19T23:09:51.895+0000] {logging_mixin.py:188} INFO - [2025-05-19T23:09:51.894+0000] {dag.py:3834} INFO - Setting next_dagrun for example_setup_teardown to 2025-05-18 00:00:00+00:00, run_after=2025-05-19 00:00:00+00:00
[2025-05-19T23:09:51.966+0000] {processor.py:183} INFO - Processing /home/airflow/.local/lib/python3.8/site-packages/airflow/example_dags/example_setup_teardown.py took 0.298 seconds
[2025-05-19T23:10:22.566+0000] {processor.py:161} INFO - Started process (PID=672) to work on /home/airflow/.local/lib/python3.8/site-packages/airflow/example_dags/example_setup_teardown.py
[2025-05-19T23:10:22.569+0000] {processor.py:830} INFO - Processing file /home/airflow/.local/lib/python3.8/site-packages/airflow/example_dags/example_setup_teardown.py for tasks to queue
[2025-05-19T23:10:22.575+0000] {logging_mixin.py:188} INFO - [2025-05-19T23:10:22.574+0000] {dagbag.py:540} INFO - Filling up the DagBag from /home/airflow/.local/lib/python3.8/site-packages/airflow/example_dags/example_setup_teardown.py
[2025-05-19T23:10:22.590+0000] {processor.py:840} INFO - DAG(s) 'example_setup_teardown' retrieved from /home/airflow/.local/lib/python3.8/site-packages/airflow/example_dags/example_setup_teardown.py
[2025-05-19T23:10:22.618+0000] {logging_mixin.py:188} INFO - [2025-05-19T23:10:22.618+0000] {dag.py:3047} INFO - Sync 1 DAGs
[2025-05-19T23:10:22.673+0000] {logging_mixin.py:188} INFO - [2025-05-19T23:10:22.673+0000] {dag.py:3834} INFO - Setting next_dagrun for example_setup_teardown to 2025-05-18 00:00:00+00:00, run_after=2025-05-19 00:00:00+00:00
[2025-05-19T23:10:22.720+0000] {processor.py:183} INFO - Processing /home/airflow/.local/lib/python3.8/site-packages/airflow/example_dags/example_setup_teardown.py took 0.164 seconds
[2025-05-19T23:10:53.446+0000] {processor.py:161} INFO - Started process (PID=728) to work on /home/airflow/.local/lib/python3.8/site-packages/airflow/example_dags/example_setup_teardown.py
[2025-05-19T23:10:53.449+0000] {processor.py:830} INFO - Processing file /home/airflow/.local/lib/python3.8/site-packages/airflow/example_dags/example_setup_teardown.py for tasks to queue
[2025-05-19T23:10:53.453+0000] {logging_mixin.py:188} INFO - [2025-05-19T23:10:53.452+0000] {dagbag.py:540} INFO - Filling up the DagBag from /home/airflow/.local/lib/python3.8/site-packages/airflow/example_dags/example_setup_teardown.py
[2025-05-19T23:10:53.495+0000] {processor.py:840} INFO - DAG(s) 'example_setup_teardown' retrieved from /home/airflow/.local/lib/python3.8/site-packages/airflow/example_dags/example_setup_teardown.py
[2025-05-19T23:10:53.739+0000] {logging_mixin.py:188} INFO - [2025-05-19T23:10:53.738+0000] {dag.py:3047} INFO - Sync 1 DAGs
[2025-05-19T23:10:53.799+0000] {logging_mixin.py:188} INFO - [2025-05-19T23:10:53.798+0000] {dag.py:3834} INFO - Setting next_dagrun for example_setup_teardown to 2025-05-18 00:00:00+00:00, run_after=2025-05-19 00:00:00+00:00
[2025-05-19T23:10:53.885+0000] {processor.py:183} INFO - Processing /home/airflow/.local/lib/python3.8/site-packages/airflow/example_dags/example_setup_teardown.py took 0.446 seconds
[2025-05-19T23:47:11.616+0000] {processor.py:161} INFO - Started process (PID=242) to work on /home/airflow/.local/lib/python3.8/site-packages/airflow/example_dags/example_setup_teardown.py
[2025-05-19T23:47:11.632+0000] {processor.py:830} INFO - Processing file /home/airflow/.local/lib/python3.8/site-packages/airflow/example_dags/example_setup_teardown.py for tasks to queue
[2025-05-19T23:47:11.653+0000] {logging_mixin.py:188} INFO - [2025-05-19T23:47:11.652+0000] {dagbag.py:540} INFO - Filling up the DagBag from /home/airflow/.local/lib/python3.8/site-packages/airflow/example_dags/example_setup_teardown.py
[2025-05-19T23:47:11.784+0000] {processor.py:840} INFO - DAG(s) 'example_setup_teardown' retrieved from /home/airflow/.local/lib/python3.8/site-packages/airflow/example_dags/example_setup_teardown.py
[2025-05-19T23:47:13.729+0000] {logging_mixin.py:188} INFO - [2025-05-19T23:47:13.728+0000] {dag.py:3047} INFO - Sync 1 DAGs
[2025-05-19T23:47:13.919+0000] {logging_mixin.py:188} INFO - [2025-05-19T23:47:13.918+0000] {dag.py:3834} INFO - Setting next_dagrun for example_setup_teardown to 2025-05-18 00:00:00+00:00, run_after=2025-05-19 00:00:00+00:00
[2025-05-19T23:47:14.428+0000] {processor.py:183} INFO - Processing /home/airflow/.local/lib/python3.8/site-packages/airflow/example_dags/example_setup_teardown.py took 3.199 seconds
