[2025-05-19T23:05:11.212+0000] {processor.py:161} INFO - Started process (PID=91) to work on /home/airflow/.local/lib/python3.8/site-packages/airflow/example_dags/example_python_decorator.py
[2025-05-19T23:05:11.216+0000] {processor.py:830} INFO - Processing file /home/airflow/.local/lib/python3.8/site-packages/airflow/example_dags/example_python_decorator.py for tasks to queue
[2025-05-19T23:05:11.225+0000] {logging_mixin.py:188} INFO - [2025-05-19T23:05:11.223+0000] {dagbag.py:540} INFO - Filling up the DagBag from /home/airflow/.local/lib/python3.8/site-packages/airflow/example_dags/example_python_decorator.py
[2025-05-19T23:05:11.277+0000] {processor.py:840} INFO - DAG(s) 'example_python_decorator' retrieved from /home/airflow/.local/lib/python3.8/site-packages/airflow/example_dags/example_python_decorator.py
[2025-05-19T23:05:11.622+0000] {logging_mixin.py:188} INFO - [2025-05-19T23:05:11.621+0000] {override.py:1769} INFO - Created Permission View: can edit on DAG:example_python_decorator
[2025-05-19T23:05:11.646+0000] {logging_mixin.py:188} INFO - [2025-05-19T23:05:11.646+0000] {override.py:1769} INFO - Created Permission View: can delete on DAG:example_python_decorator
[2025-05-19T23:05:11.666+0000] {logging_mixin.py:188} INFO - [2025-05-19T23:05:11.666+0000] {override.py:1769} INFO - Created Permission View: can read on DAG:example_python_decorator
[2025-05-19T23:05:11.668+0000] {logging_mixin.py:188} INFO - [2025-05-19T23:05:11.668+0000] {dag.py:3047} INFO - Sync 1 DAGs
[2025-05-19T23:05:11.702+0000] {logging_mixin.py:188} INFO - [2025-05-19T23:05:11.702+0000] {dag.py:3069} INFO - Creating ORM DAG for example_python_decorator
[2025-05-19T23:05:11.705+0000] {logging_mixin.py:188} INFO - [2025-05-19T23:05:11.704+0000] {dag.py:3834} INFO - Setting next_dagrun for example_python_decorator to None, run_after=None
[2025-05-19T23:05:11.785+0000] {processor.py:183} INFO - Processing /home/airflow/.local/lib/python3.8/site-packages/airflow/example_dags/example_python_decorator.py took 0.585 seconds
[2025-05-19T23:05:42.180+0000] {processor.py:161} INFO - Started process (PID=148) to work on /home/airflow/.local/lib/python3.8/site-packages/airflow/example_dags/example_python_decorator.py
[2025-05-19T23:05:42.183+0000] {processor.py:830} INFO - Processing file /home/airflow/.local/lib/python3.8/site-packages/airflow/example_dags/example_python_decorator.py for tasks to queue
[2025-05-19T23:05:42.189+0000] {logging_mixin.py:188} INFO - [2025-05-19T23:05:42.188+0000] {dagbag.py:540} INFO - Filling up the DagBag from /home/airflow/.local/lib/python3.8/site-packages/airflow/example_dags/example_python_decorator.py
[2025-05-19T23:05:42.220+0000] {processor.py:840} INFO - DAG(s) 'example_python_decorator' retrieved from /home/airflow/.local/lib/python3.8/site-packages/airflow/example_dags/example_python_decorator.py
[2025-05-19T23:05:42.273+0000] {logging_mixin.py:188} INFO - [2025-05-19T23:05:42.273+0000] {dag.py:3047} INFO - Sync 1 DAGs
[2025-05-19T23:05:42.301+0000] {logging_mixin.py:188} INFO - [2025-05-19T23:05:42.300+0000] {dag.py:3834} INFO - Setting next_dagrun for example_python_decorator to None, run_after=None
[2025-05-19T23:05:42.440+0000] {processor.py:183} INFO - Processing /home/airflow/.local/lib/python3.8/site-packages/airflow/example_dags/example_python_decorator.py took 0.271 seconds
[2025-05-19T23:06:12.756+0000] {processor.py:161} INFO - Started process (PID=205) to work on /home/airflow/.local/lib/python3.8/site-packages/airflow/example_dags/example_python_decorator.py
[2025-05-19T23:06:12.759+0000] {processor.py:830} INFO - Processing file /home/airflow/.local/lib/python3.8/site-packages/airflow/example_dags/example_python_decorator.py for tasks to queue
[2025-05-19T23:06:12.765+0000] {logging_mixin.py:188} INFO - [2025-05-19T23:06:12.764+0000] {dagbag.py:540} INFO - Filling up the DagBag from /home/airflow/.local/lib/python3.8/site-packages/airflow/example_dags/example_python_decorator.py
[2025-05-19T23:06:12.809+0000] {processor.py:840} INFO - DAG(s) 'example_python_decorator' retrieved from /home/airflow/.local/lib/python3.8/site-packages/airflow/example_dags/example_python_decorator.py
[2025-05-19T23:06:12.868+0000] {logging_mixin.py:188} INFO - [2025-05-19T23:06:12.866+0000] {dag.py:3047} INFO - Sync 1 DAGs
[2025-05-19T23:06:12.898+0000] {logging_mixin.py:188} INFO - [2025-05-19T23:06:12.897+0000] {dag.py:3834} INFO - Setting next_dagrun for example_python_decorator to None, run_after=None
[2025-05-19T23:06:12.963+0000] {processor.py:183} INFO - Processing /home/airflow/.local/lib/python3.8/site-packages/airflow/example_dags/example_python_decorator.py took 0.218 seconds
[2025-05-19T23:06:43.122+0000] {processor.py:161} INFO - Started process (PID=262) to work on /home/airflow/.local/lib/python3.8/site-packages/airflow/example_dags/example_python_decorator.py
[2025-05-19T23:06:43.124+0000] {processor.py:830} INFO - Processing file /home/airflow/.local/lib/python3.8/site-packages/airflow/example_dags/example_python_decorator.py for tasks to queue
[2025-05-19T23:06:43.128+0000] {logging_mixin.py:188} INFO - [2025-05-19T23:06:43.128+0000] {dagbag.py:540} INFO - Filling up the DagBag from /home/airflow/.local/lib/python3.8/site-packages/airflow/example_dags/example_python_decorator.py
[2025-05-19T23:06:43.157+0000] {processor.py:840} INFO - DAG(s) 'example_python_decorator' retrieved from /home/airflow/.local/lib/python3.8/site-packages/airflow/example_dags/example_python_decorator.py
[2025-05-19T23:06:43.204+0000] {logging_mixin.py:188} INFO - [2025-05-19T23:06:43.204+0000] {dag.py:3047} INFO - Sync 1 DAGs
[2025-05-19T23:06:43.234+0000] {logging_mixin.py:188} INFO - [2025-05-19T23:06:43.234+0000] {dag.py:3834} INFO - Setting next_dagrun for example_python_decorator to None, run_after=None
[2025-05-19T23:06:43.336+0000] {processor.py:183} INFO - Processing /home/airflow/.local/lib/python3.8/site-packages/airflow/example_dags/example_python_decorator.py took 0.222 seconds
[2025-05-19T23:07:14.344+0000] {processor.py:161} INFO - Started process (PID=319) to work on /home/airflow/.local/lib/python3.8/site-packages/airflow/example_dags/example_python_decorator.py
[2025-05-19T23:07:14.351+0000] {processor.py:830} INFO - Processing file /home/airflow/.local/lib/python3.8/site-packages/airflow/example_dags/example_python_decorator.py for tasks to queue
[2025-05-19T23:07:14.365+0000] {logging_mixin.py:188} INFO - [2025-05-19T23:07:14.362+0000] {dagbag.py:540} INFO - Filling up the DagBag from /home/airflow/.local/lib/python3.8/site-packages/airflow/example_dags/example_python_decorator.py
[2025-05-19T23:07:14.461+0000] {processor.py:840} INFO - DAG(s) 'example_python_decorator' retrieved from /home/airflow/.local/lib/python3.8/site-packages/airflow/example_dags/example_python_decorator.py
[2025-05-19T23:07:14.651+0000] {logging_mixin.py:188} INFO - [2025-05-19T23:07:14.649+0000] {dag.py:3047} INFO - Sync 1 DAGs
[2025-05-19T23:07:14.727+0000] {logging_mixin.py:188} INFO - [2025-05-19T23:07:14.726+0000] {dag.py:3834} INFO - Setting next_dagrun for example_python_decorator to None, run_after=None
[2025-05-19T23:07:14.838+0000] {processor.py:183} INFO - Processing /home/airflow/.local/lib/python3.8/site-packages/airflow/example_dags/example_python_decorator.py took 0.512 seconds
[2025-05-19T23:07:45.237+0000] {processor.py:161} INFO - Started process (PID=376) to work on /home/airflow/.local/lib/python3.8/site-packages/airflow/example_dags/example_python_decorator.py
[2025-05-19T23:07:45.240+0000] {processor.py:830} INFO - Processing file /home/airflow/.local/lib/python3.8/site-packages/airflow/example_dags/example_python_decorator.py for tasks to queue
[2025-05-19T23:07:45.246+0000] {logging_mixin.py:188} INFO - [2025-05-19T23:07:45.245+0000] {dagbag.py:540} INFO - Filling up the DagBag from /home/airflow/.local/lib/python3.8/site-packages/airflow/example_dags/example_python_decorator.py
[2025-05-19T23:07:45.277+0000] {processor.py:840} INFO - DAG(s) 'example_python_decorator' retrieved from /home/airflow/.local/lib/python3.8/site-packages/airflow/example_dags/example_python_decorator.py
[2025-05-19T23:07:45.341+0000] {logging_mixin.py:188} INFO - [2025-05-19T23:07:45.341+0000] {dag.py:3047} INFO - Sync 1 DAGs
[2025-05-19T23:07:45.380+0000] {logging_mixin.py:188} INFO - [2025-05-19T23:07:45.380+0000] {dag.py:3834} INFO - Setting next_dagrun for example_python_decorator to None, run_after=None
[2025-05-19T23:07:45.463+0000] {processor.py:183} INFO - Processing /home/airflow/.local/lib/python3.8/site-packages/airflow/example_dags/example_python_decorator.py took 0.233 seconds
[2025-05-19T23:08:15.791+0000] {processor.py:161} INFO - Started process (PID=433) to work on /home/airflow/.local/lib/python3.8/site-packages/airflow/example_dags/example_python_decorator.py
[2025-05-19T23:08:15.794+0000] {processor.py:830} INFO - Processing file /home/airflow/.local/lib/python3.8/site-packages/airflow/example_dags/example_python_decorator.py for tasks to queue
[2025-05-19T23:08:15.799+0000] {logging_mixin.py:188} INFO - [2025-05-19T23:08:15.798+0000] {dagbag.py:540} INFO - Filling up the DagBag from /home/airflow/.local/lib/python3.8/site-packages/airflow/example_dags/example_python_decorator.py
[2025-05-19T23:08:15.835+0000] {processor.py:840} INFO - DAG(s) 'example_python_decorator' retrieved from /home/airflow/.local/lib/python3.8/site-packages/airflow/example_dags/example_python_decorator.py
[2025-05-19T23:08:15.887+0000] {logging_mixin.py:188} INFO - [2025-05-19T23:08:15.886+0000] {dag.py:3047} INFO - Sync 1 DAGs
[2025-05-19T23:08:15.911+0000] {logging_mixin.py:188} INFO - [2025-05-19T23:08:15.911+0000] {dag.py:3834} INFO - Setting next_dagrun for example_python_decorator to None, run_after=None
[2025-05-19T23:08:15.957+0000] {processor.py:183} INFO - Processing /home/airflow/.local/lib/python3.8/site-packages/airflow/example_dags/example_python_decorator.py took 0.177 seconds
[2025-05-19T23:08:47.443+0000] {processor.py:161} INFO - Started process (PID=490) to work on /home/airflow/.local/lib/python3.8/site-packages/airflow/example_dags/example_python_decorator.py
[2025-05-19T23:08:47.452+0000] {processor.py:830} INFO - Processing file /home/airflow/.local/lib/python3.8/site-packages/airflow/example_dags/example_python_decorator.py for tasks to queue
[2025-05-19T23:08:47.469+0000] {logging_mixin.py:188} INFO - [2025-05-19T23:08:47.467+0000] {dagbag.py:540} INFO - Filling up the DagBag from /home/airflow/.local/lib/python3.8/site-packages/airflow/example_dags/example_python_decorator.py
[2025-05-19T23:08:47.528+0000] {processor.py:840} INFO - DAG(s) 'example_python_decorator' retrieved from /home/airflow/.local/lib/python3.8/site-packages/airflow/example_dags/example_python_decorator.py
[2025-05-19T23:08:47.598+0000] {logging_mixin.py:188} INFO - [2025-05-19T23:08:47.598+0000] {dag.py:3047} INFO - Sync 1 DAGs
[2025-05-19T23:08:47.642+0000] {logging_mixin.py:188} INFO - [2025-05-19T23:08:47.641+0000] {dag.py:3834} INFO - Setting next_dagrun for example_python_decorator to None, run_after=None
[2025-05-19T23:08:47.747+0000] {processor.py:183} INFO - Processing /home/airflow/.local/lib/python3.8/site-packages/airflow/example_dags/example_python_decorator.py took 0.328 seconds
[2025-05-19T23:09:18.332+0000] {processor.py:161} INFO - Started process (PID=554) to work on /home/airflow/.local/lib/python3.8/site-packages/airflow/example_dags/example_python_decorator.py
[2025-05-19T23:09:18.337+0000] {processor.py:830} INFO - Processing file /home/airflow/.local/lib/python3.8/site-packages/airflow/example_dags/example_python_decorator.py for tasks to queue
[2025-05-19T23:09:18.345+0000] {logging_mixin.py:188} INFO - [2025-05-19T23:09:18.343+0000] {dagbag.py:540} INFO - Filling up the DagBag from /home/airflow/.local/lib/python3.8/site-packages/airflow/example_dags/example_python_decorator.py
[2025-05-19T23:09:18.415+0000] {processor.py:840} INFO - DAG(s) 'example_python_decorator' retrieved from /home/airflow/.local/lib/python3.8/site-packages/airflow/example_dags/example_python_decorator.py
[2025-05-19T23:09:18.481+0000] {logging_mixin.py:188} INFO - [2025-05-19T23:09:18.480+0000] {dag.py:3047} INFO - Sync 1 DAGs
[2025-05-19T23:09:18.514+0000] {logging_mixin.py:188} INFO - [2025-05-19T23:09:18.513+0000] {dag.py:3834} INFO - Setting next_dagrun for example_python_decorator to None, run_after=None
[2025-05-19T23:09:18.574+0000] {processor.py:183} INFO - Processing /home/airflow/.local/lib/python3.8/site-packages/airflow/example_dags/example_python_decorator.py took 0.255 seconds
[2025-05-19T23:09:49.835+0000] {processor.py:161} INFO - Started process (PID=611) to work on /home/airflow/.local/lib/python3.8/site-packages/airflow/example_dags/example_python_decorator.py
[2025-05-19T23:09:49.840+0000] {processor.py:830} INFO - Processing file /home/airflow/.local/lib/python3.8/site-packages/airflow/example_dags/example_python_decorator.py for tasks to queue
[2025-05-19T23:09:49.845+0000] {logging_mixin.py:188} INFO - [2025-05-19T23:09:49.845+0000] {dagbag.py:540} INFO - Filling up the DagBag from /home/airflow/.local/lib/python3.8/site-packages/airflow/example_dags/example_python_decorator.py
[2025-05-19T23:09:49.883+0000] {processor.py:840} INFO - DAG(s) 'example_python_decorator' retrieved from /home/airflow/.local/lib/python3.8/site-packages/airflow/example_dags/example_python_decorator.py
[2025-05-19T23:09:50.001+0000] {logging_mixin.py:188} INFO - [2025-05-19T23:09:49.999+0000] {dag.py:3047} INFO - Sync 1 DAGs
[2025-05-19T23:09:50.043+0000] {logging_mixin.py:188} INFO - [2025-05-19T23:09:50.042+0000] {dag.py:3834} INFO - Setting next_dagrun for example_python_decorator to None, run_after=None
[2025-05-19T23:09:50.101+0000] {processor.py:183} INFO - Processing /home/airflow/.local/lib/python3.8/site-packages/airflow/example_dags/example_python_decorator.py took 0.280 seconds
[2025-05-19T23:10:20.425+0000] {processor.py:161} INFO - Started process (PID=667) to work on /home/airflow/.local/lib/python3.8/site-packages/airflow/example_dags/example_python_decorator.py
[2025-05-19T23:10:20.430+0000] {processor.py:830} INFO - Processing file /home/airflow/.local/lib/python3.8/site-packages/airflow/example_dags/example_python_decorator.py for tasks to queue
[2025-05-19T23:10:20.441+0000] {logging_mixin.py:188} INFO - [2025-05-19T23:10:20.439+0000] {dagbag.py:540} INFO - Filling up the DagBag from /home/airflow/.local/lib/python3.8/site-packages/airflow/example_dags/example_python_decorator.py
[2025-05-19T23:10:20.512+0000] {processor.py:840} INFO - DAG(s) 'example_python_decorator' retrieved from /home/airflow/.local/lib/python3.8/site-packages/airflow/example_dags/example_python_decorator.py
[2025-05-19T23:10:20.556+0000] {logging_mixin.py:188} INFO - [2025-05-19T23:10:20.556+0000] {dag.py:3047} INFO - Sync 1 DAGs
[2025-05-19T23:10:20.605+0000] {logging_mixin.py:188} INFO - [2025-05-19T23:10:20.604+0000] {dag.py:3834} INFO - Setting next_dagrun for example_python_decorator to None, run_after=None
[2025-05-19T23:10:20.663+0000] {processor.py:183} INFO - Processing /home/airflow/.local/lib/python3.8/site-packages/airflow/example_dags/example_python_decorator.py took 0.257 seconds
[2025-05-19T23:10:51.279+0000] {processor.py:161} INFO - Started process (PID=724) to work on /home/airflow/.local/lib/python3.8/site-packages/airflow/example_dags/example_python_decorator.py
[2025-05-19T23:10:51.282+0000] {processor.py:830} INFO - Processing file /home/airflow/.local/lib/python3.8/site-packages/airflow/example_dags/example_python_decorator.py for tasks to queue
[2025-05-19T23:10:51.287+0000] {logging_mixin.py:188} INFO - [2025-05-19T23:10:51.286+0000] {dagbag.py:540} INFO - Filling up the DagBag from /home/airflow/.local/lib/python3.8/site-packages/airflow/example_dags/example_python_decorator.py
[2025-05-19T23:10:51.331+0000] {processor.py:840} INFO - DAG(s) 'example_python_decorator' retrieved from /home/airflow/.local/lib/python3.8/site-packages/airflow/example_dags/example_python_decorator.py
[2025-05-19T23:10:51.678+0000] {logging_mixin.py:188} INFO - [2025-05-19T23:10:51.678+0000] {dag.py:3047} INFO - Sync 1 DAGs
[2025-05-19T23:10:51.705+0000] {logging_mixin.py:188} INFO - [2025-05-19T23:10:51.704+0000] {dag.py:3834} INFO - Setting next_dagrun for example_python_decorator to None, run_after=None
[2025-05-19T23:10:51.762+0000] {processor.py:183} INFO - Processing /home/airflow/.local/lib/python3.8/site-packages/airflow/example_dags/example_python_decorator.py took 0.492 seconds
[2025-05-19T23:46:57.644+0000] {processor.py:161} INFO - Started process (PID=238) to work on /home/airflow/.local/lib/python3.8/site-packages/airflow/example_dags/example_python_decorator.py
[2025-05-19T23:46:57.956+0000] {processor.py:830} INFO - Processing file /home/airflow/.local/lib/python3.8/site-packages/airflow/example_dags/example_python_decorator.py for tasks to queue
[2025-05-19T23:46:57.960+0000] {logging_mixin.py:188} INFO - [2025-05-19T23:46:57.960+0000] {dagbag.py:540} INFO - Filling up the DagBag from /home/airflow/.local/lib/python3.8/site-packages/airflow/example_dags/example_python_decorator.py
[2025-05-19T23:46:58.189+0000] {processor.py:840} INFO - DAG(s) 'example_python_decorator' retrieved from /home/airflow/.local/lib/python3.8/site-packages/airflow/example_dags/example_python_decorator.py
[2025-05-19T23:46:59.402+0000] {logging_mixin.py:188} INFO - [2025-05-19T23:46:59.401+0000] {dag.py:3047} INFO - Sync 1 DAGs
[2025-05-19T23:46:59.646+0000] {logging_mixin.py:188} INFO - [2025-05-19T23:46:59.646+0000] {dag.py:3834} INFO - Setting next_dagrun for example_python_decorator to None, run_after=None
[2025-05-19T23:47:00.426+0000] {processor.py:183} INFO - Processing /home/airflow/.local/lib/python3.8/site-packages/airflow/example_dags/example_python_decorator.py took 2.790 seconds
