[2025-05-19T23:05:15.695+0000] {processor.py:161} INFO - Started process (PID=105) to work on /home/airflow/.local/lib/python3.8/site-packages/airflow/example_dags/example_nested_branch_dag.py
[2025-05-19T23:05:15.700+0000] {processor.py:830} INFO - Processing file /home/airflow/.local/lib/python3.8/site-packages/airflow/example_dags/example_nested_branch_dag.py for tasks to queue
[2025-05-19T23:05:15.708+0000] {logging_mixin.py:188} INFO - [2025-05-19T23:05:15.706+0000] {dagbag.py:540} INFO - Filling up the DagBag from /home/airflow/.local/lib/python3.8/site-packages/airflow/example_dags/example_nested_branch_dag.py
[2025-05-19T23:05:15.774+0000] {processor.py:840} INFO - DAG(s) 'example_nested_branch_dag' retrieved from /home/airflow/.local/lib/python3.8/site-packages/airflow/example_dags/example_nested_branch_dag.py
[2025-05-19T23:05:16.232+0000] {logging_mixin.py:188} INFO - [2025-05-19T23:05:16.230+0000] {override.py:1769} INFO - Created Permission View: can edit on DAG:example_nested_branch_dag
[2025-05-19T23:05:16.268+0000] {logging_mixin.py:188} INFO - [2025-05-19T23:05:16.267+0000] {override.py:1769} INFO - Created Permission View: can delete on DAG:example_nested_branch_dag
[2025-05-19T23:05:16.290+0000] {logging_mixin.py:188} INFO - [2025-05-19T23:05:16.289+0000] {override.py:1769} INFO - Created Permission View: can read on DAG:example_nested_branch_dag
[2025-05-19T23:05:16.291+0000] {logging_mixin.py:188} INFO - [2025-05-19T23:05:16.291+0000] {dag.py:3047} INFO - Sync 1 DAGs
[2025-05-19T23:05:16.320+0000] {logging_mixin.py:188} INFO - [2025-05-19T23:05:16.320+0000] {dag.py:3069} INFO - Creating ORM DAG for example_nested_branch_dag
[2025-05-19T23:05:16.345+0000] {logging_mixin.py:188} INFO - [2025-05-19T23:05:16.344+0000] {dag.py:3834} INFO - Setting next_dagrun for example_nested_branch_dag to 2025-05-18 00:00:00+00:00, run_after=2025-05-19 00:00:00+00:00
[2025-05-19T23:05:16.411+0000] {processor.py:183} INFO - Processing /home/airflow/.local/lib/python3.8/site-packages/airflow/example_dags/example_nested_branch_dag.py took 0.726 seconds
[2025-05-19T23:05:47.128+0000] {processor.py:161} INFO - Started process (PID=162) to work on /home/airflow/.local/lib/python3.8/site-packages/airflow/example_dags/example_nested_branch_dag.py
[2025-05-19T23:05:47.131+0000] {processor.py:830} INFO - Processing file /home/airflow/.local/lib/python3.8/site-packages/airflow/example_dags/example_nested_branch_dag.py for tasks to queue
[2025-05-19T23:05:47.144+0000] {logging_mixin.py:188} INFO - [2025-05-19T23:05:47.142+0000] {dagbag.py:540} INFO - Filling up the DagBag from /home/airflow/.local/lib/python3.8/site-packages/airflow/example_dags/example_nested_branch_dag.py
[2025-05-19T23:05:47.182+0000] {processor.py:840} INFO - DAG(s) 'example_nested_branch_dag' retrieved from /home/airflow/.local/lib/python3.8/site-packages/airflow/example_dags/example_nested_branch_dag.py
[2025-05-19T23:05:47.241+0000] {logging_mixin.py:188} INFO - [2025-05-19T23:05:47.241+0000] {dag.py:3047} INFO - Sync 1 DAGs
[2025-05-19T23:05:47.286+0000] {logging_mixin.py:188} INFO - [2025-05-19T23:05:47.285+0000] {dag.py:3834} INFO - Setting next_dagrun for example_nested_branch_dag to 2025-05-18 00:00:00+00:00, run_after=2025-05-19 00:00:00+00:00
[2025-05-19T23:05:47.352+0000] {processor.py:183} INFO - Processing /home/airflow/.local/lib/python3.8/site-packages/airflow/example_dags/example_nested_branch_dag.py took 0.234 seconds
[2025-05-19T23:06:17.801+0000] {processor.py:161} INFO - Started process (PID=219) to work on /home/airflow/.local/lib/python3.8/site-packages/airflow/example_dags/example_nested_branch_dag.py
[2025-05-19T23:06:17.805+0000] {processor.py:830} INFO - Processing file /home/airflow/.local/lib/python3.8/site-packages/airflow/example_dags/example_nested_branch_dag.py for tasks to queue
[2025-05-19T23:06:17.814+0000] {logging_mixin.py:188} INFO - [2025-05-19T23:06:17.813+0000] {dagbag.py:540} INFO - Filling up the DagBag from /home/airflow/.local/lib/python3.8/site-packages/airflow/example_dags/example_nested_branch_dag.py
[2025-05-19T23:06:17.847+0000] {processor.py:840} INFO - DAG(s) 'example_nested_branch_dag' retrieved from /home/airflow/.local/lib/python3.8/site-packages/airflow/example_dags/example_nested_branch_dag.py
[2025-05-19T23:06:17.925+0000] {logging_mixin.py:188} INFO - [2025-05-19T23:06:17.925+0000] {dag.py:3047} INFO - Sync 1 DAGs
[2025-05-19T23:06:17.818+0000] {logging_mixin.py:188} INFO - [2025-05-19T23:06:17.817+0000] {dag.py:3834} INFO - Setting next_dagrun for example_nested_branch_dag to 2025-05-18 00:00:00+00:00, run_after=2025-05-19 00:00:00+00:00
[2025-05-19T23:06:17.867+0000] {processor.py:183} INFO - Processing /home/airflow/.local/lib/python3.8/site-packages/airflow/example_dags/example_nested_branch_dag.py took 0.293 seconds
[2025-05-19T23:06:48.373+0000] {processor.py:161} INFO - Started process (PID=282) to work on /home/airflow/.local/lib/python3.8/site-packages/airflow/example_dags/example_nested_branch_dag.py
[2025-05-19T23:06:48.378+0000] {processor.py:830} INFO - Processing file /home/airflow/.local/lib/python3.8/site-packages/airflow/example_dags/example_nested_branch_dag.py for tasks to queue
[2025-05-19T23:06:48.383+0000] {logging_mixin.py:188} INFO - [2025-05-19T23:06:48.383+0000] {dagbag.py:540} INFO - Filling up the DagBag from /home/airflow/.local/lib/python3.8/site-packages/airflow/example_dags/example_nested_branch_dag.py
[2025-05-19T23:06:48.416+0000] {processor.py:840} INFO - DAG(s) 'example_nested_branch_dag' retrieved from /home/airflow/.local/lib/python3.8/site-packages/airflow/example_dags/example_nested_branch_dag.py
[2025-05-19T23:06:48.465+0000] {logging_mixin.py:188} INFO - [2025-05-19T23:06:48.464+0000] {dag.py:3047} INFO - Sync 1 DAGs
[2025-05-19T23:06:48.550+0000] {logging_mixin.py:188} INFO - [2025-05-19T23:06:48.549+0000] {dag.py:3834} INFO - Setting next_dagrun for example_nested_branch_dag to 2025-05-18 00:00:00+00:00, run_after=2025-05-19 00:00:00+00:00
[2025-05-19T23:06:48.661+0000] {processor.py:183} INFO - Processing /home/airflow/.local/lib/python3.8/site-packages/airflow/example_dags/example_nested_branch_dag.py took 0.305 seconds
[2025-05-19T23:07:19.439+0000] {processor.py:161} INFO - Started process (PID=339) to work on /home/airflow/.local/lib/python3.8/site-packages/airflow/example_dags/example_nested_branch_dag.py
[2025-05-19T23:07:19.441+0000] {processor.py:830} INFO - Processing file /home/airflow/.local/lib/python3.8/site-packages/airflow/example_dags/example_nested_branch_dag.py for tasks to queue
[2025-05-19T23:07:19.446+0000] {logging_mixin.py:188} INFO - [2025-05-19T23:07:19.445+0000] {dagbag.py:540} INFO - Filling up the DagBag from /home/airflow/.local/lib/python3.8/site-packages/airflow/example_dags/example_nested_branch_dag.py
[2025-05-19T23:07:19.473+0000] {processor.py:840} INFO - DAG(s) 'example_nested_branch_dag' retrieved from /home/airflow/.local/lib/python3.8/site-packages/airflow/example_dags/example_nested_branch_dag.py
[2025-05-19T23:07:19.550+0000] {logging_mixin.py:188} INFO - [2025-05-19T23:07:19.549+0000] {dag.py:3047} INFO - Sync 1 DAGs
[2025-05-19T23:07:19.603+0000] {logging_mixin.py:188} INFO - [2025-05-19T23:07:19.603+0000] {dag.py:3834} INFO - Setting next_dagrun for example_nested_branch_dag to 2025-05-18 00:00:00+00:00, run_after=2025-05-19 00:00:00+00:00
[2025-05-19T23:07:19.709+0000] {processor.py:183} INFO - Processing /home/airflow/.local/lib/python3.8/site-packages/airflow/example_dags/example_nested_branch_dag.py took 0.282 seconds
[2025-05-19T23:07:50.097+0000] {processor.py:161} INFO - Started process (PID=396) to work on /home/airflow/.local/lib/python3.8/site-packages/airflow/example_dags/example_nested_branch_dag.py
[2025-05-19T23:07:50.102+0000] {processor.py:830} INFO - Processing file /home/airflow/.local/lib/python3.8/site-packages/airflow/example_dags/example_nested_branch_dag.py for tasks to queue
[2025-05-19T23:07:50.112+0000] {logging_mixin.py:188} INFO - [2025-05-19T23:07:50.111+0000] {dagbag.py:540} INFO - Filling up the DagBag from /home/airflow/.local/lib/python3.8/site-packages/airflow/example_dags/example_nested_branch_dag.py
[2025-05-19T23:07:50.164+0000] {processor.py:840} INFO - DAG(s) 'example_nested_branch_dag' retrieved from /home/airflow/.local/lib/python3.8/site-packages/airflow/example_dags/example_nested_branch_dag.py
[2025-05-19T23:07:50.253+0000] {logging_mixin.py:188} INFO - [2025-05-19T23:07:50.253+0000] {dag.py:3047} INFO - Sync 1 DAGs
[2025-05-19T23:07:50.309+0000] {logging_mixin.py:188} INFO - [2025-05-19T23:07:50.308+0000] {dag.py:3834} INFO - Setting next_dagrun for example_nested_branch_dag to 2025-05-18 00:00:00+00:00, run_after=2025-05-19 00:00:00+00:00
[2025-05-19T23:07:50.410+0000] {processor.py:183} INFO - Processing /home/airflow/.local/lib/python3.8/site-packages/airflow/example_dags/example_nested_branch_dag.py took 0.329 seconds
[2025-05-19T23:08:20.954+0000] {processor.py:161} INFO - Started process (PID=453) to work on /home/airflow/.local/lib/python3.8/site-packages/airflow/example_dags/example_nested_branch_dag.py
[2025-05-19T23:08:20.960+0000] {processor.py:830} INFO - Processing file /home/airflow/.local/lib/python3.8/site-packages/airflow/example_dags/example_nested_branch_dag.py for tasks to queue
[2025-05-19T23:08:20.970+0000] {logging_mixin.py:188} INFO - [2025-05-19T23:08:20.968+0000] {dagbag.py:540} INFO - Filling up the DagBag from /home/airflow/.local/lib/python3.8/site-packages/airflow/example_dags/example_nested_branch_dag.py
[2025-05-19T23:08:21.024+0000] {processor.py:840} INFO - DAG(s) 'example_nested_branch_dag' retrieved from /home/airflow/.local/lib/python3.8/site-packages/airflow/example_dags/example_nested_branch_dag.py
[2025-05-19T23:08:21.147+0000] {logging_mixin.py:188} INFO - [2025-05-19T23:08:21.146+0000] {dag.py:3047} INFO - Sync 1 DAGs
[2025-05-19T23:08:21.262+0000] {logging_mixin.py:188} INFO - [2025-05-19T23:08:21.261+0000] {dag.py:3834} INFO - Setting next_dagrun for example_nested_branch_dag to 2025-05-18 00:00:00+00:00, run_after=2025-05-19 00:00:00+00:00
[2025-05-19T23:08:21.416+0000] {processor.py:183} INFO - Processing /home/airflow/.local/lib/python3.8/site-packages/airflow/example_dags/example_nested_branch_dag.py took 0.480 seconds
[2025-05-19T23:08:52.038+0000] {processor.py:161} INFO - Started process (PID=510) to work on /home/airflow/.local/lib/python3.8/site-packages/airflow/example_dags/example_nested_branch_dag.py
[2025-05-19T23:08:52.044+0000] {processor.py:830} INFO - Processing file /home/airflow/.local/lib/python3.8/site-packages/airflow/example_dags/example_nested_branch_dag.py for tasks to queue
[2025-05-19T23:08:52.058+0000] {logging_mixin.py:188} INFO - [2025-05-19T23:08:52.055+0000] {dagbag.py:540} INFO - Filling up the DagBag from /home/airflow/.local/lib/python3.8/site-packages/airflow/example_dags/example_nested_branch_dag.py
[2025-05-19T23:08:52.140+0000] {processor.py:840} INFO - DAG(s) 'example_nested_branch_dag' retrieved from /home/airflow/.local/lib/python3.8/site-packages/airflow/example_dags/example_nested_branch_dag.py
[2025-05-19T23:08:52.288+0000] {logging_mixin.py:188} INFO - [2025-05-19T23:08:52.287+0000] {dag.py:3047} INFO - Sync 1 DAGs
[2025-05-19T23:08:52.437+0000] {logging_mixin.py:188} INFO - [2025-05-19T23:08:52.437+0000] {dag.py:3834} INFO - Setting next_dagrun for example_nested_branch_dag to 2025-05-18 00:00:00+00:00, run_after=2025-05-19 00:00:00+00:00
[2025-05-19T23:08:52.476+0000] {processor.py:183} INFO - Processing /home/airflow/.local/lib/python3.8/site-packages/airflow/example_dags/example_nested_branch_dag.py took 0.465 seconds
[2025-05-19T23:09:22.929+0000] {processor.py:161} INFO - Started process (PID=568) to work on /home/airflow/.local/lib/python3.8/site-packages/airflow/example_dags/example_nested_branch_dag.py
[2025-05-19T23:09:22.932+0000] {processor.py:830} INFO - Processing file /home/airflow/.local/lib/python3.8/site-packages/airflow/example_dags/example_nested_branch_dag.py for tasks to queue
[2025-05-19T23:09:22.939+0000] {logging_mixin.py:188} INFO - [2025-05-19T23:09:22.938+0000] {dagbag.py:540} INFO - Filling up the DagBag from /home/airflow/.local/lib/python3.8/site-packages/airflow/example_dags/example_nested_branch_dag.py
[2025-05-19T23:09:22.976+0000] {processor.py:840} INFO - DAG(s) 'example_nested_branch_dag' retrieved from /home/airflow/.local/lib/python3.8/site-packages/airflow/example_dags/example_nested_branch_dag.py
[2025-05-19T23:09:23.062+0000] {logging_mixin.py:188} INFO - [2025-05-19T23:09:23.062+0000] {dag.py:3047} INFO - Sync 1 DAGs
[2025-05-19T23:09:23.150+0000] {logging_mixin.py:188} INFO - [2025-05-19T23:09:23.149+0000] {dag.py:3834} INFO - Setting next_dagrun for example_nested_branch_dag to 2025-05-18 00:00:00+00:00, run_after=2025-05-19 00:00:00+00:00
[2025-05-19T23:09:23.216+0000] {processor.py:183} INFO - Processing /home/airflow/.local/lib/python3.8/site-packages/airflow/example_dags/example_nested_branch_dag.py took 0.299 seconds
[2025-05-19T23:09:53.684+0000] {processor.py:161} INFO - Started process (PID=624) to work on /home/airflow/.local/lib/python3.8/site-packages/airflow/example_dags/example_nested_branch_dag.py
[2025-05-19T23:09:53.687+0000] {processor.py:830} INFO - Processing file /home/airflow/.local/lib/python3.8/site-packages/airflow/example_dags/example_nested_branch_dag.py for tasks to queue
[2025-05-19T23:09:53.692+0000] {logging_mixin.py:188} INFO - [2025-05-19T23:09:53.691+0000] {dagbag.py:540} INFO - Filling up the DagBag from /home/airflow/.local/lib/python3.8/site-packages/airflow/example_dags/example_nested_branch_dag.py
[2025-05-19T23:09:53.719+0000] {processor.py:840} INFO - DAG(s) 'example_nested_branch_dag' retrieved from /home/airflow/.local/lib/python3.8/site-packages/airflow/example_dags/example_nested_branch_dag.py
[2025-05-19T23:09:53.781+0000] {logging_mixin.py:188} INFO - [2025-05-19T23:09:53.779+0000] {dag.py:3047} INFO - Sync 1 DAGs
[2025-05-19T23:09:53.854+0000] {logging_mixin.py:188} INFO - [2025-05-19T23:09:53.854+0000] {dag.py:3834} INFO - Setting next_dagrun for example_nested_branch_dag to 2025-05-18 00:00:00+00:00, run_after=2025-05-19 00:00:00+00:00
[2025-05-19T23:09:53.918+0000] {processor.py:183} INFO - Processing /home/airflow/.local/lib/python3.8/site-packages/airflow/example_dags/example_nested_branch_dag.py took 0.241 seconds
[2025-05-19T23:10:25.275+0000] {processor.py:161} INFO - Started process (PID=682) to work on /home/airflow/.local/lib/python3.8/site-packages/airflow/example_dags/example_nested_branch_dag.py
[2025-05-19T23:10:25.279+0000] {processor.py:830} INFO - Processing file /home/airflow/.local/lib/python3.8/site-packages/airflow/example_dags/example_nested_branch_dag.py for tasks to queue
[2025-05-19T23:10:25.283+0000] {logging_mixin.py:188} INFO - [2025-05-19T23:10:25.282+0000] {dagbag.py:540} INFO - Filling up the DagBag from /home/airflow/.local/lib/python3.8/site-packages/airflow/example_dags/example_nested_branch_dag.py
[2025-05-19T23:10:25.313+0000] {processor.py:840} INFO - DAG(s) 'example_nested_branch_dag' retrieved from /home/airflow/.local/lib/python3.8/site-packages/airflow/example_dags/example_nested_branch_dag.py
[2025-05-19T23:10:25.591+0000] {logging_mixin.py:188} INFO - [2025-05-19T23:10:25.591+0000] {dag.py:3047} INFO - Sync 1 DAGs
[2025-05-19T23:10:25.645+0000] {logging_mixin.py:188} INFO - [2025-05-19T23:10:25.645+0000] {dag.py:3834} INFO - Setting next_dagrun for example_nested_branch_dag to 2025-05-18 00:00:00+00:00, run_after=2025-05-19 00:00:00+00:00
[2025-05-19T23:10:25.695+0000] {processor.py:183} INFO - Processing /home/airflow/.local/lib/python3.8/site-packages/airflow/example_dags/example_nested_branch_dag.py took 0.432 seconds
[2025-05-19T23:10:56.340+0000] {processor.py:161} INFO - Started process (PID=739) to work on /home/airflow/.local/lib/python3.8/site-packages/airflow/example_dags/example_nested_branch_dag.py
[2025-05-19T23:10:56.345+0000] {processor.py:830} INFO - Processing file /home/airflow/.local/lib/python3.8/site-packages/airflow/example_dags/example_nested_branch_dag.py for tasks to queue
[2025-05-19T23:10:56.350+0000] {logging_mixin.py:188} INFO - [2025-05-19T23:10:56.349+0000] {dagbag.py:540} INFO - Filling up the DagBag from /home/airflow/.local/lib/python3.8/site-packages/airflow/example_dags/example_nested_branch_dag.py
[2025-05-19T23:10:56.380+0000] {processor.py:840} INFO - DAG(s) 'example_nested_branch_dag' retrieved from /home/airflow/.local/lib/python3.8/site-packages/airflow/example_dags/example_nested_branch_dag.py
[2025-05-19T23:10:56.437+0000] {logging_mixin.py:188} INFO - [2025-05-19T23:10:56.436+0000] {dag.py:3047} INFO - Sync 1 DAGs
[2025-05-19T23:10:56.491+0000] {logging_mixin.py:188} INFO - [2025-05-19T23:10:56.490+0000] {dag.py:3834} INFO - Setting next_dagrun for example_nested_branch_dag to 2025-05-18 00:00:00+00:00, run_after=2025-05-19 00:00:00+00:00
[2025-05-19T23:10:56.539+0000] {processor.py:183} INFO - Processing /home/airflow/.local/lib/python3.8/site-packages/airflow/example_dags/example_nested_branch_dag.py took 0.206 seconds
[2025-05-19T23:48:04.151+0000] {processor.py:161} INFO - Started process (PID=264) to work on /home/airflow/.local/lib/python3.8/site-packages/airflow/example_dags/example_nested_branch_dag.py
[2025-05-19T23:48:04.200+0000] {processor.py:830} INFO - Processing file /home/airflow/.local/lib/python3.8/site-packages/airflow/example_dags/example_nested_branch_dag.py for tasks to queue
[2025-05-19T23:48:04.241+0000] {logging_mixin.py:188} INFO - [2025-05-19T23:48:04.240+0000] {dagbag.py:540} INFO - Filling up the DagBag from /home/airflow/.local/lib/python3.8/site-packages/airflow/example_dags/example_nested_branch_dag.py
[2025-05-19T23:48:04.599+0000] {processor.py:840} INFO - DAG(s) 'example_nested_branch_dag' retrieved from /home/airflow/.local/lib/python3.8/site-packages/airflow/example_dags/example_nested_branch_dag.py
[2025-05-19T23:48:07.579+0000] {logging_mixin.py:188} INFO - [2025-05-19T23:48:07.579+0000] {dag.py:3047} INFO - Sync 1 DAGs
[2025-05-19T23:48:07.848+0000] {logging_mixin.py:188} INFO - [2025-05-19T23:48:07.847+0000] {dag.py:3834} INFO - Setting next_dagrun for example_nested_branch_dag to 2025-05-18 00:00:00+00:00, run_after=2025-05-19 00:00:00+00:00
[2025-05-19T23:48:08.076+0000] {processor.py:183} INFO - Processing /home/airflow/.local/lib/python3.8/site-packages/airflow/example_dags/example_nested_branch_dag.py took 4.144 seconds
