[2025-05-19T23:05:09.340+0000] {processor.py:161} INFO - Started process (PID=86) to work on /home/airflow/.local/lib/python3.8/site-packages/airflow/example_dags/example_latest_only.py
[2025-05-19T23:05:09.343+0000] {processor.py:830} INFO - Processing file /home/airflow/.local/lib/python3.8/site-packages/airflow/example_dags/example_latest_only.py for tasks to queue
[2025-05-19T23:05:09.350+0000] {logging_mixin.py:188} INFO - [2025-05-19T23:05:09.349+0000] {dagbag.py:540} INFO - Filling up the DagBag from /home/airflow/.local/lib/python3.8/site-packages/airflow/example_dags/example_latest_only.py
[2025-05-19T23:05:09.372+0000] {processor.py:840} INFO - DAG(s) 'latest_only' retrieved from /home/airflow/.local/lib/python3.8/site-packages/airflow/example_dags/example_latest_only.py
[2025-05-19T23:05:09.686+0000] {logging_mixin.py:188} INFO - [2025-05-19T23:05:09.683+0000] {override.py:1769} INFO - Created Permission View: can edit on DAG:latest_only
[2025-05-19T23:05:09.716+0000] {logging_mixin.py:188} INFO - [2025-05-19T23:05:09.716+0000] {override.py:1769} INFO - Created Permission View: can delete on DAG:latest_only
[2025-05-19T23:05:09.740+0000] {logging_mixin.py:188} INFO - [2025-05-19T23:05:09.739+0000] {override.py:1769} INFO - Created Permission View: can read on DAG:latest_only
[2025-05-19T23:05:09.743+0000] {logging_mixin.py:188} INFO - [2025-05-19T23:05:09.742+0000] {dag.py:3047} INFO - Sync 1 DAGs
[2025-05-19T23:05:09.784+0000] {logging_mixin.py:188} INFO - [2025-05-19T23:05:09.783+0000] {dag.py:3069} INFO - Creating ORM DAG for latest_only
[2025-05-19T23:05:09.818+0000] {logging_mixin.py:188} INFO - [2025-05-19T23:05:09.818+0000] {dag.py:3834} INFO - Setting next_dagrun for latest_only to 2025-05-19 16:00:00+00:00, run_after=2025-05-19 20:00:00+00:00
[2025-05-19T23:05:09.889+0000] {processor.py:183} INFO - Processing /home/airflow/.local/lib/python3.8/site-packages/airflow/example_dags/example_latest_only.py took 0.558 seconds
[2025-05-19T23:05:40.031+0000] {processor.py:161} INFO - Started process (PID=143) to work on /home/airflow/.local/lib/python3.8/site-packages/airflow/example_dags/example_latest_only.py
[2025-05-19T23:05:40.037+0000] {processor.py:830} INFO - Processing file /home/airflow/.local/lib/python3.8/site-packages/airflow/example_dags/example_latest_only.py for tasks to queue
[2025-05-19T23:05:40.045+0000] {logging_mixin.py:188} INFO - [2025-05-19T23:05:40.044+0000] {dagbag.py:540} INFO - Filling up the DagBag from /home/airflow/.local/lib/python3.8/site-packages/airflow/example_dags/example_latest_only.py
[2025-05-19T23:05:40.070+0000] {processor.py:840} INFO - DAG(s) 'latest_only' retrieved from /home/airflow/.local/lib/python3.8/site-packages/airflow/example_dags/example_latest_only.py
[2025-05-19T23:05:40.141+0000] {logging_mixin.py:188} INFO - [2025-05-19T23:05:40.141+0000] {dag.py:3047} INFO - Sync 1 DAGs
[2025-05-19T23:05:40.199+0000] {logging_mixin.py:188} INFO - [2025-05-19T23:05:40.199+0000] {dag.py:3834} INFO - Setting next_dagrun for latest_only to 2025-05-19 16:00:00+00:00, run_after=2025-05-19 20:00:00+00:00
[2025-05-19T23:05:40.243+0000] {processor.py:183} INFO - Processing /home/airflow/.local/lib/python3.8/site-packages/airflow/example_dags/example_latest_only.py took 0.227 seconds
[2025-05-19T23:06:10.465+0000] {processor.py:161} INFO - Started process (PID=200) to work on /home/airflow/.local/lib/python3.8/site-packages/airflow/example_dags/example_latest_only.py
[2025-05-19T23:06:10.468+0000] {processor.py:830} INFO - Processing file /home/airflow/.local/lib/python3.8/site-packages/airflow/example_dags/example_latest_only.py for tasks to queue
[2025-05-19T23:06:10.476+0000] {logging_mixin.py:188} INFO - [2025-05-19T23:06:10.475+0000] {dagbag.py:540} INFO - Filling up the DagBag from /home/airflow/.local/lib/python3.8/site-packages/airflow/example_dags/example_latest_only.py
[2025-05-19T23:06:10.493+0000] {processor.py:840} INFO - DAG(s) 'latest_only' retrieved from /home/airflow/.local/lib/python3.8/site-packages/airflow/example_dags/example_latest_only.py
[2025-05-19T23:06:10.562+0000] {logging_mixin.py:188} INFO - [2025-05-19T23:06:10.562+0000] {dag.py:3047} INFO - Sync 1 DAGs
[2025-05-19T23:06:10.628+0000] {logging_mixin.py:188} INFO - [2025-05-19T23:06:10.628+0000] {dag.py:3834} INFO - Setting next_dagrun for latest_only to 2025-05-19 16:00:00+00:00, run_after=2025-05-19 20:00:00+00:00
[2025-05-19T23:06:10.726+0000] {processor.py:183} INFO - Processing /home/airflow/.local/lib/python3.8/site-packages/airflow/example_dags/example_latest_only.py took 0.276 seconds
[2025-05-19T23:06:41.255+0000] {processor.py:161} INFO - Started process (PID=257) to work on /home/airflow/.local/lib/python3.8/site-packages/airflow/example_dags/example_latest_only.py
[2025-05-19T23:06:41.258+0000] {processor.py:830} INFO - Processing file /home/airflow/.local/lib/python3.8/site-packages/airflow/example_dags/example_latest_only.py for tasks to queue
[2025-05-19T23:06:41.263+0000] {logging_mixin.py:188} INFO - [2025-05-19T23:06:41.262+0000] {dagbag.py:540} INFO - Filling up the DagBag from /home/airflow/.local/lib/python3.8/site-packages/airflow/example_dags/example_latest_only.py
[2025-05-19T23:06:41.277+0000] {processor.py:840} INFO - DAG(s) 'latest_only' retrieved from /home/airflow/.local/lib/python3.8/site-packages/airflow/example_dags/example_latest_only.py
[2025-05-19T23:06:41.329+0000] {logging_mixin.py:188} INFO - [2025-05-19T23:06:41.329+0000] {dag.py:3047} INFO - Sync 1 DAGs
[2025-05-19T23:06:41.399+0000] {logging_mixin.py:188} INFO - [2025-05-19T23:06:41.398+0000] {dag.py:3834} INFO - Setting next_dagrun for latest_only to 2025-05-19 16:00:00+00:00, run_after=2025-05-19 20:00:00+00:00
[2025-05-19T23:06:41.540+0000] {processor.py:183} INFO - Processing /home/airflow/.local/lib/python3.8/site-packages/airflow/example_dags/example_latest_only.py took 0.296 seconds
[2025-05-19T23:07:12.222+0000] {processor.py:161} INFO - Started process (PID=314) to work on /home/airflow/.local/lib/python3.8/site-packages/airflow/example_dags/example_latest_only.py
[2025-05-19T23:07:12.225+0000] {processor.py:830} INFO - Processing file /home/airflow/.local/lib/python3.8/site-packages/airflow/example_dags/example_latest_only.py for tasks to queue
[2025-05-19T23:07:12.230+0000] {logging_mixin.py:188} INFO - [2025-05-19T23:07:12.229+0000] {dagbag.py:540} INFO - Filling up the DagBag from /home/airflow/.local/lib/python3.8/site-packages/airflow/example_dags/example_latest_only.py
[2025-05-19T23:07:12.240+0000] {processor.py:840} INFO - DAG(s) 'latest_only' retrieved from /home/airflow/.local/lib/python3.8/site-packages/airflow/example_dags/example_latest_only.py
[2025-05-19T23:07:12.283+0000] {logging_mixin.py:188} INFO - [2025-05-19T23:07:12.282+0000] {dag.py:3047} INFO - Sync 1 DAGs
[2025-05-19T23:07:12.335+0000] {logging_mixin.py:188} INFO - [2025-05-19T23:07:12.334+0000] {dag.py:3834} INFO - Setting next_dagrun for latest_only to 2025-05-19 16:00:00+00:00, run_after=2025-05-19 20:00:00+00:00
[2025-05-19T23:07:12.383+0000] {processor.py:183} INFO - Processing /home/airflow/.local/lib/python3.8/site-packages/airflow/example_dags/example_latest_only.py took 0.169 seconds
[2025-05-19T23:07:43.520+0000] {processor.py:161} INFO - Started process (PID=371) to work on /home/airflow/.local/lib/python3.8/site-packages/airflow/example_dags/example_latest_only.py
[2025-05-19T23:07:43.522+0000] {processor.py:830} INFO - Processing file /home/airflow/.local/lib/python3.8/site-packages/airflow/example_dags/example_latest_only.py for tasks to queue
[2025-05-19T23:07:43.526+0000] {logging_mixin.py:188} INFO - [2025-05-19T23:07:43.526+0000] {dagbag.py:540} INFO - Filling up the DagBag from /home/airflow/.local/lib/python3.8/site-packages/airflow/example_dags/example_latest_only.py
[2025-05-19T23:07:43.538+0000] {processor.py:840} INFO - DAG(s) 'latest_only' retrieved from /home/airflow/.local/lib/python3.8/site-packages/airflow/example_dags/example_latest_only.py
[2025-05-19T23:07:43.582+0000] {logging_mixin.py:188} INFO - [2025-05-19T23:07:43.582+0000] {dag.py:3047} INFO - Sync 1 DAGs
[2025-05-19T23:07:43.650+0000] {logging_mixin.py:188} INFO - [2025-05-19T23:07:43.649+0000] {dag.py:3834} INFO - Setting next_dagrun for latest_only to 2025-05-19 16:00:00+00:00, run_after=2025-05-19 20:00:00+00:00
[2025-05-19T23:07:43.704+0000] {processor.py:183} INFO - Processing /home/airflow/.local/lib/python3.8/site-packages/airflow/example_dags/example_latest_only.py took 0.193 seconds
[2025-05-19T23:08:14.977+0000] {processor.py:161} INFO - Started process (PID=428) to work on /home/airflow/.local/lib/python3.8/site-packages/airflow/example_dags/example_latest_only.py
[2025-05-19T23:08:14.980+0000] {processor.py:830} INFO - Processing file /home/airflow/.local/lib/python3.8/site-packages/airflow/example_dags/example_latest_only.py for tasks to queue
[2025-05-19T23:08:14.987+0000] {logging_mixin.py:188} INFO - [2025-05-19T23:08:14.986+0000] {dagbag.py:540} INFO - Filling up the DagBag from /home/airflow/.local/lib/python3.8/site-packages/airflow/example_dags/example_latest_only.py
[2025-05-19T23:08:14.999+0000] {processor.py:840} INFO - DAG(s) 'latest_only' retrieved from /home/airflow/.local/lib/python3.8/site-packages/airflow/example_dags/example_latest_only.py
[2025-05-19T23:08:15.054+0000] {logging_mixin.py:188} INFO - [2025-05-19T23:08:15.053+0000] {dag.py:3047} INFO - Sync 1 DAGs
[2025-05-19T23:08:15.137+0000] {logging_mixin.py:188} INFO - [2025-05-19T23:08:15.136+0000] {dag.py:3834} INFO - Setting next_dagrun for latest_only to 2025-05-19 16:00:00+00:00, run_after=2025-05-19 20:00:00+00:00
[2025-05-19T23:08:15.206+0000] {processor.py:183} INFO - Processing /home/airflow/.local/lib/python3.8/site-packages/airflow/example_dags/example_latest_only.py took 0.236 seconds
[2025-05-19T23:08:46.276+0000] {processor.py:161} INFO - Started process (PID=485) to work on /home/airflow/.local/lib/python3.8/site-packages/airflow/example_dags/example_latest_only.py
[2025-05-19T23:08:46.279+0000] {processor.py:830} INFO - Processing file /home/airflow/.local/lib/python3.8/site-packages/airflow/example_dags/example_latest_only.py for tasks to queue
[2025-05-19T23:08:46.284+0000] {logging_mixin.py:188} INFO - [2025-05-19T23:08:46.283+0000] {dagbag.py:540} INFO - Filling up the DagBag from /home/airflow/.local/lib/python3.8/site-packages/airflow/example_dags/example_latest_only.py
[2025-05-19T23:08:46.329+0000] {processor.py:840} INFO - DAG(s) 'latest_only' retrieved from /home/airflow/.local/lib/python3.8/site-packages/airflow/example_dags/example_latest_only.py
[2025-05-19T23:08:46.480+0000] {logging_mixin.py:188} INFO - [2025-05-19T23:08:46.480+0000] {dag.py:3047} INFO - Sync 1 DAGs
[2025-05-19T23:08:46.544+0000] {logging_mixin.py:188} INFO - [2025-05-19T23:08:46.543+0000] {dag.py:3834} INFO - Setting next_dagrun for latest_only to 2025-05-19 16:00:00+00:00, run_after=2025-05-19 20:00:00+00:00
[2025-05-19T23:08:46.609+0000] {processor.py:183} INFO - Processing /home/airflow/.local/lib/python3.8/site-packages/airflow/example_dags/example_latest_only.py took 0.347 seconds
[2025-05-19T23:09:16.942+0000] {processor.py:161} INFO - Started process (PID=542) to work on /home/airflow/.local/lib/python3.8/site-packages/airflow/example_dags/example_latest_only.py
[2025-05-19T23:09:16.945+0000] {processor.py:830} INFO - Processing file /home/airflow/.local/lib/python3.8/site-packages/airflow/example_dags/example_latest_only.py for tasks to queue
[2025-05-19T23:09:16.952+0000] {logging_mixin.py:188} INFO - [2025-05-19T23:09:16.951+0000] {dagbag.py:540} INFO - Filling up the DagBag from /home/airflow/.local/lib/python3.8/site-packages/airflow/example_dags/example_latest_only.py
[2025-05-19T23:09:16.982+0000] {processor.py:840} INFO - DAG(s) 'latest_only' retrieved from /home/airflow/.local/lib/python3.8/site-packages/airflow/example_dags/example_latest_only.py
[2025-05-19T23:09:17.069+0000] {logging_mixin.py:188} INFO - [2025-05-19T23:09:17.068+0000] {dag.py:3047} INFO - Sync 1 DAGs
[2025-05-19T23:09:17.235+0000] {logging_mixin.py:188} INFO - [2025-05-19T23:09:17.234+0000] {dag.py:3834} INFO - Setting next_dagrun for latest_only to 2025-05-19 16:00:00+00:00, run_after=2025-05-19 20:00:00+00:00
[2025-05-19T23:09:17.302+0000] {processor.py:183} INFO - Processing /home/airflow/.local/lib/python3.8/site-packages/airflow/example_dags/example_latest_only.py took 0.373 seconds
[2025-05-19T23:09:48.255+0000] {processor.py:161} INFO - Started process (PID=606) to work on /home/airflow/.local/lib/python3.8/site-packages/airflow/example_dags/example_latest_only.py
[2025-05-19T23:09:48.257+0000] {processor.py:830} INFO - Processing file /home/airflow/.local/lib/python3.8/site-packages/airflow/example_dags/example_latest_only.py for tasks to queue
[2025-05-19T23:09:48.262+0000] {logging_mixin.py:188} INFO - [2025-05-19T23:09:48.261+0000] {dagbag.py:540} INFO - Filling up the DagBag from /home/airflow/.local/lib/python3.8/site-packages/airflow/example_dags/example_latest_only.py
[2025-05-19T23:09:48.275+0000] {processor.py:840} INFO - DAG(s) 'latest_only' retrieved from /home/airflow/.local/lib/python3.8/site-packages/airflow/example_dags/example_latest_only.py
[2025-05-19T23:09:48.316+0000] {logging_mixin.py:188} INFO - [2025-05-19T23:09:48.315+0000] {dag.py:3047} INFO - Sync 1 DAGs
[2025-05-19T23:09:48.363+0000] {logging_mixin.py:188} INFO - [2025-05-19T23:09:48.362+0000] {dag.py:3834} INFO - Setting next_dagrun for latest_only to 2025-05-19 16:00:00+00:00, run_after=2025-05-19 20:00:00+00:00
[2025-05-19T23:09:48.403+0000] {processor.py:183} INFO - Processing /home/airflow/.local/lib/python3.8/site-packages/airflow/example_dags/example_latest_only.py took 0.155 seconds
[2025-05-19T23:10:18.824+0000] {processor.py:161} INFO - Started process (PID=662) to work on /home/airflow/.local/lib/python3.8/site-packages/airflow/example_dags/example_latest_only.py
[2025-05-19T23:10:18.827+0000] {processor.py:830} INFO - Processing file /home/airflow/.local/lib/python3.8/site-packages/airflow/example_dags/example_latest_only.py for tasks to queue
[2025-05-19T23:10:18.833+0000] {logging_mixin.py:188} INFO - [2025-05-19T23:10:18.832+0000] {dagbag.py:540} INFO - Filling up the DagBag from /home/airflow/.local/lib/python3.8/site-packages/airflow/example_dags/example_latest_only.py
[2025-05-19T23:10:18.843+0000] {processor.py:840} INFO - DAG(s) 'latest_only' retrieved from /home/airflow/.local/lib/python3.8/site-packages/airflow/example_dags/example_latest_only.py
[2025-05-19T23:10:18.878+0000] {logging_mixin.py:188} INFO - [2025-05-19T23:10:18.877+0000] {dag.py:3047} INFO - Sync 1 DAGs
[2025-05-19T23:10:18.932+0000] {logging_mixin.py:188} INFO - [2025-05-19T23:10:18.931+0000] {dag.py:3834} INFO - Setting next_dagrun for latest_only to 2025-05-19 16:00:00+00:00, run_after=2025-05-19 20:00:00+00:00
[2025-05-19T23:10:18.980+0000] {processor.py:183} INFO - Processing /home/airflow/.local/lib/python3.8/site-packages/airflow/example_dags/example_latest_only.py took 0.170 seconds
[2025-05-19T23:10:49.449+0000] {processor.py:161} INFO - Started process (PID=719) to work on /home/airflow/.local/lib/python3.8/site-packages/airflow/example_dags/example_latest_only.py
[2025-05-19T23:10:49.452+0000] {processor.py:830} INFO - Processing file /home/airflow/.local/lib/python3.8/site-packages/airflow/example_dags/example_latest_only.py for tasks to queue
[2025-05-19T23:10:49.457+0000] {logging_mixin.py:188} INFO - [2025-05-19T23:10:49.456+0000] {dagbag.py:540} INFO - Filling up the DagBag from /home/airflow/.local/lib/python3.8/site-packages/airflow/example_dags/example_latest_only.py
[2025-05-19T23:10:49.477+0000] {processor.py:840} INFO - DAG(s) 'latest_only' retrieved from /home/airflow/.local/lib/python3.8/site-packages/airflow/example_dags/example_latest_only.py
[2025-05-19T23:10:49.763+0000] {logging_mixin.py:188} INFO - [2025-05-19T23:10:49.763+0000] {dag.py:3047} INFO - Sync 1 DAGs
[2025-05-19T23:10:49.829+0000] {logging_mixin.py:188} INFO - [2025-05-19T23:10:49.829+0000] {dag.py:3834} INFO - Setting next_dagrun for latest_only to 2025-05-19 16:00:00+00:00, run_after=2025-05-19 20:00:00+00:00
[2025-05-19T23:10:49.881+0000] {processor.py:183} INFO - Processing /home/airflow/.local/lib/python3.8/site-packages/airflow/example_dags/example_latest_only.py took 0.443 seconds
[2025-05-19T23:46:21.073+0000] {processor.py:161} INFO - Started process (PID=228) to work on /home/airflow/.local/lib/python3.8/site-packages/airflow/example_dags/example_latest_only.py
[2025-05-19T23:46:21.096+0000] {processor.py:830} INFO - Processing file /home/airflow/.local/lib/python3.8/site-packages/airflow/example_dags/example_latest_only.py for tasks to queue
[2025-05-19T23:46:21.171+0000] {logging_mixin.py:188} INFO - [2025-05-19T23:46:21.170+0000] {dagbag.py:540} INFO - Filling up the DagBag from /home/airflow/.local/lib/python3.8/site-packages/airflow/example_dags/example_latest_only.py
[2025-05-19T23:46:21.540+0000] {processor.py:840} INFO - DAG(s) 'latest_only' retrieved from /home/airflow/.local/lib/python3.8/site-packages/airflow/example_dags/example_latest_only.py
[2025-05-19T23:46:26.247+0000] {logging_mixin.py:188} INFO - [2025-05-19T23:46:26.214+0000] {dag.py:3047} INFO - Sync 1 DAGs
[2025-05-19T23:46:28.855+0000] {logging_mixin.py:188} INFO - [2025-05-19T23:46:28.855+0000] {dag.py:3834} INFO - Setting next_dagrun for latest_only to 2025-05-19 16:00:00+00:00, run_after=2025-05-19 20:00:00+00:00
[2025-05-19T23:46:30.132+0000] {processor.py:183} INFO - Processing /home/airflow/.local/lib/python3.8/site-packages/airflow/example_dags/example_latest_only.py took 9.216 seconds
