[2025-05-19T23:05:10.696+0000] {processor.py:161} INFO - Started process (PID=90) to work on /home/airflow/.local/lib/python3.8/site-packages/airflow/example_dags/example_external_task_marker_dag.py
[2025-05-19T23:05:10.699+0000] {processor.py:830} INFO - Processing file /home/airflow/.local/lib/python3.8/site-packages/airflow/example_dags/example_external_task_marker_dag.py for tasks to queue
[2025-05-19T23:05:10.707+0000] {logging_mixin.py:188} INFO - [2025-05-19T23:05:10.706+0000] {dagbag.py:540} INFO - Filling up the DagBag from /home/airflow/.local/lib/python3.8/site-packages/airflow/example_dags/example_external_task_marker_dag.py
[2025-05-19T23:05:10.749+0000] {processor.py:840} INFO - DAG(s) 'example_external_task_marker_child', 'example_external_task_marker_parent' retrieved from /home/airflow/.local/lib/python3.8/site-packages/airflow/example_dags/example_external_task_marker_dag.py
[2025-05-19T23:05:11.130+0000] {logging_mixin.py:188} INFO - [2025-05-19T23:05:11.129+0000] {override.py:1769} INFO - Created Permission View: can edit on DAG:example_external_task_marker_child
[2025-05-19T23:05:11.167+0000] {logging_mixin.py:188} INFO - [2025-05-19T23:05:11.166+0000] {override.py:1769} INFO - Created Permission View: can delete on DAG:example_external_task_marker_child
[2025-05-19T23:05:11.195+0000] {logging_mixin.py:188} INFO - [2025-05-19T23:05:11.194+0000] {override.py:1769} INFO - Created Permission View: can read on DAG:example_external_task_marker_child
[2025-05-19T23:05:11.242+0000] {logging_mixin.py:188} INFO - [2025-05-19T23:05:11.241+0000] {override.py:1769} INFO - Created Permission View: can edit on DAG:example_external_task_marker_parent
[2025-05-19T23:05:11.266+0000] {logging_mixin.py:188} INFO - [2025-05-19T23:05:11.265+0000] {override.py:1769} INFO - Created Permission View: can delete on DAG:example_external_task_marker_parent
[2025-05-19T23:05:11.291+0000] {logging_mixin.py:188} INFO - [2025-05-19T23:05:11.290+0000] {override.py:1769} INFO - Created Permission View: can read on DAG:example_external_task_marker_parent
[2025-05-19T23:05:11.293+0000] {logging_mixin.py:188} INFO - [2025-05-19T23:05:11.293+0000] {dag.py:3047} INFO - Sync 2 DAGs
[2025-05-19T23:05:11.340+0000] {logging_mixin.py:188} INFO - [2025-05-19T23:05:11.339+0000] {dag.py:3069} INFO - Creating ORM DAG for example_external_task_marker_parent
[2025-05-19T23:05:11.342+0000] {logging_mixin.py:188} INFO - [2025-05-19T23:05:11.342+0000] {dag.py:3069} INFO - Creating ORM DAG for example_external_task_marker_child
[2025-05-19T23:05:11.345+0000] {logging_mixin.py:188} INFO - [2025-05-19T23:05:11.344+0000] {dag.py:3834} INFO - Setting next_dagrun for example_external_task_marker_child to None, run_after=None
[2025-05-19T23:05:11.348+0000] {logging_mixin.py:188} INFO - [2025-05-19T23:05:11.347+0000] {dag.py:3834} INFO - Setting next_dagrun for example_external_task_marker_parent to None, run_after=None
[2025-05-19T23:05:11.409+0000] {processor.py:183} INFO - Processing /home/airflow/.local/lib/python3.8/site-packages/airflow/example_dags/example_external_task_marker_dag.py took 0.723 seconds
[2025-05-19T23:05:42.174+0000] {processor.py:161} INFO - Started process (PID=147) to work on /home/airflow/.local/lib/python3.8/site-packages/airflow/example_dags/example_external_task_marker_dag.py
[2025-05-19T23:05:42.177+0000] {processor.py:830} INFO - Processing file /home/airflow/.local/lib/python3.8/site-packages/airflow/example_dags/example_external_task_marker_dag.py for tasks to queue
[2025-05-19T23:05:42.184+0000] {logging_mixin.py:188} INFO - [2025-05-19T23:05:42.183+0000] {dagbag.py:540} INFO - Filling up the DagBag from /home/airflow/.local/lib/python3.8/site-packages/airflow/example_dags/example_external_task_marker_dag.py
[2025-05-19T23:05:42.197+0000] {processor.py:840} INFO - DAG(s) 'example_external_task_marker_parent', 'example_external_task_marker_child' retrieved from /home/airflow/.local/lib/python3.8/site-packages/airflow/example_dags/example_external_task_marker_dag.py
[2025-05-19T23:05:42.256+0000] {logging_mixin.py:188} INFO - [2025-05-19T23:05:42.255+0000] {dag.py:3047} INFO - Sync 2 DAGs
[2025-05-19T23:05:42.283+0000] {logging_mixin.py:188} INFO - [2025-05-19T23:05:42.283+0000] {dag.py:3834} INFO - Setting next_dagrun for example_external_task_marker_child to None, run_after=None
[2025-05-19T23:05:42.291+0000] {logging_mixin.py:188} INFO - [2025-05-19T23:05:42.291+0000] {dag.py:3834} INFO - Setting next_dagrun for example_external_task_marker_parent to None, run_after=None
[2025-05-19T23:05:42.423+0000] {processor.py:183} INFO - Processing /home/airflow/.local/lib/python3.8/site-packages/airflow/example_dags/example_external_task_marker_dag.py took 0.258 seconds
[2025-05-19T23:06:12.747+0000] {processor.py:161} INFO - Started process (PID=204) to work on /home/airflow/.local/lib/python3.8/site-packages/airflow/example_dags/example_external_task_marker_dag.py
[2025-05-19T23:06:12.750+0000] {processor.py:830} INFO - Processing file /home/airflow/.local/lib/python3.8/site-packages/airflow/example_dags/example_external_task_marker_dag.py for tasks to queue
[2025-05-19T23:06:12.760+0000] {logging_mixin.py:188} INFO - [2025-05-19T23:06:12.759+0000] {dagbag.py:540} INFO - Filling up the DagBag from /home/airflow/.local/lib/python3.8/site-packages/airflow/example_dags/example_external_task_marker_dag.py
[2025-05-19T23:06:12.782+0000] {processor.py:840} INFO - DAG(s) 'example_external_task_marker_parent', 'example_external_task_marker_child' retrieved from /home/airflow/.local/lib/python3.8/site-packages/airflow/example_dags/example_external_task_marker_dag.py
[2025-05-19T23:06:12.842+0000] {logging_mixin.py:188} INFO - [2025-05-19T23:06:12.841+0000] {dag.py:3047} INFO - Sync 2 DAGs
[2025-05-19T23:06:12.875+0000] {logging_mixin.py:188} INFO - [2025-05-19T23:06:12.875+0000] {dag.py:3834} INFO - Setting next_dagrun for example_external_task_marker_child to None, run_after=None
[2025-05-19T23:06:12.885+0000] {logging_mixin.py:188} INFO - [2025-05-19T23:06:12.885+0000] {dag.py:3834} INFO - Setting next_dagrun for example_external_task_marker_parent to None, run_after=None
[2025-05-19T23:06:12.942+0000] {processor.py:183} INFO - Processing /home/airflow/.local/lib/python3.8/site-packages/airflow/example_dags/example_external_task_marker_dag.py took 0.205 seconds
[2025-05-19T23:06:43.034+0000] {processor.py:161} INFO - Started process (PID=261) to work on /home/airflow/.local/lib/python3.8/site-packages/airflow/example_dags/example_external_task_marker_dag.py
[2025-05-19T23:06:43.036+0000] {processor.py:830} INFO - Processing file /home/airflow/.local/lib/python3.8/site-packages/airflow/example_dags/example_external_task_marker_dag.py for tasks to queue
[2025-05-19T23:06:43.040+0000] {logging_mixin.py:188} INFO - [2025-05-19T23:06:43.040+0000] {dagbag.py:540} INFO - Filling up the DagBag from /home/airflow/.local/lib/python3.8/site-packages/airflow/example_dags/example_external_task_marker_dag.py
[2025-05-19T23:06:43.056+0000] {processor.py:840} INFO - DAG(s) 'example_external_task_marker_child', 'example_external_task_marker_parent' retrieved from /home/airflow/.local/lib/python3.8/site-packages/airflow/example_dags/example_external_task_marker_dag.py
[2025-05-19T23:06:43.127+0000] {logging_mixin.py:188} INFO - [2025-05-19T23:06:43.127+0000] {dag.py:3047} INFO - Sync 2 DAGs
[2025-05-19T23:06:43.156+0000] {logging_mixin.py:188} INFO - [2025-05-19T23:06:43.156+0000] {dag.py:3834} INFO - Setting next_dagrun for example_external_task_marker_child to None, run_after=None
[2025-05-19T23:06:43.164+0000] {logging_mixin.py:188} INFO - [2025-05-19T23:06:43.163+0000] {dag.py:3834} INFO - Setting next_dagrun for example_external_task_marker_parent to None, run_after=None
[2025-05-19T23:06:43.212+0000] {processor.py:183} INFO - Processing /home/airflow/.local/lib/python3.8/site-packages/airflow/example_dags/example_external_task_marker_dag.py took 0.188 seconds
[2025-05-19T23:07:13.837+0000] {processor.py:161} INFO - Started process (PID=318) to work on /home/airflow/.local/lib/python3.8/site-packages/airflow/example_dags/example_external_task_marker_dag.py
[2025-05-19T23:07:13.840+0000] {processor.py:830} INFO - Processing file /home/airflow/.local/lib/python3.8/site-packages/airflow/example_dags/example_external_task_marker_dag.py for tasks to queue
[2025-05-19T23:07:13.845+0000] {logging_mixin.py:188} INFO - [2025-05-19T23:07:13.844+0000] {dagbag.py:540} INFO - Filling up the DagBag from /home/airflow/.local/lib/python3.8/site-packages/airflow/example_dags/example_external_task_marker_dag.py
[2025-05-19T23:07:13.863+0000] {processor.py:840} INFO - DAG(s) 'example_external_task_marker_parent', 'example_external_task_marker_child' retrieved from /home/airflow/.local/lib/python3.8/site-packages/airflow/example_dags/example_external_task_marker_dag.py
[2025-05-19T23:07:13.925+0000] {logging_mixin.py:188} INFO - [2025-05-19T23:07:13.924+0000] {dag.py:3047} INFO - Sync 2 DAGs
[2025-05-19T23:07:13.959+0000] {logging_mixin.py:188} INFO - [2025-05-19T23:07:13.958+0000] {dag.py:3834} INFO - Setting next_dagrun for example_external_task_marker_child to None, run_after=None
[2025-05-19T23:07:13.969+0000] {logging_mixin.py:188} INFO - [2025-05-19T23:07:13.968+0000] {dag.py:3834} INFO - Setting next_dagrun for example_external_task_marker_parent to None, run_after=None
[2025-05-19T23:07:14.155+0000] {processor.py:183} INFO - Processing /home/airflow/.local/lib/python3.8/site-packages/airflow/example_dags/example_external_task_marker_dag.py took 0.330 seconds
[2025-05-19T23:07:45.206+0000] {processor.py:161} INFO - Started process (PID=375) to work on /home/airflow/.local/lib/python3.8/site-packages/airflow/example_dags/example_external_task_marker_dag.py
[2025-05-19T23:07:45.210+0000] {processor.py:830} INFO - Processing file /home/airflow/.local/lib/python3.8/site-packages/airflow/example_dags/example_external_task_marker_dag.py for tasks to queue
[2025-05-19T23:07:45.218+0000] {logging_mixin.py:188} INFO - [2025-05-19T23:07:45.217+0000] {dagbag.py:540} INFO - Filling up the DagBag from /home/airflow/.local/lib/python3.8/site-packages/airflow/example_dags/example_external_task_marker_dag.py
[2025-05-19T23:07:45.235+0000] {processor.py:840} INFO - DAG(s) 'example_external_task_marker_child', 'example_external_task_marker_parent' retrieved from /home/airflow/.local/lib/python3.8/site-packages/airflow/example_dags/example_external_task_marker_dag.py
[2025-05-19T23:07:45.288+0000] {logging_mixin.py:188} INFO - [2025-05-19T23:07:45.288+0000] {dag.py:3047} INFO - Sync 2 DAGs
[2025-05-19T23:07:45.324+0000] {logging_mixin.py:188} INFO - [2025-05-19T23:07:45.323+0000] {dag.py:3834} INFO - Setting next_dagrun for example_external_task_marker_child to None, run_after=None
[2025-05-19T23:07:45.337+0000] {logging_mixin.py:188} INFO - [2025-05-19T23:07:45.337+0000] {dag.py:3834} INFO - Setting next_dagrun for example_external_task_marker_parent to None, run_after=None
[2025-05-19T23:07:45.441+0000] {processor.py:183} INFO - Processing /home/airflow/.local/lib/python3.8/site-packages/airflow/example_dags/example_external_task_marker_dag.py took 0.246 seconds
[2025-05-19T23:08:15.575+0000] {processor.py:161} INFO - Started process (PID=432) to work on /home/airflow/.local/lib/python3.8/site-packages/airflow/example_dags/example_external_task_marker_dag.py
[2025-05-19T23:08:15.581+0000] {processor.py:830} INFO - Processing file /home/airflow/.local/lib/python3.8/site-packages/airflow/example_dags/example_external_task_marker_dag.py for tasks to queue
[2025-05-19T23:08:15.592+0000] {logging_mixin.py:188} INFO - [2025-05-19T23:08:15.591+0000] {dagbag.py:540} INFO - Filling up the DagBag from /home/airflow/.local/lib/python3.8/site-packages/airflow/example_dags/example_external_task_marker_dag.py
[2025-05-19T23:08:15.637+0000] {processor.py:840} INFO - DAG(s) 'example_external_task_marker_parent', 'example_external_task_marker_child' retrieved from /home/airflow/.local/lib/python3.8/site-packages/airflow/example_dags/example_external_task_marker_dag.py
[2025-05-19T23:08:15.790+0000] {logging_mixin.py:188} INFO - [2025-05-19T23:08:15.789+0000] {dag.py:3047} INFO - Sync 2 DAGs
[2025-05-19T23:08:15.821+0000] {logging_mixin.py:188} INFO - [2025-05-19T23:08:15.820+0000] {dag.py:3834} INFO - Setting next_dagrun for example_external_task_marker_child to None, run_after=None
[2025-05-19T23:08:15.832+0000] {logging_mixin.py:188} INFO - [2025-05-19T23:08:15.831+0000] {dag.py:3834} INFO - Setting next_dagrun for example_external_task_marker_parent to None, run_after=None
[2025-05-19T23:08:15.953+0000] {processor.py:183} INFO - Processing /home/airflow/.local/lib/python3.8/site-packages/airflow/example_dags/example_external_task_marker_dag.py took 0.396 seconds
[2025-05-19T23:08:47.437+0000] {processor.py:161} INFO - Started process (PID=489) to work on /home/airflow/.local/lib/python3.8/site-packages/airflow/example_dags/example_external_task_marker_dag.py
[2025-05-19T23:08:47.445+0000] {processor.py:830} INFO - Processing file /home/airflow/.local/lib/python3.8/site-packages/airflow/example_dags/example_external_task_marker_dag.py for tasks to queue
[2025-05-19T23:08:47.461+0000] {logging_mixin.py:188} INFO - [2025-05-19T23:08:47.458+0000] {dagbag.py:540} INFO - Filling up the DagBag from /home/airflow/.local/lib/python3.8/site-packages/airflow/example_dags/example_external_task_marker_dag.py
[2025-05-19T23:08:47.491+0000] {processor.py:840} INFO - DAG(s) 'example_external_task_marker_child', 'example_external_task_marker_parent' retrieved from /home/airflow/.local/lib/python3.8/site-packages/airflow/example_dags/example_external_task_marker_dag.py
[2025-05-19T23:08:47.577+0000] {logging_mixin.py:188} INFO - [2025-05-19T23:08:47.576+0000] {dag.py:3047} INFO - Sync 2 DAGs
[2025-05-19T23:08:47.616+0000] {logging_mixin.py:188} INFO - [2025-05-19T23:08:47.615+0000] {dag.py:3834} INFO - Setting next_dagrun for example_external_task_marker_child to None, run_after=None
[2025-05-19T23:08:47.629+0000] {logging_mixin.py:188} INFO - [2025-05-19T23:08:47.629+0000] {dag.py:3834} INFO - Setting next_dagrun for example_external_task_marker_parent to None, run_after=None
[2025-05-19T23:08:47.734+0000] {processor.py:183} INFO - Processing /home/airflow/.local/lib/python3.8/site-packages/airflow/example_dags/example_external_task_marker_dag.py took 0.325 seconds
[2025-05-19T23:09:17.940+0000] {processor.py:161} INFO - Started process (PID=546) to work on /home/airflow/.local/lib/python3.8/site-packages/airflow/example_dags/example_external_task_marker_dag.py
[2025-05-19T23:09:17.944+0000] {processor.py:830} INFO - Processing file /home/airflow/.local/lib/python3.8/site-packages/airflow/example_dags/example_external_task_marker_dag.py for tasks to queue
[2025-05-19T23:09:17.950+0000] {logging_mixin.py:188} INFO - [2025-05-19T23:09:17.949+0000] {dagbag.py:540} INFO - Filling up the DagBag from /home/airflow/.local/lib/python3.8/site-packages/airflow/example_dags/example_external_task_marker_dag.py
[2025-05-19T23:09:17.971+0000] {processor.py:840} INFO - DAG(s) 'example_external_task_marker_parent', 'example_external_task_marker_child' retrieved from /home/airflow/.local/lib/python3.8/site-packages/airflow/example_dags/example_external_task_marker_dag.py
[2025-05-19T23:09:18.095+0000] {logging_mixin.py:188} INFO - [2025-05-19T23:09:18.094+0000] {dag.py:3047} INFO - Sync 2 DAGs
[2025-05-19T23:09:18.138+0000] {logging_mixin.py:188} INFO - [2025-05-19T23:09:18.137+0000] {dag.py:3834} INFO - Setting next_dagrun for example_external_task_marker_child to None, run_after=None
[2025-05-19T23:09:18.151+0000] {logging_mixin.py:188} INFO - [2025-05-19T23:09:18.150+0000] {dag.py:3834} INFO - Setting next_dagrun for example_external_task_marker_parent to None, run_after=None
[2025-05-19T23:09:18.225+0000] {processor.py:183} INFO - Processing /home/airflow/.local/lib/python3.8/site-packages/airflow/example_dags/example_external_task_marker_dag.py took 0.296 seconds
[2025-05-19T23:09:49.545+0000] {processor.py:161} INFO - Started process (PID=610) to work on /home/airflow/.local/lib/python3.8/site-packages/airflow/example_dags/example_external_task_marker_dag.py
[2025-05-19T23:09:49.548+0000] {processor.py:830} INFO - Processing file /home/airflow/.local/lib/python3.8/site-packages/airflow/example_dags/example_external_task_marker_dag.py for tasks to queue
[2025-05-19T23:09:49.553+0000] {logging_mixin.py:188} INFO - [2025-05-19T23:09:49.553+0000] {dagbag.py:540} INFO - Filling up the DagBag from /home/airflow/.local/lib/python3.8/site-packages/airflow/example_dags/example_external_task_marker_dag.py
[2025-05-19T23:09:49.570+0000] {processor.py:840} INFO - DAG(s) 'example_external_task_marker_parent', 'example_external_task_marker_child' retrieved from /home/airflow/.local/lib/python3.8/site-packages/airflow/example_dags/example_external_task_marker_dag.py
[2025-05-19T23:09:49.628+0000] {logging_mixin.py:188} INFO - [2025-05-19T23:09:49.627+0000] {dag.py:3047} INFO - Sync 2 DAGs
[2025-05-19T23:09:49.685+0000] {logging_mixin.py:188} INFO - [2025-05-19T23:09:49.684+0000] {dag.py:3834} INFO - Setting next_dagrun for example_external_task_marker_child to None, run_after=None
[2025-05-19T23:09:49.696+0000] {logging_mixin.py:188} INFO - [2025-05-19T23:09:49.696+0000] {dag.py:3834} INFO - Setting next_dagrun for example_external_task_marker_parent to None, run_after=None
[2025-05-19T23:09:49.751+0000] {processor.py:183} INFO - Processing /home/airflow/.local/lib/python3.8/site-packages/airflow/example_dags/example_external_task_marker_dag.py took 0.215 seconds
[2025-05-19T23:10:20.047+0000] {processor.py:161} INFO - Started process (PID=666) to work on /home/airflow/.local/lib/python3.8/site-packages/airflow/example_dags/example_external_task_marker_dag.py
[2025-05-19T23:10:20.051+0000] {processor.py:830} INFO - Processing file /home/airflow/.local/lib/python3.8/site-packages/airflow/example_dags/example_external_task_marker_dag.py for tasks to queue
[2025-05-19T23:10:20.060+0000] {logging_mixin.py:188} INFO - [2025-05-19T23:10:20.059+0000] {dagbag.py:540} INFO - Filling up the DagBag from /home/airflow/.local/lib/python3.8/site-packages/airflow/example_dags/example_external_task_marker_dag.py
[2025-05-19T23:10:20.082+0000] {processor.py:840} INFO - DAG(s) 'example_external_task_marker_parent', 'example_external_task_marker_child' retrieved from /home/airflow/.local/lib/python3.8/site-packages/airflow/example_dags/example_external_task_marker_dag.py
[2025-05-19T23:10:20.131+0000] {logging_mixin.py:188} INFO - [2025-05-19T23:10:20.131+0000] {dag.py:3047} INFO - Sync 2 DAGs
[2025-05-19T23:10:20.186+0000] {logging_mixin.py:188} INFO - [2025-05-19T23:10:20.185+0000] {dag.py:3834} INFO - Setting next_dagrun for example_external_task_marker_child to None, run_after=None
[2025-05-19T23:10:20.205+0000] {logging_mixin.py:188} INFO - [2025-05-19T23:10:20.205+0000] {dag.py:3834} INFO - Setting next_dagrun for example_external_task_marker_parent to None, run_after=None
[2025-05-19T23:10:20.270+0000] {processor.py:183} INFO - Processing /home/airflow/.local/lib/python3.8/site-packages/airflow/example_dags/example_external_task_marker_dag.py took 0.238 seconds
[2025-05-19T23:10:50.649+0000] {processor.py:161} INFO - Started process (PID=723) to work on /home/airflow/.local/lib/python3.8/site-packages/airflow/example_dags/example_external_task_marker_dag.py
[2025-05-19T23:10:50.652+0000] {processor.py:830} INFO - Processing file /home/airflow/.local/lib/python3.8/site-packages/airflow/example_dags/example_external_task_marker_dag.py for tasks to queue
[2025-05-19T23:10:50.658+0000] {logging_mixin.py:188} INFO - [2025-05-19T23:10:50.657+0000] {dagbag.py:540} INFO - Filling up the DagBag from /home/airflow/.local/lib/python3.8/site-packages/airflow/example_dags/example_external_task_marker_dag.py
[2025-05-19T23:10:50.679+0000] {processor.py:840} INFO - DAG(s) 'example_external_task_marker_child', 'example_external_task_marker_parent' retrieved from /home/airflow/.local/lib/python3.8/site-packages/airflow/example_dags/example_external_task_marker_dag.py
[2025-05-19T23:10:51.179+0000] {logging_mixin.py:188} INFO - [2025-05-19T23:10:51.178+0000] {dag.py:3047} INFO - Sync 2 DAGs
[2025-05-19T23:10:51.209+0000] {logging_mixin.py:188} INFO - [2025-05-19T23:10:51.209+0000] {dag.py:3834} INFO - Setting next_dagrun for example_external_task_marker_child to None, run_after=None
[2025-05-19T23:10:51.217+0000] {logging_mixin.py:188} INFO - [2025-05-19T23:10:51.217+0000] {dag.py:3834} INFO - Setting next_dagrun for example_external_task_marker_parent to None, run_after=None
[2025-05-19T23:10:51.267+0000] {processor.py:183} INFO - Processing /home/airflow/.local/lib/python3.8/site-packages/airflow/example_dags/example_external_task_marker_dag.py took 0.629 seconds
[2025-05-19T23:46:43.176+0000] {processor.py:161} INFO - Started process (PID=232) to work on /home/airflow/.local/lib/python3.8/site-packages/airflow/example_dags/example_external_task_marker_dag.py
[2025-05-19T23:46:43.186+0000] {processor.py:830} INFO - Processing file /home/airflow/.local/lib/python3.8/site-packages/airflow/example_dags/example_external_task_marker_dag.py for tasks to queue
[2025-05-19T23:46:43.217+0000] {logging_mixin.py:188} INFO - [2025-05-19T23:46:43.216+0000] {dagbag.py:540} INFO - Filling up the DagBag from /home/airflow/.local/lib/python3.8/site-packages/airflow/example_dags/example_external_task_marker_dag.py
[2025-05-19T23:46:43.292+0000] {processor.py:840} INFO - DAG(s) 'example_external_task_marker_child', 'example_external_task_marker_parent' retrieved from /home/airflow/.local/lib/python3.8/site-packages/airflow/example_dags/example_external_task_marker_dag.py
[2025-05-19T23:46:51.132+0000] {logging_mixin.py:188} INFO - [2025-05-19T23:46:51.130+0000] {dag.py:3047} INFO - Sync 2 DAGs
[2025-05-19T23:46:51.460+0000] {logging_mixin.py:188} INFO - [2025-05-19T23:46:51.459+0000] {dag.py:3834} INFO - Setting next_dagrun for example_external_task_marker_child to None, run_after=None
[2025-05-19T23:46:51.645+0000] {logging_mixin.py:188} INFO - [2025-05-19T23:46:51.644+0000] {dag.py:3834} INFO - Setting next_dagrun for example_external_task_marker_parent to None, run_after=None
[2025-05-19T23:46:52.696+0000] {processor.py:183} INFO - Processing /home/airflow/.local/lib/python3.8/site-packages/airflow/example_dags/example_external_task_marker_dag.py took 9.586 seconds
