[2025-05-19T23:05:05.243+0000] {processor.py:161} INFO - Started process (PID=76) to work on /home/airflow/.local/lib/python3.8/site-packages/airflow/example_dags/example_dag_decorator.py
[2025-05-19T23:05:05.246+0000] {processor.py:830} INFO - Processing file /home/airflow/.local/lib/python3.8/site-packages/airflow/example_dags/example_dag_decorator.py for tasks to queue
[2025-05-19T23:05:05.251+0000] {logging_mixin.py:188} INFO - [2025-05-19T23:05:05.250+0000] {dagbag.py:540} INFO - Filling up the DagBag from /home/airflow/.local/lib/python3.8/site-packages/airflow/example_dags/example_dag_decorator.py
[2025-05-19T23:05:06.006+0000] {processor.py:840} INFO - DAG(s) 'example_dag_decorator' retrieved from /home/airflow/.local/lib/python3.8/site-packages/airflow/example_dags/example_dag_decorator.py
[2025-05-19T23:05:06.341+0000] {logging_mixin.py:188} INFO - [2025-05-19T23:05:06.339+0000] {override.py:1769} INFO - Created Permission View: can edit on DAG:example_dag_decorator
[2025-05-19T23:05:06.380+0000] {logging_mixin.py:188} INFO - [2025-05-19T23:05:06.379+0000] {override.py:1769} INFO - Created Permission View: can delete on DAG:example_dag_decorator
[2025-05-19T23:05:06.404+0000] {logging_mixin.py:188} INFO - [2025-05-19T23:05:06.404+0000] {override.py:1769} INFO - Created Permission View: can read on DAG:example_dag_decorator
[2025-05-19T23:05:06.406+0000] {logging_mixin.py:188} INFO - [2025-05-19T23:05:06.406+0000] {dag.py:3047} INFO - Sync 1 DAGs
[2025-05-19T23:05:06.443+0000] {logging_mixin.py:188} INFO - [2025-05-19T23:05:06.442+0000] {dag.py:3069} INFO - Creating ORM DAG for example_dag_decorator
[2025-05-19T23:05:06.446+0000] {logging_mixin.py:188} INFO - [2025-05-19T23:05:06.445+0000] {dag.py:3834} INFO - Setting next_dagrun for example_dag_decorator to None, run_after=None
[2025-05-19T23:05:06.499+0000] {processor.py:183} INFO - Processing /home/airflow/.local/lib/python3.8/site-packages/airflow/example_dags/example_dag_decorator.py took 1.266 seconds
[2025-05-19T23:05:37.216+0000] {processor.py:161} INFO - Started process (PID=133) to work on /home/airflow/.local/lib/python3.8/site-packages/airflow/example_dags/example_dag_decorator.py
[2025-05-19T23:05:37.220+0000] {processor.py:830} INFO - Processing file /home/airflow/.local/lib/python3.8/site-packages/airflow/example_dags/example_dag_decorator.py for tasks to queue
[2025-05-19T23:05:37.228+0000] {logging_mixin.py:188} INFO - [2025-05-19T23:05:37.226+0000] {dagbag.py:540} INFO - Filling up the DagBag from /home/airflow/.local/lib/python3.8/site-packages/airflow/example_dags/example_dag_decorator.py
[2025-05-19T23:05:37.597+0000] {processor.py:840} INFO - DAG(s) 'example_dag_decorator' retrieved from /home/airflow/.local/lib/python3.8/site-packages/airflow/example_dags/example_dag_decorator.py
[2025-05-19T23:05:37.901+0000] {logging_mixin.py:188} INFO - [2025-05-19T23:05:37.901+0000] {dag.py:3047} INFO - Sync 1 DAGs
[2025-05-19T23:05:37.927+0000] {logging_mixin.py:188} INFO - [2025-05-19T23:05:37.926+0000] {dag.py:3834} INFO - Setting next_dagrun for example_dag_decorator to None, run_after=None
[2025-05-19T23:05:37.989+0000] {processor.py:183} INFO - Processing /home/airflow/.local/lib/python3.8/site-packages/airflow/example_dags/example_dag_decorator.py took 0.787 seconds
[2025-05-19T23:06:08.455+0000] {processor.py:161} INFO - Started process (PID=191) to work on /home/airflow/.local/lib/python3.8/site-packages/airflow/example_dags/example_dag_decorator.py
[2025-05-19T23:06:08.459+0000] {processor.py:830} INFO - Processing file /home/airflow/.local/lib/python3.8/site-packages/airflow/example_dags/example_dag_decorator.py for tasks to queue
[2025-05-19T23:06:08.469+0000] {logging_mixin.py:188} INFO - [2025-05-19T23:06:08.468+0000] {dagbag.py:540} INFO - Filling up the DagBag from /home/airflow/.local/lib/python3.8/site-packages/airflow/example_dags/example_dag_decorator.py
[2025-05-19T23:06:08.820+0000] {processor.py:840} INFO - DAG(s) 'example_dag_decorator' retrieved from /home/airflow/.local/lib/python3.8/site-packages/airflow/example_dags/example_dag_decorator.py
[2025-05-19T23:06:09.191+0000] {logging_mixin.py:188} INFO - [2025-05-19T23:06:09.190+0000] {dag.py:3047} INFO - Sync 1 DAGs
[2025-05-19T23:06:09.213+0000] {logging_mixin.py:188} INFO - [2025-05-19T23:06:09.213+0000] {dag.py:3834} INFO - Setting next_dagrun for example_dag_decorator to None, run_after=None
[2025-05-19T23:06:09.262+0000] {processor.py:183} INFO - Processing /home/airflow/.local/lib/python3.8/site-packages/airflow/example_dags/example_dag_decorator.py took 0.829 seconds
[2025-05-19T23:06:39.575+0000] {processor.py:161} INFO - Started process (PID=250) to work on /home/airflow/.local/lib/python3.8/site-packages/airflow/example_dags/example_dag_decorator.py
[2025-05-19T23:06:39.578+0000] {processor.py:830} INFO - Processing file /home/airflow/.local/lib/python3.8/site-packages/airflow/example_dags/example_dag_decorator.py for tasks to queue
[2025-05-19T23:06:39.585+0000] {logging_mixin.py:188} INFO - [2025-05-19T23:06:39.584+0000] {dagbag.py:540} INFO - Filling up the DagBag from /home/airflow/.local/lib/python3.8/site-packages/airflow/example_dags/example_dag_decorator.py
[2025-05-19T23:06:39.943+0000] {processor.py:840} INFO - DAG(s) 'example_dag_decorator' retrieved from /home/airflow/.local/lib/python3.8/site-packages/airflow/example_dags/example_dag_decorator.py
[2025-05-19T23:06:40.275+0000] {logging_mixin.py:188} INFO - [2025-05-19T23:06:40.274+0000] {dag.py:3047} INFO - Sync 1 DAGs
[2025-05-19T23:06:40.308+0000] {logging_mixin.py:188} INFO - [2025-05-19T23:06:40.308+0000] {dag.py:3834} INFO - Setting next_dagrun for example_dag_decorator to None, run_after=None
[2025-05-19T23:06:40.412+0000] {processor.py:183} INFO - Processing /home/airflow/.local/lib/python3.8/site-packages/airflow/example_dags/example_dag_decorator.py took 0.847 seconds
[2025-05-19T23:07:11.207+0000] {processor.py:161} INFO - Started process (PID=307) to work on /home/airflow/.local/lib/python3.8/site-packages/airflow/example_dags/example_dag_decorator.py
[2025-05-19T23:07:11.211+0000] {processor.py:830} INFO - Processing file /home/airflow/.local/lib/python3.8/site-packages/airflow/example_dags/example_dag_decorator.py for tasks to queue
[2025-05-19T23:07:11.221+0000] {logging_mixin.py:188} INFO - [2025-05-19T23:07:11.220+0000] {dagbag.py:540} INFO - Filling up the DagBag from /home/airflow/.local/lib/python3.8/site-packages/airflow/example_dags/example_dag_decorator.py
[2025-05-19T23:07:11.456+0000] {processor.py:840} INFO - DAG(s) 'example_dag_decorator' retrieved from /home/airflow/.local/lib/python3.8/site-packages/airflow/example_dags/example_dag_decorator.py
[2025-05-19T23:07:11.710+0000] {logging_mixin.py:188} INFO - [2025-05-19T23:07:11.710+0000] {dag.py:3047} INFO - Sync 1 DAGs
[2025-05-19T23:07:11.736+0000] {logging_mixin.py:188} INFO - [2025-05-19T23:07:11.735+0000] {dag.py:3834} INFO - Setting next_dagrun for example_dag_decorator to None, run_after=None
[2025-05-19T23:07:11.785+0000] {processor.py:183} INFO - Processing /home/airflow/.local/lib/python3.8/site-packages/airflow/example_dags/example_dag_decorator.py took 0.593 seconds
[2025-05-19T23:07:42.224+0000] {processor.py:161} INFO - Started process (PID=365) to work on /home/airflow/.local/lib/python3.8/site-packages/airflow/example_dags/example_dag_decorator.py
[2025-05-19T23:07:42.226+0000] {processor.py:830} INFO - Processing file /home/airflow/.local/lib/python3.8/site-packages/airflow/example_dags/example_dag_decorator.py for tasks to queue
[2025-05-19T23:07:42.231+0000] {logging_mixin.py:188} INFO - [2025-05-19T23:07:42.230+0000] {dagbag.py:540} INFO - Filling up the DagBag from /home/airflow/.local/lib/python3.8/site-packages/airflow/example_dags/example_dag_decorator.py
[2025-05-19T23:07:42.508+0000] {processor.py:840} INFO - DAG(s) 'example_dag_decorator' retrieved from /home/airflow/.local/lib/python3.8/site-packages/airflow/example_dags/example_dag_decorator.py
[2025-05-19T23:07:42.975+0000] {logging_mixin.py:188} INFO - [2025-05-19T23:07:42.975+0000] {dag.py:3047} INFO - Sync 1 DAGs
[2025-05-19T23:07:42.998+0000] {logging_mixin.py:188} INFO - [2025-05-19T23:07:42.998+0000] {dag.py:3834} INFO - Setting next_dagrun for example_dag_decorator to None, run_after=None
[2025-05-19T23:07:43.113+0000] {processor.py:183} INFO - Processing /home/airflow/.local/lib/python3.8/site-packages/airflow/example_dags/example_dag_decorator.py took 0.898 seconds
[2025-05-19T23:08:14.005+0000] {processor.py:161} INFO - Started process (PID=424) to work on /home/airflow/.local/lib/python3.8/site-packages/airflow/example_dags/example_dag_decorator.py
[2025-05-19T23:08:14.012+0000] {processor.py:830} INFO - Processing file /home/airflow/.local/lib/python3.8/site-packages/airflow/example_dags/example_dag_decorator.py for tasks to queue
[2025-05-19T23:08:14.022+0000] {logging_mixin.py:188} INFO - [2025-05-19T23:08:14.020+0000] {dagbag.py:540} INFO - Filling up the DagBag from /home/airflow/.local/lib/python3.8/site-packages/airflow/example_dags/example_dag_decorator.py
[2025-05-19T23:08:14.457+0000] {processor.py:840} INFO - DAG(s) 'example_dag_decorator' retrieved from /home/airflow/.local/lib/python3.8/site-packages/airflow/example_dags/example_dag_decorator.py
[2025-05-19T23:08:14.762+0000] {logging_mixin.py:188} INFO - [2025-05-19T23:08:14.761+0000] {dag.py:3047} INFO - Sync 1 DAGs
[2025-05-19T23:08:14.804+0000] {logging_mixin.py:188} INFO - [2025-05-19T23:08:14.804+0000] {dag.py:3834} INFO - Setting next_dagrun for example_dag_decorator to None, run_after=None
[2025-05-19T23:08:14.907+0000] {processor.py:183} INFO - Processing /home/airflow/.local/lib/python3.8/site-packages/airflow/example_dags/example_dag_decorator.py took 0.923 seconds
[2025-05-19T23:08:45.230+0000] {processor.py:161} INFO - Started process (PID=481) to work on /home/airflow/.local/lib/python3.8/site-packages/airflow/example_dags/example_dag_decorator.py
[2025-05-19T23:08:45.235+0000] {processor.py:830} INFO - Processing file /home/airflow/.local/lib/python3.8/site-packages/airflow/example_dags/example_dag_decorator.py for tasks to queue
[2025-05-19T23:08:45.248+0000] {logging_mixin.py:188} INFO - [2025-05-19T23:08:45.247+0000] {dagbag.py:540} INFO - Filling up the DagBag from /home/airflow/.local/lib/python3.8/site-packages/airflow/example_dags/example_dag_decorator.py
[2025-05-19T23:08:45.561+0000] {processor.py:840} INFO - DAG(s) 'example_dag_decorator' retrieved from /home/airflow/.local/lib/python3.8/site-packages/airflow/example_dags/example_dag_decorator.py
[2025-05-19T23:08:45.998+0000] {logging_mixin.py:188} INFO - [2025-05-19T23:08:45.996+0000] {dag.py:3047} INFO - Sync 1 DAGs
[2025-05-19T23:08:46.079+0000] {logging_mixin.py:188} INFO - [2025-05-19T23:08:46.078+0000] {dag.py:3834} INFO - Setting next_dagrun for example_dag_decorator to None, run_after=None
[2025-05-19T23:08:46.147+0000] {processor.py:183} INFO - Processing /home/airflow/.local/lib/python3.8/site-packages/airflow/example_dags/example_dag_decorator.py took 0.946 seconds
[2025-05-19T23:09:16.497+0000] {processor.py:161} INFO - Started process (PID=540) to work on /home/airflow/.local/lib/python3.8/site-packages/airflow/example_dags/example_dag_decorator.py
[2025-05-19T23:09:16.499+0000] {processor.py:830} INFO - Processing file /home/airflow/.local/lib/python3.8/site-packages/airflow/example_dags/example_dag_decorator.py for tasks to queue
[2025-05-19T23:09:16.503+0000] {logging_mixin.py:188} INFO - [2025-05-19T23:09:16.503+0000] {dagbag.py:540} INFO - Filling up the DagBag from /home/airflow/.local/lib/python3.8/site-packages/airflow/example_dags/example_dag_decorator.py
[2025-05-19T23:09:16.802+0000] {processor.py:840} INFO - DAG(s) 'example_dag_decorator' retrieved from /home/airflow/.local/lib/python3.8/site-packages/airflow/example_dags/example_dag_decorator.py
[2025-05-19T23:09:16.725+0000] {logging_mixin.py:188} INFO - [2025-05-19T23:09:16.721+0000] {dag.py:3047} INFO - Sync 1 DAGs
[2025-05-19T23:09:16.775+0000] {logging_mixin.py:188} INFO - [2025-05-19T23:09:16.774+0000] {dag.py:3834} INFO - Setting next_dagrun for example_dag_decorator to None, run_after=None
[2025-05-19T23:09:16.832+0000] {processor.py:183} INFO - Processing /home/airflow/.local/lib/python3.8/site-packages/airflow/example_dags/example_dag_decorator.py took 0.557 seconds
[2025-05-19T23:09:47.080+0000] {processor.py:161} INFO - Started process (PID=598) to work on /home/airflow/.local/lib/python3.8/site-packages/airflow/example_dags/example_dag_decorator.py
[2025-05-19T23:09:47.091+0000] {processor.py:830} INFO - Processing file /home/airflow/.local/lib/python3.8/site-packages/airflow/example_dags/example_dag_decorator.py for tasks to queue
[2025-05-19T23:09:47.099+0000] {logging_mixin.py:188} INFO - [2025-05-19T23:09:47.098+0000] {dagbag.py:540} INFO - Filling up the DagBag from /home/airflow/.local/lib/python3.8/site-packages/airflow/example_dags/example_dag_decorator.py
[2025-05-19T23:09:47.533+0000] {processor.py:840} INFO - DAG(s) 'example_dag_decorator' retrieved from /home/airflow/.local/lib/python3.8/site-packages/airflow/example_dags/example_dag_decorator.py
[2025-05-19T23:09:48.163+0000] {logging_mixin.py:188} INFO - [2025-05-19T23:09:48.162+0000] {dag.py:3047} INFO - Sync 1 DAGs
[2025-05-19T23:09:48.246+0000] {logging_mixin.py:188} INFO - [2025-05-19T23:09:48.246+0000] {dag.py:3834} INFO - Setting next_dagrun for example_dag_decorator to None, run_after=None
[2025-05-19T23:09:51.517+0000] {processor.py:183} INFO - Processing /home/airflow/.local/lib/python3.8/site-packages/airflow/example_dags/example_dag_decorator.py took 4.459 seconds
[2025-05-19T23:10:21.880+0000] {processor.py:161} INFO - Started process (PID=669) to work on /home/airflow/.local/lib/python3.8/site-packages/airflow/example_dags/example_dag_decorator.py
[2025-05-19T23:10:21.886+0000] {processor.py:830} INFO - Processing file /home/airflow/.local/lib/python3.8/site-packages/airflow/example_dags/example_dag_decorator.py for tasks to queue
[2025-05-19T23:10:21.899+0000] {logging_mixin.py:188} INFO - [2025-05-19T23:10:21.897+0000] {dagbag.py:540} INFO - Filling up the DagBag from /home/airflow/.local/lib/python3.8/site-packages/airflow/example_dags/example_dag_decorator.py
[2025-05-19T23:10:22.505+0000] {processor.py:840} INFO - DAG(s) 'example_dag_decorator' retrieved from /home/airflow/.local/lib/python3.8/site-packages/airflow/example_dags/example_dag_decorator.py
[2025-05-19T23:10:22.850+0000] {logging_mixin.py:188} INFO - [2025-05-19T23:10:22.849+0000] {dag.py:3047} INFO - Sync 1 DAGs
[2025-05-19T23:10:22.872+0000] {logging_mixin.py:188} INFO - [2025-05-19T23:10:22.872+0000] {dag.py:3834} INFO - Setting next_dagrun for example_dag_decorator to None, run_after=None
[2025-05-19T23:10:22.918+0000] {processor.py:183} INFO - Processing /home/airflow/.local/lib/python3.8/site-packages/airflow/example_dags/example_dag_decorator.py took 1.059 seconds
[2025-05-19T23:10:54.001+0000] {processor.py:161} INFO - Started process (PID=729) to work on /home/airflow/.local/lib/python3.8/site-packages/airflow/example_dags/example_dag_decorator.py
[2025-05-19T23:10:54.004+0000] {processor.py:830} INFO - Processing file /home/airflow/.local/lib/python3.8/site-packages/airflow/example_dags/example_dag_decorator.py for tasks to queue
[2025-05-19T23:10:54.010+0000] {logging_mixin.py:188} INFO - [2025-05-19T23:10:54.009+0000] {dagbag.py:540} INFO - Filling up the DagBag from /home/airflow/.local/lib/python3.8/site-packages/airflow/example_dags/example_dag_decorator.py
[2025-05-19T23:10:54.436+0000] {processor.py:840} INFO - DAG(s) 'example_dag_decorator' retrieved from /home/airflow/.local/lib/python3.8/site-packages/airflow/example_dags/example_dag_decorator.py
[2025-05-19T23:10:54.817+0000] {logging_mixin.py:188} INFO - [2025-05-19T23:10:54.816+0000] {dag.py:3047} INFO - Sync 1 DAGs
[2025-05-19T23:10:54.853+0000] {logging_mixin.py:188} INFO - [2025-05-19T23:10:54.852+0000] {dag.py:3834} INFO - Setting next_dagrun for example_dag_decorator to None, run_after=None
[2025-05-19T23:10:54.938+0000] {processor.py:183} INFO - Processing /home/airflow/.local/lib/python3.8/site-packages/airflow/example_dags/example_dag_decorator.py took 0.950 seconds
[2025-05-19T23:13:29.849+0000] {processor.py:161} INFO - Started process (PID=761) to work on /home/airflow/.local/lib/python3.8/site-packages/airflow/example_dags/example_dag_decorator.py
[2025-05-19T23:13:29.860+0000] {processor.py:830} INFO - Processing file /home/airflow/.local/lib/python3.8/site-packages/airflow/example_dags/example_dag_decorator.py for tasks to queue
[2025-05-19T23:13:29.888+0000] {logging_mixin.py:188} INFO - [2025-05-19T23:13:29.878+0000] {dagbag.py:540} INFO - Filling up the DagBag from /home/airflow/.local/lib/python3.8/site-packages/airflow/example_dags/example_dag_decorator.py
[2025-05-19T23:13:37.652+0000] {processor.py:840} INFO - DAG(s) 'example_dag_decorator' retrieved from /home/airflow/.local/lib/python3.8/site-packages/airflow/example_dags/example_dag_decorator.py
[2025-05-19T23:45:55.038+0000] {processor.py:161} INFO - Started process (PID=213) to work on /home/airflow/.local/lib/python3.8/site-packages/airflow/example_dags/example_dag_decorator.py
[2025-05-19T23:45:55.048+0000] {processor.py:830} INFO - Processing file /home/airflow/.local/lib/python3.8/site-packages/airflow/example_dags/example_dag_decorator.py for tasks to queue
[2025-05-19T23:45:55.068+0000] {logging_mixin.py:188} INFO - [2025-05-19T23:45:55.067+0000] {dagbag.py:540} INFO - Filling up the DagBag from /home/airflow/.local/lib/python3.8/site-packages/airflow/example_dags/example_dag_decorator.py
[2025-05-19T23:46:02.180+0000] {processor.py:840} INFO - DAG(s) 'example_dag_decorator' retrieved from /home/airflow/.local/lib/python3.8/site-packages/airflow/example_dags/example_dag_decorator.py
[2025-05-19T23:46:04.652+0000] {logging_mixin.py:188} INFO - [2025-05-19T23:46:04.652+0000] {dag.py:3047} INFO - Sync 1 DAGs
[2025-05-19T23:46:04.824+0000] {logging_mixin.py:188} INFO - [2025-05-19T23:46:04.823+0000] {dag.py:3834} INFO - Setting next_dagrun for example_dag_decorator to None, run_after=None
[2025-05-19T23:46:05.710+0000] {processor.py:183} INFO - Processing /home/airflow/.local/lib/python3.8/site-packages/airflow/example_dags/example_dag_decorator.py took 10.711 seconds
