[2025-05-19T23:05:18.409+0000] {processor.py:161} INFO - Started process (PID=110) to work on /home/airflow/.local/lib/python3.8/site-packages/airflow/example_dags/tutorial_objectstorage.py
[2025-05-19T23:05:18.415+0000] {processor.py:830} INFO - Processing file /home/airflow/.local/lib/python3.8/site-packages/airflow/example_dags/tutorial_objectstorage.py for tasks to queue
[2025-05-19T23:05:18.210+0000] {logging_mixin.py:188} INFO - [2025-05-19T23:05:18.429+0000] {dagbag.py:540} INFO - Filling up the DagBag from /home/airflow/.local/lib/python3.8/site-packages/airflow/example_dags/tutorial_objectstorage.py
[2025-05-19T23:05:18.281+0000] {processor.py:840} INFO - DAG(s) 'tutorial_objectstorage' retrieved from /home/airflow/.local/lib/python3.8/site-packages/airflow/example_dags/tutorial_objectstorage.py
[2025-05-19T23:05:18.623+0000] {logging_mixin.py:188} INFO - [2025-05-19T23:05:18.622+0000] {override.py:1769} INFO - Created Permission View: can edit on DAG:tutorial_objectstorage
[2025-05-19T23:05:18.645+0000] {logging_mixin.py:188} INFO - [2025-05-19T23:05:18.644+0000] {override.py:1769} INFO - Created Permission View: can delete on DAG:tutorial_objectstorage
[2025-05-19T23:05:18.669+0000] {logging_mixin.py:188} INFO - [2025-05-19T23:05:18.668+0000] {override.py:1769} INFO - Created Permission View: can read on DAG:tutorial_objectstorage
[2025-05-19T23:05:18.670+0000] {logging_mixin.py:188} INFO - [2025-05-19T23:05:18.670+0000] {dag.py:3047} INFO - Sync 1 DAGs
[2025-05-19T23:05:18.694+0000] {logging_mixin.py:188} INFO - [2025-05-19T23:05:18.693+0000] {dag.py:3069} INFO - Creating ORM DAG for tutorial_objectstorage
[2025-05-19T23:05:18.696+0000] {logging_mixin.py:188} INFO - [2025-05-19T23:05:18.695+0000] {dag.py:3834} INFO - Setting next_dagrun for tutorial_objectstorage to None, run_after=None
[2025-05-19T23:05:18.737+0000] {processor.py:183} INFO - Processing /home/airflow/.local/lib/python3.8/site-packages/airflow/example_dags/tutorial_objectstorage.py took 0.569 seconds
[2025-05-19T23:05:49.068+0000] {processor.py:161} INFO - Started process (PID=173) to work on /home/airflow/.local/lib/python3.8/site-packages/airflow/example_dags/tutorial_objectstorage.py
[2025-05-19T23:05:49.075+0000] {processor.py:830} INFO - Processing file /home/airflow/.local/lib/python3.8/site-packages/airflow/example_dags/tutorial_objectstorage.py for tasks to queue
[2025-05-19T23:05:49.085+0000] {logging_mixin.py:188} INFO - [2025-05-19T23:05:49.083+0000] {dagbag.py:540} INFO - Filling up the DagBag from /home/airflow/.local/lib/python3.8/site-packages/airflow/example_dags/tutorial_objectstorage.py
[2025-05-19T23:05:49.116+0000] {processor.py:840} INFO - DAG(s) 'tutorial_objectstorage' retrieved from /home/airflow/.local/lib/python3.8/site-packages/airflow/example_dags/tutorial_objectstorage.py
[2025-05-19T23:05:49.184+0000] {logging_mixin.py:188} INFO - [2025-05-19T23:05:49.184+0000] {dag.py:3047} INFO - Sync 1 DAGs
[2025-05-19T23:05:49.217+0000] {logging_mixin.py:188} INFO - [2025-05-19T23:05:49.217+0000] {dag.py:3834} INFO - Setting next_dagrun for tutorial_objectstorage to None, run_after=None
[2025-05-19T23:05:49.271+0000] {processor.py:183} INFO - Processing /home/airflow/.local/lib/python3.8/site-packages/airflow/example_dags/tutorial_objectstorage.py took 0.229 seconds
[2025-05-19T23:06:19.604+0000] {processor.py:161} INFO - Started process (PID=230) to work on /home/airflow/.local/lib/python3.8/site-packages/airflow/example_dags/tutorial_objectstorage.py
[2025-05-19T23:06:19.613+0000] {processor.py:830} INFO - Processing file /home/airflow/.local/lib/python3.8/site-packages/airflow/example_dags/tutorial_objectstorage.py for tasks to queue
[2025-05-19T23:06:19.627+0000] {logging_mixin.py:188} INFO - [2025-05-19T23:06:19.624+0000] {dagbag.py:540} INFO - Filling up the DagBag from /home/airflow/.local/lib/python3.8/site-packages/airflow/example_dags/tutorial_objectstorage.py
[2025-05-19T23:06:19.663+0000] {processor.py:840} INFO - DAG(s) 'tutorial_objectstorage' retrieved from /home/airflow/.local/lib/python3.8/site-packages/airflow/example_dags/tutorial_objectstorage.py
[2025-05-19T23:06:19.721+0000] {logging_mixin.py:188} INFO - [2025-05-19T23:06:19.720+0000] {dag.py:3047} INFO - Sync 1 DAGs
[2025-05-19T23:06:19.764+0000] {logging_mixin.py:188} INFO - [2025-05-19T23:06:19.763+0000] {dag.py:3834} INFO - Setting next_dagrun for tutorial_objectstorage to None, run_after=None
[2025-05-19T23:06:19.857+0000] {processor.py:183} INFO - Processing /home/airflow/.local/lib/python3.8/site-packages/airflow/example_dags/tutorial_objectstorage.py took 0.290 seconds
[2025-05-19T23:06:50.435+0000] {processor.py:161} INFO - Started process (PID=287) to work on /home/airflow/.local/lib/python3.8/site-packages/airflow/example_dags/tutorial_objectstorage.py
[2025-05-19T23:06:50.442+0000] {processor.py:830} INFO - Processing file /home/airflow/.local/lib/python3.8/site-packages/airflow/example_dags/tutorial_objectstorage.py for tasks to queue
[2025-05-19T23:06:50.455+0000] {logging_mixin.py:188} INFO - [2025-05-19T23:06:50.453+0000] {dagbag.py:540} INFO - Filling up the DagBag from /home/airflow/.local/lib/python3.8/site-packages/airflow/example_dags/tutorial_objectstorage.py
[2025-05-19T23:06:50.499+0000] {processor.py:840} INFO - DAG(s) 'tutorial_objectstorage' retrieved from /home/airflow/.local/lib/python3.8/site-packages/airflow/example_dags/tutorial_objectstorage.py
[2025-05-19T23:06:50.617+0000] {logging_mixin.py:188} INFO - [2025-05-19T23:06:50.616+0000] {dag.py:3047} INFO - Sync 1 DAGs
[2025-05-19T23:06:50.697+0000] {logging_mixin.py:188} INFO - [2025-05-19T23:06:50.695+0000] {dag.py:3834} INFO - Setting next_dagrun for tutorial_objectstorage to None, run_after=None
[2025-05-19T23:06:50.866+0000] {processor.py:183} INFO - Processing /home/airflow/.local/lib/python3.8/site-packages/airflow/example_dags/tutorial_objectstorage.py took 0.465 seconds
[2025-05-19T23:07:21.219+0000] {processor.py:161} INFO - Started process (PID=344) to work on /home/airflow/.local/lib/python3.8/site-packages/airflow/example_dags/tutorial_objectstorage.py
[2025-05-19T23:07:21.229+0000] {processor.py:830} INFO - Processing file /home/airflow/.local/lib/python3.8/site-packages/airflow/example_dags/tutorial_objectstorage.py for tasks to queue
[2025-05-19T23:07:21.236+0000] {logging_mixin.py:188} INFO - [2025-05-19T23:07:21.235+0000] {dagbag.py:540} INFO - Filling up the DagBag from /home/airflow/.local/lib/python3.8/site-packages/airflow/example_dags/tutorial_objectstorage.py
[2025-05-19T23:07:21.263+0000] {processor.py:840} INFO - DAG(s) 'tutorial_objectstorage' retrieved from /home/airflow/.local/lib/python3.8/site-packages/airflow/example_dags/tutorial_objectstorage.py
[2025-05-19T23:07:21.369+0000] {logging_mixin.py:188} INFO - [2025-05-19T23:07:21.368+0000] {dag.py:3047} INFO - Sync 1 DAGs
[2025-05-19T23:07:21.407+0000] {logging_mixin.py:188} INFO - [2025-05-19T23:07:21.407+0000] {dag.py:3834} INFO - Setting next_dagrun for tutorial_objectstorage to None, run_after=None
[2025-05-19T23:07:21.507+0000] {processor.py:183} INFO - Processing /home/airflow/.local/lib/python3.8/site-packages/airflow/example_dags/tutorial_objectstorage.py took 0.300 seconds
[2025-05-19T23:07:52.182+0000] {processor.py:161} INFO - Started process (PID=401) to work on /home/airflow/.local/lib/python3.8/site-packages/airflow/example_dags/tutorial_objectstorage.py
[2025-05-19T23:07:52.185+0000] {processor.py:830} INFO - Processing file /home/airflow/.local/lib/python3.8/site-packages/airflow/example_dags/tutorial_objectstorage.py for tasks to queue
[2025-05-19T23:07:52.189+0000] {logging_mixin.py:188} INFO - [2025-05-19T23:07:52.188+0000] {dagbag.py:540} INFO - Filling up the DagBag from /home/airflow/.local/lib/python3.8/site-packages/airflow/example_dags/tutorial_objectstorage.py
[2025-05-19T23:07:52.207+0000] {processor.py:840} INFO - DAG(s) 'tutorial_objectstorage' retrieved from /home/airflow/.local/lib/python3.8/site-packages/airflow/example_dags/tutorial_objectstorage.py
[2025-05-19T23:07:52.258+0000] {logging_mixin.py:188} INFO - [2025-05-19T23:07:52.257+0000] {dag.py:3047} INFO - Sync 1 DAGs
[2025-05-19T23:07:52.285+0000] {logging_mixin.py:188} INFO - [2025-05-19T23:07:52.285+0000] {dag.py:3834} INFO - Setting next_dagrun for tutorial_objectstorage to None, run_after=None
[2025-05-19T23:07:52.327+0000] {processor.py:183} INFO - Processing /home/airflow/.local/lib/python3.8/site-packages/airflow/example_dags/tutorial_objectstorage.py took 0.152 seconds
[2025-05-19T23:08:23.305+0000] {processor.py:161} INFO - Started process (PID=458) to work on /home/airflow/.local/lib/python3.8/site-packages/airflow/example_dags/tutorial_objectstorage.py
[2025-05-19T23:08:23.310+0000] {processor.py:830} INFO - Processing file /home/airflow/.local/lib/python3.8/site-packages/airflow/example_dags/tutorial_objectstorage.py for tasks to queue
[2025-05-19T23:08:23.315+0000] {logging_mixin.py:188} INFO - [2025-05-19T23:08:23.314+0000] {dagbag.py:540} INFO - Filling up the DagBag from /home/airflow/.local/lib/python3.8/site-packages/airflow/example_dags/tutorial_objectstorage.py
[2025-05-19T23:08:23.335+0000] {processor.py:840} INFO - DAG(s) 'tutorial_objectstorage' retrieved from /home/airflow/.local/lib/python3.8/site-packages/airflow/example_dags/tutorial_objectstorage.py
[2025-05-19T23:08:23.373+0000] {logging_mixin.py:188} INFO - [2025-05-19T23:08:23.372+0000] {dag.py:3047} INFO - Sync 1 DAGs
[2025-05-19T23:08:23.397+0000] {logging_mixin.py:188} INFO - [2025-05-19T23:08:23.396+0000] {dag.py:3834} INFO - Setting next_dagrun for tutorial_objectstorage to None, run_after=None
[2025-05-19T23:08:23.435+0000] {processor.py:183} INFO - Processing /home/airflow/.local/lib/python3.8/site-packages/airflow/example_dags/tutorial_objectstorage.py took 0.139 seconds
[2025-05-19T23:08:54.604+0000] {processor.py:161} INFO - Started process (PID=515) to work on /home/airflow/.local/lib/python3.8/site-packages/airflow/example_dags/tutorial_objectstorage.py
[2025-05-19T23:08:54.608+0000] {processor.py:830} INFO - Processing file /home/airflow/.local/lib/python3.8/site-packages/airflow/example_dags/tutorial_objectstorage.py for tasks to queue
[2025-05-19T23:08:54.614+0000] {logging_mixin.py:188} INFO - [2025-05-19T23:08:54.613+0000] {dagbag.py:540} INFO - Filling up the DagBag from /home/airflow/.local/lib/python3.8/site-packages/airflow/example_dags/tutorial_objectstorage.py
[2025-05-19T23:08:54.629+0000] {processor.py:840} INFO - DAG(s) 'tutorial_objectstorage' retrieved from /home/airflow/.local/lib/python3.8/site-packages/airflow/example_dags/tutorial_objectstorage.py
[2025-05-19T23:08:54.674+0000] {logging_mixin.py:188} INFO - [2025-05-19T23:08:54.674+0000] {dag.py:3047} INFO - Sync 1 DAGs
[2025-05-19T23:08:54.722+0000] {logging_mixin.py:188} INFO - [2025-05-19T23:08:54.722+0000] {dag.py:3834} INFO - Setting next_dagrun for tutorial_objectstorage to None, run_after=None
[2025-05-19T23:08:54.806+0000] {processor.py:183} INFO - Processing /home/airflow/.local/lib/python3.8/site-packages/airflow/example_dags/tutorial_objectstorage.py took 0.212 seconds
[2025-05-19T23:09:25.216+0000] {processor.py:161} INFO - Started process (PID=573) to work on /home/airflow/.local/lib/python3.8/site-packages/airflow/example_dags/tutorial_objectstorage.py
[2025-05-19T23:09:25.218+0000] {processor.py:830} INFO - Processing file /home/airflow/.local/lib/python3.8/site-packages/airflow/example_dags/tutorial_objectstorage.py for tasks to queue
[2025-05-19T23:09:25.226+0000] {logging_mixin.py:188} INFO - [2025-05-19T23:09:25.225+0000] {dagbag.py:540} INFO - Filling up the DagBag from /home/airflow/.local/lib/python3.8/site-packages/airflow/example_dags/tutorial_objectstorage.py
[2025-05-19T23:09:25.248+0000] {processor.py:840} INFO - DAG(s) 'tutorial_objectstorage' retrieved from /home/airflow/.local/lib/python3.8/site-packages/airflow/example_dags/tutorial_objectstorage.py
[2025-05-19T23:09:25.297+0000] {logging_mixin.py:188} INFO - [2025-05-19T23:09:25.296+0000] {dag.py:3047} INFO - Sync 1 DAGs
[2025-05-19T23:09:25.328+0000] {logging_mixin.py:188} INFO - [2025-05-19T23:09:25.328+0000] {dag.py:3834} INFO - Setting next_dagrun for tutorial_objectstorage to None, run_after=None
[2025-05-19T23:09:25.397+0000] {processor.py:183} INFO - Processing /home/airflow/.local/lib/python3.8/site-packages/airflow/example_dags/tutorial_objectstorage.py took 0.190 seconds
[2025-05-19T23:09:55.945+0000] {processor.py:161} INFO - Started process (PID=630) to work on /home/airflow/.local/lib/python3.8/site-packages/airflow/example_dags/tutorial_objectstorage.py
[2025-05-19T23:09:56.008+0000] {processor.py:830} INFO - Processing file /home/airflow/.local/lib/python3.8/site-packages/airflow/example_dags/tutorial_objectstorage.py for tasks to queue
[2025-05-19T23:09:56.104+0000] {logging_mixin.py:188} INFO - [2025-05-19T23:09:56.102+0000] {dagbag.py:540} INFO - Filling up the DagBag from /home/airflow/.local/lib/python3.8/site-packages/airflow/example_dags/tutorial_objectstorage.py
[2025-05-19T23:09:56.194+0000] {processor.py:840} INFO - DAG(s) 'tutorial_objectstorage' retrieved from /home/airflow/.local/lib/python3.8/site-packages/airflow/example_dags/tutorial_objectstorage.py
[2025-05-19T23:09:56.252+0000] {logging_mixin.py:188} INFO - [2025-05-19T23:09:56.251+0000] {dag.py:3047} INFO - Sync 1 DAGs
[2025-05-19T23:09:56.297+0000] {logging_mixin.py:188} INFO - [2025-05-19T23:09:56.297+0000] {dag.py:3834} INFO - Setting next_dagrun for tutorial_objectstorage to None, run_after=None
[2025-05-19T23:09:56.450+0000] {processor.py:183} INFO - Processing /home/airflow/.local/lib/python3.8/site-packages/airflow/example_dags/tutorial_objectstorage.py took 0.517 seconds
[2025-05-19T23:10:27.144+0000] {processor.py:161} INFO - Started process (PID=687) to work on /home/airflow/.local/lib/python3.8/site-packages/airflow/example_dags/tutorial_objectstorage.py
[2025-05-19T23:10:27.147+0000] {processor.py:830} INFO - Processing file /home/airflow/.local/lib/python3.8/site-packages/airflow/example_dags/tutorial_objectstorage.py for tasks to queue
[2025-05-19T23:10:27.154+0000] {logging_mixin.py:188} INFO - [2025-05-19T23:10:27.153+0000] {dagbag.py:540} INFO - Filling up the DagBag from /home/airflow/.local/lib/python3.8/site-packages/airflow/example_dags/tutorial_objectstorage.py
[2025-05-19T23:10:27.172+0000] {processor.py:840} INFO - DAG(s) 'tutorial_objectstorage' retrieved from /home/airflow/.local/lib/python3.8/site-packages/airflow/example_dags/tutorial_objectstorage.py
[2025-05-19T23:10:27.469+0000] {logging_mixin.py:188} INFO - [2025-05-19T23:10:27.468+0000] {dag.py:3047} INFO - Sync 1 DAGs
[2025-05-19T23:10:27.509+0000] {logging_mixin.py:188} INFO - [2025-05-19T23:10:27.509+0000] {dag.py:3834} INFO - Setting next_dagrun for tutorial_objectstorage to None, run_after=None
[2025-05-19T23:10:27.592+0000] {processor.py:183} INFO - Processing /home/airflow/.local/lib/python3.8/site-packages/airflow/example_dags/tutorial_objectstorage.py took 0.459 seconds
[2025-05-19T23:10:58.062+0000] {processor.py:161} INFO - Started process (PID=744) to work on /home/airflow/.local/lib/python3.8/site-packages/airflow/example_dags/tutorial_objectstorage.py
[2025-05-19T23:10:58.064+0000] {processor.py:830} INFO - Processing file /home/airflow/.local/lib/python3.8/site-packages/airflow/example_dags/tutorial_objectstorage.py for tasks to queue
[2025-05-19T23:10:58.069+0000] {logging_mixin.py:188} INFO - [2025-05-19T23:10:58.068+0000] {dagbag.py:540} INFO - Filling up the DagBag from /home/airflow/.local/lib/python3.8/site-packages/airflow/example_dags/tutorial_objectstorage.py
[2025-05-19T23:10:58.087+0000] {processor.py:840} INFO - DAG(s) 'tutorial_objectstorage' retrieved from /home/airflow/.local/lib/python3.8/site-packages/airflow/example_dags/tutorial_objectstorage.py
[2025-05-19T23:10:58.141+0000] {logging_mixin.py:188} INFO - [2025-05-19T23:10:58.140+0000] {dag.py:3047} INFO - Sync 1 DAGs
[2025-05-19T23:10:58.175+0000] {logging_mixin.py:188} INFO - [2025-05-19T23:10:58.174+0000] {dag.py:3834} INFO - Setting next_dagrun for tutorial_objectstorage to None, run_after=None
[2025-05-19T23:10:58.218+0000] {processor.py:183} INFO - Processing /home/airflow/.local/lib/python3.8/site-packages/airflow/example_dags/tutorial_objectstorage.py took 0.164 seconds
[2025-05-19T23:48:17.392+0000] {processor.py:161} INFO - Started process (PID=269) to work on /home/airflow/.local/lib/python3.8/site-packages/airflow/example_dags/tutorial_objectstorage.py
[2025-05-19T23:48:17.411+0000] {processor.py:830} INFO - Processing file /home/airflow/.local/lib/python3.8/site-packages/airflow/example_dags/tutorial_objectstorage.py for tasks to queue
[2025-05-19T23:48:17.524+0000] {logging_mixin.py:188} INFO - [2025-05-19T23:48:17.522+0000] {dagbag.py:540} INFO - Filling up the DagBag from /home/airflow/.local/lib/python3.8/site-packages/airflow/example_dags/tutorial_objectstorage.py
[2025-05-19T23:48:17.695+0000] {processor.py:840} INFO - DAG(s) 'tutorial_objectstorage' retrieved from /home/airflow/.local/lib/python3.8/site-packages/airflow/example_dags/tutorial_objectstorage.py
[2025-05-19T23:48:19.354+0000] {logging_mixin.py:188} INFO - [2025-05-19T23:48:19.353+0000] {dag.py:3047} INFO - Sync 1 DAGs
[2025-05-19T23:48:19.669+0000] {logging_mixin.py:188} INFO - [2025-05-19T23:48:19.668+0000] {dag.py:3834} INFO - Setting next_dagrun for tutorial_objectstorage to None, run_after=None
[2025-05-19T23:48:19.975+0000] {processor.py:183} INFO - Processing /home/airflow/.local/lib/python3.8/site-packages/airflow/example_dags/tutorial_objectstorage.py took 2.650 seconds
