[2025-05-19T23:05:12.106+0000] {processor.py:161} INFO - Started process (PID=94) to work on /home/airflow/.local/lib/python3.8/site-packages/airflow/example_dags/tutorial_dag.py
[2025-05-19T23:05:12.109+0000] {processor.py:830} INFO - Processing file /home/airflow/.local/lib/python3.8/site-packages/airflow/example_dags/tutorial_dag.py for tasks to queue
[2025-05-19T23:05:12.113+0000] {logging_mixin.py:188} INFO - [2025-05-19T23:05:12.113+0000] {dagbag.py:540} INFO - Filling up the DagBag from /home/airflow/.local/lib/python3.8/site-packages/airflow/example_dags/tutorial_dag.py
[2025-05-19T23:05:12.139+0000] {processor.py:840} INFO - DAG(s) 'tutorial_dag' retrieved from /home/airflow/.local/lib/python3.8/site-packages/airflow/example_dags/tutorial_dag.py
[2025-05-19T23:05:12.388+0000] {logging_mixin.py:188} INFO - [2025-05-19T23:05:12.386+0000] {override.py:1769} INFO - Created Permission View: can edit on DAG:tutorial_dag
[2025-05-19T23:05:12.412+0000] {logging_mixin.py:188} INFO - [2025-05-19T23:05:12.411+0000] {override.py:1769} INFO - Created Permission View: can delete on DAG:tutorial_dag
[2025-05-19T23:05:12.429+0000] {logging_mixin.py:188} INFO - [2025-05-19T23:05:12.429+0000] {override.py:1769} INFO - Created Permission View: can read on DAG:tutorial_dag
[2025-05-19T23:05:12.431+0000] {logging_mixin.py:188} INFO - [2025-05-19T23:05:12.430+0000] {dag.py:3047} INFO - Sync 1 DAGs
[2025-05-19T23:05:12.458+0000] {logging_mixin.py:188} INFO - [2025-05-19T23:05:12.458+0000] {dag.py:3069} INFO - Creating ORM DAG for tutorial_dag
[2025-05-19T23:05:12.460+0000] {logging_mixin.py:188} INFO - [2025-05-19T23:05:12.460+0000] {dag.py:3834} INFO - Setting next_dagrun for tutorial_dag to None, run_after=None
[2025-05-19T23:05:12.512+0000] {processor.py:183} INFO - Processing /home/airflow/.local/lib/python3.8/site-packages/airflow/example_dags/tutorial_dag.py took 0.414 seconds
[2025-05-19T23:05:43.023+0000] {processor.py:161} INFO - Started process (PID=151) to work on /home/airflow/.local/lib/python3.8/site-packages/airflow/example_dags/tutorial_dag.py
[2025-05-19T23:05:43.030+0000] {processor.py:830} INFO - Processing file /home/airflow/.local/lib/python3.8/site-packages/airflow/example_dags/tutorial_dag.py for tasks to queue
[2025-05-19T23:05:43.040+0000] {logging_mixin.py:188} INFO - [2025-05-19T23:05:43.038+0000] {dagbag.py:540} INFO - Filling up the DagBag from /home/airflow/.local/lib/python3.8/site-packages/airflow/example_dags/tutorial_dag.py
[2025-05-19T23:05:43.077+0000] {processor.py:840} INFO - DAG(s) 'tutorial_dag' retrieved from /home/airflow/.local/lib/python3.8/site-packages/airflow/example_dags/tutorial_dag.py
[2025-05-19T23:05:43.211+0000] {logging_mixin.py:188} INFO - [2025-05-19T23:05:43.210+0000] {dag.py:3047} INFO - Sync 1 DAGs
[2025-05-19T23:05:43.259+0000] {logging_mixin.py:188} INFO - [2025-05-19T23:05:43.258+0000] {dag.py:3834} INFO - Setting next_dagrun for tutorial_dag to None, run_after=None
[2025-05-19T23:05:43.306+0000] {processor.py:183} INFO - Processing /home/airflow/.local/lib/python3.8/site-packages/airflow/example_dags/tutorial_dag.py took 0.307 seconds
[2025-05-19T23:06:13.962+0000] {processor.py:161} INFO - Started process (PID=208) to work on /home/airflow/.local/lib/python3.8/site-packages/airflow/example_dags/tutorial_dag.py
[2025-05-19T23:06:13.966+0000] {processor.py:830} INFO - Processing file /home/airflow/.local/lib/python3.8/site-packages/airflow/example_dags/tutorial_dag.py for tasks to queue
[2025-05-19T23:06:13.973+0000] {logging_mixin.py:188} INFO - [2025-05-19T23:06:13.972+0000] {dagbag.py:540} INFO - Filling up the DagBag from /home/airflow/.local/lib/python3.8/site-packages/airflow/example_dags/tutorial_dag.py
[2025-05-19T23:06:13.997+0000] {processor.py:840} INFO - DAG(s) 'tutorial_dag' retrieved from /home/airflow/.local/lib/python3.8/site-packages/airflow/example_dags/tutorial_dag.py
[2025-05-19T23:06:14.073+0000] {logging_mixin.py:188} INFO - [2025-05-19T23:06:14.073+0000] {dag.py:3047} INFO - Sync 1 DAGs
[2025-05-19T23:06:14.126+0000] {logging_mixin.py:188} INFO - [2025-05-19T23:06:14.126+0000] {dag.py:3834} INFO - Setting next_dagrun for tutorial_dag to None, run_after=None
[2025-05-19T23:06:14.255+0000] {processor.py:183} INFO - Processing /home/airflow/.local/lib/python3.8/site-packages/airflow/example_dags/tutorial_dag.py took 0.308 seconds
[2025-05-19T23:06:44.497+0000] {processor.py:161} INFO - Started process (PID=265) to work on /home/airflow/.local/lib/python3.8/site-packages/airflow/example_dags/tutorial_dag.py
[2025-05-19T23:06:44.501+0000] {processor.py:830} INFO - Processing file /home/airflow/.local/lib/python3.8/site-packages/airflow/example_dags/tutorial_dag.py for tasks to queue
[2025-05-19T23:06:44.508+0000] {logging_mixin.py:188} INFO - [2025-05-19T23:06:44.506+0000] {dagbag.py:540} INFO - Filling up the DagBag from /home/airflow/.local/lib/python3.8/site-packages/airflow/example_dags/tutorial_dag.py
[2025-05-19T23:06:44.526+0000] {processor.py:840} INFO - DAG(s) 'tutorial_dag' retrieved from /home/airflow/.local/lib/python3.8/site-packages/airflow/example_dags/tutorial_dag.py
[2025-05-19T23:06:44.599+0000] {logging_mixin.py:188} INFO - [2025-05-19T23:06:44.598+0000] {dag.py:3047} INFO - Sync 1 DAGs
[2025-05-19T23:06:44.646+0000] {logging_mixin.py:188} INFO - [2025-05-19T23:06:44.645+0000] {dag.py:3834} INFO - Setting next_dagrun for tutorial_dag to None, run_after=None
[2025-05-19T23:06:44.749+0000] {processor.py:183} INFO - Processing /home/airflow/.local/lib/python3.8/site-packages/airflow/example_dags/tutorial_dag.py took 0.263 seconds
[2025-05-19T23:07:15.396+0000] {processor.py:161} INFO - Started process (PID=322) to work on /home/airflow/.local/lib/python3.8/site-packages/airflow/example_dags/tutorial_dag.py
[2025-05-19T23:07:15.402+0000] {processor.py:830} INFO - Processing file /home/airflow/.local/lib/python3.8/site-packages/airflow/example_dags/tutorial_dag.py for tasks to queue
[2025-05-19T23:07:15.413+0000] {logging_mixin.py:188} INFO - [2025-05-19T23:07:15.411+0000] {dagbag.py:540} INFO - Filling up the DagBag from /home/airflow/.local/lib/python3.8/site-packages/airflow/example_dags/tutorial_dag.py
[2025-05-19T23:07:15.446+0000] {processor.py:840} INFO - DAG(s) 'tutorial_dag' retrieved from /home/airflow/.local/lib/python3.8/site-packages/airflow/example_dags/tutorial_dag.py
[2025-05-19T23:07:15.570+0000] {logging_mixin.py:188} INFO - [2025-05-19T23:07:15.568+0000] {dag.py:3047} INFO - Sync 1 DAGs
[2025-05-19T23:07:15.652+0000] {logging_mixin.py:188} INFO - [2025-05-19T23:07:15.651+0000] {dag.py:3834} INFO - Setting next_dagrun for tutorial_dag to None, run_after=None
[2025-05-19T23:07:15.793+0000] {processor.py:183} INFO - Processing /home/airflow/.local/lib/python3.8/site-packages/airflow/example_dags/tutorial_dag.py took 0.419 seconds
[2025-05-19T23:07:46.633+0000] {processor.py:161} INFO - Started process (PID=379) to work on /home/airflow/.local/lib/python3.8/site-packages/airflow/example_dags/tutorial_dag.py
[2025-05-19T23:07:46.638+0000] {processor.py:830} INFO - Processing file /home/airflow/.local/lib/python3.8/site-packages/airflow/example_dags/tutorial_dag.py for tasks to queue
[2025-05-19T23:07:46.645+0000] {logging_mixin.py:188} INFO - [2025-05-19T23:07:46.644+0000] {dagbag.py:540} INFO - Filling up the DagBag from /home/airflow/.local/lib/python3.8/site-packages/airflow/example_dags/tutorial_dag.py
[2025-05-19T23:07:46.667+0000] {processor.py:840} INFO - DAG(s) 'tutorial_dag' retrieved from /home/airflow/.local/lib/python3.8/site-packages/airflow/example_dags/tutorial_dag.py
[2025-05-19T23:07:46.752+0000] {logging_mixin.py:188} INFO - [2025-05-19T23:07:46.751+0000] {dag.py:3047} INFO - Sync 1 DAGs
[2025-05-19T23:07:46.794+0000] {logging_mixin.py:188} INFO - [2025-05-19T23:07:46.793+0000] {dag.py:3834} INFO - Setting next_dagrun for tutorial_dag to None, run_after=None
[2025-05-19T23:07:46.883+0000] {processor.py:183} INFO - Processing /home/airflow/.local/lib/python3.8/site-packages/airflow/example_dags/tutorial_dag.py took 0.267 seconds
[2025-05-19T23:08:16.991+0000] {processor.py:161} INFO - Started process (PID=436) to work on /home/airflow/.local/lib/python3.8/site-packages/airflow/example_dags/tutorial_dag.py
[2025-05-19T23:08:16.996+0000] {processor.py:830} INFO - Processing file /home/airflow/.local/lib/python3.8/site-packages/airflow/example_dags/tutorial_dag.py for tasks to queue
[2025-05-19T23:08:17.004+0000] {logging_mixin.py:188} INFO - [2025-05-19T23:08:17.003+0000] {dagbag.py:540} INFO - Filling up the DagBag from /home/airflow/.local/lib/python3.8/site-packages/airflow/example_dags/tutorial_dag.py
[2025-05-19T23:08:17.019+0000] {processor.py:840} INFO - DAG(s) 'tutorial_dag' retrieved from /home/airflow/.local/lib/python3.8/site-packages/airflow/example_dags/tutorial_dag.py
[2025-05-19T23:08:17.139+0000] {logging_mixin.py:188} INFO - [2025-05-19T23:08:17.138+0000] {dag.py:3047} INFO - Sync 1 DAGs
[2025-05-19T23:08:17.183+0000] {logging_mixin.py:188} INFO - [2025-05-19T23:08:17.183+0000] {dag.py:3834} INFO - Setting next_dagrun for tutorial_dag to None, run_after=None
[2025-05-19T23:08:17.265+0000] {processor.py:183} INFO - Processing /home/airflow/.local/lib/python3.8/site-packages/airflow/example_dags/tutorial_dag.py took 0.285 seconds
[2025-05-19T23:08:48.293+0000] {processor.py:161} INFO - Started process (PID=499) to work on /home/airflow/.local/lib/python3.8/site-packages/airflow/example_dags/tutorial_dag.py
[2025-05-19T23:08:48.296+0000] {processor.py:830} INFO - Processing file /home/airflow/.local/lib/python3.8/site-packages/airflow/example_dags/tutorial_dag.py for tasks to queue
[2025-05-19T23:08:48.301+0000] {logging_mixin.py:188} INFO - [2025-05-19T23:08:48.300+0000] {dagbag.py:540} INFO - Filling up the DagBag from /home/airflow/.local/lib/python3.8/site-packages/airflow/example_dags/tutorial_dag.py
[2025-05-19T23:08:48.321+0000] {processor.py:840} INFO - DAG(s) 'tutorial_dag' retrieved from /home/airflow/.local/lib/python3.8/site-packages/airflow/example_dags/tutorial_dag.py
[2025-05-19T23:08:48.380+0000] {logging_mixin.py:188} INFO - [2025-05-19T23:08:48.380+0000] {dag.py:3047} INFO - Sync 1 DAGs
[2025-05-19T23:08:48.414+0000] {logging_mixin.py:188} INFO - [2025-05-19T23:08:48.413+0000] {dag.py:3834} INFO - Setting next_dagrun for tutorial_dag to None, run_after=None
[2025-05-19T23:08:48.578+0000] {processor.py:183} INFO - Processing /home/airflow/.local/lib/python3.8/site-packages/airflow/example_dags/tutorial_dag.py took 0.295 seconds
[2025-05-19T23:09:18.766+0000] {processor.py:161} INFO - Started process (PID=557) to work on /home/airflow/.local/lib/python3.8/site-packages/airflow/example_dags/tutorial_dag.py
[2025-05-19T23:09:18.769+0000] {processor.py:830} INFO - Processing file /home/airflow/.local/lib/python3.8/site-packages/airflow/example_dags/tutorial_dag.py for tasks to queue
[2025-05-19T23:09:18.774+0000] {logging_mixin.py:188} INFO - [2025-05-19T23:09:18.773+0000] {dagbag.py:540} INFO - Filling up the DagBag from /home/airflow/.local/lib/python3.8/site-packages/airflow/example_dags/tutorial_dag.py
[2025-05-19T23:09:18.807+0000] {processor.py:840} INFO - DAG(s) 'tutorial_dag' retrieved from /home/airflow/.local/lib/python3.8/site-packages/airflow/example_dags/tutorial_dag.py
[2025-05-19T23:09:18.883+0000] {logging_mixin.py:188} INFO - [2025-05-19T23:09:18.881+0000] {dag.py:3047} INFO - Sync 1 DAGs
[2025-05-19T23:09:18.942+0000] {logging_mixin.py:188} INFO - [2025-05-19T23:09:18.941+0000] {dag.py:3834} INFO - Setting next_dagrun for tutorial_dag to None, run_after=None
[2025-05-19T23:09:19.027+0000] {processor.py:183} INFO - Processing /home/airflow/.local/lib/python3.8/site-packages/airflow/example_dags/tutorial_dag.py took 0.272 seconds
[2025-05-19T23:09:51.624+0000] {processor.py:161} INFO - Started process (PID=614) to work on /home/airflow/.local/lib/python3.8/site-packages/airflow/example_dags/tutorial_dag.py
[2025-05-19T23:09:51.628+0000] {processor.py:830} INFO - Processing file /home/airflow/.local/lib/python3.8/site-packages/airflow/example_dags/tutorial_dag.py for tasks to queue
[2025-05-19T23:09:51.636+0000] {logging_mixin.py:188} INFO - [2025-05-19T23:09:51.634+0000] {dagbag.py:540} INFO - Filling up the DagBag from /home/airflow/.local/lib/python3.8/site-packages/airflow/example_dags/tutorial_dag.py
[2025-05-19T23:09:51.663+0000] {processor.py:840} INFO - DAG(s) 'tutorial_dag' retrieved from /home/airflow/.local/lib/python3.8/site-packages/airflow/example_dags/tutorial_dag.py
[2025-05-19T23:09:51.720+0000] {logging_mixin.py:188} INFO - [2025-05-19T23:09:51.719+0000] {dag.py:3047} INFO - Sync 1 DAGs
[2025-05-19T23:09:51.760+0000] {logging_mixin.py:188} INFO - [2025-05-19T23:09:51.759+0000] {dag.py:3834} INFO - Setting next_dagrun for tutorial_dag to None, run_after=None
[2025-05-19T23:09:51.838+0000] {processor.py:183} INFO - Processing /home/airflow/.local/lib/python3.8/site-packages/airflow/example_dags/tutorial_dag.py took 0.225 seconds
[2025-05-19T23:10:22.356+0000] {processor.py:161} INFO - Started process (PID=671) to work on /home/airflow/.local/lib/python3.8/site-packages/airflow/example_dags/tutorial_dag.py
[2025-05-19T23:10:22.363+0000] {processor.py:830} INFO - Processing file /home/airflow/.local/lib/python3.8/site-packages/airflow/example_dags/tutorial_dag.py for tasks to queue
[2025-05-19T23:10:22.376+0000] {logging_mixin.py:188} INFO - [2025-05-19T23:10:22.373+0000] {dagbag.py:540} INFO - Filling up the DagBag from /home/airflow/.local/lib/python3.8/site-packages/airflow/example_dags/tutorial_dag.py
[2025-05-19T23:10:22.395+0000] {processor.py:840} INFO - DAG(s) 'tutorial_dag' retrieved from /home/airflow/.local/lib/python3.8/site-packages/airflow/example_dags/tutorial_dag.py
[2025-05-19T23:10:22.424+0000] {logging_mixin.py:188} INFO - [2025-05-19T23:10:22.423+0000] {dag.py:3047} INFO - Sync 1 DAGs
[2025-05-19T23:10:22.456+0000] {logging_mixin.py:188} INFO - [2025-05-19T23:10:22.455+0000] {dag.py:3834} INFO - Setting next_dagrun for tutorial_dag to None, run_after=None
[2025-05-19T23:10:22.501+0000] {processor.py:183} INFO - Processing /home/airflow/.local/lib/python3.8/site-packages/airflow/example_dags/tutorial_dag.py took 0.176 seconds
[2025-05-19T23:10:52.938+0000] {processor.py:161} INFO - Started process (PID=727) to work on /home/airflow/.local/lib/python3.8/site-packages/airflow/example_dags/tutorial_dag.py
[2025-05-19T23:10:52.942+0000] {processor.py:830} INFO - Processing file /home/airflow/.local/lib/python3.8/site-packages/airflow/example_dags/tutorial_dag.py for tasks to queue
[2025-05-19T23:10:52.950+0000] {logging_mixin.py:188} INFO - [2025-05-19T23:10:52.949+0000] {dagbag.py:540} INFO - Filling up the DagBag from /home/airflow/.local/lib/python3.8/site-packages/airflow/example_dags/tutorial_dag.py
[2025-05-19T23:10:52.975+0000] {processor.py:840} INFO - DAG(s) 'tutorial_dag' retrieved from /home/airflow/.local/lib/python3.8/site-packages/airflow/example_dags/tutorial_dag.py
[2025-05-19T23:10:53.297+0000] {logging_mixin.py:188} INFO - [2025-05-19T23:10:53.296+0000] {dag.py:3047} INFO - Sync 1 DAGs
[2025-05-19T23:10:53.324+0000] {logging_mixin.py:188} INFO - [2025-05-19T23:10:53.323+0000] {dag.py:3834} INFO - Setting next_dagrun for tutorial_dag to None, run_after=None
[2025-05-19T23:10:53.372+0000] {processor.py:183} INFO - Processing /home/airflow/.local/lib/python3.8/site-packages/airflow/example_dags/tutorial_dag.py took 0.443 seconds
[2025-05-19T23:47:09.109+0000] {processor.py:161} INFO - Started process (PID=241) to work on /home/airflow/.local/lib/python3.8/site-packages/airflow/example_dags/tutorial_dag.py
[2025-05-19T23:47:09.139+0000] {processor.py:830} INFO - Processing file /home/airflow/.local/lib/python3.8/site-packages/airflow/example_dags/tutorial_dag.py for tasks to queue
[2025-05-19T23:47:09.186+0000] {logging_mixin.py:188} INFO - [2025-05-19T23:47:09.163+0000] {dagbag.py:540} INFO - Filling up the DagBag from /home/airflow/.local/lib/python3.8/site-packages/airflow/example_dags/tutorial_dag.py
[2025-05-19T23:47:09.338+0000] {processor.py:840} INFO - DAG(s) 'tutorial_dag' retrieved from /home/airflow/.local/lib/python3.8/site-packages/airflow/example_dags/tutorial_dag.py
[2025-05-19T23:47:11.538+0000] {logging_mixin.py:188} INFO - [2025-05-19T23:47:11.536+0000] {dag.py:3047} INFO - Sync 1 DAGs
[2025-05-19T23:47:11.766+0000] {logging_mixin.py:188} INFO - [2025-05-19T23:47:11.761+0000] {dag.py:3834} INFO - Setting next_dagrun for tutorial_dag to None, run_after=None
[2025-05-19T23:47:12.074+0000] {processor.py:183} INFO - Processing /home/airflow/.local/lib/python3.8/site-packages/airflow/example_dags/tutorial_dag.py took 3.021 seconds
