[2025-05-19T23:05:18.799+0000] {processor.py:161} INFO - Started process (PID=118) to work on /home/airflow/.local/lib/python3.8/site-packages/airflow/example_dags/tutorial_taskflow_api.py
[2025-05-19T23:05:18.801+0000] {processor.py:830} INFO - Processing file /home/airflow/.local/lib/python3.8/site-packages/airflow/example_dags/tutorial_taskflow_api.py for tasks to queue
[2025-05-19T23:05:18.807+0000] {logging_mixin.py:188} INFO - [2025-05-19T23:05:18.806+0000] {dagbag.py:540} INFO - Filling up the DagBag from /home/airflow/.local/lib/python3.8/site-packages/airflow/example_dags/tutorial_taskflow_api.py
[2025-05-19T23:05:18.825+0000] {processor.py:840} INFO - DAG(s) 'tutorial_taskflow_api' retrieved from /home/airflow/.local/lib/python3.8/site-packages/airflow/example_dags/tutorial_taskflow_api.py
[2025-05-19T23:05:19.234+0000] {logging_mixin.py:188} INFO - [2025-05-19T23:05:19.233+0000] {override.py:1769} INFO - Created Permission View: can edit on DAG:tutorial_taskflow_api
[2025-05-19T23:05:19.256+0000] {logging_mixin.py:188} INFO - [2025-05-19T23:05:19.255+0000] {override.py:1769} INFO - Created Permission View: can delete on DAG:tutorial_taskflow_api
[2025-05-19T23:05:19.272+0000] {logging_mixin.py:188} INFO - [2025-05-19T23:05:19.271+0000] {override.py:1769} INFO - Created Permission View: can read on DAG:tutorial_taskflow_api
[2025-05-19T23:05:19.273+0000] {logging_mixin.py:188} INFO - [2025-05-19T23:05:19.273+0000] {dag.py:3047} INFO - Sync 1 DAGs
[2025-05-19T23:05:19.299+0000] {logging_mixin.py:188} INFO - [2025-05-19T23:05:19.298+0000] {dag.py:3069} INFO - Creating ORM DAG for tutorial_taskflow_api
[2025-05-19T23:05:19.301+0000] {logging_mixin.py:188} INFO - [2025-05-19T23:05:19.300+0000] {dag.py:3834} INFO - Setting next_dagrun for tutorial_taskflow_api to None, run_after=None
[2025-05-19T23:05:19.343+0000] {processor.py:183} INFO - Processing /home/airflow/.local/lib/python3.8/site-packages/airflow/example_dags/tutorial_taskflow_api.py took 0.553 seconds
[2025-05-19T23:05:49.549+0000] {processor.py:161} INFO - Started process (PID=175) to work on /home/airflow/.local/lib/python3.8/site-packages/airflow/example_dags/tutorial_taskflow_api.py
[2025-05-19T23:05:49.551+0000] {processor.py:830} INFO - Processing file /home/airflow/.local/lib/python3.8/site-packages/airflow/example_dags/tutorial_taskflow_api.py for tasks to queue
[2025-05-19T23:05:49.555+0000] {logging_mixin.py:188} INFO - [2025-05-19T23:05:49.555+0000] {dagbag.py:540} INFO - Filling up the DagBag from /home/airflow/.local/lib/python3.8/site-packages/airflow/example_dags/tutorial_taskflow_api.py
[2025-05-19T23:05:49.570+0000] {processor.py:840} INFO - DAG(s) 'tutorial_taskflow_api' retrieved from /home/airflow/.local/lib/python3.8/site-packages/airflow/example_dags/tutorial_taskflow_api.py
[2025-05-19T23:05:49.619+0000] {logging_mixin.py:188} INFO - [2025-05-19T23:05:49.616+0000] {dag.py:3047} INFO - Sync 1 DAGs
[2025-05-19T23:05:49.644+0000] {logging_mixin.py:188} INFO - [2025-05-19T23:05:49.643+0000] {dag.py:3834} INFO - Setting next_dagrun for tutorial_taskflow_api to None, run_after=None
[2025-05-19T23:05:49.688+0000] {processor.py:183} INFO - Processing /home/airflow/.local/lib/python3.8/site-packages/airflow/example_dags/tutorial_taskflow_api.py took 0.148 seconds
[2025-05-19T23:06:20.597+0000] {processor.py:161} INFO - Started process (PID=232) to work on /home/airflow/.local/lib/python3.8/site-packages/airflow/example_dags/tutorial_taskflow_api.py
[2025-05-19T23:06:20.600+0000] {processor.py:830} INFO - Processing file /home/airflow/.local/lib/python3.8/site-packages/airflow/example_dags/tutorial_taskflow_api.py for tasks to queue
[2025-05-19T23:06:20.607+0000] {logging_mixin.py:188} INFO - [2025-05-19T23:06:20.605+0000] {dagbag.py:540} INFO - Filling up the DagBag from /home/airflow/.local/lib/python3.8/site-packages/airflow/example_dags/tutorial_taskflow_api.py
[2025-05-19T23:06:20.627+0000] {processor.py:840} INFO - DAG(s) 'tutorial_taskflow_api' retrieved from /home/airflow/.local/lib/python3.8/site-packages/airflow/example_dags/tutorial_taskflow_api.py
[2025-05-19T23:06:20.690+0000] {logging_mixin.py:188} INFO - [2025-05-19T23:06:20.689+0000] {dag.py:3047} INFO - Sync 1 DAGs
[2025-05-19T23:06:20.723+0000] {logging_mixin.py:188} INFO - [2025-05-19T23:06:20.722+0000] {dag.py:3834} INFO - Setting next_dagrun for tutorial_taskflow_api to None, run_after=None
[2025-05-19T23:06:20.777+0000] {processor.py:183} INFO - Processing /home/airflow/.local/lib/python3.8/site-packages/airflow/example_dags/tutorial_taskflow_api.py took 0.189 seconds
[2025-05-19T23:06:51.003+0000] {processor.py:161} INFO - Started process (PID=289) to work on /home/airflow/.local/lib/python3.8/site-packages/airflow/example_dags/tutorial_taskflow_api.py
[2025-05-19T23:06:51.007+0000] {processor.py:830} INFO - Processing file /home/airflow/.local/lib/python3.8/site-packages/airflow/example_dags/tutorial_taskflow_api.py for tasks to queue
[2025-05-19T23:06:51.012+0000] {logging_mixin.py:188} INFO - [2025-05-19T23:06:51.011+0000] {dagbag.py:540} INFO - Filling up the DagBag from /home/airflow/.local/lib/python3.8/site-packages/airflow/example_dags/tutorial_taskflow_api.py
[2025-05-19T23:06:51.037+0000] {processor.py:840} INFO - DAG(s) 'tutorial_taskflow_api' retrieved from /home/airflow/.local/lib/python3.8/site-packages/airflow/example_dags/tutorial_taskflow_api.py
[2025-05-19T23:06:51.098+0000] {logging_mixin.py:188} INFO - [2025-05-19T23:06:51.098+0000] {dag.py:3047} INFO - Sync 1 DAGs
[2025-05-19T23:06:51.137+0000] {logging_mixin.py:188} INFO - [2025-05-19T23:06:51.136+0000] {dag.py:3834} INFO - Setting next_dagrun for tutorial_taskflow_api to None, run_after=None
[2025-05-19T23:06:51.259+0000] {processor.py:183} INFO - Processing /home/airflow/.local/lib/python3.8/site-packages/airflow/example_dags/tutorial_taskflow_api.py took 0.267 seconds
[2025-05-19T23:07:22.093+0000] {processor.py:161} INFO - Started process (PID=346) to work on /home/airflow/.local/lib/python3.8/site-packages/airflow/example_dags/tutorial_taskflow_api.py
[2025-05-19T23:07:22.095+0000] {processor.py:830} INFO - Processing file /home/airflow/.local/lib/python3.8/site-packages/airflow/example_dags/tutorial_taskflow_api.py for tasks to queue
[2025-05-19T23:07:22.099+0000] {logging_mixin.py:188} INFO - [2025-05-19T23:07:22.099+0000] {dagbag.py:540} INFO - Filling up the DagBag from /home/airflow/.local/lib/python3.8/site-packages/airflow/example_dags/tutorial_taskflow_api.py
[2025-05-19T23:07:22.112+0000] {processor.py:840} INFO - DAG(s) 'tutorial_taskflow_api' retrieved from /home/airflow/.local/lib/python3.8/site-packages/airflow/example_dags/tutorial_taskflow_api.py
[2025-05-19T23:07:22.159+0000] {logging_mixin.py:188} INFO - [2025-05-19T23:07:22.158+0000] {dag.py:3047} INFO - Sync 1 DAGs
[2025-05-19T23:07:22.191+0000] {logging_mixin.py:188} INFO - [2025-05-19T23:07:22.190+0000] {dag.py:3834} INFO - Setting next_dagrun for tutorial_taskflow_api to None, run_after=None
[2025-05-19T23:07:22.263+0000] {processor.py:183} INFO - Processing /home/airflow/.local/lib/python3.8/site-packages/airflow/example_dags/tutorial_taskflow_api.py took 0.179 seconds
[2025-05-19T23:07:52.427+0000] {processor.py:161} INFO - Started process (PID=403) to work on /home/airflow/.local/lib/python3.8/site-packages/airflow/example_dags/tutorial_taskflow_api.py
[2025-05-19T23:07:52.429+0000] {processor.py:830} INFO - Processing file /home/airflow/.local/lib/python3.8/site-packages/airflow/example_dags/tutorial_taskflow_api.py for tasks to queue
[2025-05-19T23:07:52.434+0000] {logging_mixin.py:188} INFO - [2025-05-19T23:07:52.433+0000] {dagbag.py:540} INFO - Filling up the DagBag from /home/airflow/.local/lib/python3.8/site-packages/airflow/example_dags/tutorial_taskflow_api.py
[2025-05-19T23:07:52.446+0000] {processor.py:840} INFO - DAG(s) 'tutorial_taskflow_api' retrieved from /home/airflow/.local/lib/python3.8/site-packages/airflow/example_dags/tutorial_taskflow_api.py
[2025-05-19T23:07:52.489+0000] {logging_mixin.py:188} INFO - [2025-05-19T23:07:52.488+0000] {dag.py:3047} INFO - Sync 1 DAGs
[2025-05-19T23:07:52.521+0000] {logging_mixin.py:188} INFO - [2025-05-19T23:07:52.520+0000] {dag.py:3834} INFO - Setting next_dagrun for tutorial_taskflow_api to None, run_after=None
[2025-05-19T23:07:52.654+0000] {processor.py:183} INFO - Processing /home/airflow/.local/lib/python3.8/site-packages/airflow/example_dags/tutorial_taskflow_api.py took 0.234 seconds
[2025-05-19T23:08:23.498+0000] {processor.py:161} INFO - Started process (PID=460) to work on /home/airflow/.local/lib/python3.8/site-packages/airflow/example_dags/tutorial_taskflow_api.py
[2025-05-19T23:08:23.500+0000] {processor.py:830} INFO - Processing file /home/airflow/.local/lib/python3.8/site-packages/airflow/example_dags/tutorial_taskflow_api.py for tasks to queue
[2025-05-19T23:08:23.504+0000] {logging_mixin.py:188} INFO - [2025-05-19T23:08:23.503+0000] {dagbag.py:540} INFO - Filling up the DagBag from /home/airflow/.local/lib/python3.8/site-packages/airflow/example_dags/tutorial_taskflow_api.py
[2025-05-19T23:08:23.518+0000] {processor.py:840} INFO - DAG(s) 'tutorial_taskflow_api' retrieved from /home/airflow/.local/lib/python3.8/site-packages/airflow/example_dags/tutorial_taskflow_api.py
[2025-05-19T23:08:23.578+0000] {logging_mixin.py:188} INFO - [2025-05-19T23:08:23.576+0000] {dag.py:3047} INFO - Sync 1 DAGs
[2025-05-19T23:08:23.646+0000] {logging_mixin.py:188} INFO - [2025-05-19T23:08:23.645+0000] {dag.py:3834} INFO - Setting next_dagrun for tutorial_taskflow_api to None, run_after=None
[2025-05-19T23:08:23.780+0000] {processor.py:183} INFO - Processing /home/airflow/.local/lib/python3.8/site-packages/airflow/example_dags/tutorial_taskflow_api.py took 0.289 seconds
[2025-05-19T23:08:54.933+0000] {processor.py:161} INFO - Started process (PID=517) to work on /home/airflow/.local/lib/python3.8/site-packages/airflow/example_dags/tutorial_taskflow_api.py
[2025-05-19T23:08:54.936+0000] {processor.py:830} INFO - Processing file /home/airflow/.local/lib/python3.8/site-packages/airflow/example_dags/tutorial_taskflow_api.py for tasks to queue
[2025-05-19T23:08:54.941+0000] {logging_mixin.py:188} INFO - [2025-05-19T23:08:54.940+0000] {dagbag.py:540} INFO - Filling up the DagBag from /home/airflow/.local/lib/python3.8/site-packages/airflow/example_dags/tutorial_taskflow_api.py
[2025-05-19T23:08:54.959+0000] {processor.py:840} INFO - DAG(s) 'tutorial_taskflow_api' retrieved from /home/airflow/.local/lib/python3.8/site-packages/airflow/example_dags/tutorial_taskflow_api.py
[2025-05-19T23:08:55.010+0000] {logging_mixin.py:188} INFO - [2025-05-19T23:08:55.009+0000] {dag.py:3047} INFO - Sync 1 DAGs
[2025-05-19T23:08:55.039+0000] {logging_mixin.py:188} INFO - [2025-05-19T23:08:55.039+0000] {dag.py:3834} INFO - Setting next_dagrun for tutorial_taskflow_api to None, run_after=None
[2025-05-19T23:08:55.088+0000] {processor.py:183} INFO - Processing /home/airflow/.local/lib/python3.8/site-packages/airflow/example_dags/tutorial_taskflow_api.py took 0.167 seconds
[2025-05-19T23:09:25.481+0000] {processor.py:161} INFO - Started process (PID=575) to work on /home/airflow/.local/lib/python3.8/site-packages/airflow/example_dags/tutorial_taskflow_api.py
[2025-05-19T23:09:25.484+0000] {processor.py:830} INFO - Processing file /home/airflow/.local/lib/python3.8/site-packages/airflow/example_dags/tutorial_taskflow_api.py for tasks to queue
[2025-05-19T23:09:25.489+0000] {logging_mixin.py:188} INFO - [2025-05-19T23:09:25.488+0000] {dagbag.py:540} INFO - Filling up the DagBag from /home/airflow/.local/lib/python3.8/site-packages/airflow/example_dags/tutorial_taskflow_api.py
[2025-05-19T23:09:25.511+0000] {processor.py:840} INFO - DAG(s) 'tutorial_taskflow_api' retrieved from /home/airflow/.local/lib/python3.8/site-packages/airflow/example_dags/tutorial_taskflow_api.py
[2025-05-19T23:09:25.584+0000] {logging_mixin.py:188} INFO - [2025-05-19T23:09:25.583+0000] {dag.py:3047} INFO - Sync 1 DAGs
[2025-05-19T23:09:25.624+0000] {logging_mixin.py:188} INFO - [2025-05-19T23:09:25.624+0000] {dag.py:3834} INFO - Setting next_dagrun for tutorial_taskflow_api to None, run_after=None
[2025-05-19T23:09:25.697+0000] {processor.py:183} INFO - Processing /home/airflow/.local/lib/python3.8/site-packages/airflow/example_dags/tutorial_taskflow_api.py took 0.229 seconds
[2025-05-19T23:09:56.538+0000] {processor.py:161} INFO - Started process (PID=632) to work on /home/airflow/.local/lib/python3.8/site-packages/airflow/example_dags/tutorial_taskflow_api.py
[2025-05-19T23:09:56.542+0000] {processor.py:830} INFO - Processing file /home/airflow/.local/lib/python3.8/site-packages/airflow/example_dags/tutorial_taskflow_api.py for tasks to queue
[2025-05-19T23:09:56.550+0000] {logging_mixin.py:188} INFO - [2025-05-19T23:09:56.548+0000] {dagbag.py:540} INFO - Filling up the DagBag from /home/airflow/.local/lib/python3.8/site-packages/airflow/example_dags/tutorial_taskflow_api.py
[2025-05-19T23:09:56.574+0000] {processor.py:840} INFO - DAG(s) 'tutorial_taskflow_api' retrieved from /home/airflow/.local/lib/python3.8/site-packages/airflow/example_dags/tutorial_taskflow_api.py
[2025-05-19T23:09:56.622+0000] {logging_mixin.py:188} INFO - [2025-05-19T23:09:56.621+0000] {dag.py:3047} INFO - Sync 1 DAGs
[2025-05-19T23:09:56.697+0000] {logging_mixin.py:188} INFO - [2025-05-19T23:09:56.696+0000] {dag.py:3834} INFO - Setting next_dagrun for tutorial_taskflow_api to None, run_after=None
[2025-05-19T23:09:56.761+0000] {processor.py:183} INFO - Processing /home/airflow/.local/lib/python3.8/site-packages/airflow/example_dags/tutorial_taskflow_api.py took 0.233 seconds
[2025-05-19T23:10:27.666+0000] {processor.py:161} INFO - Started process (PID=689) to work on /home/airflow/.local/lib/python3.8/site-packages/airflow/example_dags/tutorial_taskflow_api.py
[2025-05-19T23:10:27.668+0000] {processor.py:830} INFO - Processing file /home/airflow/.local/lib/python3.8/site-packages/airflow/example_dags/tutorial_taskflow_api.py for tasks to queue
[2025-05-19T23:10:27.673+0000] {logging_mixin.py:188} INFO - [2025-05-19T23:10:27.672+0000] {dagbag.py:540} INFO - Filling up the DagBag from /home/airflow/.local/lib/python3.8/site-packages/airflow/example_dags/tutorial_taskflow_api.py
[2025-05-19T23:10:27.686+0000] {processor.py:840} INFO - DAG(s) 'tutorial_taskflow_api' retrieved from /home/airflow/.local/lib/python3.8/site-packages/airflow/example_dags/tutorial_taskflow_api.py
[2025-05-19T23:10:27.948+0000] {logging_mixin.py:188} INFO - [2025-05-19T23:10:27.948+0000] {dag.py:3047} INFO - Sync 1 DAGs
[2025-05-19T23:10:27.971+0000] {logging_mixin.py:188} INFO - [2025-05-19T23:10:27.971+0000] {dag.py:3834} INFO - Setting next_dagrun for tutorial_taskflow_api to None, run_after=None
[2025-05-19T23:10:28.021+0000] {processor.py:183} INFO - Processing /home/airflow/.local/lib/python3.8/site-packages/airflow/example_dags/tutorial_taskflow_api.py took 0.362 seconds
[2025-05-19T23:10:58.297+0000] {processor.py:161} INFO - Started process (PID=746) to work on /home/airflow/.local/lib/python3.8/site-packages/airflow/example_dags/tutorial_taskflow_api.py
[2025-05-19T23:10:58.300+0000] {processor.py:830} INFO - Processing file /home/airflow/.local/lib/python3.8/site-packages/airflow/example_dags/tutorial_taskflow_api.py for tasks to queue
[2025-05-19T23:10:58.306+0000] {logging_mixin.py:188} INFO - [2025-05-19T23:10:58.305+0000] {dagbag.py:540} INFO - Filling up the DagBag from /home/airflow/.local/lib/python3.8/site-packages/airflow/example_dags/tutorial_taskflow_api.py
[2025-05-19T23:10:58.333+0000] {processor.py:840} INFO - DAG(s) 'tutorial_taskflow_api' retrieved from /home/airflow/.local/lib/python3.8/site-packages/airflow/example_dags/tutorial_taskflow_api.py
[2025-05-19T23:10:58.385+0000] {logging_mixin.py:188} INFO - [2025-05-19T23:10:58.384+0000] {dag.py:3047} INFO - Sync 1 DAGs
[2025-05-19T23:10:58.418+0000] {logging_mixin.py:188} INFO - [2025-05-19T23:10:58.417+0000] {dag.py:3834} INFO - Setting next_dagrun for tutorial_taskflow_api to None, run_after=None
[2025-05-19T23:10:58.470+0000] {processor.py:183} INFO - Processing /home/airflow/.local/lib/python3.8/site-packages/airflow/example_dags/tutorial_taskflow_api.py took 0.183 seconds
[2025-05-19T23:48:21.029+0000] {processor.py:161} INFO - Started process (PID=271) to work on /home/airflow/.local/lib/python3.8/site-packages/airflow/example_dags/tutorial_taskflow_api.py
[2025-05-19T23:48:21.123+0000] {processor.py:830} INFO - Processing file /home/airflow/.local/lib/python3.8/site-packages/airflow/example_dags/tutorial_taskflow_api.py for tasks to queue
[2025-05-19T23:48:21.167+0000] {logging_mixin.py:188} INFO - [2025-05-19T23:48:21.164+0000] {dagbag.py:540} INFO - Filling up the DagBag from /home/airflow/.local/lib/python3.8/site-packages/airflow/example_dags/tutorial_taskflow_api.py
[2025-05-19T23:48:21.246+0000] {processor.py:840} INFO - DAG(s) 'tutorial_taskflow_api' retrieved from /home/airflow/.local/lib/python3.8/site-packages/airflow/example_dags/tutorial_taskflow_api.py
[2025-05-19T23:48:22.873+0000] {logging_mixin.py:188} INFO - [2025-05-19T23:48:22.860+0000] {dag.py:3047} INFO - Sync 1 DAGs
[2025-05-19T23:48:23.237+0000] {logging_mixin.py:188} INFO - [2025-05-19T23:48:23.235+0000] {dag.py:3834} INFO - Setting next_dagrun for tutorial_taskflow_api to None, run_after=None
[2025-05-19T23:48:24.088+0000] {processor.py:183} INFO - Processing /home/airflow/.local/lib/python3.8/site-packages/airflow/example_dags/tutorial_taskflow_api.py took 3.221 seconds
