[2025-05-20T02:17:55.622+0000] {processor.py:161} INFO - Started process (PID=108) to work on /home/airflow/.local/lib/python3.8/site-packages/airflow/example_dags/example_setup_teardown.py
[2025-05-20T02:17:55.626+0000] {processor.py:830} INFO - Processing file /home/airflow/.local/lib/python3.8/site-packages/airflow/example_dags/example_setup_teardown.py for tasks to queue
[2025-05-20T02:17:55.633+0000] {logging_mixin.py:188} INFO - [2025-05-20T02:17:55.632+0000] {dagbag.py:540} INFO - Filling up the DagBag from /home/airflow/.local/lib/python3.8/site-packages/airflow/example_dags/example_setup_teardown.py
[2025-05-20T02:17:55.677+0000] {processor.py:840} INFO - DAG(s) 'example_setup_teardown' retrieved from /home/airflow/.local/lib/python3.8/site-packages/airflow/example_dags/example_setup_teardown.py
[2025-05-20T02:17:56.403+0000] {logging_mixin.py:188} INFO - [2025-05-20T02:17:56.402+0000] {dag.py:3047} INFO - Sync 1 DAGs
[2025-05-20T02:17:56.569+0000] {logging_mixin.py:188} INFO - [2025-05-20T02:17:56.569+0000] {dag.py:3834} INFO - Setting next_dagrun for example_setup_teardown to 2025-05-19 00:00:00+00:00, run_after=2025-05-20 00:00:00+00:00
[2025-05-20T02:17:56.705+0000] {processor.py:183} INFO - Processing /home/airflow/.local/lib/python3.8/site-packages/airflow/example_dags/example_setup_teardown.py took 1.096 seconds
[2025-05-20T02:18:27.311+0000] {processor.py:161} INFO - Started process (PID=166) to work on /home/airflow/.local/lib/python3.8/site-packages/airflow/example_dags/example_setup_teardown.py
[2025-05-20T02:18:27.313+0000] {processor.py:830} INFO - Processing file /home/airflow/.local/lib/python3.8/site-packages/airflow/example_dags/example_setup_teardown.py for tasks to queue
[2025-05-20T02:18:27.319+0000] {logging_mixin.py:188} INFO - [2025-05-20T02:18:27.318+0000] {dagbag.py:540} INFO - Filling up the DagBag from /home/airflow/.local/lib/python3.8/site-packages/airflow/example_dags/example_setup_teardown.py
[2025-05-20T02:18:27.338+0000] {processor.py:840} INFO - DAG(s) 'example_setup_teardown' retrieved from /home/airflow/.local/lib/python3.8/site-packages/airflow/example_dags/example_setup_teardown.py
[2025-05-20T02:18:27.375+0000] {logging_mixin.py:188} INFO - [2025-05-20T02:18:27.374+0000] {dag.py:3047} INFO - Sync 1 DAGs
[2025-05-20T02:18:27.466+0000] {logging_mixin.py:188} INFO - [2025-05-20T02:18:27.464+0000] {dag.py:3834} INFO - Setting next_dagrun for example_setup_teardown to 2025-05-19 00:00:00+00:00, run_after=2025-05-20 00:00:00+00:00
[2025-05-20T02:18:27.547+0000] {processor.py:183} INFO - Processing /home/airflow/.local/lib/python3.8/site-packages/airflow/example_dags/example_setup_teardown.py took 0.247 seconds
[2025-05-20T02:18:59.189+0000] {processor.py:161} INFO - Started process (PID=223) to work on /home/airflow/.local/lib/python3.8/site-packages/airflow/example_dags/example_setup_teardown.py
[2025-05-20T02:18:59.193+0000] {processor.py:830} INFO - Processing file /home/airflow/.local/lib/python3.8/site-packages/airflow/example_dags/example_setup_teardown.py for tasks to queue
[2025-05-20T02:18:59.199+0000] {logging_mixin.py:188} INFO - [2025-05-20T02:18:59.198+0000] {dagbag.py:540} INFO - Filling up the DagBag from /home/airflow/.local/lib/python3.8/site-packages/airflow/example_dags/example_setup_teardown.py
[2025-05-20T02:18:59.216+0000] {processor.py:840} INFO - DAG(s) 'example_setup_teardown' retrieved from /home/airflow/.local/lib/python3.8/site-packages/airflow/example_dags/example_setup_teardown.py
[2025-05-20T02:18:59.461+0000] {logging_mixin.py:188} INFO - [2025-05-20T02:18:59.460+0000] {dag.py:3047} INFO - Sync 1 DAGs
[2025-05-20T02:18:59.523+0000] {logging_mixin.py:188} INFO - [2025-05-20T02:18:59.522+0000] {dag.py:3834} INFO - Setting next_dagrun for example_setup_teardown to 2025-05-19 00:00:00+00:00, run_after=2025-05-20 00:00:00+00:00
[2025-05-20T02:18:59.563+0000] {processor.py:183} INFO - Processing /home/airflow/.local/lib/python3.8/site-packages/airflow/example_dags/example_setup_teardown.py took 0.386 seconds
[2025-05-20T02:19:29.757+0000] {processor.py:161} INFO - Started process (PID=281) to work on /home/airflow/.local/lib/python3.8/site-packages/airflow/example_dags/example_setup_teardown.py
[2025-05-20T02:19:29.762+0000] {processor.py:830} INFO - Processing file /home/airflow/.local/lib/python3.8/site-packages/airflow/example_dags/example_setup_teardown.py for tasks to queue
[2025-05-20T02:19:29.768+0000] {logging_mixin.py:188} INFO - [2025-05-20T02:19:29.767+0000] {dagbag.py:540} INFO - Filling up the DagBag from /home/airflow/.local/lib/python3.8/site-packages/airflow/example_dags/example_setup_teardown.py
[2025-05-20T02:19:29.790+0000] {processor.py:840} INFO - DAG(s) 'example_setup_teardown' retrieved from /home/airflow/.local/lib/python3.8/site-packages/airflow/example_dags/example_setup_teardown.py
[2025-05-20T02:19:29.846+0000] {logging_mixin.py:188} INFO - [2025-05-20T02:19:29.845+0000] {dag.py:3047} INFO - Sync 1 DAGs
[2025-05-20T02:19:29.911+0000] {logging_mixin.py:188} INFO - [2025-05-20T02:19:29.911+0000] {dag.py:3834} INFO - Setting next_dagrun for example_setup_teardown to 2025-05-19 00:00:00+00:00, run_after=2025-05-20 00:00:00+00:00
[2025-05-20T02:19:29.968+0000] {processor.py:183} INFO - Processing /home/airflow/.local/lib/python3.8/site-packages/airflow/example_dags/example_setup_teardown.py took 0.236 seconds
[2025-05-20T02:20:01.267+0000] {processor.py:161} INFO - Started process (PID=339) to work on /home/airflow/.local/lib/python3.8/site-packages/airflow/example_dags/example_setup_teardown.py
[2025-05-20T02:20:01.269+0000] {processor.py:830} INFO - Processing file /home/airflow/.local/lib/python3.8/site-packages/airflow/example_dags/example_setup_teardown.py for tasks to queue
[2025-05-20T02:20:01.273+0000] {logging_mixin.py:188} INFO - [2025-05-20T02:20:01.272+0000] {dagbag.py:540} INFO - Filling up the DagBag from /home/airflow/.local/lib/python3.8/site-packages/airflow/example_dags/example_setup_teardown.py
[2025-05-20T02:20:01.287+0000] {processor.py:840} INFO - DAG(s) 'example_setup_teardown' retrieved from /home/airflow/.local/lib/python3.8/site-packages/airflow/example_dags/example_setup_teardown.py
[2025-05-20T02:20:01.310+0000] {logging_mixin.py:188} INFO - [2025-05-20T02:20:01.309+0000] {dag.py:3047} INFO - Sync 1 DAGs
[2025-05-20T02:20:01.371+0000] {logging_mixin.py:188} INFO - [2025-05-20T02:20:01.370+0000] {dag.py:3834} INFO - Setting next_dagrun for example_setup_teardown to 2025-05-19 00:00:00+00:00, run_after=2025-05-20 00:00:00+00:00
[2025-05-20T02:20:01.412+0000] {processor.py:183} INFO - Processing /home/airflow/.local/lib/python3.8/site-packages/airflow/example_dags/example_setup_teardown.py took 0.156 seconds
[2025-05-20T02:20:34.631+0000] {processor.py:161} INFO - Started process (PID=396) to work on /home/airflow/.local/lib/python3.8/site-packages/airflow/example_dags/example_setup_teardown.py
[2025-05-20T02:20:34.636+0000] {processor.py:830} INFO - Processing file /home/airflow/.local/lib/python3.8/site-packages/airflow/example_dags/example_setup_teardown.py for tasks to queue
[2025-05-20T02:20:34.643+0000] {logging_mixin.py:188} INFO - [2025-05-20T02:20:34.642+0000] {dagbag.py:540} INFO - Filling up the DagBag from /home/airflow/.local/lib/python3.8/site-packages/airflow/example_dags/example_setup_teardown.py
[2025-05-20T02:20:34.664+0000] {processor.py:840} INFO - DAG(s) 'example_setup_teardown' retrieved from /home/airflow/.local/lib/python3.8/site-packages/airflow/example_dags/example_setup_teardown.py
[2025-05-20T02:20:34.972+0000] {logging_mixin.py:188} INFO - [2025-05-20T02:20:34.971+0000] {dag.py:3047} INFO - Sync 1 DAGs
[2025-05-20T02:20:35.023+0000] {logging_mixin.py:188} INFO - [2025-05-20T02:20:35.022+0000] {dag.py:3834} INFO - Setting next_dagrun for example_setup_teardown to 2025-05-19 00:00:00+00:00, run_after=2025-05-20 00:00:00+00:00
[2025-05-20T02:20:35.088+0000] {processor.py:183} INFO - Processing /home/airflow/.local/lib/python3.8/site-packages/airflow/example_dags/example_setup_teardown.py took 0.468 seconds
