[2025-05-20T02:17:54.838+0000] {processor.py:161} INFO - Started process (PID=106) to work on /home/airflow/.local/lib/python3.8/site-packages/airflow/example_dags/example_time_delta_sensor_async.py
[2025-05-20T02:17:54.841+0000] {processor.py:830} INFO - Processing file /home/airflow/.local/lib/python3.8/site-packages/airflow/example_dags/example_time_delta_sensor_async.py for tasks to queue
[2025-05-20T02:17:54.848+0000] {logging_mixin.py:188} INFO - [2025-05-20T02:17:54.847+0000] {dagbag.py:540} INFO - Filling up the DagBag from /home/airflow/.local/lib/python3.8/site-packages/airflow/example_dags/example_time_delta_sensor_async.py
[2025-05-20T02:17:54.867+0000] {processor.py:840} INFO - DAG(s) 'example_time_delta_sensor_async' retrieved from /home/airflow/.local/lib/python3.8/site-packages/airflow/example_dags/example_time_delta_sensor_async.py
[2025-05-20T02:17:55.413+0000] {logging_mixin.py:188} INFO - [2025-05-20T02:17:55.413+0000] {dag.py:3047} INFO - Sync 1 DAGs
[2025-05-20T02:17:55.449+0000] {logging_mixin.py:188} INFO - [2025-05-20T02:17:55.448+0000] {dag.py:3834} INFO - Setting next_dagrun for example_time_delta_sensor_async to None, run_after=None
[2025-05-20T02:17:55.514+0000] {processor.py:183} INFO - Processing /home/airflow/.local/lib/python3.8/site-packages/airflow/example_dags/example_time_delta_sensor_async.py took 0.683 seconds
[2025-05-20T02:18:26.063+0000] {processor.py:161} INFO - Started process (PID=164) to work on /home/airflow/.local/lib/python3.8/site-packages/airflow/example_dags/example_time_delta_sensor_async.py
[2025-05-20T02:18:26.065+0000] {processor.py:830} INFO - Processing file /home/airflow/.local/lib/python3.8/site-packages/airflow/example_dags/example_time_delta_sensor_async.py for tasks to queue
[2025-05-20T02:18:26.069+0000] {logging_mixin.py:188} INFO - [2025-05-20T02:18:26.069+0000] {dagbag.py:540} INFO - Filling up the DagBag from /home/airflow/.local/lib/python3.8/site-packages/airflow/example_dags/example_time_delta_sensor_async.py
[2025-05-20T02:18:26.079+0000] {processor.py:840} INFO - DAG(s) 'example_time_delta_sensor_async' retrieved from /home/airflow/.local/lib/python3.8/site-packages/airflow/example_dags/example_time_delta_sensor_async.py
[2025-05-20T02:18:26.120+0000] {logging_mixin.py:188} INFO - [2025-05-20T02:18:26.120+0000] {dag.py:3047} INFO - Sync 1 DAGs
[2025-05-20T02:18:26.150+0000] {logging_mixin.py:188} INFO - [2025-05-20T02:18:26.149+0000] {dag.py:3834} INFO - Setting next_dagrun for example_time_delta_sensor_async to None, run_after=None
[2025-05-20T02:18:26.196+0000] {processor.py:183} INFO - Processing /home/airflow/.local/lib/python3.8/site-packages/airflow/example_dags/example_time_delta_sensor_async.py took 0.139 seconds
[2025-05-20T02:18:58.737+0000] {processor.py:161} INFO - Started process (PID=221) to work on /home/airflow/.local/lib/python3.8/site-packages/airflow/example_dags/example_time_delta_sensor_async.py
[2025-05-20T02:18:58.741+0000] {processor.py:830} INFO - Processing file /home/airflow/.local/lib/python3.8/site-packages/airflow/example_dags/example_time_delta_sensor_async.py for tasks to queue
[2025-05-20T02:18:58.744+0000] {logging_mixin.py:188} INFO - [2025-05-20T02:18:58.744+0000] {dagbag.py:540} INFO - Filling up the DagBag from /home/airflow/.local/lib/python3.8/site-packages/airflow/example_dags/example_time_delta_sensor_async.py
[2025-05-20T02:18:58.752+0000] {processor.py:840} INFO - DAG(s) 'example_time_delta_sensor_async' retrieved from /home/airflow/.local/lib/python3.8/site-packages/airflow/example_dags/example_time_delta_sensor_async.py
[2025-05-20T02:18:59.025+0000] {logging_mixin.py:188} INFO - [2025-05-20T02:18:59.024+0000] {dag.py:3047} INFO - Sync 1 DAGs
[2025-05-20T02:18:59.059+0000] {logging_mixin.py:188} INFO - [2025-05-20T02:18:59.058+0000] {dag.py:3834} INFO - Setting next_dagrun for example_time_delta_sensor_async to None, run_after=None
[2025-05-20T02:18:59.116+0000] {processor.py:183} INFO - Processing /home/airflow/.local/lib/python3.8/site-packages/airflow/example_dags/example_time_delta_sensor_async.py took 0.388 seconds
[2025-05-20T02:19:29.187+0000] {processor.py:161} INFO - Started process (PID=279) to work on /home/airflow/.local/lib/python3.8/site-packages/airflow/example_dags/example_time_delta_sensor_async.py
[2025-05-20T02:19:29.189+0000] {processor.py:830} INFO - Processing file /home/airflow/.local/lib/python3.8/site-packages/airflow/example_dags/example_time_delta_sensor_async.py for tasks to queue
[2025-05-20T02:19:29.192+0000] {logging_mixin.py:188} INFO - [2025-05-20T02:19:29.192+0000] {dagbag.py:540} INFO - Filling up the DagBag from /home/airflow/.local/lib/python3.8/site-packages/airflow/example_dags/example_time_delta_sensor_async.py
[2025-05-20T02:19:29.200+0000] {processor.py:840} INFO - DAG(s) 'example_time_delta_sensor_async' retrieved from /home/airflow/.local/lib/python3.8/site-packages/airflow/example_dags/example_time_delta_sensor_async.py
[2025-05-20T02:19:29.233+0000] {logging_mixin.py:188} INFO - [2025-05-20T02:19:29.232+0000] {dag.py:3047} INFO - Sync 1 DAGs
[2025-05-20T02:19:29.256+0000] {logging_mixin.py:188} INFO - [2025-05-20T02:19:29.256+0000] {dag.py:3834} INFO - Setting next_dagrun for example_time_delta_sensor_async to None, run_after=None
[2025-05-20T02:19:29.304+0000] {processor.py:183} INFO - Processing /home/airflow/.local/lib/python3.8/site-packages/airflow/example_dags/example_time_delta_sensor_async.py took 0.123 seconds
[2025-05-20T02:20:01.012+0000] {processor.py:161} INFO - Started process (PID=337) to work on /home/airflow/.local/lib/python3.8/site-packages/airflow/example_dags/example_time_delta_sensor_async.py
[2025-05-20T02:20:01.016+0000] {processor.py:830} INFO - Processing file /home/airflow/.local/lib/python3.8/site-packages/airflow/example_dags/example_time_delta_sensor_async.py for tasks to queue
[2025-05-20T02:20:01.024+0000] {logging_mixin.py:188} INFO - [2025-05-20T02:20:01.021+0000] {dagbag.py:540} INFO - Filling up the DagBag from /home/airflow/.local/lib/python3.8/site-packages/airflow/example_dags/example_time_delta_sensor_async.py
[2025-05-20T02:20:01.037+0000] {processor.py:840} INFO - DAG(s) 'example_time_delta_sensor_async' retrieved from /home/airflow/.local/lib/python3.8/site-packages/airflow/example_dags/example_time_delta_sensor_async.py
[2025-05-20T02:20:01.068+0000] {logging_mixin.py:188} INFO - [2025-05-20T02:20:01.067+0000] {dag.py:3047} INFO - Sync 1 DAGs
[2025-05-20T02:20:01.106+0000] {logging_mixin.py:188} INFO - [2025-05-20T02:20:01.106+0000] {dag.py:3834} INFO - Setting next_dagrun for example_time_delta_sensor_async to None, run_after=None
[2025-05-20T02:20:01.152+0000] {processor.py:183} INFO - Processing /home/airflow/.local/lib/python3.8/site-packages/airflow/example_dags/example_time_delta_sensor_async.py took 0.155 seconds
[2025-05-20T02:20:33.977+0000] {processor.py:161} INFO - Started process (PID=394) to work on /home/airflow/.local/lib/python3.8/site-packages/airflow/example_dags/example_time_delta_sensor_async.py
[2025-05-20T02:20:33.980+0000] {processor.py:830} INFO - Processing file /home/airflow/.local/lib/python3.8/site-packages/airflow/example_dags/example_time_delta_sensor_async.py for tasks to queue
[2025-05-20T02:20:33.988+0000] {logging_mixin.py:188} INFO - [2025-05-20T02:20:33.987+0000] {dagbag.py:540} INFO - Filling up the DagBag from /home/airflow/.local/lib/python3.8/site-packages/airflow/example_dags/example_time_delta_sensor_async.py
[2025-05-20T02:20:34.005+0000] {processor.py:840} INFO - DAG(s) 'example_time_delta_sensor_async' retrieved from /home/airflow/.local/lib/python3.8/site-packages/airflow/example_dags/example_time_delta_sensor_async.py
[2025-05-20T02:20:34.418+0000] {logging_mixin.py:188} INFO - [2025-05-20T02:20:34.417+0000] {dag.py:3047} INFO - Sync 1 DAGs
[2025-05-20T02:20:34.460+0000] {logging_mixin.py:188} INFO - [2025-05-20T02:20:34.459+0000] {dag.py:3834} INFO - Setting next_dagrun for example_time_delta_sensor_async to None, run_after=None
[2025-05-20T02:20:34.518+0000] {processor.py:183} INFO - Processing /home/airflow/.local/lib/python3.8/site-packages/airflow/example_dags/example_time_delta_sensor_async.py took 0.556 seconds
