[2025-05-20T02:17:41.702+0000] {processor.py:161} INFO - Started process (PID=82) to work on /home/airflow/.local/lib/python3.8/site-packages/airflow/example_dags/example_dag_decorator.py
[2025-05-20T02:17:41.716+0000] {processor.py:830} INFO - Processing file /home/airflow/.local/lib/python3.8/site-packages/airflow/example_dags/example_dag_decorator.py for tasks to queue
[2025-05-20T02:17:41.784+0000] {logging_mixin.py:188} INFO - [2025-05-20T02:17:41.774+0000] {dagbag.py:540} INFO - Filling up the DagBag from /home/airflow/.local/lib/python3.8/site-packages/airflow/example_dags/example_dag_decorator.py
[2025-05-20T02:17:46.534+0000] {processor.py:840} INFO - DAG(s) 'example_dag_decorator' retrieved from /home/airflow/.local/lib/python3.8/site-packages/airflow/example_dags/example_dag_decorator.py
[2025-05-20T02:17:47.645+0000] {logging_mixin.py:188} INFO - [2025-05-20T02:17:47.644+0000] {dag.py:3047} INFO - Sync 1 DAGs
[2025-05-20T02:17:47.719+0000] {logging_mixin.py:188} INFO - [2025-05-20T02:17:47.719+0000] {dag.py:3834} INFO - Setting next_dagrun for example_dag_decorator to None, run_after=None
[2025-05-20T02:17:47.990+0000] {processor.py:183} INFO - Processing /home/airflow/.local/lib/python3.8/site-packages/airflow/example_dags/example_dag_decorator.py took 6.398 seconds
[2025-05-20T02:18:18.257+0000] {processor.py:161} INFO - Started process (PID=140) to work on /home/airflow/.local/lib/python3.8/site-packages/airflow/example_dags/example_dag_decorator.py
[2025-05-20T02:18:18.259+0000] {processor.py:830} INFO - Processing file /home/airflow/.local/lib/python3.8/site-packages/airflow/example_dags/example_dag_decorator.py for tasks to queue
[2025-05-20T02:18:18.267+0000] {logging_mixin.py:188} INFO - [2025-05-20T02:18:18.266+0000] {dagbag.py:540} INFO - Filling up the DagBag from /home/airflow/.local/lib/python3.8/site-packages/airflow/example_dags/example_dag_decorator.py
[2025-05-20T02:18:18.633+0000] {processor.py:840} INFO - DAG(s) 'example_dag_decorator' retrieved from /home/airflow/.local/lib/python3.8/site-packages/airflow/example_dags/example_dag_decorator.py
[2025-05-20T02:18:18.873+0000] {logging_mixin.py:188} INFO - [2025-05-20T02:18:18.872+0000] {dag.py:3047} INFO - Sync 1 DAGs
[2025-05-20T02:18:18.929+0000] {logging_mixin.py:188} INFO - [2025-05-20T02:18:18.927+0000] {dag.py:3834} INFO - Setting next_dagrun for example_dag_decorator to None, run_after=None
[2025-05-20T02:18:25.038+0000] {processor.py:183} INFO - Processing /home/airflow/.local/lib/python3.8/site-packages/airflow/example_dags/example_dag_decorator.py took 6.775 seconds
[2025-05-20T02:18:55.868+0000] {processor.py:161} INFO - Started process (PID=214) to work on /home/airflow/.local/lib/python3.8/site-packages/airflow/example_dags/example_dag_decorator.py
[2025-05-20T02:18:55.871+0000] {processor.py:830} INFO - Processing file /home/airflow/.local/lib/python3.8/site-packages/airflow/example_dags/example_dag_decorator.py for tasks to queue
[2025-05-20T02:18:55.877+0000] {logging_mixin.py:188} INFO - [2025-05-20T02:18:55.876+0000] {dagbag.py:540} INFO - Filling up the DagBag from /home/airflow/.local/lib/python3.8/site-packages/airflow/example_dags/example_dag_decorator.py
[2025-05-20T02:18:56.795+0000] {processor.py:840} INFO - DAG(s) 'example_dag_decorator' retrieved from /home/airflow/.local/lib/python3.8/site-packages/airflow/example_dags/example_dag_decorator.py
[2025-05-20T02:18:57.066+0000] {logging_mixin.py:188} INFO - [2025-05-20T02:18:57.065+0000] {dag.py:3047} INFO - Sync 1 DAGs
[2025-05-20T02:18:57.107+0000] {logging_mixin.py:188} INFO - [2025-05-20T02:18:57.107+0000] {dag.py:3834} INFO - Setting next_dagrun for example_dag_decorator to None, run_after=None
[2025-05-20T02:18:57.189+0000] {processor.py:183} INFO - Processing /home/airflow/.local/lib/python3.8/site-packages/airflow/example_dags/example_dag_decorator.py took 1.335 seconds
[2025-05-20T02:19:27.324+0000] {processor.py:161} INFO - Started process (PID=272) to work on /home/airflow/.local/lib/python3.8/site-packages/airflow/example_dags/example_dag_decorator.py
[2025-05-20T02:19:27.327+0000] {processor.py:830} INFO - Processing file /home/airflow/.local/lib/python3.8/site-packages/airflow/example_dags/example_dag_decorator.py for tasks to queue
[2025-05-20T02:19:27.332+0000] {logging_mixin.py:188} INFO - [2025-05-20T02:19:27.331+0000] {dagbag.py:540} INFO - Filling up the DagBag from /home/airflow/.local/lib/python3.8/site-packages/airflow/example_dags/example_dag_decorator.py
[2025-05-20T02:19:27.817+0000] {processor.py:840} INFO - DAG(s) 'example_dag_decorator' retrieved from /home/airflow/.local/lib/python3.8/site-packages/airflow/example_dags/example_dag_decorator.py
[2025-05-20T02:19:28.202+0000] {logging_mixin.py:188} INFO - [2025-05-20T02:19:28.201+0000] {dag.py:3047} INFO - Sync 1 DAGs
[2025-05-20T02:19:28.237+0000] {logging_mixin.py:188} INFO - [2025-05-20T02:19:28.237+0000] {dag.py:3834} INFO - Setting next_dagrun for example_dag_decorator to None, run_after=None
[2025-05-20T02:19:28.314+0000] {processor.py:183} INFO - Processing /home/airflow/.local/lib/python3.8/site-packages/airflow/example_dags/example_dag_decorator.py took 0.998 seconds
[2025-05-20T02:19:58.721+0000] {processor.py:161} INFO - Started process (PID=329) to work on /home/airflow/.local/lib/python3.8/site-packages/airflow/example_dags/example_dag_decorator.py
[2025-05-20T02:19:58.727+0000] {processor.py:830} INFO - Processing file /home/airflow/.local/lib/python3.8/site-packages/airflow/example_dags/example_dag_decorator.py for tasks to queue
[2025-05-20T02:19:58.746+0000] {logging_mixin.py:188} INFO - [2025-05-20T02:19:58.744+0000] {dagbag.py:540} INFO - Filling up the DagBag from /home/airflow/.local/lib/python3.8/site-packages/airflow/example_dags/example_dag_decorator.py
[2025-05-20T02:19:59.234+0000] {processor.py:840} INFO - DAG(s) 'example_dag_decorator' retrieved from /home/airflow/.local/lib/python3.8/site-packages/airflow/example_dags/example_dag_decorator.py
[2025-05-20T02:19:59.339+0000] {logging_mixin.py:188} INFO - [2025-05-20T02:19:59.338+0000] {dag.py:3047} INFO - Sync 1 DAGs
[2025-05-20T02:19:59.465+0000] {logging_mixin.py:188} INFO - [2025-05-20T02:19:59.464+0000] {dag.py:3834} INFO - Setting next_dagrun for example_dag_decorator to None, run_after=None
[2025-05-20T02:19:59.610+0000] {processor.py:183} INFO - Processing /home/airflow/.local/lib/python3.8/site-packages/airflow/example_dags/example_dag_decorator.py took 0.926 seconds
[2025-05-20T02:20:30.148+0000] {processor.py:161} INFO - Started process (PID=386) to work on /home/airflow/.local/lib/python3.8/site-packages/airflow/example_dags/example_dag_decorator.py
[2025-05-20T02:20:30.168+0000] {processor.py:830} INFO - Processing file /home/airflow/.local/lib/python3.8/site-packages/airflow/example_dags/example_dag_decorator.py for tasks to queue
[2025-05-20T02:20:30.172+0000] {logging_mixin.py:188} INFO - [2025-05-20T02:20:30.172+0000] {dagbag.py:540} INFO - Filling up the DagBag from /home/airflow/.local/lib/python3.8/site-packages/airflow/example_dags/example_dag_decorator.py
[2025-05-20T02:20:30.543+0000] {processor.py:840} INFO - DAG(s) 'example_dag_decorator' retrieved from /home/airflow/.local/lib/python3.8/site-packages/airflow/example_dags/example_dag_decorator.py
[2025-05-20T02:20:30.896+0000] {logging_mixin.py:188} INFO - [2025-05-20T02:20:30.896+0000] {dag.py:3047} INFO - Sync 1 DAGs
[2025-05-20T02:20:30.920+0000] {logging_mixin.py:188} INFO - [2025-05-20T02:20:30.919+0000] {dag.py:3834} INFO - Setting next_dagrun for example_dag_decorator to None, run_after=None
[2025-05-20T02:20:31.030+0000] {processor.py:183} INFO - Processing /home/airflow/.local/lib/python3.8/site-packages/airflow/example_dags/example_dag_decorator.py took 0.888 seconds
