[2025-05-20T02:18:01.578+0000] {processor.py:161} INFO - Started process (PID=118) to work on /home/airflow/.local/lib/python3.8/site-packages/airflow/example_dags/example_nested_branch_dag.py
[2025-05-20T02:18:01.583+0000] {processor.py:830} INFO - Processing file /home/airflow/.local/lib/python3.8/site-packages/airflow/example_dags/example_nested_branch_dag.py for tasks to queue
[2025-05-20T02:18:01.590+0000] {logging_mixin.py:188} INFO - [2025-05-20T02:18:01.589+0000] {dagbag.py:540} INFO - Filling up the DagBag from /home/airflow/.local/lib/python3.8/site-packages/airflow/example_dags/example_nested_branch_dag.py
[2025-05-20T02:18:01.644+0000] {processor.py:840} INFO - DAG(s) 'example_nested_branch_dag' retrieved from /home/airflow/.local/lib/python3.8/site-packages/airflow/example_dags/example_nested_branch_dag.py
[2025-05-20T02:18:02.151+0000] {logging_mixin.py:188} INFO - [2025-05-20T02:18:02.150+0000] {dag.py:3047} INFO - Sync 1 DAGs
[2025-05-20T02:18:02.235+0000] {logging_mixin.py:188} INFO - [2025-05-20T02:18:02.234+0000] {dag.py:3834} INFO - Setting next_dagrun for example_nested_branch_dag to 2025-05-19 00:00:00+00:00, run_after=2025-05-20 00:00:00+00:00
[2025-05-20T02:18:02.370+0000] {processor.py:183} INFO - Processing /home/airflow/.local/lib/python3.8/site-packages/airflow/example_dags/example_nested_branch_dag.py took 0.813 seconds
[2025-05-20T02:18:33.398+0000] {processor.py:161} INFO - Started process (PID=176) to work on /home/airflow/.local/lib/python3.8/site-packages/airflow/example_dags/example_nested_branch_dag.py
[2025-05-20T02:18:33.404+0000] {processor.py:830} INFO - Processing file /home/airflow/.local/lib/python3.8/site-packages/airflow/example_dags/example_nested_branch_dag.py for tasks to queue
[2025-05-20T02:18:33.411+0000] {logging_mixin.py:188} INFO - [2025-05-20T02:18:33.410+0000] {dagbag.py:540} INFO - Filling up the DagBag from /home/airflow/.local/lib/python3.8/site-packages/airflow/example_dags/example_nested_branch_dag.py
[2025-05-20T02:18:33.450+0000] {processor.py:840} INFO - DAG(s) 'example_nested_branch_dag' retrieved from /home/airflow/.local/lib/python3.8/site-packages/airflow/example_dags/example_nested_branch_dag.py
[2025-05-20T02:18:33.529+0000] {logging_mixin.py:188} INFO - [2025-05-20T02:18:33.528+0000] {dag.py:3047} INFO - Sync 1 DAGs
[2025-05-20T02:18:33.614+0000] {logging_mixin.py:188} INFO - [2025-05-20T02:18:33.614+0000] {dag.py:3834} INFO - Setting next_dagrun for example_nested_branch_dag to 2025-05-19 00:00:00+00:00, run_after=2025-05-20 00:00:00+00:00
[2025-05-20T02:18:33.674+0000] {processor.py:183} INFO - Processing /home/airflow/.local/lib/python3.8/site-packages/airflow/example_dags/example_nested_branch_dag.py took 0.285 seconds
[2025-05-20T02:19:03.806+0000] {processor.py:161} INFO - Started process (PID=232) to work on /home/airflow/.local/lib/python3.8/site-packages/airflow/example_dags/example_nested_branch_dag.py
[2025-05-20T02:19:03.810+0000] {processor.py:830} INFO - Processing file /home/airflow/.local/lib/python3.8/site-packages/airflow/example_dags/example_nested_branch_dag.py for tasks to queue
[2025-05-20T02:19:03.819+0000] {logging_mixin.py:188} INFO - [2025-05-20T02:19:03.818+0000] {dagbag.py:540} INFO - Filling up the DagBag from /home/airflow/.local/lib/python3.8/site-packages/airflow/example_dags/example_nested_branch_dag.py
[2025-05-20T02:19:03.866+0000] {processor.py:840} INFO - DAG(s) 'example_nested_branch_dag' retrieved from /home/airflow/.local/lib/python3.8/site-packages/airflow/example_dags/example_nested_branch_dag.py
[2025-05-20T02:19:03.963+0000] {logging_mixin.py:188} INFO - [2025-05-20T02:19:03.962+0000] {dag.py:3047} INFO - Sync 1 DAGs
[2025-05-20T02:19:04.077+0000] {logging_mixin.py:188} INFO - [2025-05-20T02:19:04.074+0000] {dag.py:3834} INFO - Setting next_dagrun for example_nested_branch_dag to 2025-05-19 00:00:00+00:00, run_after=2025-05-20 00:00:00+00:00
[2025-05-20T02:19:04.162+0000] {processor.py:183} INFO - Processing /home/airflow/.local/lib/python3.8/site-packages/airflow/example_dags/example_nested_branch_dag.py took 0.369 seconds
[2025-05-20T02:19:35.077+0000] {processor.py:161} INFO - Started process (PID=291) to work on /home/airflow/.local/lib/python3.8/site-packages/airflow/example_dags/example_nested_branch_dag.py
[2025-05-20T02:19:35.079+0000] {processor.py:830} INFO - Processing file /home/airflow/.local/lib/python3.8/site-packages/airflow/example_dags/example_nested_branch_dag.py for tasks to queue
[2025-05-20T02:19:35.082+0000] {logging_mixin.py:188} INFO - [2025-05-20T02:19:35.082+0000] {dagbag.py:540} INFO - Filling up the DagBag from /home/airflow/.local/lib/python3.8/site-packages/airflow/example_dags/example_nested_branch_dag.py
[2025-05-20T02:19:35.102+0000] {processor.py:840} INFO - DAG(s) 'example_nested_branch_dag' retrieved from /home/airflow/.local/lib/python3.8/site-packages/airflow/example_dags/example_nested_branch_dag.py
[2025-05-20T02:19:35.174+0000] {logging_mixin.py:188} INFO - [2025-05-20T02:19:35.173+0000] {dag.py:3047} INFO - Sync 1 DAGs
[2025-05-20T02:19:35.232+0000] {logging_mixin.py:188} INFO - [2025-05-20T02:19:35.231+0000] {dag.py:3834} INFO - Setting next_dagrun for example_nested_branch_dag to 2025-05-19 00:00:00+00:00, run_after=2025-05-20 00:00:00+00:00
[2025-05-20T02:19:35.295+0000] {processor.py:183} INFO - Processing /home/airflow/.local/lib/python3.8/site-packages/airflow/example_dags/example_nested_branch_dag.py took 0.226 seconds
[2025-05-20T02:20:05.753+0000] {processor.py:161} INFO - Started process (PID=349) to work on /home/airflow/.local/lib/python3.8/site-packages/airflow/example_dags/example_nested_branch_dag.py
[2025-05-20T02:20:05.758+0000] {processor.py:830} INFO - Processing file /home/airflow/.local/lib/python3.8/site-packages/airflow/example_dags/example_nested_branch_dag.py for tasks to queue
[2025-05-20T02:20:05.770+0000] {logging_mixin.py:188} INFO - [2025-05-20T02:20:05.768+0000] {dagbag.py:540} INFO - Filling up the DagBag from /home/airflow/.local/lib/python3.8/site-packages/airflow/example_dags/example_nested_branch_dag.py
[2025-05-20T02:20:05.825+0000] {processor.py:840} INFO - DAG(s) 'example_nested_branch_dag' retrieved from /home/airflow/.local/lib/python3.8/site-packages/airflow/example_dags/example_nested_branch_dag.py
[2025-05-20T02:20:05.861+0000] {logging_mixin.py:188} INFO - [2025-05-20T02:20:05.860+0000] {dag.py:3047} INFO - Sync 1 DAGs
[2025-05-20T02:20:05.988+0000] {logging_mixin.py:188} INFO - [2025-05-20T02:20:05.987+0000] {dag.py:3834} INFO - Setting next_dagrun for example_nested_branch_dag to 2025-05-19 00:00:00+00:00, run_after=2025-05-20 00:00:00+00:00
[2025-05-20T02:20:06.057+0000] {processor.py:183} INFO - Processing /home/airflow/.local/lib/python3.8/site-packages/airflow/example_dags/example_nested_branch_dag.py took 0.324 seconds
[2025-05-20T02:20:37.348+0000] {processor.py:161} INFO - Started process (PID=406) to work on /home/airflow/.local/lib/python3.8/site-packages/airflow/example_dags/example_nested_branch_dag.py
[2025-05-20T02:20:37.352+0000] {processor.py:830} INFO - Processing file /home/airflow/.local/lib/python3.8/site-packages/airflow/example_dags/example_nested_branch_dag.py for tasks to queue
[2025-05-20T02:20:37.358+0000] {logging_mixin.py:188} INFO - [2025-05-20T02:20:37.357+0000] {dagbag.py:540} INFO - Filling up the DagBag from /home/airflow/.local/lib/python3.8/site-packages/airflow/example_dags/example_nested_branch_dag.py
[2025-05-20T02:20:37.393+0000] {processor.py:840} INFO - DAG(s) 'example_nested_branch_dag' retrieved from /home/airflow/.local/lib/python3.8/site-packages/airflow/example_dags/example_nested_branch_dag.py
[2025-05-20T02:20:37.696+0000] {logging_mixin.py:188} INFO - [2025-05-20T02:20:37.696+0000] {dag.py:3047} INFO - Sync 1 DAGs
[2025-05-20T02:20:37.763+0000] {logging_mixin.py:188} INFO - [2025-05-20T02:20:37.763+0000] {dag.py:3834} INFO - Setting next_dagrun for example_nested_branch_dag to 2025-05-19 00:00:00+00:00, run_after=2025-05-20 00:00:00+00:00
[2025-05-20T02:20:37.823+0000] {processor.py:183} INFO - Processing /home/airflow/.local/lib/python3.8/site-packages/airflow/example_dags/example_nested_branch_dag.py took 0.488 seconds
