[2025-05-20T02:18:06.584+0000] {processor.py:161} INFO - Started process (PID=127) to work on /home/airflow/.local/lib/python3.8/site-packages/airflow/example_dags/example_task_group_decorator.py
[2025-05-20T02:18:06.594+0000] {processor.py:830} INFO - Processing file /home/airflow/.local/lib/python3.8/site-packages/airflow/example_dags/example_task_group_decorator.py for tasks to queue
[2025-05-20T02:18:06.602+0000] {logging_mixin.py:188} INFO - [2025-05-20T02:18:06.601+0000] {dagbag.py:540} INFO - Filling up the DagBag from /home/airflow/.local/lib/python3.8/site-packages/airflow/example_dags/example_task_group_decorator.py
[2025-05-20T02:18:06.669+0000] {processor.py:840} INFO - DAG(s) 'example_task_group_decorator' retrieved from /home/airflow/.local/lib/python3.8/site-packages/airflow/example_dags/example_task_group_decorator.py
[2025-05-20T02:18:07.129+0000] {logging_mixin.py:188} INFO - [2025-05-20T02:18:07.128+0000] {dag.py:3047} INFO - Sync 1 DAGs
[2025-05-20T02:18:07.694+0000] {logging_mixin.py:188} INFO - [2025-05-20T02:18:07.693+0000] {dag.py:3834} INFO - Setting next_dagrun for example_task_group_decorator to 2025-05-19 00:00:00+00:00, run_after=2025-05-20 00:00:00+00:00
[2025-05-20T02:18:07.840+0000] {processor.py:183} INFO - Processing /home/airflow/.local/lib/python3.8/site-packages/airflow/example_dags/example_task_group_decorator.py took 1.270 seconds
[2025-05-20T02:18:38.051+0000] {processor.py:161} INFO - Started process (PID=185) to work on /home/airflow/.local/lib/python3.8/site-packages/airflow/example_dags/example_task_group_decorator.py
[2025-05-20T02:18:38.056+0000] {processor.py:830} INFO - Processing file /home/airflow/.local/lib/python3.8/site-packages/airflow/example_dags/example_task_group_decorator.py for tasks to queue
[2025-05-20T02:18:38.063+0000] {logging_mixin.py:188} INFO - [2025-05-20T02:18:38.062+0000] {dagbag.py:540} INFO - Filling up the DagBag from /home/airflow/.local/lib/python3.8/site-packages/airflow/example_dags/example_task_group_decorator.py
[2025-05-20T02:18:38.106+0000] {processor.py:840} INFO - DAG(s) 'example_task_group_decorator' retrieved from /home/airflow/.local/lib/python3.8/site-packages/airflow/example_dags/example_task_group_decorator.py
[2025-05-20T02:18:38.160+0000] {logging_mixin.py:188} INFO - [2025-05-20T02:18:38.160+0000] {dag.py:3047} INFO - Sync 1 DAGs
[2025-05-20T02:18:38.212+0000] {logging_mixin.py:188} INFO - [2025-05-20T02:18:38.212+0000] {dag.py:3834} INFO - Setting next_dagrun for example_task_group_decorator to 2025-05-19 00:00:00+00:00, run_after=2025-05-20 00:00:00+00:00
[2025-05-20T02:18:38.259+0000] {processor.py:183} INFO - Processing /home/airflow/.local/lib/python3.8/site-packages/airflow/example_dags/example_task_group_decorator.py took 0.229 seconds
[2025-05-20T02:19:08.839+0000] {processor.py:161} INFO - Started process (PID=242) to work on /home/airflow/.local/lib/python3.8/site-packages/airflow/example_dags/example_task_group_decorator.py
[2025-05-20T02:19:08.845+0000] {processor.py:830} INFO - Processing file /home/airflow/.local/lib/python3.8/site-packages/airflow/example_dags/example_task_group_decorator.py for tasks to queue
[2025-05-20T02:19:08.862+0000] {logging_mixin.py:188} INFO - [2025-05-20T02:19:08.855+0000] {dagbag.py:540} INFO - Filling up the DagBag from /home/airflow/.local/lib/python3.8/site-packages/airflow/example_dags/example_task_group_decorator.py
[2025-05-20T02:19:08.923+0000] {processor.py:840} INFO - DAG(s) 'example_task_group_decorator' retrieved from /home/airflow/.local/lib/python3.8/site-packages/airflow/example_dags/example_task_group_decorator.py
[2025-05-20T02:19:08.994+0000] {logging_mixin.py:188} INFO - [2025-05-20T02:19:08.993+0000] {dag.py:3047} INFO - Sync 1 DAGs
[2025-05-20T02:19:09.053+0000] {logging_mixin.py:188} INFO - [2025-05-20T02:19:09.052+0000] {dag.py:3834} INFO - Setting next_dagrun for example_task_group_decorator to 2025-05-19 00:00:00+00:00, run_after=2025-05-20 00:00:00+00:00
[2025-05-20T02:19:09.109+0000] {processor.py:183} INFO - Processing /home/airflow/.local/lib/python3.8/site-packages/airflow/example_dags/example_task_group_decorator.py took 0.290 seconds
[2025-05-20T02:19:39.305+0000] {processor.py:161} INFO - Started process (PID=300) to work on /home/airflow/.local/lib/python3.8/site-packages/airflow/example_dags/example_task_group_decorator.py
[2025-05-20T02:19:39.308+0000] {processor.py:830} INFO - Processing file /home/airflow/.local/lib/python3.8/site-packages/airflow/example_dags/example_task_group_decorator.py for tasks to queue
[2025-05-20T02:19:39.313+0000] {logging_mixin.py:188} INFO - [2025-05-20T02:19:39.312+0000] {dagbag.py:540} INFO - Filling up the DagBag from /home/airflow/.local/lib/python3.8/site-packages/airflow/example_dags/example_task_group_decorator.py
[2025-05-20T02:19:39.346+0000] {processor.py:840} INFO - DAG(s) 'example_task_group_decorator' retrieved from /home/airflow/.local/lib/python3.8/site-packages/airflow/example_dags/example_task_group_decorator.py
[2025-05-20T02:19:39.413+0000] {logging_mixin.py:188} INFO - [2025-05-20T02:19:39.412+0000] {dag.py:3047} INFO - Sync 1 DAGs
[2025-05-20T02:19:39.475+0000] {logging_mixin.py:188} INFO - [2025-05-20T02:19:39.474+0000] {dag.py:3834} INFO - Setting next_dagrun for example_task_group_decorator to 2025-05-19 00:00:00+00:00, run_after=2025-05-20 00:00:00+00:00
[2025-05-20T02:19:39.535+0000] {processor.py:183} INFO - Processing /home/airflow/.local/lib/python3.8/site-packages/airflow/example_dags/example_task_group_decorator.py took 0.237 seconds
[2025-05-20T02:20:10.249+0000] {processor.py:161} INFO - Started process (PID=358) to work on /home/airflow/.local/lib/python3.8/site-packages/airflow/example_dags/example_task_group_decorator.py
[2025-05-20T02:20:10.253+0000] {processor.py:830} INFO - Processing file /home/airflow/.local/lib/python3.8/site-packages/airflow/example_dags/example_task_group_decorator.py for tasks to queue
[2025-05-20T02:20:10.264+0000] {logging_mixin.py:188} INFO - [2025-05-20T02:20:10.263+0000] {dagbag.py:540} INFO - Filling up the DagBag from /home/airflow/.local/lib/python3.8/site-packages/airflow/example_dags/example_task_group_decorator.py
[2025-05-20T02:20:10.315+0000] {processor.py:840} INFO - DAG(s) 'example_task_group_decorator' retrieved from /home/airflow/.local/lib/python3.8/site-packages/airflow/example_dags/example_task_group_decorator.py
[2025-05-20T02:20:10.337+0000] {logging_mixin.py:188} INFO - [2025-05-20T02:20:10.336+0000] {dag.py:3047} INFO - Sync 1 DAGs
[2025-05-20T02:20:10.391+0000] {logging_mixin.py:188} INFO - [2025-05-20T02:20:10.391+0000] {dag.py:3834} INFO - Setting next_dagrun for example_task_group_decorator to 2025-05-19 00:00:00+00:00, run_after=2025-05-20 00:00:00+00:00
[2025-05-20T02:20:10.436+0000] {processor.py:183} INFO - Processing /home/airflow/.local/lib/python3.8/site-packages/airflow/example_dags/example_task_group_decorator.py took 0.212 seconds
[2025-05-20T02:20:41.325+0000] {processor.py:161} INFO - Started process (PID=415) to work on /home/airflow/.local/lib/python3.8/site-packages/airflow/example_dags/example_task_group_decorator.py
[2025-05-20T02:20:41.328+0000] {processor.py:830} INFO - Processing file /home/airflow/.local/lib/python3.8/site-packages/airflow/example_dags/example_task_group_decorator.py for tasks to queue
[2025-05-20T02:20:41.333+0000] {logging_mixin.py:188} INFO - [2025-05-20T02:20:41.332+0000] {dagbag.py:540} INFO - Filling up the DagBag from /home/airflow/.local/lib/python3.8/site-packages/airflow/example_dags/example_task_group_decorator.py
[2025-05-20T02:20:41.377+0000] {processor.py:840} INFO - DAG(s) 'example_task_group_decorator' retrieved from /home/airflow/.local/lib/python3.8/site-packages/airflow/example_dags/example_task_group_decorator.py
[2025-05-20T02:20:41.684+0000] {logging_mixin.py:188} INFO - [2025-05-20T02:20:41.683+0000] {dag.py:3047} INFO - Sync 1 DAGs
[2025-05-20T02:20:41.739+0000] {logging_mixin.py:188} INFO - [2025-05-20T02:20:41.739+0000] {dag.py:3834} INFO - Setting next_dagrun for example_task_group_decorator to 2025-05-19 00:00:00+00:00, run_after=2025-05-20 00:00:00+00:00
[2025-05-20T02:20:41.808+0000] {processor.py:183} INFO - Processing /home/airflow/.local/lib/python3.8/site-packages/airflow/example_dags/example_task_group_decorator.py took 0.495 seconds
