[2025-05-20T02:18:03.588+0000] {processor.py:161} INFO - Started process (PID=122) to work on /home/airflow/.local/lib/python3.8/site-packages/airflow/example_dags/example_local_kubernetes_executor.py
[2025-05-20T02:18:03.591+0000] {processor.py:830} INFO - Processing file /home/airflow/.local/lib/python3.8/site-packages/airflow/example_dags/example_local_kubernetes_executor.py for tasks to queue
[2025-05-20T02:18:03.597+0000] {logging_mixin.py:188} INFO - [2025-05-20T02:18:03.596+0000] {dagbag.py:540} INFO - Filling up the DagBag from /home/airflow/.local/lib/python3.8/site-packages/airflow/example_dags/example_local_kubernetes_executor.py
[2025-05-20T02:18:03.659+0000] {processor.py:840} INFO - DAG(s) 'example_local_kubernetes_executor' retrieved from /home/airflow/.local/lib/python3.8/site-packages/airflow/example_dags/example_local_kubernetes_executor.py
[2025-05-20T02:18:04.463+0000] {logging_mixin.py:188} INFO - [2025-05-20T02:18:04.463+0000] {dag.py:3047} INFO - Sync 1 DAGs
[2025-05-20T02:18:04.509+0000] {logging_mixin.py:188} INFO - [2025-05-20T02:18:04.509+0000] {dag.py:3834} INFO - Setting next_dagrun for example_local_kubernetes_executor to None, run_after=None
[2025-05-20T02:18:04.585+0000] {processor.py:183} INFO - Processing /home/airflow/.local/lib/python3.8/site-packages/airflow/example_dags/example_local_kubernetes_executor.py took 1.010 seconds
[2025-05-20T02:18:35.065+0000] {processor.py:161} INFO - Started process (PID=180) to work on /home/airflow/.local/lib/python3.8/site-packages/airflow/example_dags/example_local_kubernetes_executor.py
[2025-05-20T02:18:35.067+0000] {processor.py:830} INFO - Processing file /home/airflow/.local/lib/python3.8/site-packages/airflow/example_dags/example_local_kubernetes_executor.py for tasks to queue
[2025-05-20T02:18:35.072+0000] {logging_mixin.py:188} INFO - [2025-05-20T02:18:35.071+0000] {dagbag.py:540} INFO - Filling up the DagBag from /home/airflow/.local/lib/python3.8/site-packages/airflow/example_dags/example_local_kubernetes_executor.py
[2025-05-20T02:18:35.091+0000] {processor.py:840} INFO - DAG(s) 'example_local_kubernetes_executor' retrieved from /home/airflow/.local/lib/python3.8/site-packages/airflow/example_dags/example_local_kubernetes_executor.py
[2025-05-20T02:18:35.177+0000] {logging_mixin.py:188} INFO - [2025-05-20T02:18:35.177+0000] {dag.py:3047} INFO - Sync 1 DAGs
[2025-05-20T02:18:35.208+0000] {logging_mixin.py:188} INFO - [2025-05-20T02:18:35.208+0000] {dag.py:3834} INFO - Setting next_dagrun for example_local_kubernetes_executor to None, run_after=None
[2025-05-20T02:18:35.254+0000] {processor.py:183} INFO - Processing /home/airflow/.local/lib/python3.8/site-packages/airflow/example_dags/example_local_kubernetes_executor.py took 0.199 seconds
[2025-05-20T02:19:05.910+0000] {processor.py:161} INFO - Started process (PID=237) to work on /home/airflow/.local/lib/python3.8/site-packages/airflow/example_dags/example_local_kubernetes_executor.py
[2025-05-20T02:19:05.916+0000] {processor.py:830} INFO - Processing file /home/airflow/.local/lib/python3.8/site-packages/airflow/example_dags/example_local_kubernetes_executor.py for tasks to queue
[2025-05-20T02:19:05.924+0000] {logging_mixin.py:188} INFO - [2025-05-20T02:19:05.923+0000] {dagbag.py:540} INFO - Filling up the DagBag from /home/airflow/.local/lib/python3.8/site-packages/airflow/example_dags/example_local_kubernetes_executor.py
[2025-05-20T02:19:05.960+0000] {processor.py:840} INFO - DAG(s) 'example_local_kubernetes_executor' retrieved from /home/airflow/.local/lib/python3.8/site-packages/airflow/example_dags/example_local_kubernetes_executor.py
[2025-05-20T02:19:06.152+0000] {logging_mixin.py:188} INFO - [2025-05-20T02:19:06.150+0000] {dag.py:3047} INFO - Sync 1 DAGs
[2025-05-20T02:19:06.214+0000] {logging_mixin.py:188} INFO - [2025-05-20T02:19:06.213+0000] {dag.py:3834} INFO - Setting next_dagrun for example_local_kubernetes_executor to None, run_after=None
[2025-05-20T02:19:06.309+0000] {processor.py:183} INFO - Processing /home/airflow/.local/lib/python3.8/site-packages/airflow/example_dags/example_local_kubernetes_executor.py took 0.416 seconds
[2025-05-20T02:19:36.653+0000] {processor.py:161} INFO - Started process (PID=295) to work on /home/airflow/.local/lib/python3.8/site-packages/airflow/example_dags/example_local_kubernetes_executor.py
[2025-05-20T02:19:36.654+0000] {processor.py:830} INFO - Processing file /home/airflow/.local/lib/python3.8/site-packages/airflow/example_dags/example_local_kubernetes_executor.py for tasks to queue
[2025-05-20T02:19:36.659+0000] {logging_mixin.py:188} INFO - [2025-05-20T02:19:36.658+0000] {dagbag.py:540} INFO - Filling up the DagBag from /home/airflow/.local/lib/python3.8/site-packages/airflow/example_dags/example_local_kubernetes_executor.py
[2025-05-20T02:19:36.671+0000] {processor.py:840} INFO - DAG(s) 'example_local_kubernetes_executor' retrieved from /home/airflow/.local/lib/python3.8/site-packages/airflow/example_dags/example_local_kubernetes_executor.py
[2025-05-20T02:19:36.749+0000] {logging_mixin.py:188} INFO - [2025-05-20T02:19:36.749+0000] {dag.py:3047} INFO - Sync 1 DAGs
[2025-05-20T02:19:36.774+0000] {logging_mixin.py:188} INFO - [2025-05-20T02:19:36.774+0000] {dag.py:3834} INFO - Setting next_dagrun for example_local_kubernetes_executor to None, run_after=None
[2025-05-20T02:19:36.840+0000] {processor.py:183} INFO - Processing /home/airflow/.local/lib/python3.8/site-packages/airflow/example_dags/example_local_kubernetes_executor.py took 0.192 seconds
[2025-05-20T02:20:07.520+0000] {processor.py:161} INFO - Started process (PID=353) to work on /home/airflow/.local/lib/python3.8/site-packages/airflow/example_dags/example_local_kubernetes_executor.py
[2025-05-20T02:20:07.523+0000] {processor.py:830} INFO - Processing file /home/airflow/.local/lib/python3.8/site-packages/airflow/example_dags/example_local_kubernetes_executor.py for tasks to queue
[2025-05-20T02:20:07.529+0000] {logging_mixin.py:188} INFO - [2025-05-20T02:20:07.528+0000] {dagbag.py:540} INFO - Filling up the DagBag from /home/airflow/.local/lib/python3.8/site-packages/airflow/example_dags/example_local_kubernetes_executor.py
[2025-05-20T02:20:07.544+0000] {processor.py:840} INFO - DAG(s) 'example_local_kubernetes_executor' retrieved from /home/airflow/.local/lib/python3.8/site-packages/airflow/example_dags/example_local_kubernetes_executor.py
[2025-05-20T02:20:07.573+0000] {logging_mixin.py:188} INFO - [2025-05-20T02:20:07.573+0000] {dag.py:3047} INFO - Sync 1 DAGs
[2025-05-20T02:20:07.605+0000] {logging_mixin.py:188} INFO - [2025-05-20T02:20:07.605+0000] {dag.py:3834} INFO - Setting next_dagrun for example_local_kubernetes_executor to None, run_after=None
[2025-05-20T02:20:07.644+0000] {processor.py:183} INFO - Processing /home/airflow/.local/lib/python3.8/site-packages/airflow/example_dags/example_local_kubernetes_executor.py took 0.134 seconds
[2025-05-20T02:20:38.541+0000] {processor.py:161} INFO - Started process (PID=410) to work on /home/airflow/.local/lib/python3.8/site-packages/airflow/example_dags/example_local_kubernetes_executor.py
[2025-05-20T02:20:38.544+0000] {processor.py:830} INFO - Processing file /home/airflow/.local/lib/python3.8/site-packages/airflow/example_dags/example_local_kubernetes_executor.py for tasks to queue
[2025-05-20T02:20:38.552+0000] {logging_mixin.py:188} INFO - [2025-05-20T02:20:38.551+0000] {dagbag.py:540} INFO - Filling up the DagBag from /home/airflow/.local/lib/python3.8/site-packages/airflow/example_dags/example_local_kubernetes_executor.py
[2025-05-20T02:20:38.571+0000] {processor.py:840} INFO - DAG(s) 'example_local_kubernetes_executor' retrieved from /home/airflow/.local/lib/python3.8/site-packages/airflow/example_dags/example_local_kubernetes_executor.py
[2025-05-20T02:20:38.922+0000] {logging_mixin.py:188} INFO - [2025-05-20T02:20:38.921+0000] {dag.py:3047} INFO - Sync 1 DAGs
[2025-05-20T02:20:38.967+0000] {logging_mixin.py:188} INFO - [2025-05-20T02:20:38.966+0000] {dag.py:3834} INFO - Setting next_dagrun for example_local_kubernetes_executor to None, run_after=None
[2025-05-20T02:20:39.027+0000] {processor.py:183} INFO - Processing /home/airflow/.local/lib/python3.8/site-packages/airflow/example_dags/example_local_kubernetes_executor.py took 0.495 seconds
