[2025-05-20T02:17:50.161+0000] {processor.py:161} INFO - Started process (PID=89) to work on /home/airflow/.local/lib/python3.8/site-packages/airflow/example_dags/example_branch_day_of_week_operator.py
[2025-05-20T02:17:50.164+0000] {processor.py:830} INFO - Processing file /home/airflow/.local/lib/python3.8/site-packages/airflow/example_dags/example_branch_day_of_week_operator.py for tasks to queue
[2025-05-20T02:17:50.169+0000] {logging_mixin.py:188} INFO - [2025-05-20T02:17:50.168+0000] {dagbag.py:540} INFO - Filling up the DagBag from /home/airflow/.local/lib/python3.8/site-packages/airflow/example_dags/example_branch_day_of_week_operator.py
[2025-05-20T02:17:50.206+0000] {processor.py:840} INFO - DAG(s) 'example_weekday_branch_operator' retrieved from /home/airflow/.local/lib/python3.8/site-packages/airflow/example_dags/example_branch_day_of_week_operator.py
[2025-05-20T02:17:51.169+0000] {logging_mixin.py:188} INFO - [2025-05-20T02:17:51.168+0000] {dag.py:3047} INFO - Sync 1 DAGs
[2025-05-20T02:17:51.528+0000] {logging_mixin.py:188} INFO - [2025-05-20T02:17:51.526+0000] {dag.py:3834} INFO - Setting next_dagrun for example_weekday_branch_operator to 2025-05-19 00:00:00+00:00, run_after=2025-05-20 00:00:00+00:00
[2025-05-20T02:17:51.669+0000] {processor.py:183} INFO - Processing /home/airflow/.local/lib/python3.8/site-packages/airflow/example_dags/example_branch_day_of_week_operator.py took 1.520 seconds
[2025-05-20T02:18:22.452+0000] {processor.py:161} INFO - Started process (PID=154) to work on /home/airflow/.local/lib/python3.8/site-packages/airflow/example_dags/example_branch_day_of_week_operator.py
[2025-05-20T02:18:22.455+0000] {processor.py:830} INFO - Processing file /home/airflow/.local/lib/python3.8/site-packages/airflow/example_dags/example_branch_day_of_week_operator.py for tasks to queue
[2025-05-20T02:18:22.473+0000] {logging_mixin.py:188} INFO - [2025-05-20T02:18:22.467+0000] {dagbag.py:540} INFO - Filling up the DagBag from /home/airflow/.local/lib/python3.8/site-packages/airflow/example_dags/example_branch_day_of_week_operator.py
[2025-05-20T02:18:22.503+0000] {processor.py:840} INFO - DAG(s) 'example_weekday_branch_operator' retrieved from /home/airflow/.local/lib/python3.8/site-packages/airflow/example_dags/example_branch_day_of_week_operator.py
[2025-05-20T02:18:22.602+0000] {logging_mixin.py:188} INFO - [2025-05-20T02:18:22.601+0000] {dag.py:3047} INFO - Sync 1 DAGs
[2025-05-20T02:18:22.733+0000] {logging_mixin.py:188} INFO - [2025-05-20T02:18:22.733+0000] {dag.py:3834} INFO - Setting next_dagrun for example_weekday_branch_operator to 2025-05-19 00:00:00+00:00, run_after=2025-05-20 00:00:00+00:00
[2025-05-20T02:18:22.831+0000] {processor.py:183} INFO - Processing /home/airflow/.local/lib/python3.8/site-packages/airflow/example_dags/example_branch_day_of_week_operator.py took 0.401 seconds
[2025-05-20T02:18:53.046+0000] {processor.py:161} INFO - Started process (PID=210) to work on /home/airflow/.local/lib/python3.8/site-packages/airflow/example_dags/example_branch_day_of_week_operator.py
[2025-05-20T02:18:53.049+0000] {processor.py:830} INFO - Processing file /home/airflow/.local/lib/python3.8/site-packages/airflow/example_dags/example_branch_day_of_week_operator.py for tasks to queue
[2025-05-20T02:18:53.058+0000] {logging_mixin.py:188} INFO - [2025-05-20T02:18:53.056+0000] {dagbag.py:540} INFO - Filling up the DagBag from /home/airflow/.local/lib/python3.8/site-packages/airflow/example_dags/example_branch_day_of_week_operator.py
[2025-05-20T02:18:53.094+0000] {processor.py:840} INFO - DAG(s) 'example_weekday_branch_operator' retrieved from /home/airflow/.local/lib/python3.8/site-packages/airflow/example_dags/example_branch_day_of_week_operator.py
[2025-05-20T02:18:53.144+0000] {logging_mixin.py:188} INFO - [2025-05-20T02:18:53.143+0000] {dag.py:3047} INFO - Sync 1 DAGs
[2025-05-20T02:18:53.256+0000] {logging_mixin.py:188} INFO - [2025-05-20T02:18:53.256+0000] {dag.py:3834} INFO - Setting next_dagrun for example_weekday_branch_operator to 2025-05-19 00:00:00+00:00, run_after=2025-05-20 00:00:00+00:00
[2025-05-20T02:18:53.353+0000] {processor.py:183} INFO - Processing /home/airflow/.local/lib/python3.8/site-packages/airflow/example_dags/example_branch_day_of_week_operator.py took 0.320 seconds
[2025-05-20T02:19:25.880+0000] {processor.py:161} INFO - Started process (PID=268) to work on /home/airflow/.local/lib/python3.8/site-packages/airflow/example_dags/example_branch_day_of_week_operator.py
[2025-05-20T02:19:25.883+0000] {processor.py:830} INFO - Processing file /home/airflow/.local/lib/python3.8/site-packages/airflow/example_dags/example_branch_day_of_week_operator.py for tasks to queue
[2025-05-20T02:19:25.890+0000] {logging_mixin.py:188} INFO - [2025-05-20T02:19:25.889+0000] {dagbag.py:540} INFO - Filling up the DagBag from /home/airflow/.local/lib/python3.8/site-packages/airflow/example_dags/example_branch_day_of_week_operator.py
[2025-05-20T02:19:25.911+0000] {processor.py:840} INFO - DAG(s) 'example_weekday_branch_operator' retrieved from /home/airflow/.local/lib/python3.8/site-packages/airflow/example_dags/example_branch_day_of_week_operator.py
[2025-05-20T02:19:26.251+0000] {logging_mixin.py:188} INFO - [2025-05-20T02:19:26.251+0000] {dag.py:3047} INFO - Sync 1 DAGs
[2025-05-20T02:19:26.320+0000] {logging_mixin.py:188} INFO - [2025-05-20T02:19:26.319+0000] {dag.py:3834} INFO - Setting next_dagrun for example_weekday_branch_operator to 2025-05-19 00:00:00+00:00, run_after=2025-05-20 00:00:00+00:00
[2025-05-20T02:19:26.400+0000] {processor.py:183} INFO - Processing /home/airflow/.local/lib/python3.8/site-packages/airflow/example_dags/example_branch_day_of_week_operator.py took 0.528 seconds
[2025-05-20T02:19:57.047+0000] {processor.py:161} INFO - Started process (PID=326) to work on /home/airflow/.local/lib/python3.8/site-packages/airflow/example_dags/example_branch_day_of_week_operator.py
[2025-05-20T02:19:57.049+0000] {processor.py:830} INFO - Processing file /home/airflow/.local/lib/python3.8/site-packages/airflow/example_dags/example_branch_day_of_week_operator.py for tasks to queue
[2025-05-20T02:19:57.060+0000] {logging_mixin.py:188} INFO - [2025-05-20T02:19:57.054+0000] {dagbag.py:540} INFO - Filling up the DagBag from /home/airflow/.local/lib/python3.8/site-packages/airflow/example_dags/example_branch_day_of_week_operator.py
[2025-05-20T02:19:57.100+0000] {processor.py:840} INFO - DAG(s) 'example_weekday_branch_operator' retrieved from /home/airflow/.local/lib/python3.8/site-packages/airflow/example_dags/example_branch_day_of_week_operator.py
[2025-05-20T02:19:57.152+0000] {logging_mixin.py:188} INFO - [2025-05-20T02:19:57.152+0000] {dag.py:3047} INFO - Sync 1 DAGs
[2025-05-20T02:19:57.269+0000] {logging_mixin.py:188} INFO - [2025-05-20T02:19:57.269+0000] {dag.py:3834} INFO - Setting next_dagrun for example_weekday_branch_operator to 2025-05-19 00:00:00+00:00, run_after=2025-05-20 00:00:00+00:00
[2025-05-20T02:19:57.339+0000] {processor.py:183} INFO - Processing /home/airflow/.local/lib/python3.8/site-packages/airflow/example_dags/example_branch_day_of_week_operator.py took 0.299 seconds
[2025-05-20T02:20:29.092+0000] {processor.py:161} INFO - Started process (PID=383) to work on /home/airflow/.local/lib/python3.8/site-packages/airflow/example_dags/example_branch_day_of_week_operator.py
[2025-05-20T02:20:29.094+0000] {processor.py:830} INFO - Processing file /home/airflow/.local/lib/python3.8/site-packages/airflow/example_dags/example_branch_day_of_week_operator.py for tasks to queue
[2025-05-20T02:20:29.098+0000] {logging_mixin.py:188} INFO - [2025-05-20T02:20:29.097+0000] {dagbag.py:540} INFO - Filling up the DagBag from /home/airflow/.local/lib/python3.8/site-packages/airflow/example_dags/example_branch_day_of_week_operator.py
[2025-05-20T02:20:29.114+0000] {processor.py:840} INFO - DAG(s) 'example_weekday_branch_operator' retrieved from /home/airflow/.local/lib/python3.8/site-packages/airflow/example_dags/example_branch_day_of_week_operator.py
[2025-05-20T02:20:29.498+0000] {logging_mixin.py:188} INFO - [2025-05-20T02:20:29.498+0000] {dag.py:3047} INFO - Sync 1 DAGs
[2025-05-20T02:20:29.538+0000] {logging_mixin.py:188} INFO - [2025-05-20T02:20:29.538+0000] {dag.py:3834} INFO - Setting next_dagrun for example_weekday_branch_operator to 2025-05-19 00:00:00+00:00, run_after=2025-05-20 00:00:00+00:00
[2025-05-20T02:20:29.763+0000] {processor.py:183} INFO - Processing /home/airflow/.local/lib/python3.8/site-packages/airflow/example_dags/example_branch_day_of_week_operator.py took 0.678 seconds
