[2025-05-20T02:18:09.127+0000] {processor.py:161} INFO - Started process (PID=130) to work on /home/airflow/.local/lib/python3.8/site-packages/airflow/example_dags/example_branch_operator.py
[2025-05-20T02:18:09.130+0000] {processor.py:830} INFO - Processing file /home/airflow/.local/lib/python3.8/site-packages/airflow/example_dags/example_branch_operator.py for tasks to queue
[2025-05-20T02:18:09.138+0000] {logging_mixin.py:188} INFO - [2025-05-20T02:18:09.135+0000] {dagbag.py:540} INFO - Filling up the DagBag from /home/airflow/.local/lib/python3.8/site-packages/airflow/example_dags/example_branch_operator.py
[2025-05-20T02:18:09.210+0000] {processor.py:840} INFO - DAG(s) 'example_branch_operator' retrieved from /home/airflow/.local/lib/python3.8/site-packages/airflow/example_dags/example_branch_operator.py
[2025-05-20T02:18:09.621+0000] {logging_mixin.py:188} INFO - [2025-05-20T02:18:09.621+0000] {dag.py:3047} INFO - Sync 1 DAGs
[2025-05-20T02:18:09.729+0000] {logging_mixin.py:188} INFO - [2025-05-20T02:18:09.728+0000] {dag.py:3834} INFO - Setting next_dagrun for example_branch_operator to 2025-05-19 00:00:00+00:00, run_after=2025-05-20 00:00:00+00:00
[2025-05-20T02:18:09.835+0000] {processor.py:183} INFO - Processing /home/airflow/.local/lib/python3.8/site-packages/airflow/example_dags/example_branch_operator.py took 0.715 seconds
[2025-05-20T02:18:40.796+0000] {processor.py:161} INFO - Started process (PID=191) to work on /home/airflow/.local/lib/python3.8/site-packages/airflow/example_dags/example_branch_operator.py
[2025-05-20T02:18:40.798+0000] {processor.py:830} INFO - Processing file /home/airflow/.local/lib/python3.8/site-packages/airflow/example_dags/example_branch_operator.py for tasks to queue
[2025-05-20T02:18:40.803+0000] {logging_mixin.py:188} INFO - [2025-05-20T02:18:40.803+0000] {dagbag.py:540} INFO - Filling up the DagBag from /home/airflow/.local/lib/python3.8/site-packages/airflow/example_dags/example_branch_operator.py
[2025-05-20T02:18:40.977+0000] {processor.py:840} INFO - DAG(s) 'example_branch_operator' retrieved from /home/airflow/.local/lib/python3.8/site-packages/airflow/example_dags/example_branch_operator.py
[2025-05-20T02:18:41.146+0000] {logging_mixin.py:188} INFO - [2025-05-20T02:18:41.145+0000] {dag.py:3047} INFO - Sync 1 DAGs
[2025-05-20T02:18:41.212+0000] {logging_mixin.py:188} INFO - [2025-05-20T02:18:41.211+0000] {dag.py:3834} INFO - Setting next_dagrun for example_branch_operator to 2025-05-19 00:00:00+00:00, run_after=2025-05-20 00:00:00+00:00
[2025-05-20T02:18:41.356+0000] {processor.py:183} INFO - Processing /home/airflow/.local/lib/python3.8/site-packages/airflow/example_dags/example_branch_operator.py took 0.568 seconds
[2025-05-20T02:19:12.037+0000] {processor.py:161} INFO - Started process (PID=248) to work on /home/airflow/.local/lib/python3.8/site-packages/airflow/example_dags/example_branch_operator.py
[2025-05-20T02:19:12.042+0000] {processor.py:830} INFO - Processing file /home/airflow/.local/lib/python3.8/site-packages/airflow/example_dags/example_branch_operator.py for tasks to queue
[2025-05-20T02:19:12.054+0000] {logging_mixin.py:188} INFO - [2025-05-20T02:19:12.050+0000] {dagbag.py:540} INFO - Filling up the DagBag from /home/airflow/.local/lib/python3.8/site-packages/airflow/example_dags/example_branch_operator.py
[2025-05-20T02:19:12.190+0000] {processor.py:840} INFO - DAG(s) 'example_branch_operator' retrieved from /home/airflow/.local/lib/python3.8/site-packages/airflow/example_dags/example_branch_operator.py
[2025-05-20T02:19:12.269+0000] {logging_mixin.py:188} INFO - [2025-05-20T02:19:12.269+0000] {dag.py:3047} INFO - Sync 1 DAGs
[2025-05-20T02:19:12.315+0000] {logging_mixin.py:188} INFO - [2025-05-20T02:19:12.314+0000] {dag.py:3834} INFO - Setting next_dagrun for example_branch_operator to 2025-05-19 00:00:00+00:00, run_after=2025-05-20 00:00:00+00:00
[2025-05-20T02:19:12.354+0000] {processor.py:183} INFO - Processing /home/airflow/.local/lib/python3.8/site-packages/airflow/example_dags/example_branch_operator.py took 0.335 seconds
[2025-05-20T02:19:43.667+0000] {processor.py:161} INFO - Started process (PID=308) to work on /home/airflow/.local/lib/python3.8/site-packages/airflow/example_dags/example_branch_operator.py
[2025-05-20T02:19:43.670+0000] {processor.py:830} INFO - Processing file /home/airflow/.local/lib/python3.8/site-packages/airflow/example_dags/example_branch_operator.py for tasks to queue
[2025-05-20T02:19:43.674+0000] {logging_mixin.py:188} INFO - [2025-05-20T02:19:43.674+0000] {dagbag.py:540} INFO - Filling up the DagBag from /home/airflow/.local/lib/python3.8/site-packages/airflow/example_dags/example_branch_operator.py
[2025-05-20T02:19:43.714+0000] {processor.py:840} INFO - DAG(s) 'example_branch_operator' retrieved from /home/airflow/.local/lib/python3.8/site-packages/airflow/example_dags/example_branch_operator.py
[2025-05-20T02:19:43.782+0000] {logging_mixin.py:188} INFO - [2025-05-20T02:19:43.781+0000] {dag.py:3047} INFO - Sync 1 DAGs
[2025-05-20T02:19:43.839+0000] {logging_mixin.py:188} INFO - [2025-05-20T02:19:43.838+0000] {dag.py:3834} INFO - Setting next_dagrun for example_branch_operator to 2025-05-19 00:00:00+00:00, run_after=2025-05-20 00:00:00+00:00
[2025-05-20T02:19:43.933+0000] {processor.py:183} INFO - Processing /home/airflow/.local/lib/python3.8/site-packages/airflow/example_dags/example_branch_operator.py took 0.272 seconds
[2025-05-20T02:20:14.711+0000] {processor.py:161} INFO - Started process (PID=366) to work on /home/airflow/.local/lib/python3.8/site-packages/airflow/example_dags/example_branch_operator.py
[2025-05-20T02:20:14.713+0000] {processor.py:830} INFO - Processing file /home/airflow/.local/lib/python3.8/site-packages/airflow/example_dags/example_branch_operator.py for tasks to queue
[2025-05-20T02:20:14.719+0000] {logging_mixin.py:188} INFO - [2025-05-20T02:20:14.718+0000] {dagbag.py:540} INFO - Filling up the DagBag from /home/airflow/.local/lib/python3.8/site-packages/airflow/example_dags/example_branch_operator.py
[2025-05-20T02:20:14.761+0000] {processor.py:840} INFO - DAG(s) 'example_branch_operator' retrieved from /home/airflow/.local/lib/python3.8/site-packages/airflow/example_dags/example_branch_operator.py
[2025-05-20T02:20:14.784+0000] {logging_mixin.py:188} INFO - [2025-05-20T02:20:14.784+0000] {dag.py:3047} INFO - Sync 1 DAGs
[2025-05-20T02:20:14.842+0000] {logging_mixin.py:188} INFO - [2025-05-20T02:20:14.842+0000] {dag.py:3834} INFO - Setting next_dagrun for example_branch_operator to 2025-05-19 00:00:00+00:00, run_after=2025-05-20 00:00:00+00:00
[2025-05-20T02:20:14.981+0000] {processor.py:183} INFO - Processing /home/airflow/.local/lib/python3.8/site-packages/airflow/example_dags/example_branch_operator.py took 0.278 seconds
