[2025-05-20T02:17:54.014+0000] {processor.py:161} INFO - Started process (PID=104) to work on /home/airflow/.local/lib/python3.8/site-packages/airflow/example_dags/example_python_decorator.py
[2025-05-20T02:17:54.020+0000] {processor.py:830} INFO - Processing file /home/airflow/.local/lib/python3.8/site-packages/airflow/example_dags/example_python_decorator.py for tasks to queue
[2025-05-20T02:17:54.026+0000] {logging_mixin.py:188} INFO - [2025-05-20T02:17:54.025+0000] {dagbag.py:540} INFO - Filling up the DagBag from /home/airflow/.local/lib/python3.8/site-packages/airflow/example_dags/example_python_decorator.py
[2025-05-20T02:17:54.126+0000] {processor.py:840} INFO - DAG(s) 'example_python_decorator' retrieved from /home/airflow/.local/lib/python3.8/site-packages/airflow/example_dags/example_python_decorator.py
[2025-05-20T02:17:54.649+0000] {logging_mixin.py:188} INFO - [2025-05-20T02:17:54.648+0000] {dag.py:3047} INFO - Sync 1 DAGs
[2025-05-20T02:17:54.706+0000] {logging_mixin.py:188} INFO - [2025-05-20T02:17:54.706+0000] {dag.py:3834} INFO - Setting next_dagrun for example_python_decorator to None, run_after=None
[2025-05-20T02:17:54.772+0000] {processor.py:183} INFO - Processing /home/airflow/.local/lib/python3.8/site-packages/airflow/example_dags/example_python_decorator.py took 0.776 seconds
[2025-05-20T02:18:25.800+0000] {processor.py:161} INFO - Started process (PID=162) to work on /home/airflow/.local/lib/python3.8/site-packages/airflow/example_dags/example_python_decorator.py
[2025-05-20T02:18:25.803+0000] {processor.py:830} INFO - Processing file /home/airflow/.local/lib/python3.8/site-packages/airflow/example_dags/example_python_decorator.py for tasks to queue
[2025-05-20T02:18:25.808+0000] {logging_mixin.py:188} INFO - [2025-05-20T02:18:25.807+0000] {dagbag.py:540} INFO - Filling up the DagBag from /home/airflow/.local/lib/python3.8/site-packages/airflow/example_dags/example_python_decorator.py
[2025-05-20T02:18:25.847+0000] {processor.py:840} INFO - DAG(s) 'example_python_decorator' retrieved from /home/airflow/.local/lib/python3.8/site-packages/airflow/example_dags/example_python_decorator.py
[2025-05-20T02:18:25.900+0000] {logging_mixin.py:188} INFO - [2025-05-20T02:18:25.899+0000] {dag.py:3047} INFO - Sync 1 DAGs
[2025-05-20T02:18:25.936+0000] {logging_mixin.py:188} INFO - [2025-05-20T02:18:25.936+0000] {dag.py:3834} INFO - Setting next_dagrun for example_python_decorator to None, run_after=None
[2025-05-20T02:18:25.994+0000] {processor.py:183} INFO - Processing /home/airflow/.local/lib/python3.8/site-packages/airflow/example_dags/example_python_decorator.py took 0.202 seconds
[2025-05-20T02:18:58.267+0000] {processor.py:161} INFO - Started process (PID=219) to work on /home/airflow/.local/lib/python3.8/site-packages/airflow/example_dags/example_python_decorator.py
[2025-05-20T02:18:58.274+0000] {processor.py:830} INFO - Processing file /home/airflow/.local/lib/python3.8/site-packages/airflow/example_dags/example_python_decorator.py for tasks to queue
[2025-05-20T02:18:58.289+0000] {logging_mixin.py:188} INFO - [2025-05-20T02:18:58.286+0000] {dagbag.py:540} INFO - Filling up the DagBag from /home/airflow/.local/lib/python3.8/site-packages/airflow/example_dags/example_python_decorator.py
[2025-05-20T02:18:58.366+0000] {processor.py:840} INFO - DAG(s) 'example_python_decorator' retrieved from /home/airflow/.local/lib/python3.8/site-packages/airflow/example_dags/example_python_decorator.py
[2025-05-20T02:18:58.619+0000] {logging_mixin.py:188} INFO - [2025-05-20T02:18:58.619+0000] {dag.py:3047} INFO - Sync 1 DAGs
[2025-05-20T02:18:58.643+0000] {logging_mixin.py:188} INFO - [2025-05-20T02:18:58.643+0000] {dag.py:3834} INFO - Setting next_dagrun for example_python_decorator to None, run_after=None
[2025-05-20T02:18:58.682+0000] {processor.py:183} INFO - Processing /home/airflow/.local/lib/python3.8/site-packages/airflow/example_dags/example_python_decorator.py took 0.436 seconds
[2025-05-20T02:19:28.902+0000] {processor.py:161} INFO - Started process (PID=277) to work on /home/airflow/.local/lib/python3.8/site-packages/airflow/example_dags/example_python_decorator.py
[2025-05-20T02:19:28.907+0000] {processor.py:830} INFO - Processing file /home/airflow/.local/lib/python3.8/site-packages/airflow/example_dags/example_python_decorator.py for tasks to queue
[2025-05-20T02:19:28.913+0000] {logging_mixin.py:188} INFO - [2025-05-20T02:19:28.912+0000] {dagbag.py:540} INFO - Filling up the DagBag from /home/airflow/.local/lib/python3.8/site-packages/airflow/example_dags/example_python_decorator.py
[2025-05-20T02:19:28.961+0000] {processor.py:840} INFO - DAG(s) 'example_python_decorator' retrieved from /home/airflow/.local/lib/python3.8/site-packages/airflow/example_dags/example_python_decorator.py
[2025-05-20T02:19:29.035+0000] {logging_mixin.py:188} INFO - [2025-05-20T02:19:29.035+0000] {dag.py:3047} INFO - Sync 1 DAGs
[2025-05-20T02:19:29.067+0000] {logging_mixin.py:188} INFO - [2025-05-20T02:19:29.066+0000] {dag.py:3834} INFO - Setting next_dagrun for example_python_decorator to None, run_after=None
[2025-05-20T02:19:29.119+0000] {processor.py:183} INFO - Processing /home/airflow/.local/lib/python3.8/site-packages/airflow/example_dags/example_python_decorator.py took 0.224 seconds
[2025-05-20T02:20:00.706+0000] {processor.py:161} INFO - Started process (PID=335) to work on /home/airflow/.local/lib/python3.8/site-packages/airflow/example_dags/example_python_decorator.py
[2025-05-20T02:20:00.710+0000] {processor.py:830} INFO - Processing file /home/airflow/.local/lib/python3.8/site-packages/airflow/example_dags/example_python_decorator.py for tasks to queue
[2025-05-20T02:20:00.720+0000] {logging_mixin.py:188} INFO - [2025-05-20T02:20:00.717+0000] {dagbag.py:540} INFO - Filling up the DagBag from /home/airflow/.local/lib/python3.8/site-packages/airflow/example_dags/example_python_decorator.py
[2025-05-20T02:20:00.756+0000] {processor.py:840} INFO - DAG(s) 'example_python_decorator' retrieved from /home/airflow/.local/lib/python3.8/site-packages/airflow/example_dags/example_python_decorator.py
[2025-05-20T02:20:00.785+0000] {logging_mixin.py:188} INFO - [2025-05-20T02:20:00.784+0000] {dag.py:3047} INFO - Sync 1 DAGs
[2025-05-20T02:20:00.839+0000] {logging_mixin.py:188} INFO - [2025-05-20T02:20:00.838+0000] {dag.py:3834} INFO - Setting next_dagrun for example_python_decorator to None, run_after=None
[2025-05-20T02:20:00.913+0000] {processor.py:183} INFO - Processing /home/airflow/.local/lib/python3.8/site-packages/airflow/example_dags/example_python_decorator.py took 0.222 seconds
[2025-05-20T02:20:33.293+0000] {processor.py:161} INFO - Started process (PID=392) to work on /home/airflow/.local/lib/python3.8/site-packages/airflow/example_dags/example_python_decorator.py
[2025-05-20T02:20:33.296+0000] {processor.py:830} INFO - Processing file /home/airflow/.local/lib/python3.8/site-packages/airflow/example_dags/example_python_decorator.py for tasks to queue
[2025-05-20T02:20:33.302+0000] {logging_mixin.py:188} INFO - [2025-05-20T02:20:33.301+0000] {dagbag.py:540} INFO - Filling up the DagBag from /home/airflow/.local/lib/python3.8/site-packages/airflow/example_dags/example_python_decorator.py
[2025-05-20T02:20:33.389+0000] {processor.py:840} INFO - DAG(s) 'example_python_decorator' retrieved from /home/airflow/.local/lib/python3.8/site-packages/airflow/example_dags/example_python_decorator.py
[2025-05-20T02:20:33.788+0000] {logging_mixin.py:188} INFO - [2025-05-20T02:20:33.787+0000] {dag.py:3047} INFO - Sync 1 DAGs
[2025-05-20T02:20:33.822+0000] {logging_mixin.py:188} INFO - [2025-05-20T02:20:33.822+0000] {dag.py:3834} INFO - Setting next_dagrun for example_python_decorator to None, run_after=None
[2025-05-20T02:20:33.880+0000] {processor.py:183} INFO - Processing /home/airflow/.local/lib/python3.8/site-packages/airflow/example_dags/example_python_decorator.py took 0.604 seconds
