[2025-05-20T02:17:53.190+0000] {processor.py:161} INFO - Started process (PID=101) to work on /home/airflow/.local/lib/python3.8/site-packages/airflow/example_dags/example_trigger_controller_dag.py
[2025-05-20T02:17:53.192+0000] {processor.py:830} INFO - Processing file /home/airflow/.local/lib/python3.8/site-packages/airflow/example_dags/example_trigger_controller_dag.py for tasks to queue
[2025-05-20T02:17:53.197+0000] {logging_mixin.py:188} INFO - [2025-05-20T02:17:53.196+0000] {dagbag.py:540} INFO - Filling up the DagBag from /home/airflow/.local/lib/python3.8/site-packages/airflow/example_dags/example_trigger_controller_dag.py
[2025-05-20T02:17:53.220+0000] {processor.py:840} INFO - DAG(s) 'example_trigger_controller_dag' retrieved from /home/airflow/.local/lib/python3.8/site-packages/airflow/example_dags/example_trigger_controller_dag.py
[2025-05-20T02:17:53.546+0000] {logging_mixin.py:188} INFO - [2025-05-20T02:17:53.545+0000] {dag.py:3047} INFO - Sync 1 DAGs
[2025-05-20T02:17:53.627+0000] {logging_mixin.py:188} INFO - [2025-05-20T02:17:53.626+0000] {dag.py:3834} INFO - Setting next_dagrun for example_trigger_controller_dag to 2021-01-01 00:00:00+00:00, run_after=2021-01-01 00:00:00+00:00
[2025-05-20T02:17:53.696+0000] {processor.py:183} INFO - Processing /home/airflow/.local/lib/python3.8/site-packages/airflow/example_dags/example_trigger_controller_dag.py took 0.514 seconds
[2025-05-20T02:18:25.179+0000] {processor.py:161} INFO - Started process (PID=159) to work on /home/airflow/.local/lib/python3.8/site-packages/airflow/example_dags/example_trigger_controller_dag.py
[2025-05-20T02:18:25.183+0000] {processor.py:830} INFO - Processing file /home/airflow/.local/lib/python3.8/site-packages/airflow/example_dags/example_trigger_controller_dag.py for tasks to queue
[2025-05-20T02:18:25.188+0000] {logging_mixin.py:188} INFO - [2025-05-20T02:18:25.187+0000] {dagbag.py:540} INFO - Filling up the DagBag from /home/airflow/.local/lib/python3.8/site-packages/airflow/example_dags/example_trigger_controller_dag.py
[2025-05-20T02:18:25.206+0000] {processor.py:840} INFO - DAG(s) 'example_trigger_controller_dag' retrieved from /home/airflow/.local/lib/python3.8/site-packages/airflow/example_dags/example_trigger_controller_dag.py
[2025-05-20T02:18:25.265+0000] {logging_mixin.py:188} INFO - [2025-05-20T02:18:25.264+0000] {dag.py:3047} INFO - Sync 1 DAGs
[2025-05-20T02:18:25.334+0000] {logging_mixin.py:188} INFO - [2025-05-20T02:18:25.333+0000] {dag.py:3834} INFO - Setting next_dagrun for example_trigger_controller_dag to 2021-01-01 00:00:00+00:00, run_after=2021-01-01 00:00:00+00:00
[2025-05-20T02:18:25.398+0000] {processor.py:183} INFO - Processing /home/airflow/.local/lib/python3.8/site-packages/airflow/example_dags/example_trigger_controller_dag.py took 0.227 seconds
[2025-05-20T02:18:56.438+0000] {processor.py:161} INFO - Started process (PID=216) to work on /home/airflow/.local/lib/python3.8/site-packages/airflow/example_dags/example_trigger_controller_dag.py
[2025-05-20T02:18:56.443+0000] {processor.py:830} INFO - Processing file /home/airflow/.local/lib/python3.8/site-packages/airflow/example_dags/example_trigger_controller_dag.py for tasks to queue
[2025-05-20T02:18:56.457+0000] {logging_mixin.py:188} INFO - [2025-05-20T02:18:56.454+0000] {dagbag.py:540} INFO - Filling up the DagBag from /home/airflow/.local/lib/python3.8/site-packages/airflow/example_dags/example_trigger_controller_dag.py
[2025-05-20T02:18:56.482+0000] {processor.py:840} INFO - DAG(s) 'example_trigger_controller_dag' retrieved from /home/airflow/.local/lib/python3.8/site-packages/airflow/example_dags/example_trigger_controller_dag.py
[2025-05-20T02:18:56.911+0000] {logging_mixin.py:188} INFO - [2025-05-20T02:18:56.910+0000] {dag.py:3047} INFO - Sync 1 DAGs
[2025-05-20T02:18:56.953+0000] {logging_mixin.py:188} INFO - [2025-05-20T02:18:56.953+0000] {dag.py:3834} INFO - Setting next_dagrun for example_trigger_controller_dag to 2021-01-01 00:00:00+00:00, run_after=2021-01-01 00:00:00+00:00
[2025-05-20T02:18:56.999+0000] {processor.py:183} INFO - Processing /home/airflow/.local/lib/python3.8/site-packages/airflow/example_dags/example_trigger_controller_dag.py took 0.581 seconds
[2025-05-20T02:19:28.389+0000] {processor.py:161} INFO - Started process (PID=274) to work on /home/airflow/.local/lib/python3.8/site-packages/airflow/example_dags/example_trigger_controller_dag.py
[2025-05-20T02:19:28.395+0000] {processor.py:830} INFO - Processing file /home/airflow/.local/lib/python3.8/site-packages/airflow/example_dags/example_trigger_controller_dag.py for tasks to queue
[2025-05-20T02:19:28.403+0000] {logging_mixin.py:188} INFO - [2025-05-20T02:19:28.402+0000] {dagbag.py:540} INFO - Filling up the DagBag from /home/airflow/.local/lib/python3.8/site-packages/airflow/example_dags/example_trigger_controller_dag.py
[2025-05-20T02:19:28.424+0000] {processor.py:840} INFO - DAG(s) 'example_trigger_controller_dag' retrieved from /home/airflow/.local/lib/python3.8/site-packages/airflow/example_dags/example_trigger_controller_dag.py
[2025-05-20T02:19:28.507+0000] {logging_mixin.py:188} INFO - [2025-05-20T02:19:28.506+0000] {dag.py:3047} INFO - Sync 1 DAGs
[2025-05-20T02:19:28.601+0000] {logging_mixin.py:188} INFO - [2025-05-20T02:19:28.600+0000] {dag.py:3834} INFO - Setting next_dagrun for example_trigger_controller_dag to 2021-01-01 00:00:00+00:00, run_after=2021-01-01 00:00:00+00:00
[2025-05-20T02:19:28.693+0000] {processor.py:183} INFO - Processing /home/airflow/.local/lib/python3.8/site-packages/airflow/example_dags/example_trigger_controller_dag.py took 0.318 seconds
[2025-05-20T02:19:59.827+0000] {processor.py:161} INFO - Started process (PID=332) to work on /home/airflow/.local/lib/python3.8/site-packages/airflow/example_dags/example_trigger_controller_dag.py
[2025-05-20T02:19:59.830+0000] {processor.py:830} INFO - Processing file /home/airflow/.local/lib/python3.8/site-packages/airflow/example_dags/example_trigger_controller_dag.py for tasks to queue
[2025-05-20T02:19:59.836+0000] {logging_mixin.py:188} INFO - [2025-05-20T02:19:59.835+0000] {dagbag.py:540} INFO - Filling up the DagBag from /home/airflow/.local/lib/python3.8/site-packages/airflow/example_dags/example_trigger_controller_dag.py
[2025-05-20T02:19:59.850+0000] {processor.py:840} INFO - DAG(s) 'example_trigger_controller_dag' retrieved from /home/airflow/.local/lib/python3.8/site-packages/airflow/example_dags/example_trigger_controller_dag.py
[2025-05-20T02:19:59.886+0000] {logging_mixin.py:188} INFO - [2025-05-20T02:19:59.885+0000] {dag.py:3047} INFO - Sync 1 DAGs
[2025-05-20T02:19:59.953+0000] {logging_mixin.py:188} INFO - [2025-05-20T02:19:59.953+0000] {dag.py:3834} INFO - Setting next_dagrun for example_trigger_controller_dag to 2021-01-01 00:00:00+00:00, run_after=2021-01-01 00:00:00+00:00
[2025-05-20T02:20:00.039+0000] {processor.py:183} INFO - Processing /home/airflow/.local/lib/python3.8/site-packages/airflow/example_dags/example_trigger_controller_dag.py took 0.228 seconds
[2025-05-20T02:20:31.228+0000] {processor.py:161} INFO - Started process (PID=389) to work on /home/airflow/.local/lib/python3.8/site-packages/airflow/example_dags/example_trigger_controller_dag.py
[2025-05-20T02:20:31.231+0000] {processor.py:830} INFO - Processing file /home/airflow/.local/lib/python3.8/site-packages/airflow/example_dags/example_trigger_controller_dag.py for tasks to queue
[2025-05-20T02:20:31.239+0000] {logging_mixin.py:188} INFO - [2025-05-20T02:20:31.236+0000] {dagbag.py:540} INFO - Filling up the DagBag from /home/airflow/.local/lib/python3.8/site-packages/airflow/example_dags/example_trigger_controller_dag.py
[2025-05-20T02:20:31.258+0000] {processor.py:840} INFO - DAG(s) 'example_trigger_controller_dag' retrieved from /home/airflow/.local/lib/python3.8/site-packages/airflow/example_dags/example_trigger_controller_dag.py
[2025-05-20T02:20:31.801+0000] {logging_mixin.py:188} INFO - [2025-05-20T02:20:31.801+0000] {dag.py:3047} INFO - Sync 1 DAGs
[2025-05-20T02:20:31.893+0000] {logging_mixin.py:188} INFO - [2025-05-20T02:20:31.893+0000] {dag.py:3834} INFO - Setting next_dagrun for example_trigger_controller_dag to 2021-01-01 00:00:00+00:00, run_after=2021-01-01 00:00:00+00:00
[2025-05-20T02:20:31.991+0000] {processor.py:183} INFO - Processing /home/airflow/.local/lib/python3.8/site-packages/airflow/example_dags/example_trigger_controller_dag.py took 0.774 seconds
