[2025-05-20T02:17:49.084+0000] {processor.py:161} INFO - Started process (PID=87) to work on /home/airflow/.local/lib/python3.8/site-packages/airflow/example_dags/example_xcomargs.py
[2025-05-20T02:17:49.087+0000] {processor.py:830} INFO - Processing file /home/airflow/.local/lib/python3.8/site-packages/airflow/example_dags/example_xcomargs.py for tasks to queue
[2025-05-20T02:17:49.095+0000] {logging_mixin.py:188} INFO - [2025-05-20T02:17:49.094+0000] {dagbag.py:540} INFO - Filling up the DagBag from /home/airflow/.local/lib/python3.8/site-packages/airflow/example_dags/example_xcomargs.py
[2025-05-20T02:17:49.139+0000] {processor.py:840} INFO - DAG(s) 'example_xcom_args_with_operators', 'example_xcom_args' retrieved from /home/airflow/.local/lib/python3.8/site-packages/airflow/example_dags/example_xcomargs.py
[2025-05-20T02:17:49.876+0000] {logging_mixin.py:188} INFO - [2025-05-20T02:17:49.876+0000] {dag.py:3047} INFO - Sync 2 DAGs
[2025-05-20T02:17:49.919+0000] {logging_mixin.py:188} INFO - [2025-05-20T02:17:49.919+0000] {dag.py:3834} INFO - Setting next_dagrun for example_xcom_args to None, run_after=None
[2025-05-20T02:17:49.932+0000] {logging_mixin.py:188} INFO - [2025-05-20T02:17:49.931+0000] {dag.py:3834} INFO - Setting next_dagrun for example_xcom_args_with_operators to None, run_after=None
[2025-05-20T02:17:50.029+0000] {processor.py:183} INFO - Processing /home/airflow/.local/lib/python3.8/site-packages/airflow/example_dags/example_xcomargs.py took 0.974 seconds
[2025-05-20T02:18:20.976+0000] {processor.py:161} INFO - Started process (PID=145) to work on /home/airflow/.local/lib/python3.8/site-packages/airflow/example_dags/example_xcomargs.py
[2025-05-20T02:18:20.978+0000] {processor.py:830} INFO - Processing file /home/airflow/.local/lib/python3.8/site-packages/airflow/example_dags/example_xcomargs.py for tasks to queue
[2025-05-20T02:18:20.981+0000] {logging_mixin.py:188} INFO - [2025-05-20T02:18:20.981+0000] {dagbag.py:540} INFO - Filling up the DagBag from /home/airflow/.local/lib/python3.8/site-packages/airflow/example_dags/example_xcomargs.py
[2025-05-20T02:18:20.999+0000] {processor.py:840} INFO - DAG(s) 'example_xcom_args_with_operators', 'example_xcom_args' retrieved from /home/airflow/.local/lib/python3.8/site-packages/airflow/example_dags/example_xcomargs.py
[2025-05-20T02:18:21.061+0000] {logging_mixin.py:188} INFO - [2025-05-20T02:18:21.061+0000] {dag.py:3047} INFO - Sync 2 DAGs
[2025-05-20T02:18:21.091+0000] {logging_mixin.py:188} INFO - [2025-05-20T02:18:21.091+0000] {dag.py:3834} INFO - Setting next_dagrun for example_xcom_args to None, run_after=None
[2025-05-20T02:18:21.103+0000] {logging_mixin.py:188} INFO - [2025-05-20T02:18:21.102+0000] {dag.py:3834} INFO - Setting next_dagrun for example_xcom_args_with_operators to None, run_after=None
[2025-05-20T02:18:21.151+0000] {processor.py:183} INFO - Processing /home/airflow/.local/lib/python3.8/site-packages/airflow/example_dags/example_xcomargs.py took 0.180 seconds
[2025-05-20T02:18:51.356+0000] {processor.py:161} INFO - Started process (PID=202) to work on /home/airflow/.local/lib/python3.8/site-packages/airflow/example_dags/example_xcomargs.py
[2025-05-20T02:18:51.358+0000] {processor.py:830} INFO - Processing file /home/airflow/.local/lib/python3.8/site-packages/airflow/example_dags/example_xcomargs.py for tasks to queue
[2025-05-20T02:18:51.363+0000] {logging_mixin.py:188} INFO - [2025-05-20T02:18:51.362+0000] {dagbag.py:540} INFO - Filling up the DagBag from /home/airflow/.local/lib/python3.8/site-packages/airflow/example_dags/example_xcomargs.py
[2025-05-20T02:18:51.389+0000] {processor.py:840} INFO - DAG(s) 'example_xcom_args', 'example_xcom_args_with_operators' retrieved from /home/airflow/.local/lib/python3.8/site-packages/airflow/example_dags/example_xcomargs.py
[2025-05-20T02:18:51.435+0000] {logging_mixin.py:188} INFO - [2025-05-20T02:18:51.434+0000] {dag.py:3047} INFO - Sync 2 DAGs
[2025-05-20T02:18:51.480+0000] {logging_mixin.py:188} INFO - [2025-05-20T02:18:51.479+0000] {dag.py:3834} INFO - Setting next_dagrun for example_xcom_args to None, run_after=None
[2025-05-20T02:18:51.493+0000] {logging_mixin.py:188} INFO - [2025-05-20T02:18:51.492+0000] {dag.py:3834} INFO - Setting next_dagrun for example_xcom_args_with_operators to None, run_after=None
[2025-05-20T02:18:51.582+0000] {processor.py:183} INFO - Processing /home/airflow/.local/lib/python3.8/site-packages/airflow/example_dags/example_xcomargs.py took 0.233 seconds
[2025-05-20T02:19:25.043+0000] {processor.py:161} INFO - Started process (PID=266) to work on /home/airflow/.local/lib/python3.8/site-packages/airflow/example_dags/example_xcomargs.py
[2025-05-20T02:19:25.047+0000] {processor.py:830} INFO - Processing file /home/airflow/.local/lib/python3.8/site-packages/airflow/example_dags/example_xcomargs.py for tasks to queue
[2025-05-20T02:19:25.057+0000] {logging_mixin.py:188} INFO - [2025-05-20T02:19:25.055+0000] {dagbag.py:540} INFO - Filling up the DagBag from /home/airflow/.local/lib/python3.8/site-packages/airflow/example_dags/example_xcomargs.py
[2025-05-20T02:19:25.088+0000] {processor.py:840} INFO - DAG(s) 'example_xcom_args_with_operators', 'example_xcom_args' retrieved from /home/airflow/.local/lib/python3.8/site-packages/airflow/example_dags/example_xcomargs.py
[2025-05-20T02:19:25.709+0000] {logging_mixin.py:188} INFO - [2025-05-20T02:19:25.708+0000] {dag.py:3047} INFO - Sync 2 DAGs
[2025-05-20T02:19:25.738+0000] {logging_mixin.py:188} INFO - [2025-05-20T02:19:25.737+0000] {dag.py:3834} INFO - Setting next_dagrun for example_xcom_args to None, run_after=None
[2025-05-20T02:19:25.748+0000] {logging_mixin.py:188} INFO - [2025-05-20T02:19:25.747+0000] {dag.py:3834} INFO - Setting next_dagrun for example_xcom_args_with_operators to None, run_after=None
[2025-05-20T02:19:25.815+0000] {processor.py:183} INFO - Processing /home/airflow/.local/lib/python3.8/site-packages/airflow/example_dags/example_xcomargs.py took 0.791 seconds
[2025-05-20T02:19:56.032+0000] {processor.py:161} INFO - Started process (PID=324) to work on /home/airflow/.local/lib/python3.8/site-packages/airflow/example_dags/example_xcomargs.py
[2025-05-20T02:19:56.035+0000] {processor.py:830} INFO - Processing file /home/airflow/.local/lib/python3.8/site-packages/airflow/example_dags/example_xcomargs.py for tasks to queue
[2025-05-20T02:19:56.040+0000] {logging_mixin.py:188} INFO - [2025-05-20T02:19:56.039+0000] {dagbag.py:540} INFO - Filling up the DagBag from /home/airflow/.local/lib/python3.8/site-packages/airflow/example_dags/example_xcomargs.py
[2025-05-20T02:19:56.066+0000] {processor.py:840} INFO - DAG(s) 'example_xcom_args', 'example_xcom_args_with_operators' retrieved from /home/airflow/.local/lib/python3.8/site-packages/airflow/example_dags/example_xcomargs.py
[2025-05-20T02:19:56.103+0000] {logging_mixin.py:188} INFO - [2025-05-20T02:19:56.102+0000] {dag.py:3047} INFO - Sync 2 DAGs
[2025-05-20T02:19:56.137+0000] {logging_mixin.py:188} INFO - [2025-05-20T02:19:56.137+0000] {dag.py:3834} INFO - Setting next_dagrun for example_xcom_args to None, run_after=None
[2025-05-20T02:19:56.151+0000] {logging_mixin.py:188} INFO - [2025-05-20T02:19:56.151+0000] {dag.py:3834} INFO - Setting next_dagrun for example_xcom_args_with_operators to None, run_after=None
[2025-05-20T02:19:56.207+0000] {processor.py:183} INFO - Processing /home/airflow/.local/lib/python3.8/site-packages/airflow/example_dags/example_xcomargs.py took 0.189 seconds
[2025-05-20T02:20:27.452+0000] {processor.py:161} INFO - Started process (PID=381) to work on /home/airflow/.local/lib/python3.8/site-packages/airflow/example_dags/example_xcomargs.py
[2025-05-20T02:20:27.457+0000] {processor.py:830} INFO - Processing file /home/airflow/.local/lib/python3.8/site-packages/airflow/example_dags/example_xcomargs.py for tasks to queue
[2025-05-20T02:20:27.471+0000] {logging_mixin.py:188} INFO - [2025-05-20T02:20:27.469+0000] {dagbag.py:540} INFO - Filling up the DagBag from /home/airflow/.local/lib/python3.8/site-packages/airflow/example_dags/example_xcomargs.py
[2025-05-20T02:20:27.517+0000] {processor.py:840} INFO - DAG(s) 'example_xcom_args', 'example_xcom_args_with_operators' retrieved from /home/airflow/.local/lib/python3.8/site-packages/airflow/example_dags/example_xcomargs.py
[2025-05-20T02:20:28.285+0000] {logging_mixin.py:188} INFO - [2025-05-20T02:20:28.284+0000] {dag.py:3047} INFO - Sync 2 DAGs
[2025-05-20T02:20:28.376+0000] {logging_mixin.py:188} INFO - [2025-05-20T02:20:28.375+0000] {dag.py:3834} INFO - Setting next_dagrun for example_xcom_args to None, run_after=None
[2025-05-20T02:20:28.394+0000] {logging_mixin.py:188} INFO - [2025-05-20T02:20:28.393+0000] {dag.py:3834} INFO - Setting next_dagrun for example_xcom_args_with_operators to None, run_after=None
[2025-05-20T02:20:29.018+0000] {processor.py:183} INFO - Processing /home/airflow/.local/lib/python3.8/site-packages/airflow/example_dags/example_xcomargs.py took 1.587 seconds
