[2025-05-20T02:18:05.446+0000] {processor.py:161} INFO - Started process (PID=124) to work on /home/airflow/.local/lib/python3.8/site-packages/airflow/example_dags/example_bash_operator.py
[2025-05-20T02:18:05.454+0000] {processor.py:830} INFO - Processing file /home/airflow/.local/lib/python3.8/site-packages/airflow/example_dags/example_bash_operator.py for tasks to queue
[2025-05-20T02:18:05.460+0000] {logging_mixin.py:188} INFO - [2025-05-20T02:18:05.459+0000] {dagbag.py:540} INFO - Filling up the DagBag from /home/airflow/.local/lib/python3.8/site-packages/airflow/example_dags/example_bash_operator.py
[2025-05-20T02:18:05.531+0000] {processor.py:840} INFO - DAG(s) 'example_bash_operator' retrieved from /home/airflow/.local/lib/python3.8/site-packages/airflow/example_dags/example_bash_operator.py
[2025-05-20T02:18:06.144+0000] {logging_mixin.py:188} INFO - [2025-05-20T02:18:06.144+0000] {dag.py:3047} INFO - Sync 1 DAGs
[2025-05-20T02:18:06.284+0000] {logging_mixin.py:188} INFO - [2025-05-20T02:18:06.283+0000] {dag.py:3834} INFO - Setting next_dagrun for example_bash_operator to 2025-05-19 00:00:00+00:00, run_after=2025-05-20 00:00:00+00:00
[2025-05-20T02:18:06.428+0000] {processor.py:183} INFO - Processing /home/airflow/.local/lib/python3.8/site-packages/airflow/example_dags/example_bash_operator.py took 0.991 seconds
[2025-05-20T02:18:36.626+0000] {processor.py:161} INFO - Started process (PID=182) to work on /home/airflow/.local/lib/python3.8/site-packages/airflow/example_dags/example_bash_operator.py
[2025-05-20T02:18:36.628+0000] {processor.py:830} INFO - Processing file /home/airflow/.local/lib/python3.8/site-packages/airflow/example_dags/example_bash_operator.py for tasks to queue
[2025-05-20T02:18:36.633+0000] {logging_mixin.py:188} INFO - [2025-05-20T02:18:36.633+0000] {dagbag.py:540} INFO - Filling up the DagBag from /home/airflow/.local/lib/python3.8/site-packages/airflow/example_dags/example_bash_operator.py
[2025-05-20T02:18:36.677+0000] {processor.py:840} INFO - DAG(s) 'example_bash_operator' retrieved from /home/airflow/.local/lib/python3.8/site-packages/airflow/example_dags/example_bash_operator.py
[2025-05-20T02:18:36.822+0000] {logging_mixin.py:188} INFO - [2025-05-20T02:18:36.821+0000] {dag.py:3047} INFO - Sync 1 DAGs
[2025-05-20T02:18:36.895+0000] {logging_mixin.py:188} INFO - [2025-05-20T02:18:36.894+0000] {dag.py:3834} INFO - Setting next_dagrun for example_bash_operator to 2025-05-19 00:00:00+00:00, run_after=2025-05-20 00:00:00+00:00
[2025-05-20T02:18:36.939+0000] {processor.py:183} INFO - Processing /home/airflow/.local/lib/python3.8/site-packages/airflow/example_dags/example_bash_operator.py took 0.323 seconds
[2025-05-20T02:19:07.474+0000] {processor.py:161} INFO - Started process (PID=239) to work on /home/airflow/.local/lib/python3.8/site-packages/airflow/example_dags/example_bash_operator.py
[2025-05-20T02:19:07.477+0000] {processor.py:830} INFO - Processing file /home/airflow/.local/lib/python3.8/site-packages/airflow/example_dags/example_bash_operator.py for tasks to queue
[2025-05-20T02:19:07.482+0000] {logging_mixin.py:188} INFO - [2025-05-20T02:19:07.481+0000] {dagbag.py:540} INFO - Filling up the DagBag from /home/airflow/.local/lib/python3.8/site-packages/airflow/example_dags/example_bash_operator.py
[2025-05-20T02:19:07.514+0000] {processor.py:840} INFO - DAG(s) 'example_bash_operator' retrieved from /home/airflow/.local/lib/python3.8/site-packages/airflow/example_dags/example_bash_operator.py
[2025-05-20T02:19:07.575+0000] {logging_mixin.py:188} INFO - [2025-05-20T02:19:07.575+0000] {dag.py:3047} INFO - Sync 1 DAGs
[2025-05-20T02:19:07.619+0000] {logging_mixin.py:188} INFO - [2025-05-20T02:19:07.618+0000] {dag.py:3834} INFO - Setting next_dagrun for example_bash_operator to 2025-05-19 00:00:00+00:00, run_after=2025-05-20 00:00:00+00:00
[2025-05-20T02:19:07.655+0000] {processor.py:183} INFO - Processing /home/airflow/.local/lib/python3.8/site-packages/airflow/example_dags/example_bash_operator.py took 0.189 seconds
[2025-05-20T02:19:37.935+0000] {processor.py:161} INFO - Started process (PID=297) to work on /home/airflow/.local/lib/python3.8/site-packages/airflow/example_dags/example_bash_operator.py
[2025-05-20T02:19:37.938+0000] {processor.py:830} INFO - Processing file /home/airflow/.local/lib/python3.8/site-packages/airflow/example_dags/example_bash_operator.py for tasks to queue
[2025-05-20T02:19:37.944+0000] {logging_mixin.py:188} INFO - [2025-05-20T02:19:37.943+0000] {dagbag.py:540} INFO - Filling up the DagBag from /home/airflow/.local/lib/python3.8/site-packages/airflow/example_dags/example_bash_operator.py
[2025-05-20T02:19:37.995+0000] {processor.py:840} INFO - DAG(s) 'example_bash_operator' retrieved from /home/airflow/.local/lib/python3.8/site-packages/airflow/example_dags/example_bash_operator.py
[2025-05-20T02:19:38.091+0000] {logging_mixin.py:188} INFO - [2025-05-20T02:19:38.090+0000] {dag.py:3047} INFO - Sync 1 DAGs
[2025-05-20T02:19:38.155+0000] {logging_mixin.py:188} INFO - [2025-05-20T02:19:38.155+0000] {dag.py:3834} INFO - Setting next_dagrun for example_bash_operator to 2025-05-19 00:00:00+00:00, run_after=2025-05-20 00:00:00+00:00
[2025-05-20T02:19:38.213+0000] {processor.py:183} INFO - Processing /home/airflow/.local/lib/python3.8/site-packages/airflow/example_dags/example_bash_operator.py took 0.287 seconds
[2025-05-20T02:20:08.842+0000] {processor.py:161} INFO - Started process (PID=355) to work on /home/airflow/.local/lib/python3.8/site-packages/airflow/example_dags/example_bash_operator.py
[2025-05-20T02:20:08.847+0000] {processor.py:830} INFO - Processing file /home/airflow/.local/lib/python3.8/site-packages/airflow/example_dags/example_bash_operator.py for tasks to queue
[2025-05-20T02:20:08.867+0000] {logging_mixin.py:188} INFO - [2025-05-20T02:20:08.866+0000] {dagbag.py:540} INFO - Filling up the DagBag from /home/airflow/.local/lib/python3.8/site-packages/airflow/example_dags/example_bash_operator.py
[2025-05-20T02:20:08.914+0000] {processor.py:840} INFO - DAG(s) 'example_bash_operator' retrieved from /home/airflow/.local/lib/python3.8/site-packages/airflow/example_dags/example_bash_operator.py
[2025-05-20T02:20:08.938+0000] {logging_mixin.py:188} INFO - [2025-05-20T02:20:08.937+0000] {dag.py:3047} INFO - Sync 1 DAGs
[2025-05-20T02:20:08.994+0000] {logging_mixin.py:188} INFO - [2025-05-20T02:20:08.993+0000] {dag.py:3834} INFO - Setting next_dagrun for example_bash_operator to 2025-05-19 00:00:00+00:00, run_after=2025-05-20 00:00:00+00:00
[2025-05-20T02:20:09.057+0000] {processor.py:183} INFO - Processing /home/airflow/.local/lib/python3.8/site-packages/airflow/example_dags/example_bash_operator.py took 0.235 seconds
[2025-05-20T02:20:39.726+0000] {processor.py:161} INFO - Started process (PID=412) to work on /home/airflow/.local/lib/python3.8/site-packages/airflow/example_dags/example_bash_operator.py
[2025-05-20T02:20:39.729+0000] {processor.py:830} INFO - Processing file /home/airflow/.local/lib/python3.8/site-packages/airflow/example_dags/example_bash_operator.py for tasks to queue
[2025-05-20T02:20:39.742+0000] {logging_mixin.py:188} INFO - [2025-05-20T02:20:39.741+0000] {dagbag.py:540} INFO - Filling up the DagBag from /home/airflow/.local/lib/python3.8/site-packages/airflow/example_dags/example_bash_operator.py
[2025-05-20T02:20:39.791+0000] {processor.py:840} INFO - DAG(s) 'example_bash_operator' retrieved from /home/airflow/.local/lib/python3.8/site-packages/airflow/example_dags/example_bash_operator.py
[2025-05-20T02:20:40.180+0000] {logging_mixin.py:188} INFO - [2025-05-20T02:20:40.180+0000] {dag.py:3047} INFO - Sync 1 DAGs
[2025-05-20T02:20:40.223+0000] {logging_mixin.py:188} INFO - [2025-05-20T02:20:40.222+0000] {dag.py:3834} INFO - Setting next_dagrun for example_bash_operator to 2025-05-19 00:00:00+00:00, run_after=2025-05-20 00:00:00+00:00
[2025-05-20T02:20:40.271+0000] {processor.py:183} INFO - Processing /home/airflow/.local/lib/python3.8/site-packages/airflow/example_dags/example_bash_operator.py took 0.558 seconds
