[2025-05-20T02:17:38.404+0000] {processor.py:161} INFO - Started process (PID=80) to work on /home/airflow/.local/lib/python3.8/site-packages/airflow/example_dags/example_branch_python_dop_operator_3.py
[2025-05-20T02:17:38.416+0000] {processor.py:830} INFO - Processing file /home/airflow/.local/lib/python3.8/site-packages/airflow/example_dags/example_branch_python_dop_operator_3.py for tasks to queue
[2025-05-20T02:17:38.440+0000] {logging_mixin.py:188} INFO - [2025-05-20T02:17:38.439+0000] {dagbag.py:540} INFO - Filling up the DagBag from /home/airflow/.local/lib/python3.8/site-packages/airflow/example_dags/example_branch_python_dop_operator_3.py
[2025-05-20T02:17:38.836+0000] {processor.py:840} INFO - DAG(s) 'example_branch_dop_operator_v3' retrieved from /home/airflow/.local/lib/python3.8/site-packages/airflow/example_dags/example_branch_python_dop_operator_3.py
[2025-05-20T02:17:40.222+0000] {logging_mixin.py:188} INFO - [2025-05-20T02:17:40.221+0000] {dag.py:3047} INFO - Sync 1 DAGs
[2025-05-20T02:17:41.079+0000] {logging_mixin.py:188} INFO - [2025-05-20T02:17:41.078+0000] {dag.py:3834} INFO - Setting next_dagrun for example_branch_dop_operator_v3 to 2025-05-20 02:16:00+00:00, run_after=2025-05-20 02:17:00+00:00
[2025-05-20T02:17:41.242+0000] {processor.py:183} INFO - Processing /home/airflow/.local/lib/python3.8/site-packages/airflow/example_dags/example_branch_python_dop_operator_3.py took 3.549 seconds
[2025-05-20T02:18:11.658+0000] {processor.py:161} INFO - Started process (PID=138) to work on /home/airflow/.local/lib/python3.8/site-packages/airflow/example_dags/example_branch_python_dop_operator_3.py
[2025-05-20T02:18:11.671+0000] {processor.py:830} INFO - Processing file /home/airflow/.local/lib/python3.8/site-packages/airflow/example_dags/example_branch_python_dop_operator_3.py for tasks to queue
[2025-05-20T02:18:11.677+0000] {logging_mixin.py:188} INFO - [2025-05-20T02:18:11.676+0000] {dagbag.py:540} INFO - Filling up the DagBag from /home/airflow/.local/lib/python3.8/site-packages/airflow/example_dags/example_branch_python_dop_operator_3.py
[2025-05-20T02:18:11.751+0000] {processor.py:840} INFO - DAG(s) 'example_branch_dop_operator_v3' retrieved from /home/airflow/.local/lib/python3.8/site-packages/airflow/example_dags/example_branch_python_dop_operator_3.py
[2025-05-20T02:18:11.822+0000] {logging_mixin.py:188} INFO - [2025-05-20T02:18:11.821+0000] {dag.py:3047} INFO - Sync 1 DAGs
[2025-05-20T02:18:11.918+0000] {logging_mixin.py:188} INFO - [2025-05-20T02:18:11.918+0000] {dag.py:3834} INFO - Setting next_dagrun for example_branch_dop_operator_v3 to 2025-05-20 02:17:00+00:00, run_after=2025-05-20 02:18:00+00:00
[2025-05-20T02:18:11.976+0000] {processor.py:183} INFO - Processing /home/airflow/.local/lib/python3.8/site-packages/airflow/example_dags/example_branch_python_dop_operator_3.py took 0.350 seconds
[2025-05-20T02:18:42.232+0000] {processor.py:161} INFO - Started process (PID=196) to work on /home/airflow/.local/lib/python3.8/site-packages/airflow/example_dags/example_branch_python_dop_operator_3.py
[2025-05-20T02:18:42.234+0000] {processor.py:830} INFO - Processing file /home/airflow/.local/lib/python3.8/site-packages/airflow/example_dags/example_branch_python_dop_operator_3.py for tasks to queue
[2025-05-20T02:18:42.242+0000] {logging_mixin.py:188} INFO - [2025-05-20T02:18:42.241+0000] {dagbag.py:540} INFO - Filling up the DagBag from /home/airflow/.local/lib/python3.8/site-packages/airflow/example_dags/example_branch_python_dop_operator_3.py
[2025-05-20T02:18:42.268+0000] {processor.py:840} INFO - DAG(s) 'example_branch_dop_operator_v3' retrieved from /home/airflow/.local/lib/python3.8/site-packages/airflow/example_dags/example_branch_python_dop_operator_3.py
[2025-05-20T02:18:42.291+0000] {logging_mixin.py:188} INFO - [2025-05-20T02:18:42.291+0000] {dag.py:3047} INFO - Sync 1 DAGs
[2025-05-20T02:18:42.361+0000] {logging_mixin.py:188} INFO - [2025-05-20T02:18:42.361+0000] {dag.py:3834} INFO - Setting next_dagrun for example_branch_dop_operator_v3 to 2025-05-20 02:17:00+00:00, run_after=2025-05-20 02:18:00+00:00
[2025-05-20T02:18:42.415+0000] {processor.py:183} INFO - Processing /home/airflow/.local/lib/python3.8/site-packages/airflow/example_dags/example_branch_python_dop_operator_3.py took 0.190 seconds
[2025-05-20T02:19:12.750+0000] {processor.py:161} INFO - Started process (PID=253) to work on /home/airflow/.local/lib/python3.8/site-packages/airflow/example_dags/example_branch_python_dop_operator_3.py
[2025-05-20T02:19:12.756+0000] {processor.py:830} INFO - Processing file /home/airflow/.local/lib/python3.8/site-packages/airflow/example_dags/example_branch_python_dop_operator_3.py for tasks to queue
[2025-05-20T02:19:12.768+0000] {logging_mixin.py:188} INFO - [2025-05-20T02:19:12.766+0000] {dagbag.py:540} INFO - Filling up the DagBag from /home/airflow/.local/lib/python3.8/site-packages/airflow/example_dags/example_branch_python_dop_operator_3.py
[2025-05-20T02:19:12.821+0000] {processor.py:840} INFO - DAG(s) 'example_branch_dop_operator_v3' retrieved from /home/airflow/.local/lib/python3.8/site-packages/airflow/example_dags/example_branch_python_dop_operator_3.py
[2025-05-20T02:19:13.147+0000] {logging_mixin.py:188} INFO - [2025-05-20T02:19:13.146+0000] {dag.py:3047} INFO - Sync 1 DAGs
[2025-05-20T02:19:13.206+0000] {logging_mixin.py:188} INFO - [2025-05-20T02:19:13.206+0000] {dag.py:3834} INFO - Setting next_dagrun for example_branch_dop_operator_v3 to 2025-05-20 02:18:00+00:00, run_after=2025-05-20 02:19:00+00:00
[2025-05-20T02:19:13.299+0000] {processor.py:183} INFO - Processing /home/airflow/.local/lib/python3.8/site-packages/airflow/example_dags/example_branch_python_dop_operator_3.py took 0.568 seconds
[2025-05-20T02:19:43.897+0000] {processor.py:161} INFO - Started process (PID=311) to work on /home/airflow/.local/lib/python3.8/site-packages/airflow/example_dags/example_branch_python_dop_operator_3.py
[2025-05-20T02:19:43.899+0000] {processor.py:830} INFO - Processing file /home/airflow/.local/lib/python3.8/site-packages/airflow/example_dags/example_branch_python_dop_operator_3.py for tasks to queue
[2025-05-20T02:19:43.904+0000] {logging_mixin.py:188} INFO - [2025-05-20T02:19:43.903+0000] {dagbag.py:540} INFO - Filling up the DagBag from /home/airflow/.local/lib/python3.8/site-packages/airflow/example_dags/example_branch_python_dop_operator_3.py
[2025-05-20T02:19:43.928+0000] {processor.py:840} INFO - DAG(s) 'example_branch_dop_operator_v3' retrieved from /home/airflow/.local/lib/python3.8/site-packages/airflow/example_dags/example_branch_python_dop_operator_3.py
[2025-05-20T02:19:43.985+0000] {logging_mixin.py:188} INFO - [2025-05-20T02:19:43.984+0000] {dag.py:3047} INFO - Sync 1 DAGs
[2025-05-20T02:19:44.043+0000] {logging_mixin.py:188} INFO - [2025-05-20T02:19:44.043+0000] {dag.py:3834} INFO - Setting next_dagrun for example_branch_dop_operator_v3 to 2025-05-20 02:18:00+00:00, run_after=2025-05-20 02:19:00+00:00
[2025-05-20T02:19:44.134+0000] {processor.py:183} INFO - Processing /home/airflow/.local/lib/python3.8/site-packages/airflow/example_dags/example_branch_python_dop_operator_3.py took 0.244 seconds
[2025-05-20T02:20:15.481+0000] {processor.py:161} INFO - Started process (PID=369) to work on /home/airflow/.local/lib/python3.8/site-packages/airflow/example_dags/example_branch_python_dop_operator_3.py
[2025-05-20T02:20:15.488+0000] {processor.py:830} INFO - Processing file /home/airflow/.local/lib/python3.8/site-packages/airflow/example_dags/example_branch_python_dop_operator_3.py for tasks to queue
[2025-05-20T02:20:15.499+0000] {logging_mixin.py:188} INFO - [2025-05-20T02:20:15.498+0000] {dagbag.py:540} INFO - Filling up the DagBag from /home/airflow/.local/lib/python3.8/site-packages/airflow/example_dags/example_branch_python_dop_operator_3.py
[2025-05-20T02:20:15.552+0000] {processor.py:840} INFO - DAG(s) 'example_branch_dop_operator_v3' retrieved from /home/airflow/.local/lib/python3.8/site-packages/airflow/example_dags/example_branch_python_dop_operator_3.py
[2025-05-20T02:20:16.077+0000] {logging_mixin.py:188} INFO - [2025-05-20T02:20:16.077+0000] {dag.py:3047} INFO - Sync 1 DAGs
[2025-05-20T02:20:16.165+0000] {logging_mixin.py:188} INFO - [2025-05-20T02:20:16.164+0000] {dag.py:3834} INFO - Setting next_dagrun for example_branch_dop_operator_v3 to 2025-05-20 02:19:00+00:00, run_after=2025-05-20 02:20:00+00:00
[2025-05-20T02:20:16.243+0000] {processor.py:183} INFO - Processing /home/airflow/.local/lib/python3.8/site-packages/airflow/example_dags/example_branch_python_dop_operator_3.py took 0.781 seconds
