[2025-05-20T02:17:50.025+0000] {processor.py:161} INFO - Started process (PID=88) to work on /home/airflow/.local/lib/python3.8/site-packages/airflow/example_dags/example_short_circuit_operator.py
[2025-05-20T02:17:50.028+0000] {processor.py:830} INFO - Processing file /home/airflow/.local/lib/python3.8/site-packages/airflow/example_dags/example_short_circuit_operator.py for tasks to queue
[2025-05-20T02:17:50.037+0000] {logging_mixin.py:188} INFO - [2025-05-20T02:17:50.037+0000] {dagbag.py:540} INFO - Filling up the DagBag from /home/airflow/.local/lib/python3.8/site-packages/airflow/example_dags/example_short_circuit_operator.py
[2025-05-20T02:17:50.077+0000] {processor.py:840} INFO - DAG(s) 'example_short_circuit_operator' retrieved from /home/airflow/.local/lib/python3.8/site-packages/airflow/example_dags/example_short_circuit_operator.py
[2025-05-20T02:17:50.958+0000] {logging_mixin.py:188} INFO - [2025-05-20T02:17:50.957+0000] {dag.py:3047} INFO - Sync 1 DAGs
[2025-05-20T02:17:51.360+0000] {logging_mixin.py:188} INFO - [2025-05-20T02:17:51.359+0000] {dag.py:3834} INFO - Setting next_dagrun for example_short_circuit_operator to 2025-05-19 00:00:00+00:00, run_after=2025-05-20 00:00:00+00:00
[2025-05-20T02:17:51.529+0000] {processor.py:183} INFO - Processing /home/airflow/.local/lib/python3.8/site-packages/airflow/example_dags/example_short_circuit_operator.py took 1.514 seconds
[2025-05-20T02:18:22.044+0000] {processor.py:161} INFO - Started process (PID=146) to work on /home/airflow/.local/lib/python3.8/site-packages/airflow/example_dags/example_short_circuit_operator.py
[2025-05-20T02:18:22.047+0000] {processor.py:830} INFO - Processing file /home/airflow/.local/lib/python3.8/site-packages/airflow/example_dags/example_short_circuit_operator.py for tasks to queue
[2025-05-20T02:18:22.055+0000] {logging_mixin.py:188} INFO - [2025-05-20T02:18:22.051+0000] {dagbag.py:540} INFO - Filling up the DagBag from /home/airflow/.local/lib/python3.8/site-packages/airflow/example_dags/example_short_circuit_operator.py
[2025-05-20T02:18:22.080+0000] {processor.py:840} INFO - DAG(s) 'example_short_circuit_operator' retrieved from /home/airflow/.local/lib/python3.8/site-packages/airflow/example_dags/example_short_circuit_operator.py
[2025-05-20T02:18:22.209+0000] {logging_mixin.py:188} INFO - [2025-05-20T02:18:22.209+0000] {dag.py:3047} INFO - Sync 1 DAGs
[2025-05-20T02:18:22.300+0000] {logging_mixin.py:188} INFO - [2025-05-20T02:18:22.298+0000] {dag.py:3834} INFO - Setting next_dagrun for example_short_circuit_operator to 2025-05-19 00:00:00+00:00, run_after=2025-05-20 00:00:00+00:00
[2025-05-20T02:18:22.369+0000] {processor.py:183} INFO - Processing /home/airflow/.local/lib/python3.8/site-packages/airflow/example_dags/example_short_circuit_operator.py took 0.335 seconds
[2025-05-20T02:18:52.748+0000] {processor.py:161} INFO - Started process (PID=209) to work on /home/airflow/.local/lib/python3.8/site-packages/airflow/example_dags/example_short_circuit_operator.py
[2025-05-20T02:18:52.751+0000] {processor.py:830} INFO - Processing file /home/airflow/.local/lib/python3.8/site-packages/airflow/example_dags/example_short_circuit_operator.py for tasks to queue
[2025-05-20T02:18:52.757+0000] {logging_mixin.py:188} INFO - [2025-05-20T02:18:52.756+0000] {dagbag.py:540} INFO - Filling up the DagBag from /home/airflow/.local/lib/python3.8/site-packages/airflow/example_dags/example_short_circuit_operator.py
[2025-05-20T02:18:52.783+0000] {processor.py:840} INFO - DAG(s) 'example_short_circuit_operator' retrieved from /home/airflow/.local/lib/python3.8/site-packages/airflow/example_dags/example_short_circuit_operator.py
[2025-05-20T02:18:52.815+0000] {logging_mixin.py:188} INFO - [2025-05-20T02:18:52.815+0000] {dag.py:3047} INFO - Sync 1 DAGs
[2025-05-20T02:18:52.890+0000] {logging_mixin.py:188} INFO - [2025-05-20T02:18:52.889+0000] {dag.py:3834} INFO - Setting next_dagrun for example_short_circuit_operator to 2025-05-19 00:00:00+00:00, run_after=2025-05-20 00:00:00+00:00
[2025-05-20T02:18:52.940+0000] {processor.py:183} INFO - Processing /home/airflow/.local/lib/python3.8/site-packages/airflow/example_dags/example_short_circuit_operator.py took 0.204 seconds
[2025-05-20T02:19:25.767+0000] {processor.py:161} INFO - Started process (PID=267) to work on /home/airflow/.local/lib/python3.8/site-packages/airflow/example_dags/example_short_circuit_operator.py
[2025-05-20T02:19:25.770+0000] {processor.py:830} INFO - Processing file /home/airflow/.local/lib/python3.8/site-packages/airflow/example_dags/example_short_circuit_operator.py for tasks to queue
[2025-05-20T02:19:25.777+0000] {logging_mixin.py:188} INFO - [2025-05-20T02:19:25.776+0000] {dagbag.py:540} INFO - Filling up the DagBag from /home/airflow/.local/lib/python3.8/site-packages/airflow/example_dags/example_short_circuit_operator.py
[2025-05-20T02:19:25.804+0000] {processor.py:840} INFO - DAG(s) 'example_short_circuit_operator' retrieved from /home/airflow/.local/lib/python3.8/site-packages/airflow/example_dags/example_short_circuit_operator.py
[2025-05-20T02:19:26.123+0000] {logging_mixin.py:188} INFO - [2025-05-20T02:19:26.123+0000] {dag.py:3047} INFO - Sync 1 DAGs
[2025-05-20T02:19:26.194+0000] {logging_mixin.py:188} INFO - [2025-05-20T02:19:26.193+0000] {dag.py:3834} INFO - Setting next_dagrun for example_short_circuit_operator to 2025-05-19 00:00:00+00:00, run_after=2025-05-20 00:00:00+00:00
[2025-05-20T02:19:26.283+0000] {processor.py:183} INFO - Processing /home/airflow/.local/lib/python3.8/site-packages/airflow/example_dags/example_short_circuit_operator.py took 0.531 seconds
[2025-05-20T02:19:57.049+0000] {processor.py:161} INFO - Started process (PID=325) to work on /home/airflow/.local/lib/python3.8/site-packages/airflow/example_dags/example_short_circuit_operator.py
[2025-05-20T02:19:57.054+0000] {processor.py:830} INFO - Processing file /home/airflow/.local/lib/python3.8/site-packages/airflow/example_dags/example_short_circuit_operator.py for tasks to queue
[2025-05-20T02:19:57.061+0000] {logging_mixin.py:188} INFO - [2025-05-20T02:19:57.060+0000] {dagbag.py:540} INFO - Filling up the DagBag from /home/airflow/.local/lib/python3.8/site-packages/airflow/example_dags/example_short_circuit_operator.py
[2025-05-20T02:19:57.094+0000] {processor.py:840} INFO - DAG(s) 'example_short_circuit_operator' retrieved from /home/airflow/.local/lib/python3.8/site-packages/airflow/example_dags/example_short_circuit_operator.py
[2025-05-20T02:19:57.158+0000] {logging_mixin.py:188} INFO - [2025-05-20T02:19:57.158+0000] {dag.py:3047} INFO - Sync 1 DAGs
[2025-05-20T02:19:57.241+0000] {logging_mixin.py:188} INFO - [2025-05-20T02:19:57.241+0000] {dag.py:3834} INFO - Setting next_dagrun for example_short_circuit_operator to 2025-05-19 00:00:00+00:00, run_after=2025-05-20 00:00:00+00:00
[2025-05-20T02:19:57.314+0000] {processor.py:183} INFO - Processing /home/airflow/.local/lib/python3.8/site-packages/airflow/example_dags/example_short_circuit_operator.py took 0.275 seconds
[2025-05-20T02:20:28.397+0000] {processor.py:161} INFO - Started process (PID=382) to work on /home/airflow/.local/lib/python3.8/site-packages/airflow/example_dags/example_short_circuit_operator.py
[2025-05-20T02:20:28.405+0000] {processor.py:830} INFO - Processing file /home/airflow/.local/lib/python3.8/site-packages/airflow/example_dags/example_short_circuit_operator.py for tasks to queue
[2025-05-20T02:20:28.410+0000] {logging_mixin.py:188} INFO - [2025-05-20T02:20:28.409+0000] {dagbag.py:540} INFO - Filling up the DagBag from /home/airflow/.local/lib/python3.8/site-packages/airflow/example_dags/example_short_circuit_operator.py
[2025-05-20T02:20:28.432+0000] {processor.py:840} INFO - DAG(s) 'example_short_circuit_operator' retrieved from /home/airflow/.local/lib/python3.8/site-packages/airflow/example_dags/example_short_circuit_operator.py
[2025-05-20T02:20:28.721+0000] {logging_mixin.py:188} INFO - [2025-05-20T02:20:28.720+0000] {dag.py:3047} INFO - Sync 1 DAGs
[2025-05-20T02:20:28.981+0000] {logging_mixin.py:188} INFO - [2025-05-20T02:20:28.980+0000] {dag.py:3834} INFO - Setting next_dagrun for example_short_circuit_operator to 2025-05-19 00:00:00+00:00, run_after=2025-05-20 00:00:00+00:00
[2025-05-20T02:20:29.210+0000] {processor.py:183} INFO - Processing /home/airflow/.local/lib/python3.8/site-packages/airflow/example_dags/example_short_circuit_operator.py took 0.823 seconds
