[2025-05-20T02:17:48.162+0000] {processor.py:161} INFO - Started process (PID=85) to work on /home/airflow/.local/lib/python3.8/site-packages/airflow/example_dags/example_sensor_decorator.py
[2025-05-20T02:17:48.178+0000] {processor.py:830} INFO - Processing file /home/airflow/.local/lib/python3.8/site-packages/airflow/example_dags/example_sensor_decorator.py for tasks to queue
[2025-05-20T02:17:48.184+0000] {logging_mixin.py:188} INFO - [2025-05-20T02:17:48.183+0000] {dagbag.py:540} INFO - Filling up the DagBag from /home/airflow/.local/lib/python3.8/site-packages/airflow/example_dags/example_sensor_decorator.py
[2025-05-20T02:17:48.211+0000] {processor.py:840} INFO - DAG(s) 'example_sensor_decorator' retrieved from /home/airflow/.local/lib/python3.8/site-packages/airflow/example_dags/example_sensor_decorator.py
[2025-05-20T02:17:48.888+0000] {logging_mixin.py:188} INFO - [2025-05-20T02:17:48.887+0000] {dag.py:3047} INFO - Sync 1 DAGs
[2025-05-20T02:17:48.927+0000] {logging_mixin.py:188} INFO - [2025-05-20T02:17:48.927+0000] {dag.py:3834} INFO - Setting next_dagrun for example_sensor_decorator to None, run_after=None
[2025-05-20T02:17:48.993+0000] {processor.py:183} INFO - Processing /home/airflow/.local/lib/python3.8/site-packages/airflow/example_dags/example_sensor_decorator.py took 0.850 seconds
[2025-05-20T02:18:19.595+0000] {processor.py:161} INFO - Started process (PID=143) to work on /home/airflow/.local/lib/python3.8/site-packages/airflow/example_dags/example_sensor_decorator.py
[2025-05-20T02:18:19.598+0000] {processor.py:830} INFO - Processing file /home/airflow/.local/lib/python3.8/site-packages/airflow/example_dags/example_sensor_decorator.py for tasks to queue
[2025-05-20T02:18:19.603+0000] {logging_mixin.py:188} INFO - [2025-05-20T02:18:19.602+0000] {dagbag.py:540} INFO - Filling up the DagBag from /home/airflow/.local/lib/python3.8/site-packages/airflow/example_dags/example_sensor_decorator.py
[2025-05-20T02:18:19.614+0000] {processor.py:840} INFO - DAG(s) 'example_sensor_decorator' retrieved from /home/airflow/.local/lib/python3.8/site-packages/airflow/example_dags/example_sensor_decorator.py
[2025-05-20T02:18:19.665+0000] {logging_mixin.py:188} INFO - [2025-05-20T02:18:19.664+0000] {dag.py:3047} INFO - Sync 1 DAGs
[2025-05-20T02:18:19.691+0000] {logging_mixin.py:188} INFO - [2025-05-20T02:18:19.690+0000] {dag.py:3834} INFO - Setting next_dagrun for example_sensor_decorator to None, run_after=None
[2025-05-20T02:18:19.736+0000] {processor.py:183} INFO - Processing /home/airflow/.local/lib/python3.8/site-packages/airflow/example_dags/example_sensor_decorator.py took 0.147 seconds
[2025-05-20T02:18:49.952+0000] {processor.py:161} INFO - Started process (PID=200) to work on /home/airflow/.local/lib/python3.8/site-packages/airflow/example_dags/example_sensor_decorator.py
[2025-05-20T02:18:49.957+0000] {processor.py:830} INFO - Processing file /home/airflow/.local/lib/python3.8/site-packages/airflow/example_dags/example_sensor_decorator.py for tasks to queue
[2025-05-20T02:18:49.962+0000] {logging_mixin.py:188} INFO - [2025-05-20T02:18:49.961+0000] {dagbag.py:540} INFO - Filling up the DagBag from /home/airflow/.local/lib/python3.8/site-packages/airflow/example_dags/example_sensor_decorator.py
[2025-05-20T02:18:49.975+0000] {processor.py:840} INFO - DAG(s) 'example_sensor_decorator' retrieved from /home/airflow/.local/lib/python3.8/site-packages/airflow/example_dags/example_sensor_decorator.py
[2025-05-20T02:18:49.996+0000] {logging_mixin.py:188} INFO - [2025-05-20T02:18:49.995+0000] {dag.py:3047} INFO - Sync 1 DAGs
[2025-05-20T02:18:50.024+0000] {logging_mixin.py:188} INFO - [2025-05-20T02:18:50.024+0000] {dag.py:3834} INFO - Setting next_dagrun for example_sensor_decorator to None, run_after=None
[2025-05-20T02:18:50.061+0000] {processor.py:183} INFO - Processing /home/airflow/.local/lib/python3.8/site-packages/airflow/example_dags/example_sensor_decorator.py took 0.157 seconds
[2025-05-20T02:19:22.174+0000] {processor.py:161} INFO - Started process (PID=257) to work on /home/airflow/.local/lib/python3.8/site-packages/airflow/example_dags/example_sensor_decorator.py
[2025-05-20T02:19:22.178+0000] {processor.py:830} INFO - Processing file /home/airflow/.local/lib/python3.8/site-packages/airflow/example_dags/example_sensor_decorator.py for tasks to queue
[2025-05-20T02:19:22.183+0000] {logging_mixin.py:188} INFO - [2025-05-20T02:19:22.182+0000] {dagbag.py:540} INFO - Filling up the DagBag from /home/airflow/.local/lib/python3.8/site-packages/airflow/example_dags/example_sensor_decorator.py
[2025-05-20T02:19:22.197+0000] {processor.py:840} INFO - DAG(s) 'example_sensor_decorator' retrieved from /home/airflow/.local/lib/python3.8/site-packages/airflow/example_dags/example_sensor_decorator.py
[2025-05-20T02:19:22.641+0000] {logging_mixin.py:188} INFO - [2025-05-20T02:19:22.640+0000] {dag.py:3047} INFO - Sync 1 DAGs
[2025-05-20T02:19:22.736+0000] {logging_mixin.py:188} INFO - [2025-05-20T02:19:22.736+0000] {dag.py:3834} INFO - Setting next_dagrun for example_sensor_decorator to None, run_after=None
[2025-05-20T02:19:24.951+0000] {processor.py:183} INFO - Processing /home/airflow/.local/lib/python3.8/site-packages/airflow/example_dags/example_sensor_decorator.py took 2.783 seconds
[2025-05-20T02:19:55.599+0000] {processor.py:161} INFO - Started process (PID=322) to work on /home/airflow/.local/lib/python3.8/site-packages/airflow/example_dags/example_sensor_decorator.py
[2025-05-20T02:19:55.601+0000] {processor.py:830} INFO - Processing file /home/airflow/.local/lib/python3.8/site-packages/airflow/example_dags/example_sensor_decorator.py for tasks to queue
[2025-05-20T02:19:55.605+0000] {logging_mixin.py:188} INFO - [2025-05-20T02:19:55.604+0000] {dagbag.py:540} INFO - Filling up the DagBag from /home/airflow/.local/lib/python3.8/site-packages/airflow/example_dags/example_sensor_decorator.py
[2025-05-20T02:19:55.615+0000] {processor.py:840} INFO - DAG(s) 'example_sensor_decorator' retrieved from /home/airflow/.local/lib/python3.8/site-packages/airflow/example_dags/example_sensor_decorator.py
[2025-05-20T02:19:55.634+0000] {logging_mixin.py:188} INFO - [2025-05-20T02:19:55.633+0000] {dag.py:3047} INFO - Sync 1 DAGs
[2025-05-20T02:19:55.660+0000] {logging_mixin.py:188} INFO - [2025-05-20T02:19:55.659+0000] {dag.py:3834} INFO - Setting next_dagrun for example_sensor_decorator to None, run_after=None
[2025-05-20T02:19:55.765+0000] {processor.py:183} INFO - Processing /home/airflow/.local/lib/python3.8/site-packages/airflow/example_dags/example_sensor_decorator.py took 0.171 seconds
[2025-05-20T02:20:26.707+0000] {processor.py:161} INFO - Started process (PID=379) to work on /home/airflow/.local/lib/python3.8/site-packages/airflow/example_dags/example_sensor_decorator.py
[2025-05-20T02:20:26.710+0000] {processor.py:830} INFO - Processing file /home/airflow/.local/lib/python3.8/site-packages/airflow/example_dags/example_sensor_decorator.py for tasks to queue
[2025-05-20T02:20:26.715+0000] {logging_mixin.py:188} INFO - [2025-05-20T02:20:26.714+0000] {dagbag.py:540} INFO - Filling up the DagBag from /home/airflow/.local/lib/python3.8/site-packages/airflow/example_dags/example_sensor_decorator.py
[2025-05-20T02:20:26.744+0000] {processor.py:840} INFO - DAG(s) 'example_sensor_decorator' retrieved from /home/airflow/.local/lib/python3.8/site-packages/airflow/example_dags/example_sensor_decorator.py
[2025-05-20T02:20:26.993+0000] {logging_mixin.py:188} INFO - [2025-05-20T02:20:26.992+0000] {dag.py:3047} INFO - Sync 1 DAGs
[2025-05-20T02:20:27.038+0000] {logging_mixin.py:188} INFO - [2025-05-20T02:20:27.037+0000] {dag.py:3834} INFO - Setting next_dagrun for example_sensor_decorator to None, run_after=None
[2025-05-20T02:20:27.322+0000] {processor.py:183} INFO - Processing /home/airflow/.local/lib/python3.8/site-packages/airflow/example_dags/example_sensor_decorator.py took 0.631 seconds
