[2025-05-20T02:17:47.605+0000] {processor.py:161} INFO - Started process (PID=84) to work on /home/airflow/.local/lib/python3.8/site-packages/airflow/example_dags/example_short_circuit_decorator.py
[2025-05-20T02:17:47.608+0000] {processor.py:830} INFO - Processing file /home/airflow/.local/lib/python3.8/site-packages/airflow/example_dags/example_short_circuit_decorator.py for tasks to queue
[2025-05-20T02:17:47.627+0000] {logging_mixin.py:188} INFO - [2025-05-20T02:17:47.625+0000] {dagbag.py:540} INFO - Filling up the DagBag from /home/airflow/.local/lib/python3.8/site-packages/airflow/example_dags/example_short_circuit_decorator.py
[2025-05-20T02:17:47.718+0000] {processor.py:840} INFO - DAG(s) 'example_short_circuit_decorator' retrieved from /home/airflow/.local/lib/python3.8/site-packages/airflow/example_dags/example_short_circuit_decorator.py
[2025-05-20T02:17:48.554+0000] {logging_mixin.py:188} INFO - [2025-05-20T02:17:48.553+0000] {dag.py:3047} INFO - Sync 1 DAGs
[2025-05-20T02:17:48.702+0000] {logging_mixin.py:188} INFO - [2025-05-20T02:17:48.701+0000] {dag.py:3834} INFO - Setting next_dagrun for example_short_circuit_decorator to 2025-05-19 00:00:00+00:00, run_after=2025-05-20 00:00:00+00:00
[2025-05-20T02:17:48.804+0000] {processor.py:183} INFO - Processing /home/airflow/.local/lib/python3.8/site-packages/airflow/example_dags/example_short_circuit_decorator.py took 1.215 seconds
[2025-05-20T02:18:19.304+0000] {processor.py:161} INFO - Started process (PID=142) to work on /home/airflow/.local/lib/python3.8/site-packages/airflow/example_dags/example_short_circuit_decorator.py
[2025-05-20T02:18:19.306+0000] {processor.py:830} INFO - Processing file /home/airflow/.local/lib/python3.8/site-packages/airflow/example_dags/example_short_circuit_decorator.py for tasks to queue
[2025-05-20T02:18:19.310+0000] {logging_mixin.py:188} INFO - [2025-05-20T02:18:19.310+0000] {dagbag.py:540} INFO - Filling up the DagBag from /home/airflow/.local/lib/python3.8/site-packages/airflow/example_dags/example_short_circuit_decorator.py
[2025-05-20T02:18:19.328+0000] {processor.py:840} INFO - DAG(s) 'example_short_circuit_decorator' retrieved from /home/airflow/.local/lib/python3.8/site-packages/airflow/example_dags/example_short_circuit_decorator.py
[2025-05-20T02:18:19.409+0000] {logging_mixin.py:188} INFO - [2025-05-20T02:18:19.409+0000] {dag.py:3047} INFO - Sync 1 DAGs
[2025-05-20T02:18:19.460+0000] {logging_mixin.py:188} INFO - [2025-05-20T02:18:19.459+0000] {dag.py:3834} INFO - Setting next_dagrun for example_short_circuit_decorator to 2025-05-19 00:00:00+00:00, run_after=2025-05-20 00:00:00+00:00
[2025-05-20T02:18:19.536+0000] {processor.py:183} INFO - Processing /home/airflow/.local/lib/python3.8/site-packages/airflow/example_dags/example_short_circuit_decorator.py took 0.237 seconds
[2025-05-20T02:18:49.916+0000] {processor.py:161} INFO - Started process (PID=199) to work on /home/airflow/.local/lib/python3.8/site-packages/airflow/example_dags/example_short_circuit_decorator.py
[2025-05-20T02:18:49.950+0000] {processor.py:830} INFO - Processing file /home/airflow/.local/lib/python3.8/site-packages/airflow/example_dags/example_short_circuit_decorator.py for tasks to queue
[2025-05-20T02:18:49.958+0000] {logging_mixin.py:188} INFO - [2025-05-20T02:18:49.957+0000] {dagbag.py:540} INFO - Filling up the DagBag from /home/airflow/.local/lib/python3.8/site-packages/airflow/example_dags/example_short_circuit_decorator.py
[2025-05-20T02:18:49.983+0000] {processor.py:840} INFO - DAG(s) 'example_short_circuit_decorator' retrieved from /home/airflow/.local/lib/python3.8/site-packages/airflow/example_dags/example_short_circuit_decorator.py
[2025-05-20T02:18:50.004+0000] {logging_mixin.py:188} INFO - [2025-05-20T02:18:50.004+0000] {dag.py:3047} INFO - Sync 1 DAGs
[2025-05-20T02:18:50.049+0000] {logging_mixin.py:188} INFO - [2025-05-20T02:18:50.048+0000] {dag.py:3834} INFO - Setting next_dagrun for example_short_circuit_decorator to 2025-05-19 00:00:00+00:00, run_after=2025-05-20 00:00:00+00:00
[2025-05-20T02:18:50.088+0000] {processor.py:183} INFO - Processing /home/airflow/.local/lib/python3.8/site-packages/airflow/example_dags/example_short_circuit_decorator.py took 0.200 seconds
[2025-05-20T02:19:21.578+0000] {processor.py:161} INFO - Started process (PID=256) to work on /home/airflow/.local/lib/python3.8/site-packages/airflow/example_dags/example_short_circuit_decorator.py
[2025-05-20T02:19:21.580+0000] {processor.py:830} INFO - Processing file /home/airflow/.local/lib/python3.8/site-packages/airflow/example_dags/example_short_circuit_decorator.py for tasks to queue
[2025-05-20T02:19:21.585+0000] {logging_mixin.py:188} INFO - [2025-05-20T02:19:21.584+0000] {dagbag.py:540} INFO - Filling up the DagBag from /home/airflow/.local/lib/python3.8/site-packages/airflow/example_dags/example_short_circuit_decorator.py
[2025-05-20T02:19:21.607+0000] {processor.py:840} INFO - DAG(s) 'example_short_circuit_decorator' retrieved from /home/airflow/.local/lib/python3.8/site-packages/airflow/example_dags/example_short_circuit_decorator.py
[2025-05-20T02:19:21.878+0000] {logging_mixin.py:188} INFO - [2025-05-20T02:19:21.877+0000] {dag.py:3047} INFO - Sync 1 DAGs
[2025-05-20T02:19:21.998+0000] {logging_mixin.py:188} INFO - [2025-05-20T02:19:21.997+0000] {dag.py:3834} INFO - Setting next_dagrun for example_short_circuit_decorator to 2025-05-19 00:00:00+00:00, run_after=2025-05-20 00:00:00+00:00
[2025-05-20T02:19:22.086+0000] {processor.py:183} INFO - Processing /home/airflow/.local/lib/python3.8/site-packages/airflow/example_dags/example_short_circuit_decorator.py took 0.520 seconds
[2025-05-20T02:19:52.355+0000] {processor.py:161} INFO - Started process (PID=314) to work on /home/airflow/.local/lib/python3.8/site-packages/airflow/example_dags/example_short_circuit_decorator.py
[2025-05-20T02:19:52.357+0000] {processor.py:830} INFO - Processing file /home/airflow/.local/lib/python3.8/site-packages/airflow/example_dags/example_short_circuit_decorator.py for tasks to queue
[2025-05-20T02:19:52.360+0000] {logging_mixin.py:188} INFO - [2025-05-20T02:19:52.360+0000] {dagbag.py:540} INFO - Filling up the DagBag from /home/airflow/.local/lib/python3.8/site-packages/airflow/example_dags/example_short_circuit_decorator.py
[2025-05-20T02:19:52.377+0000] {processor.py:840} INFO - DAG(s) 'example_short_circuit_decorator' retrieved from /home/airflow/.local/lib/python3.8/site-packages/airflow/example_dags/example_short_circuit_decorator.py
[2025-05-20T02:19:52.400+0000] {logging_mixin.py:188} INFO - [2025-05-20T02:19:52.400+0000] {dag.py:3047} INFO - Sync 1 DAGs
[2025-05-20T02:19:52.454+0000] {logging_mixin.py:188} INFO - [2025-05-20T02:19:52.454+0000] {dag.py:3834} INFO - Setting next_dagrun for example_short_circuit_decorator to 2025-05-19 00:00:00+00:00, run_after=2025-05-20 00:00:00+00:00
[2025-05-20T02:19:52.500+0000] {processor.py:183} INFO - Processing /home/airflow/.local/lib/python3.8/site-packages/airflow/example_dags/example_short_circuit_decorator.py took 0.152 seconds
[2025-05-20T02:20:23.436+0000] {processor.py:161} INFO - Started process (PID=372) to work on /home/airflow/.local/lib/python3.8/site-packages/airflow/example_dags/example_short_circuit_decorator.py
[2025-05-20T02:20:23.442+0000] {processor.py:830} INFO - Processing file /home/airflow/.local/lib/python3.8/site-packages/airflow/example_dags/example_short_circuit_decorator.py for tasks to queue
[2025-05-20T02:20:23.460+0000] {logging_mixin.py:188} INFO - [2025-05-20T02:20:23.457+0000] {dagbag.py:540} INFO - Filling up the DagBag from /home/airflow/.local/lib/python3.8/site-packages/airflow/example_dags/example_short_circuit_decorator.py
[2025-05-20T02:20:23.515+0000] {processor.py:840} INFO - DAG(s) 'example_short_circuit_decorator' retrieved from /home/airflow/.local/lib/python3.8/site-packages/airflow/example_dags/example_short_circuit_decorator.py
[2025-05-20T02:20:23.964+0000] {logging_mixin.py:188} INFO - [2025-05-20T02:20:23.964+0000] {dag.py:3047} INFO - Sync 1 DAGs
[2025-05-20T02:20:24.014+0000] {logging_mixin.py:188} INFO - [2025-05-20T02:20:24.013+0000] {dag.py:3834} INFO - Setting next_dagrun for example_short_circuit_decorator to 2025-05-19 00:00:00+00:00, run_after=2025-05-20 00:00:00+00:00
[2025-05-20T02:20:24.130+0000] {processor.py:183} INFO - Processing /home/airflow/.local/lib/python3.8/site-packages/airflow/example_dags/example_short_circuit_decorator.py took 0.714 seconds
