[2025-05-20T02:17:51.867+0000] {processor.py:161} INFO - Started process (PID=90) to work on /home/airflow/.local/lib/python3.8/site-packages/airflow/example_dags/example_sensors.py
[2025-05-20T02:17:51.874+0000] {processor.py:830} INFO - Processing file /home/airflow/.local/lib/python3.8/site-packages/airflow/example_dags/example_sensors.py for tasks to queue
[2025-05-20T02:17:51.882+0000] {logging_mixin.py:188} INFO - [2025-05-20T02:17:51.881+0000] {dagbag.py:540} INFO - Filling up the DagBag from /home/airflow/.local/lib/python3.8/site-packages/airflow/example_dags/example_sensors.py
[2025-05-20T02:17:51.953+0000] {processor.py:840} INFO - DAG(s) 'example_sensors' retrieved from /home/airflow/.local/lib/python3.8/site-packages/airflow/example_dags/example_sensors.py
[2025-05-20T02:17:52.342+0000] {logging_mixin.py:188} INFO - [2025-05-20T02:17:52.342+0000] {dag.py:3047} INFO - Sync 1 DAGs
[2025-05-20T02:17:52.374+0000] {logging_mixin.py:188} INFO - [2025-05-20T02:17:52.373+0000] {dag.py:3834} INFO - Setting next_dagrun for example_sensors to None, run_after=None
[2025-05-20T02:17:52.435+0000] {processor.py:183} INFO - Processing /home/airflow/.local/lib/python3.8/site-packages/airflow/example_dags/example_sensors.py took 0.607 seconds
[2025-05-20T02:18:22.894+0000] {processor.py:161} INFO - Started process (PID=155) to work on /home/airflow/.local/lib/python3.8/site-packages/airflow/example_dags/example_sensors.py
[2025-05-20T02:18:22.896+0000] {processor.py:830} INFO - Processing file /home/airflow/.local/lib/python3.8/site-packages/airflow/example_dags/example_sensors.py for tasks to queue
[2025-05-20T02:18:22.901+0000] {logging_mixin.py:188} INFO - [2025-05-20T02:18:22.900+0000] {dagbag.py:540} INFO - Filling up the DagBag from /home/airflow/.local/lib/python3.8/site-packages/airflow/example_dags/example_sensors.py
[2025-05-20T02:18:22.989+0000] {processor.py:840} INFO - DAG(s) 'example_sensors' retrieved from /home/airflow/.local/lib/python3.8/site-packages/airflow/example_dags/example_sensors.py
[2025-05-20T02:18:23.136+0000] {logging_mixin.py:188} INFO - [2025-05-20T02:18:23.135+0000] {dag.py:3047} INFO - Sync 1 DAGs
[2025-05-20T02:18:23.236+0000] {logging_mixin.py:188} INFO - [2025-05-20T02:18:23.235+0000] {dag.py:3834} INFO - Setting next_dagrun for example_sensors to None, run_after=None
[2025-05-20T02:18:23.558+0000] {processor.py:183} INFO - Processing /home/airflow/.local/lib/python3.8/site-packages/airflow/example_dags/example_sensors.py took 0.671 seconds
[2025-05-20T02:18:54.130+0000] {processor.py:161} INFO - Started process (PID=211) to work on /home/airflow/.local/lib/python3.8/site-packages/airflow/example_dags/example_sensors.py
[2025-05-20T02:18:54.139+0000] {processor.py:830} INFO - Processing file /home/airflow/.local/lib/python3.8/site-packages/airflow/example_dags/example_sensors.py for tasks to queue
[2025-05-20T02:18:54.156+0000] {logging_mixin.py:188} INFO - [2025-05-20T02:18:54.152+0000] {dagbag.py:540} INFO - Filling up the DagBag from /home/airflow/.local/lib/python3.8/site-packages/airflow/example_dags/example_sensors.py
[2025-05-20T02:18:54.208+0000] {processor.py:840} INFO - DAG(s) 'example_sensors' retrieved from /home/airflow/.local/lib/python3.8/site-packages/airflow/example_dags/example_sensors.py
[2025-05-20T02:18:54.269+0000] {logging_mixin.py:188} INFO - [2025-05-20T02:18:54.267+0000] {dag.py:3047} INFO - Sync 1 DAGs
[2025-05-20T02:18:54.341+0000] {logging_mixin.py:188} INFO - [2025-05-20T02:18:54.340+0000] {dag.py:3834} INFO - Setting next_dagrun for example_sensors to None, run_after=None
[2025-05-20T02:18:54.455+0000] {processor.py:183} INFO - Processing /home/airflow/.local/lib/python3.8/site-packages/airflow/example_dags/example_sensors.py took 0.340 seconds
[2025-05-20T02:19:26.349+0000] {processor.py:161} INFO - Started process (PID=269) to work on /home/airflow/.local/lib/python3.8/site-packages/airflow/example_dags/example_sensors.py
[2025-05-20T02:19:26.351+0000] {processor.py:830} INFO - Processing file /home/airflow/.local/lib/python3.8/site-packages/airflow/example_dags/example_sensors.py for tasks to queue
[2025-05-20T02:19:26.358+0000] {logging_mixin.py:188} INFO - [2025-05-20T02:19:26.357+0000] {dagbag.py:540} INFO - Filling up the DagBag from /home/airflow/.local/lib/python3.8/site-packages/airflow/example_dags/example_sensors.py
[2025-05-20T02:19:26.412+0000] {processor.py:840} INFO - DAG(s) 'example_sensors' retrieved from /home/airflow/.local/lib/python3.8/site-packages/airflow/example_dags/example_sensors.py
[2025-05-20T02:19:26.853+0000] {logging_mixin.py:188} INFO - [2025-05-20T02:19:26.852+0000] {dag.py:3047} INFO - Sync 1 DAGs
[2025-05-20T02:19:26.958+0000] {logging_mixin.py:188} INFO - [2025-05-20T02:19:26.945+0000] {dag.py:3834} INFO - Setting next_dagrun for example_sensors to None, run_after=None
[2025-05-20T02:19:27.112+0000] {processor.py:183} INFO - Processing /home/airflow/.local/lib/python3.8/site-packages/airflow/example_dags/example_sensors.py took 0.772 seconds
[2025-05-20T02:19:57.376+0000] {processor.py:161} INFO - Started process (PID=327) to work on /home/airflow/.local/lib/python3.8/site-packages/airflow/example_dags/example_sensors.py
[2025-05-20T02:19:57.379+0000] {processor.py:830} INFO - Processing file /home/airflow/.local/lib/python3.8/site-packages/airflow/example_dags/example_sensors.py for tasks to queue
[2025-05-20T02:19:57.383+0000] {logging_mixin.py:188} INFO - [2025-05-20T02:19:57.383+0000] {dagbag.py:540} INFO - Filling up the DagBag from /home/airflow/.local/lib/python3.8/site-packages/airflow/example_dags/example_sensors.py
[2025-05-20T02:19:57.406+0000] {processor.py:840} INFO - DAG(s) 'example_sensors' retrieved from /home/airflow/.local/lib/python3.8/site-packages/airflow/example_dags/example_sensors.py
[2025-05-20T02:19:57.430+0000] {logging_mixin.py:188} INFO - [2025-05-20T02:19:57.429+0000] {dag.py:3047} INFO - Sync 1 DAGs
[2025-05-20T02:19:57.476+0000] {logging_mixin.py:188} INFO - [2025-05-20T02:19:57.476+0000] {dag.py:3834} INFO - Setting next_dagrun for example_sensors to None, run_after=None
[2025-05-20T02:19:57.540+0000] {processor.py:183} INFO - Processing /home/airflow/.local/lib/python3.8/site-packages/airflow/example_dags/example_sensors.py took 0.171 seconds
[2025-05-20T02:20:29.344+0000] {processor.py:161} INFO - Started process (PID=384) to work on /home/airflow/.local/lib/python3.8/site-packages/airflow/example_dags/example_sensors.py
[2025-05-20T02:20:29.347+0000] {processor.py:830} INFO - Processing file /home/airflow/.local/lib/python3.8/site-packages/airflow/example_dags/example_sensors.py for tasks to queue
[2025-05-20T02:20:29.351+0000] {logging_mixin.py:188} INFO - [2025-05-20T02:20:29.351+0000] {dagbag.py:540} INFO - Filling up the DagBag from /home/airflow/.local/lib/python3.8/site-packages/airflow/example_dags/example_sensors.py
[2025-05-20T02:20:29.376+0000] {processor.py:840} INFO - DAG(s) 'example_sensors' retrieved from /home/airflow/.local/lib/python3.8/site-packages/airflow/example_dags/example_sensors.py
[2025-05-20T02:20:29.750+0000] {logging_mixin.py:188} INFO - [2025-05-20T02:20:29.750+0000] {dag.py:3047} INFO - Sync 1 DAGs
[2025-05-20T02:20:29.786+0000] {logging_mixin.py:188} INFO - [2025-05-20T02:20:29.785+0000] {dag.py:3834} INFO - Setting next_dagrun for example_sensors to None, run_after=None
[2025-05-20T02:20:30.080+0000] {processor.py:183} INFO - Processing /home/airflow/.local/lib/python3.8/site-packages/airflow/example_dags/example_sensors.py took 0.745 seconds
