[2025-05-20T02:17:51.957+0000] {processor.py:161} INFO - Started process (PID=91) to work on /home/airflow/.local/lib/python3.8/site-packages/airflow/example_dags/example_branch_labels.py
[2025-05-20T02:17:51.965+0000] {processor.py:830} INFO - Processing file /home/airflow/.local/lib/python3.8/site-packages/airflow/example_dags/example_branch_labels.py for tasks to queue
[2025-05-20T02:17:51.977+0000] {logging_mixin.py:188} INFO - [2025-05-20T02:17:51.976+0000] {dagbag.py:540} INFO - Filling up the DagBag from /home/airflow/.local/lib/python3.8/site-packages/airflow/example_dags/example_branch_labels.py
[2025-05-20T02:17:52.020+0000] {processor.py:840} INFO - DAG(s) 'example_branch_labels' retrieved from /home/airflow/.local/lib/python3.8/site-packages/airflow/example_dags/example_branch_labels.py
[2025-05-20T02:17:52.381+0000] {logging_mixin.py:188} INFO - [2025-05-20T02:17:52.380+0000] {dag.py:3047} INFO - Sync 1 DAGs
[2025-05-20T02:17:52.454+0000] {logging_mixin.py:188} INFO - [2025-05-20T02:17:52.454+0000] {dag.py:3834} INFO - Setting next_dagrun for example_branch_labels to 2025-05-19 00:00:00+00:00, run_after=2025-05-20 00:00:00+00:00
[2025-05-20T02:17:52.522+0000] {processor.py:183} INFO - Processing /home/airflow/.local/lib/python3.8/site-packages/airflow/example_dags/example_branch_labels.py took 0.581 seconds
[2025-05-20T02:18:23.631+0000] {processor.py:161} INFO - Started process (PID=156) to work on /home/airflow/.local/lib/python3.8/site-packages/airflow/example_dags/example_branch_labels.py
[2025-05-20T02:18:23.633+0000] {processor.py:830} INFO - Processing file /home/airflow/.local/lib/python3.8/site-packages/airflow/example_dags/example_branch_labels.py for tasks to queue
[2025-05-20T02:18:23.642+0000] {logging_mixin.py:188} INFO - [2025-05-20T02:18:23.641+0000] {dagbag.py:540} INFO - Filling up the DagBag from /home/airflow/.local/lib/python3.8/site-packages/airflow/example_dags/example_branch_labels.py
[2025-05-20T02:18:23.670+0000] {processor.py:840} INFO - DAG(s) 'example_branch_labels' retrieved from /home/airflow/.local/lib/python3.8/site-packages/airflow/example_dags/example_branch_labels.py
[2025-05-20T02:18:23.837+0000] {logging_mixin.py:188} INFO - [2025-05-20T02:18:23.836+0000] {dag.py:3047} INFO - Sync 1 DAGs
[2025-05-20T02:18:23.913+0000] {logging_mixin.py:188} INFO - [2025-05-20T02:18:23.913+0000] {dag.py:3834} INFO - Setting next_dagrun for example_branch_labels to 2025-05-19 00:00:00+00:00, run_after=2025-05-20 00:00:00+00:00
[2025-05-20T02:18:24.019+0000] {processor.py:183} INFO - Processing /home/airflow/.local/lib/python3.8/site-packages/airflow/example_dags/example_branch_labels.py took 0.397 seconds
[2025-05-20T02:18:54.511+0000] {processor.py:161} INFO - Started process (PID=212) to work on /home/airflow/.local/lib/python3.8/site-packages/airflow/example_dags/example_branch_labels.py
[2025-05-20T02:18:54.516+0000] {processor.py:830} INFO - Processing file /home/airflow/.local/lib/python3.8/site-packages/airflow/example_dags/example_branch_labels.py for tasks to queue
[2025-05-20T02:18:54.528+0000] {logging_mixin.py:188} INFO - [2025-05-20T02:18:54.523+0000] {dagbag.py:540} INFO - Filling up the DagBag from /home/airflow/.local/lib/python3.8/site-packages/airflow/example_dags/example_branch_labels.py
[2025-05-20T02:18:54.619+0000] {processor.py:840} INFO - DAG(s) 'example_branch_labels' retrieved from /home/airflow/.local/lib/python3.8/site-packages/airflow/example_dags/example_branch_labels.py
[2025-05-20T02:18:54.648+0000] {logging_mixin.py:188} INFO - [2025-05-20T02:18:54.647+0000] {dag.py:3047} INFO - Sync 1 DAGs
[2025-05-20T02:18:54.716+0000] {logging_mixin.py:188} INFO - [2025-05-20T02:18:54.715+0000] {dag.py:3834} INFO - Setting next_dagrun for example_branch_labels to 2025-05-19 00:00:00+00:00, run_after=2025-05-20 00:00:00+00:00
[2025-05-20T02:18:54.753+0000] {processor.py:183} INFO - Processing /home/airflow/.local/lib/python3.8/site-packages/airflow/example_dags/example_branch_labels.py took 0.258 seconds
[2025-05-20T02:19:26.492+0000] {processor.py:161} INFO - Started process (PID=270) to work on /home/airflow/.local/lib/python3.8/site-packages/airflow/example_dags/example_branch_labels.py
[2025-05-20T02:19:26.495+0000] {processor.py:830} INFO - Processing file /home/airflow/.local/lib/python3.8/site-packages/airflow/example_dags/example_branch_labels.py for tasks to queue
[2025-05-20T02:19:26.502+0000] {logging_mixin.py:188} INFO - [2025-05-20T02:19:26.501+0000] {dagbag.py:540} INFO - Filling up the DagBag from /home/airflow/.local/lib/python3.8/site-packages/airflow/example_dags/example_branch_labels.py
[2025-05-20T02:19:26.526+0000] {processor.py:840} INFO - DAG(s) 'example_branch_labels' retrieved from /home/airflow/.local/lib/python3.8/site-packages/airflow/example_dags/example_branch_labels.py
[2025-05-20T02:19:27.029+0000] {logging_mixin.py:188} INFO - [2025-05-20T02:19:27.028+0000] {dag.py:3047} INFO - Sync 1 DAGs
[2025-05-20T02:19:27.175+0000] {logging_mixin.py:188} INFO - [2025-05-20T02:19:27.174+0000] {dag.py:3834} INFO - Setting next_dagrun for example_branch_labels to 2025-05-19 00:00:00+00:00, run_after=2025-05-20 00:00:00+00:00
[2025-05-20T02:19:27.239+0000] {processor.py:183} INFO - Processing /home/airflow/.local/lib/python3.8/site-packages/airflow/example_dags/example_branch_labels.py took 0.758 seconds
[2025-05-20T02:19:57.409+0000] {processor.py:161} INFO - Started process (PID=328) to work on /home/airflow/.local/lib/python3.8/site-packages/airflow/example_dags/example_branch_labels.py
[2025-05-20T02:19:57.410+0000] {processor.py:830} INFO - Processing file /home/airflow/.local/lib/python3.8/site-packages/airflow/example_dags/example_branch_labels.py for tasks to queue
[2025-05-20T02:19:57.414+0000] {logging_mixin.py:188} INFO - [2025-05-20T02:19:57.414+0000] {dagbag.py:540} INFO - Filling up the DagBag from /home/airflow/.local/lib/python3.8/site-packages/airflow/example_dags/example_branch_labels.py
[2025-05-20T02:19:57.431+0000] {processor.py:840} INFO - DAG(s) 'example_branch_labels' retrieved from /home/airflow/.local/lib/python3.8/site-packages/airflow/example_dags/example_branch_labels.py
[2025-05-20T02:19:57.474+0000] {logging_mixin.py:188} INFO - [2025-05-20T02:19:57.474+0000] {dag.py:3047} INFO - Sync 1 DAGs
[2025-05-20T02:19:57.562+0000] {logging_mixin.py:188} INFO - [2025-05-20T02:19:57.561+0000] {dag.py:3834} INFO - Setting next_dagrun for example_branch_labels to 2025-05-19 00:00:00+00:00, run_after=2025-05-20 00:00:00+00:00
[2025-05-20T02:19:57.609+0000] {processor.py:183} INFO - Processing /home/airflow/.local/lib/python3.8/site-packages/airflow/example_dags/example_branch_labels.py took 0.207 seconds
[2025-05-20T02:20:29.822+0000] {processor.py:161} INFO - Started process (PID=385) to work on /home/airflow/.local/lib/python3.8/site-packages/airflow/example_dags/example_branch_labels.py
[2025-05-20T02:20:29.825+0000] {processor.py:830} INFO - Processing file /home/airflow/.local/lib/python3.8/site-packages/airflow/example_dags/example_branch_labels.py for tasks to queue
[2025-05-20T02:20:29.829+0000] {logging_mixin.py:188} INFO - [2025-05-20T02:20:29.829+0000] {dagbag.py:540} INFO - Filling up the DagBag from /home/airflow/.local/lib/python3.8/site-packages/airflow/example_dags/example_branch_labels.py
[2025-05-20T02:20:29.845+0000] {processor.py:840} INFO - DAG(s) 'example_branch_labels' retrieved from /home/airflow/.local/lib/python3.8/site-packages/airflow/example_dags/example_branch_labels.py
[2025-05-20T02:20:30.179+0000] {logging_mixin.py:188} INFO - [2025-05-20T02:20:30.178+0000] {dag.py:3047} INFO - Sync 1 DAGs
[2025-05-20T02:20:30.222+0000] {logging_mixin.py:188} INFO - [2025-05-20T02:20:30.222+0000] {dag.py:3834} INFO - Setting next_dagrun for example_branch_labels to 2025-05-19 00:00:00+00:00, run_after=2025-05-20 00:00:00+00:00
[2025-05-20T02:20:30.502+0000] {processor.py:183} INFO - Processing /home/airflow/.local/lib/python3.8/site-packages/airflow/example_dags/example_branch_labels.py took 0.686 seconds
