[2025-05-20T02:18:07.752+0000] {processor.py:161} INFO - Started process (PID=128) to work on /home/airflow/.local/lib/python3.8/site-packages/airflow/example_dags/example_latest_only_with_trigger.py
[2025-05-20T02:18:07.761+0000] {processor.py:830} INFO - Processing file /home/airflow/.local/lib/python3.8/site-packages/airflow/example_dags/example_latest_only_with_trigger.py for tasks to queue
[2025-05-20T02:18:07.774+0000] {logging_mixin.py:188} INFO - [2025-05-20T02:18:07.773+0000] {dagbag.py:540} INFO - Filling up the DagBag from /home/airflow/.local/lib/python3.8/site-packages/airflow/example_dags/example_latest_only_with_trigger.py
[2025-05-20T02:18:07.808+0000] {processor.py:840} INFO - DAG(s) 'latest_only_with_trigger' retrieved from /home/airflow/.local/lib/python3.8/site-packages/airflow/example_dags/example_latest_only_with_trigger.py
[2025-05-20T02:18:08.352+0000] {logging_mixin.py:188} INFO - [2025-05-20T02:18:08.351+0000] {dag.py:3047} INFO - Sync 1 DAGs
[2025-05-20T02:18:08.911+0000] {logging_mixin.py:188} INFO - [2025-05-20T02:18:08.910+0000] {dag.py:3834} INFO - Setting next_dagrun for latest_only_with_trigger to 2025-05-19 20:00:00+00:00, run_after=2025-05-20 00:00:00+00:00
[2025-05-20T02:18:09.041+0000] {processor.py:183} INFO - Processing /home/airflow/.local/lib/python3.8/site-packages/airflow/example_dags/example_latest_only_with_trigger.py took 1.306 seconds
[2025-05-20T02:18:39.338+0000] {processor.py:161} INFO - Started process (PID=186) to work on /home/airflow/.local/lib/python3.8/site-packages/airflow/example_dags/example_latest_only_with_trigger.py
[2025-05-20T02:18:39.341+0000] {processor.py:830} INFO - Processing file /home/airflow/.local/lib/python3.8/site-packages/airflow/example_dags/example_latest_only_with_trigger.py for tasks to queue
[2025-05-20T02:18:39.349+0000] {logging_mixin.py:188} INFO - [2025-05-20T02:18:39.348+0000] {dagbag.py:540} INFO - Filling up the DagBag from /home/airflow/.local/lib/python3.8/site-packages/airflow/example_dags/example_latest_only_with_trigger.py
[2025-05-20T02:18:39.361+0000] {processor.py:840} INFO - DAG(s) 'latest_only_with_trigger' retrieved from /home/airflow/.local/lib/python3.8/site-packages/airflow/example_dags/example_latest_only_with_trigger.py
[2025-05-20T02:18:39.411+0000] {logging_mixin.py:188} INFO - [2025-05-20T02:18:39.411+0000] {dag.py:3047} INFO - Sync 1 DAGs
[2025-05-20T02:18:39.494+0000] {logging_mixin.py:188} INFO - [2025-05-20T02:18:39.493+0000] {dag.py:3834} INFO - Setting next_dagrun for latest_only_with_trigger to 2025-05-19 20:00:00+00:00, run_after=2025-05-20 00:00:00+00:00
[2025-05-20T02:18:39.547+0000] {processor.py:183} INFO - Processing /home/airflow/.local/lib/python3.8/site-packages/airflow/example_dags/example_latest_only_with_trigger.py took 0.217 seconds
[2025-05-20T02:19:10.038+0000] {processor.py:161} INFO - Started process (PID=243) to work on /home/airflow/.local/lib/python3.8/site-packages/airflow/example_dags/example_latest_only_with_trigger.py
[2025-05-20T02:19:10.044+0000] {processor.py:830} INFO - Processing file /home/airflow/.local/lib/python3.8/site-packages/airflow/example_dags/example_latest_only_with_trigger.py for tasks to queue
[2025-05-20T02:19:10.062+0000] {logging_mixin.py:188} INFO - [2025-05-20T02:19:10.060+0000] {dagbag.py:540} INFO - Filling up the DagBag from /home/airflow/.local/lib/python3.8/site-packages/airflow/example_dags/example_latest_only_with_trigger.py
[2025-05-20T02:19:10.093+0000] {processor.py:840} INFO - DAG(s) 'latest_only_with_trigger' retrieved from /home/airflow/.local/lib/python3.8/site-packages/airflow/example_dags/example_latest_only_with_trigger.py
[2025-05-20T02:19:10.212+0000] {logging_mixin.py:188} INFO - [2025-05-20T02:19:10.211+0000] {dag.py:3047} INFO - Sync 1 DAGs
[2025-05-20T02:19:10.353+0000] {logging_mixin.py:188} INFO - [2025-05-20T02:19:10.353+0000] {dag.py:3834} INFO - Setting next_dagrun for latest_only_with_trigger to 2025-05-19 20:00:00+00:00, run_after=2025-05-20 00:00:00+00:00
[2025-05-20T02:19:10.476+0000] {processor.py:183} INFO - Processing /home/airflow/.local/lib/python3.8/site-packages/airflow/example_dags/example_latest_only_with_trigger.py took 0.465 seconds
[2025-05-20T02:19:40.738+0000] {processor.py:161} INFO - Started process (PID=301) to work on /home/airflow/.local/lib/python3.8/site-packages/airflow/example_dags/example_latest_only_with_trigger.py
[2025-05-20T02:19:40.741+0000] {processor.py:830} INFO - Processing file /home/airflow/.local/lib/python3.8/site-packages/airflow/example_dags/example_latest_only_with_trigger.py for tasks to queue
[2025-05-20T02:19:40.746+0000] {logging_mixin.py:188} INFO - [2025-05-20T02:19:40.746+0000] {dagbag.py:540} INFO - Filling up the DagBag from /home/airflow/.local/lib/python3.8/site-packages/airflow/example_dags/example_latest_only_with_trigger.py
[2025-05-20T02:19:40.759+0000] {processor.py:840} INFO - DAG(s) 'latest_only_with_trigger' retrieved from /home/airflow/.local/lib/python3.8/site-packages/airflow/example_dags/example_latest_only_with_trigger.py
[2025-05-20T02:19:40.806+0000] {logging_mixin.py:188} INFO - [2025-05-20T02:19:40.805+0000] {dag.py:3047} INFO - Sync 1 DAGs
[2025-05-20T02:19:40.860+0000] {logging_mixin.py:188} INFO - [2025-05-20T02:19:40.860+0000] {dag.py:3834} INFO - Setting next_dagrun for latest_only_with_trigger to 2025-05-19 20:00:00+00:00, run_after=2025-05-20 00:00:00+00:00
[2025-05-20T02:19:40.897+0000] {processor.py:183} INFO - Processing /home/airflow/.local/lib/python3.8/site-packages/airflow/example_dags/example_latest_only_with_trigger.py took 0.187 seconds
[2025-05-20T02:20:11.459+0000] {processor.py:161} INFO - Started process (PID=359) to work on /home/airflow/.local/lib/python3.8/site-packages/airflow/example_dags/example_latest_only_with_trigger.py
[2025-05-20T02:20:11.466+0000] {processor.py:830} INFO - Processing file /home/airflow/.local/lib/python3.8/site-packages/airflow/example_dags/example_latest_only_with_trigger.py for tasks to queue
[2025-05-20T02:20:11.479+0000] {logging_mixin.py:188} INFO - [2025-05-20T02:20:11.478+0000] {dagbag.py:540} INFO - Filling up the DagBag from /home/airflow/.local/lib/python3.8/site-packages/airflow/example_dags/example_latest_only_with_trigger.py
[2025-05-20T02:20:11.502+0000] {processor.py:840} INFO - DAG(s) 'latest_only_with_trigger' retrieved from /home/airflow/.local/lib/python3.8/site-packages/airflow/example_dags/example_latest_only_with_trigger.py
[2025-05-20T02:20:11.539+0000] {logging_mixin.py:188} INFO - [2025-05-20T02:20:11.538+0000] {dag.py:3047} INFO - Sync 1 DAGs
[2025-05-20T02:20:11.583+0000] {logging_mixin.py:188} INFO - [2025-05-20T02:20:11.583+0000] {dag.py:3834} INFO - Setting next_dagrun for latest_only_with_trigger to 2025-05-19 20:00:00+00:00, run_after=2025-05-20 00:00:00+00:00
[2025-05-20T02:20:11.674+0000] {processor.py:183} INFO - Processing /home/airflow/.local/lib/python3.8/site-packages/airflow/example_dags/example_latest_only_with_trigger.py took 0.239 seconds
[2025-05-20T02:20:41.831+0000] {processor.py:161} INFO - Started process (PID=416) to work on /home/airflow/.local/lib/python3.8/site-packages/airflow/example_dags/example_latest_only_with_trigger.py
[2025-05-20T02:20:41.833+0000] {processor.py:830} INFO - Processing file /home/airflow/.local/lib/python3.8/site-packages/airflow/example_dags/example_latest_only_with_trigger.py for tasks to queue
[2025-05-20T02:20:41.839+0000] {logging_mixin.py:188} INFO - [2025-05-20T02:20:41.838+0000] {dagbag.py:540} INFO - Filling up the DagBag from /home/airflow/.local/lib/python3.8/site-packages/airflow/example_dags/example_latest_only_with_trigger.py
[2025-05-20T02:20:41.859+0000] {processor.py:840} INFO - DAG(s) 'latest_only_with_trigger' retrieved from /home/airflow/.local/lib/python3.8/site-packages/airflow/example_dags/example_latest_only_with_trigger.py
[2025-05-20T02:20:42.289+0000] {logging_mixin.py:188} INFO - [2025-05-20T02:20:42.288+0000] {dag.py:3047} INFO - Sync 1 DAGs
[2025-05-20T02:20:42.374+0000] {logging_mixin.py:188} INFO - [2025-05-20T02:20:42.373+0000] {dag.py:3834} INFO - Setting next_dagrun for latest_only_with_trigger to 2025-05-19 20:00:00+00:00, run_after=2025-05-20 00:00:00+00:00
[2025-05-20T02:20:42.557+0000] {processor.py:183} INFO - Processing /home/airflow/.local/lib/python3.8/site-packages/airflow/example_dags/example_latest_only_with_trigger.py took 0.737 seconds
