[2025-05-20T02:18:06.525+0000] {processor.py:161} INFO - Started process (PID=126) to work on /home/airflow/.local/lib/python3.8/site-packages/airflow/example_dags/example_sla_dag.py
[2025-05-20T02:18:06.531+0000] {processor.py:830} INFO - Processing file /home/airflow/.local/lib/python3.8/site-packages/airflow/example_dags/example_sla_dag.py for tasks to queue
[2025-05-20T02:18:06.539+0000] {logging_mixin.py:188} INFO - [2025-05-20T02:18:06.537+0000] {dagbag.py:540} INFO - Filling up the DagBag from /home/airflow/.local/lib/python3.8/site-packages/airflow/example_dags/example_sla_dag.py
[2025-05-20T02:18:06.571+0000] {processor.py:840} INFO - DAG(s) 'example_sla_dag' retrieved from /home/airflow/.local/lib/python3.8/site-packages/airflow/example_dags/example_sla_dag.py
[2025-05-20T02:18:06.986+0000] {logging_mixin.py:188} INFO - [2025-05-20T02:18:06.985+0000] {dag.py:3047} INFO - Sync 1 DAGs
[2025-05-20T02:18:07.108+0000] {logging_mixin.py:188} INFO - [2025-05-20T02:18:07.108+0000] {dag.py:3834} INFO - Setting next_dagrun for example_sla_dag to 2025-05-20 02:16:00+00:00, run_after=2025-05-20 02:18:00+00:00
[2025-05-20T02:18:07.548+0000] {processor.py:183} INFO - Processing /home/airflow/.local/lib/python3.8/site-packages/airflow/example_dags/example_sla_dag.py took 1.032 seconds
[2025-05-20T02:18:38.049+0000] {processor.py:161} INFO - Started process (PID=184) to work on /home/airflow/.local/lib/python3.8/site-packages/airflow/example_dags/example_sla_dag.py
[2025-05-20T02:18:38.052+0000] {processor.py:830} INFO - Processing file /home/airflow/.local/lib/python3.8/site-packages/airflow/example_dags/example_sla_dag.py for tasks to queue
[2025-05-20T02:18:38.061+0000] {logging_mixin.py:188} INFO - [2025-05-20T02:18:38.060+0000] {dagbag.py:540} INFO - Filling up the DagBag from /home/airflow/.local/lib/python3.8/site-packages/airflow/example_dags/example_sla_dag.py
[2025-05-20T02:18:38.085+0000] {processor.py:840} INFO - DAG(s) 'example_sla_dag' retrieved from /home/airflow/.local/lib/python3.8/site-packages/airflow/example_dags/example_sla_dag.py
[2025-05-20T02:18:38.131+0000] {logging_mixin.py:188} INFO - [2025-05-20T02:18:38.130+0000] {dag.py:3047} INFO - Sync 1 DAGs
[2025-05-20T02:18:38.194+0000] {logging_mixin.py:188} INFO - [2025-05-20T02:18:38.194+0000] {dag.py:3834} INFO - Setting next_dagrun for example_sla_dag to 2025-05-20 02:16:00+00:00, run_after=2025-05-20 02:18:00+00:00
[2025-05-20T02:18:38.238+0000] {processor.py:183} INFO - Processing /home/airflow/.local/lib/python3.8/site-packages/airflow/example_dags/example_sla_dag.py took 0.207 seconds
[2025-05-20T02:19:08.839+0000] {processor.py:161} INFO - Started process (PID=241) to work on /home/airflow/.local/lib/python3.8/site-packages/airflow/example_dags/example_sla_dag.py
[2025-05-20T02:19:08.845+0000] {processor.py:830} INFO - Processing file /home/airflow/.local/lib/python3.8/site-packages/airflow/example_dags/example_sla_dag.py for tasks to queue
[2025-05-20T02:19:08.858+0000] {logging_mixin.py:188} INFO - [2025-05-20T02:19:08.856+0000] {dagbag.py:540} INFO - Filling up the DagBag from /home/airflow/.local/lib/python3.8/site-packages/airflow/example_dags/example_sla_dag.py
[2025-05-20T02:19:08.902+0000] {processor.py:840} INFO - DAG(s) 'example_sla_dag' retrieved from /home/airflow/.local/lib/python3.8/site-packages/airflow/example_dags/example_sla_dag.py
[2025-05-20T02:19:08.946+0000] {logging_mixin.py:188} INFO - [2025-05-20T02:19:08.945+0000] {dag.py:3047} INFO - Sync 1 DAGs
[2025-05-20T02:19:09.026+0000] {logging_mixin.py:188} INFO - [2025-05-20T02:19:09.026+0000] {dag.py:3834} INFO - Setting next_dagrun for example_sla_dag to 2025-05-20 02:16:00+00:00, run_after=2025-05-20 02:18:00+00:00
[2025-05-20T02:19:09.106+0000] {processor.py:183} INFO - Processing /home/airflow/.local/lib/python3.8/site-packages/airflow/example_dags/example_sla_dag.py took 0.285 seconds
[2025-05-20T02:19:39.306+0000] {processor.py:161} INFO - Started process (PID=299) to work on /home/airflow/.local/lib/python3.8/site-packages/airflow/example_dags/example_sla_dag.py
[2025-05-20T02:19:39.309+0000] {processor.py:830} INFO - Processing file /home/airflow/.local/lib/python3.8/site-packages/airflow/example_dags/example_sla_dag.py for tasks to queue
[2025-05-20T02:19:39.314+0000] {logging_mixin.py:188} INFO - [2025-05-20T02:19:39.314+0000] {dagbag.py:540} INFO - Filling up the DagBag from /home/airflow/.local/lib/python3.8/site-packages/airflow/example_dags/example_sla_dag.py
[2025-05-20T02:19:39.333+0000] {processor.py:840} INFO - DAG(s) 'example_sla_dag' retrieved from /home/airflow/.local/lib/python3.8/site-packages/airflow/example_dags/example_sla_dag.py
[2025-05-20T02:19:39.380+0000] {logging_mixin.py:188} INFO - [2025-05-20T02:19:39.379+0000] {dag.py:3047} INFO - Sync 1 DAGs
[2025-05-20T02:19:39.450+0000] {logging_mixin.py:188} INFO - [2025-05-20T02:19:39.447+0000] {dag.py:3834} INFO - Setting next_dagrun for example_sla_dag to 2025-05-20 02:16:00+00:00, run_after=2025-05-20 02:18:00+00:00
[2025-05-20T02:19:39.517+0000] {processor.py:183} INFO - Processing /home/airflow/.local/lib/python3.8/site-packages/airflow/example_dags/example_sla_dag.py took 0.219 seconds
[2025-05-20T02:20:10.248+0000] {processor.py:161} INFO - Started process (PID=357) to work on /home/airflow/.local/lib/python3.8/site-packages/airflow/example_dags/example_sla_dag.py
[2025-05-20T02:20:10.253+0000] {processor.py:830} INFO - Processing file /home/airflow/.local/lib/python3.8/site-packages/airflow/example_dags/example_sla_dag.py for tasks to queue
[2025-05-20T02:20:10.268+0000] {logging_mixin.py:188} INFO - [2025-05-20T02:20:10.265+0000] {dagbag.py:540} INFO - Filling up the DagBag from /home/airflow/.local/lib/python3.8/site-packages/airflow/example_dags/example_sla_dag.py
[2025-05-20T02:20:10.299+0000] {processor.py:840} INFO - DAG(s) 'example_sla_dag' retrieved from /home/airflow/.local/lib/python3.8/site-packages/airflow/example_dags/example_sla_dag.py
[2025-05-20T02:20:10.327+0000] {logging_mixin.py:188} INFO - [2025-05-20T02:20:10.326+0000] {dag.py:3047} INFO - Sync 1 DAGs
[2025-05-20T02:20:10.388+0000] {logging_mixin.py:188} INFO - [2025-05-20T02:20:10.387+0000] {dag.py:3834} INFO - Setting next_dagrun for example_sla_dag to 2025-05-20 02:18:00+00:00, run_after=2025-05-20 02:20:00+00:00
[2025-05-20T02:20:10.433+0000] {processor.py:183} INFO - Processing /home/airflow/.local/lib/python3.8/site-packages/airflow/example_dags/example_sla_dag.py took 0.212 seconds
[2025-05-20T02:20:41.324+0000] {processor.py:161} INFO - Started process (PID=414) to work on /home/airflow/.local/lib/python3.8/site-packages/airflow/example_dags/example_sla_dag.py
[2025-05-20T02:20:41.328+0000] {processor.py:830} INFO - Processing file /home/airflow/.local/lib/python3.8/site-packages/airflow/example_dags/example_sla_dag.py for tasks to queue
[2025-05-20T02:20:41.333+0000] {logging_mixin.py:188} INFO - [2025-05-20T02:20:41.332+0000] {dagbag.py:540} INFO - Filling up the DagBag from /home/airflow/.local/lib/python3.8/site-packages/airflow/example_dags/example_sla_dag.py
[2025-05-20T02:20:41.356+0000] {processor.py:840} INFO - DAG(s) 'example_sla_dag' retrieved from /home/airflow/.local/lib/python3.8/site-packages/airflow/example_dags/example_sla_dag.py
[2025-05-20T02:20:41.638+0000] {logging_mixin.py:188} INFO - [2025-05-20T02:20:41.637+0000] {dag.py:3047} INFO - Sync 1 DAGs
[2025-05-20T02:20:41.704+0000] {logging_mixin.py:188} INFO - [2025-05-20T02:20:41.704+0000] {dag.py:3834} INFO - Setting next_dagrun for example_sla_dag to 2025-05-20 02:18:00+00:00, run_after=2025-05-20 02:20:00+00:00
[2025-05-20T02:20:41.758+0000] {processor.py:183} INFO - Processing /home/airflow/.local/lib/python3.8/site-packages/airflow/example_dags/example_sla_dag.py took 0.446 seconds
