[2025-05-20T02:17:52.521+0000] {processor.py:161} INFO - Started process (PID=99) to work on /home/airflow/.local/lib/python3.8/site-packages/airflow/example_dags/example_latest_only.py
[2025-05-20T02:17:52.524+0000] {processor.py:830} INFO - Processing file /home/airflow/.local/lib/python3.8/site-packages/airflow/example_dags/example_latest_only.py for tasks to queue
[2025-05-20T02:17:52.529+0000] {logging_mixin.py:188} INFO - [2025-05-20T02:17:52.528+0000] {dagbag.py:540} INFO - Filling up the DagBag from /home/airflow/.local/lib/python3.8/site-packages/airflow/example_dags/example_latest_only.py
[2025-05-20T02:17:52.554+0000] {processor.py:840} INFO - DAG(s) 'latest_only' retrieved from /home/airflow/.local/lib/python3.8/site-packages/airflow/example_dags/example_latest_only.py
[2025-05-20T02:17:52.946+0000] {logging_mixin.py:188} INFO - [2025-05-20T02:17:52.946+0000] {dag.py:3047} INFO - Sync 1 DAGs
[2025-05-20T02:17:53.041+0000] {logging_mixin.py:188} INFO - [2025-05-20T02:17:53.036+0000] {dag.py:3834} INFO - Setting next_dagrun for latest_only to 2025-05-19 20:00:00+00:00, run_after=2025-05-20 00:00:00+00:00
[2025-05-20T02:17:53.108+0000] {processor.py:183} INFO - Processing /home/airflow/.local/lib/python3.8/site-packages/airflow/example_dags/example_latest_only.py took 0.599 seconds
[2025-05-20T02:18:24.078+0000] {processor.py:161} INFO - Started process (PID=157) to work on /home/airflow/.local/lib/python3.8/site-packages/airflow/example_dags/example_latest_only.py
[2025-05-20T02:18:24.080+0000] {processor.py:830} INFO - Processing file /home/airflow/.local/lib/python3.8/site-packages/airflow/example_dags/example_latest_only.py for tasks to queue
[2025-05-20T02:18:24.084+0000] {logging_mixin.py:188} INFO - [2025-05-20T02:18:24.084+0000] {dagbag.py:540} INFO - Filling up the DagBag from /home/airflow/.local/lib/python3.8/site-packages/airflow/example_dags/example_latest_only.py
[2025-05-20T02:18:24.100+0000] {processor.py:840} INFO - DAG(s) 'latest_only' retrieved from /home/airflow/.local/lib/python3.8/site-packages/airflow/example_dags/example_latest_only.py
[2025-05-20T02:18:24.148+0000] {logging_mixin.py:188} INFO - [2025-05-20T02:18:24.148+0000] {dag.py:3047} INFO - Sync 1 DAGs
[2025-05-20T02:18:24.207+0000] {logging_mixin.py:188} INFO - [2025-05-20T02:18:24.207+0000] {dag.py:3834} INFO - Setting next_dagrun for latest_only to 2025-05-19 20:00:00+00:00, run_after=2025-05-20 00:00:00+00:00
[2025-05-20T02:18:24.253+0000] {processor.py:183} INFO - Processing /home/airflow/.local/lib/python3.8/site-packages/airflow/example_dags/example_latest_only.py took 0.182 seconds
[2025-05-20T02:18:54.623+0000] {processor.py:161} INFO - Started process (PID=213) to work on /home/airflow/.local/lib/python3.8/site-packages/airflow/example_dags/example_latest_only.py
[2025-05-20T02:18:54.626+0000] {processor.py:830} INFO - Processing file /home/airflow/.local/lib/python3.8/site-packages/airflow/example_dags/example_latest_only.py for tasks to queue
[2025-05-20T02:18:54.631+0000] {logging_mixin.py:188} INFO - [2025-05-20T02:18:54.630+0000] {dagbag.py:540} INFO - Filling up the DagBag from /home/airflow/.local/lib/python3.8/site-packages/airflow/example_dags/example_latest_only.py
[2025-05-20T02:18:54.647+0000] {processor.py:840} INFO - DAG(s) 'latest_only' retrieved from /home/airflow/.local/lib/python3.8/site-packages/airflow/example_dags/example_latest_only.py
[2025-05-20T02:18:54.679+0000] {logging_mixin.py:188} INFO - [2025-05-20T02:18:54.678+0000] {dag.py:3047} INFO - Sync 1 DAGs
[2025-05-20T02:18:54.727+0000] {logging_mixin.py:188} INFO - [2025-05-20T02:18:54.727+0000] {dag.py:3834} INFO - Setting next_dagrun for latest_only to 2025-05-19 20:00:00+00:00, run_after=2025-05-20 00:00:00+00:00
[2025-05-20T02:18:54.771+0000] {processor.py:183} INFO - Processing /home/airflow/.local/lib/python3.8/site-packages/airflow/example_dags/example_latest_only.py took 0.158 seconds
[2025-05-20T02:19:27.210+0000] {processor.py:161} INFO - Started process (PID=271) to work on /home/airflow/.local/lib/python3.8/site-packages/airflow/example_dags/example_latest_only.py
[2025-05-20T02:19:27.213+0000] {processor.py:830} INFO - Processing file /home/airflow/.local/lib/python3.8/site-packages/airflow/example_dags/example_latest_only.py for tasks to queue
[2025-05-20T02:19:27.219+0000] {logging_mixin.py:188} INFO - [2025-05-20T02:19:27.217+0000] {dagbag.py:540} INFO - Filling up the DagBag from /home/airflow/.local/lib/python3.8/site-packages/airflow/example_dags/example_latest_only.py
[2025-05-20T02:19:27.233+0000] {processor.py:840} INFO - DAG(s) 'latest_only' retrieved from /home/airflow/.local/lib/python3.8/site-packages/airflow/example_dags/example_latest_only.py
[2025-05-20T02:19:27.638+0000] {logging_mixin.py:188} INFO - [2025-05-20T02:19:27.637+0000] {dag.py:3047} INFO - Sync 1 DAGs
[2025-05-20T02:19:27.798+0000] {logging_mixin.py:188} INFO - [2025-05-20T02:19:27.798+0000] {dag.py:3834} INFO - Setting next_dagrun for latest_only to 2025-05-19 20:00:00+00:00, run_after=2025-05-20 00:00:00+00:00
[2025-05-20T02:19:27.900+0000] {processor.py:183} INFO - Processing /home/airflow/.local/lib/python3.8/site-packages/airflow/example_dags/example_latest_only.py took 0.702 seconds
[2025-05-20T02:19:58.709+0000] {processor.py:161} INFO - Started process (PID=330) to work on /home/airflow/.local/lib/python3.8/site-packages/airflow/example_dags/example_latest_only.py
[2025-05-20T02:19:58.717+0000] {processor.py:830} INFO - Processing file /home/airflow/.local/lib/python3.8/site-packages/airflow/example_dags/example_latest_only.py for tasks to queue
[2025-05-20T02:19:58.740+0000] {logging_mixin.py:188} INFO - [2025-05-20T02:19:58.736+0000] {dagbag.py:540} INFO - Filling up the DagBag from /home/airflow/.local/lib/python3.8/site-packages/airflow/example_dags/example_latest_only.py
[2025-05-20T02:19:58.787+0000] {processor.py:840} INFO - DAG(s) 'latest_only' retrieved from /home/airflow/.local/lib/python3.8/site-packages/airflow/example_dags/example_latest_only.py
[2025-05-20T02:19:58.847+0000] {logging_mixin.py:188} INFO - [2025-05-20T02:19:58.846+0000] {dag.py:3047} INFO - Sync 1 DAGs
[2025-05-20T02:19:58.967+0000] {logging_mixin.py:188} INFO - [2025-05-20T02:19:58.966+0000] {dag.py:3834} INFO - Setting next_dagrun for latest_only to 2025-05-19 20:00:00+00:00, run_after=2025-05-20 00:00:00+00:00
[2025-05-20T02:19:59.625+0000] {processor.py:183} INFO - Processing /home/airflow/.local/lib/python3.8/site-packages/airflow/example_dags/example_latest_only.py took 0.950 seconds
[2025-05-20T02:20:30.647+0000] {processor.py:161} INFO - Started process (PID=387) to work on /home/airflow/.local/lib/python3.8/site-packages/airflow/example_dags/example_latest_only.py
[2025-05-20T02:20:30.650+0000] {processor.py:830} INFO - Processing file /home/airflow/.local/lib/python3.8/site-packages/airflow/example_dags/example_latest_only.py for tasks to queue
[2025-05-20T02:20:30.656+0000] {logging_mixin.py:188} INFO - [2025-05-20T02:20:30.654+0000] {dagbag.py:540} INFO - Filling up the DagBag from /home/airflow/.local/lib/python3.8/site-packages/airflow/example_dags/example_latest_only.py
[2025-05-20T02:20:30.669+0000] {processor.py:840} INFO - DAG(s) 'latest_only' retrieved from /home/airflow/.local/lib/python3.8/site-packages/airflow/example_dags/example_latest_only.py
[2025-05-20T02:20:30.932+0000] {logging_mixin.py:188} INFO - [2025-05-20T02:20:30.932+0000] {dag.py:3047} INFO - Sync 1 DAGs
[2025-05-20T02:20:30.983+0000] {logging_mixin.py:188} INFO - [2025-05-20T02:20:30.983+0000] {dag.py:3834} INFO - Setting next_dagrun for latest_only to 2025-05-19 20:00:00+00:00, run_after=2025-05-20 00:00:00+00:00
[2025-05-20T02:20:31.116+0000] {processor.py:183} INFO - Processing /home/airflow/.local/lib/python3.8/site-packages/airflow/example_dags/example_latest_only.py took 0.475 seconds
