[2025-05-20T02:17:39.496+0000] {processor.py:161} INFO - Started process (PID=81) to work on /home/airflow/.local/lib/python3.8/site-packages/airflow/example_dags/example_skip_dag.py
[2025-05-20T02:17:39.512+0000] {processor.py:830} INFO - Processing file /home/airflow/.local/lib/python3.8/site-packages/airflow/example_dags/example_skip_dag.py for tasks to queue
[2025-05-20T02:17:39.526+0000] {logging_mixin.py:188} INFO - [2025-05-20T02:17:39.525+0000] {dagbag.py:540} INFO - Filling up the DagBag from /home/airflow/.local/lib/python3.8/site-packages/airflow/example_dags/example_skip_dag.py
[2025-05-20T02:17:39.657+0000] {processor.py:840} INFO - DAG(s) 'example_skip_dag' retrieved from /home/airflow/.local/lib/python3.8/site-packages/airflow/example_dags/example_skip_dag.py
[2025-05-20T02:17:41.724+0000] {logging_mixin.py:188} INFO - [2025-05-20T02:17:41.723+0000] {dag.py:3047} INFO - Sync 1 DAGs
[2025-05-20T02:17:42.249+0000] {logging_mixin.py:188} INFO - [2025-05-20T02:17:42.248+0000] {dag.py:3834} INFO - Setting next_dagrun for example_skip_dag to 2025-05-19 00:00:00+00:00, run_after=2025-05-20 00:00:00+00:00
[2025-05-20T02:17:42.479+0000] {processor.py:183} INFO - Processing /home/airflow/.local/lib/python3.8/site-packages/airflow/example_dags/example_skip_dag.py took 3.023 seconds
[2025-05-20T02:18:12.655+0000] {processor.py:161} INFO - Started process (PID=139) to work on /home/airflow/.local/lib/python3.8/site-packages/airflow/example_dags/example_skip_dag.py
[2025-05-20T02:18:12.663+0000] {processor.py:830} INFO - Processing file /home/airflow/.local/lib/python3.8/site-packages/airflow/example_dags/example_skip_dag.py for tasks to queue
[2025-05-20T02:18:12.672+0000] {logging_mixin.py:188} INFO - [2025-05-20T02:18:12.671+0000] {dagbag.py:540} INFO - Filling up the DagBag from /home/airflow/.local/lib/python3.8/site-packages/airflow/example_dags/example_skip_dag.py
[2025-05-20T02:18:12.723+0000] {processor.py:840} INFO - DAG(s) 'example_skip_dag' retrieved from /home/airflow/.local/lib/python3.8/site-packages/airflow/example_dags/example_skip_dag.py
[2025-05-20T02:18:12.838+0000] {logging_mixin.py:188} INFO - [2025-05-20T02:18:12.834+0000] {dag.py:3047} INFO - Sync 1 DAGs
[2025-05-20T02:18:12.952+0000] {logging_mixin.py:188} INFO - [2025-05-20T02:18:12.951+0000] {dag.py:3834} INFO - Setting next_dagrun for example_skip_dag to 2025-05-19 00:00:00+00:00, run_after=2025-05-20 00:00:00+00:00
[2025-05-20T02:18:13.044+0000] {processor.py:183} INFO - Processing /home/airflow/.local/lib/python3.8/site-packages/airflow/example_dags/example_skip_dag.py took 0.396 seconds
[2025-05-20T02:18:43.353+0000] {processor.py:161} INFO - Started process (PID=197) to work on /home/airflow/.local/lib/python3.8/site-packages/airflow/example_dags/example_skip_dag.py
[2025-05-20T02:18:43.355+0000] {processor.py:830} INFO - Processing file /home/airflow/.local/lib/python3.8/site-packages/airflow/example_dags/example_skip_dag.py for tasks to queue
[2025-05-20T02:18:43.360+0000] {logging_mixin.py:188} INFO - [2025-05-20T02:18:43.359+0000] {dagbag.py:540} INFO - Filling up the DagBag from /home/airflow/.local/lib/python3.8/site-packages/airflow/example_dags/example_skip_dag.py
[2025-05-20T02:18:43.387+0000] {processor.py:840} INFO - DAG(s) 'example_skip_dag' retrieved from /home/airflow/.local/lib/python3.8/site-packages/airflow/example_dags/example_skip_dag.py
[2025-05-20T02:18:43.475+0000] {logging_mixin.py:188} INFO - [2025-05-20T02:18:43.474+0000] {dag.py:3047} INFO - Sync 1 DAGs
[2025-05-20T02:18:43.569+0000] {logging_mixin.py:188} INFO - [2025-05-20T02:18:43.568+0000] {dag.py:3834} INFO - Setting next_dagrun for example_skip_dag to 2025-05-19 00:00:00+00:00, run_after=2025-05-20 00:00:00+00:00
[2025-05-20T02:18:43.631+0000] {processor.py:183} INFO - Processing /home/airflow/.local/lib/python3.8/site-packages/airflow/example_dags/example_skip_dag.py took 0.286 seconds
[2025-05-20T02:19:13.984+0000] {processor.py:161} INFO - Started process (PID=254) to work on /home/airflow/.local/lib/python3.8/site-packages/airflow/example_dags/example_skip_dag.py
[2025-05-20T02:19:13.989+0000] {processor.py:830} INFO - Processing file /home/airflow/.local/lib/python3.8/site-packages/airflow/example_dags/example_skip_dag.py for tasks to queue
[2025-05-20T02:19:13.997+0000] {logging_mixin.py:188} INFO - [2025-05-20T02:19:13.996+0000] {dagbag.py:540} INFO - Filling up the DagBag from /home/airflow/.local/lib/python3.8/site-packages/airflow/example_dags/example_skip_dag.py
[2025-05-20T02:19:14.028+0000] {processor.py:840} INFO - DAG(s) 'example_skip_dag' retrieved from /home/airflow/.local/lib/python3.8/site-packages/airflow/example_dags/example_skip_dag.py
[2025-05-20T02:19:14.403+0000] {logging_mixin.py:188} INFO - [2025-05-20T02:19:14.402+0000] {dag.py:3047} INFO - Sync 1 DAGs
[2025-05-20T02:19:14.444+0000] {logging_mixin.py:188} INFO - [2025-05-20T02:19:14.443+0000] {dag.py:3834} INFO - Setting next_dagrun for example_skip_dag to 2025-05-19 00:00:00+00:00, run_after=2025-05-20 00:00:00+00:00
[2025-05-20T02:19:14.494+0000] {processor.py:183} INFO - Processing /home/airflow/.local/lib/python3.8/site-packages/airflow/example_dags/example_skip_dag.py took 0.526 seconds
[2025-05-20T02:19:45.052+0000] {processor.py:161} INFO - Started process (PID=312) to work on /home/airflow/.local/lib/python3.8/site-packages/airflow/example_dags/example_skip_dag.py
[2025-05-20T02:19:45.056+0000] {processor.py:830} INFO - Processing file /home/airflow/.local/lib/python3.8/site-packages/airflow/example_dags/example_skip_dag.py for tasks to queue
[2025-05-20T02:19:45.062+0000] {logging_mixin.py:188} INFO - [2025-05-20T02:19:45.061+0000] {dagbag.py:540} INFO - Filling up the DagBag from /home/airflow/.local/lib/python3.8/site-packages/airflow/example_dags/example_skip_dag.py
[2025-05-20T02:19:45.081+0000] {processor.py:840} INFO - DAG(s) 'example_skip_dag' retrieved from /home/airflow/.local/lib/python3.8/site-packages/airflow/example_dags/example_skip_dag.py
[2025-05-20T02:19:45.154+0000] {logging_mixin.py:188} INFO - [2025-05-20T02:19:45.154+0000] {dag.py:3047} INFO - Sync 1 DAGs
[2025-05-20T02:19:45.265+0000] {logging_mixin.py:188} INFO - [2025-05-20T02:19:45.264+0000] {dag.py:3834} INFO - Setting next_dagrun for example_skip_dag to 2025-05-19 00:00:00+00:00, run_after=2025-05-20 00:00:00+00:00
[2025-05-20T02:19:45.316+0000] {processor.py:183} INFO - Processing /home/airflow/.local/lib/python3.8/site-packages/airflow/example_dags/example_skip_dag.py took 0.273 seconds
[2025-05-20T02:20:15.484+0000] {processor.py:161} INFO - Started process (PID=370) to work on /home/airflow/.local/lib/python3.8/site-packages/airflow/example_dags/example_skip_dag.py
[2025-05-20T02:20:15.489+0000] {processor.py:830} INFO - Processing file /home/airflow/.local/lib/python3.8/site-packages/airflow/example_dags/example_skip_dag.py for tasks to queue
[2025-05-20T02:20:15.500+0000] {logging_mixin.py:188} INFO - [2025-05-20T02:20:15.498+0000] {dagbag.py:540} INFO - Filling up the DagBag from /home/airflow/.local/lib/python3.8/site-packages/airflow/example_dags/example_skip_dag.py
[2025-05-20T02:20:15.540+0000] {processor.py:840} INFO - DAG(s) 'example_skip_dag' retrieved from /home/airflow/.local/lib/python3.8/site-packages/airflow/example_dags/example_skip_dag.py
[2025-05-20T02:20:16.083+0000] {logging_mixin.py:188} INFO - [2025-05-20T02:20:16.082+0000] {dag.py:3047} INFO - Sync 1 DAGs
[2025-05-20T02:20:16.155+0000] {logging_mixin.py:188} INFO - [2025-05-20T02:20:16.154+0000] {dag.py:3834} INFO - Setting next_dagrun for example_skip_dag to 2025-05-19 00:00:00+00:00, run_after=2025-05-20 00:00:00+00:00
[2025-05-20T02:20:16.237+0000] {processor.py:183} INFO - Processing /home/airflow/.local/lib/python3.8/site-packages/airflow/example_dags/example_skip_dag.py took 0.774 seconds
