[2025-05-20T02:18:01.429+0000] {processor.py:161} INFO - Started process (PID=117) to work on /home/airflow/.local/lib/python3.8/site-packages/airflow/example_dags/example_params_ui_tutorial.py
[2025-05-20T02:18:01.436+0000] {processor.py:830} INFO - Processing file /home/airflow/.local/lib/python3.8/site-packages/airflow/example_dags/example_params_ui_tutorial.py for tasks to queue
[2025-05-20T02:18:01.458+0000] {logging_mixin.py:188} INFO - [2025-05-20T02:18:01.450+0000] {dagbag.py:540} INFO - Filling up the DagBag from /home/airflow/.local/lib/python3.8/site-packages/airflow/example_dags/example_params_ui_tutorial.py
[2025-05-20T02:18:01.577+0000] {processor.py:840} INFO - DAG(s) 'example_params_ui_tutorial' retrieved from /home/airflow/.local/lib/python3.8/site-packages/airflow/example_dags/example_params_ui_tutorial.py
[2025-05-20T02:18:02.282+0000] {logging_mixin.py:188} INFO - [2025-05-20T02:18:02.276+0000] {dag.py:3047} INFO - Sync 1 DAGs
[2025-05-20T02:18:02.353+0000] {logging_mixin.py:188} INFO - [2025-05-20T02:18:02.352+0000] {dag.py:3834} INFO - Setting next_dagrun for example_params_ui_tutorial to None, run_after=None
[2025-05-20T02:18:02.448+0000] {processor.py:183} INFO - Processing /home/airflow/.local/lib/python3.8/site-packages/airflow/example_dags/example_params_ui_tutorial.py took 1.051 seconds
[2025-05-20T02:18:33.398+0000] {processor.py:161} INFO - Started process (PID=175) to work on /home/airflow/.local/lib/python3.8/site-packages/airflow/example_dags/example_params_ui_tutorial.py
[2025-05-20T02:18:33.404+0000] {processor.py:830} INFO - Processing file /home/airflow/.local/lib/python3.8/site-packages/airflow/example_dags/example_params_ui_tutorial.py for tasks to queue
[2025-05-20T02:18:33.411+0000] {logging_mixin.py:188} INFO - [2025-05-20T02:18:33.410+0000] {dagbag.py:540} INFO - Filling up the DagBag from /home/airflow/.local/lib/python3.8/site-packages/airflow/example_dags/example_params_ui_tutorial.py
[2025-05-20T02:18:33.451+0000] {processor.py:840} INFO - DAG(s) 'example_params_ui_tutorial' retrieved from /home/airflow/.local/lib/python3.8/site-packages/airflow/example_dags/example_params_ui_tutorial.py
[2025-05-20T02:18:33.651+0000] {logging_mixin.py:188} INFO - [2025-05-20T02:18:33.651+0000] {dag.py:3047} INFO - Sync 1 DAGs
[2025-05-20T02:18:33.699+0000] {logging_mixin.py:188} INFO - [2025-05-20T02:18:33.698+0000] {dag.py:3834} INFO - Setting next_dagrun for example_params_ui_tutorial to None, run_after=None
[2025-05-20T02:18:33.786+0000] {processor.py:183} INFO - Processing /home/airflow/.local/lib/python3.8/site-packages/airflow/example_dags/example_params_ui_tutorial.py took 0.398 seconds
[2025-05-20T02:19:04.317+0000] {processor.py:161} INFO - Started process (PID=233) to work on /home/airflow/.local/lib/python3.8/site-packages/airflow/example_dags/example_params_ui_tutorial.py
[2025-05-20T02:19:04.323+0000] {processor.py:830} INFO - Processing file /home/airflow/.local/lib/python3.8/site-packages/airflow/example_dags/example_params_ui_tutorial.py for tasks to queue
[2025-05-20T02:19:04.332+0000] {logging_mixin.py:188} INFO - [2025-05-20T02:19:04.331+0000] {dagbag.py:540} INFO - Filling up the DagBag from /home/airflow/.local/lib/python3.8/site-packages/airflow/example_dags/example_params_ui_tutorial.py
[2025-05-20T02:19:04.392+0000] {processor.py:840} INFO - DAG(s) 'example_params_ui_tutorial' retrieved from /home/airflow/.local/lib/python3.8/site-packages/airflow/example_dags/example_params_ui_tutorial.py
[2025-05-20T02:19:04.653+0000] {logging_mixin.py:188} INFO - [2025-05-20T02:19:04.653+0000] {dag.py:3047} INFO - Sync 1 DAGs
[2025-05-20T02:19:04.692+0000] {logging_mixin.py:188} INFO - [2025-05-20T02:19:04.691+0000] {dag.py:3834} INFO - Setting next_dagrun for example_params_ui_tutorial to None, run_after=None
[2025-05-20T02:19:04.753+0000] {processor.py:183} INFO - Processing /home/airflow/.local/lib/python3.8/site-packages/airflow/example_dags/example_params_ui_tutorial.py took 0.453 seconds
[2025-05-20T02:19:35.074+0000] {processor.py:161} INFO - Started process (PID=290) to work on /home/airflow/.local/lib/python3.8/site-packages/airflow/example_dags/example_params_ui_tutorial.py
[2025-05-20T02:19:35.121+0000] {processor.py:830} INFO - Processing file /home/airflow/.local/lib/python3.8/site-packages/airflow/example_dags/example_params_ui_tutorial.py for tasks to queue
[2025-05-20T02:19:35.127+0000] {logging_mixin.py:188} INFO - [2025-05-20T02:19:35.126+0000] {dagbag.py:540} INFO - Filling up the DagBag from /home/airflow/.local/lib/python3.8/site-packages/airflow/example_dags/example_params_ui_tutorial.py
[2025-05-20T02:19:35.162+0000] {processor.py:840} INFO - DAG(s) 'example_params_ui_tutorial' retrieved from /home/airflow/.local/lib/python3.8/site-packages/airflow/example_dags/example_params_ui_tutorial.py
[2025-05-20T02:19:35.297+0000] {logging_mixin.py:188} INFO - [2025-05-20T02:19:35.297+0000] {dag.py:3047} INFO - Sync 1 DAGs
[2025-05-20T02:19:35.323+0000] {logging_mixin.py:188} INFO - [2025-05-20T02:19:35.322+0000] {dag.py:3834} INFO - Setting next_dagrun for example_params_ui_tutorial to None, run_after=None
[2025-05-20T02:19:35.407+0000] {processor.py:183} INFO - Processing /home/airflow/.local/lib/python3.8/site-packages/airflow/example_dags/example_params_ui_tutorial.py took 0.341 seconds
[2025-05-20T02:20:05.753+0000] {processor.py:161} INFO - Started process (PID=348) to work on /home/airflow/.local/lib/python3.8/site-packages/airflow/example_dags/example_params_ui_tutorial.py
[2025-05-20T02:20:05.758+0000] {processor.py:830} INFO - Processing file /home/airflow/.local/lib/python3.8/site-packages/airflow/example_dags/example_params_ui_tutorial.py for tasks to queue
[2025-05-20T02:20:05.772+0000] {logging_mixin.py:188} INFO - [2025-05-20T02:20:05.770+0000] {dagbag.py:540} INFO - Filling up the DagBag from /home/airflow/.local/lib/python3.8/site-packages/airflow/example_dags/example_params_ui_tutorial.py
[2025-05-20T02:20:05.831+0000] {processor.py:840} INFO - DAG(s) 'example_params_ui_tutorial' retrieved from /home/airflow/.local/lib/python3.8/site-packages/airflow/example_dags/example_params_ui_tutorial.py
[2025-05-20T02:20:05.863+0000] {logging_mixin.py:188} INFO - [2025-05-20T02:20:05.862+0000] {dag.py:3047} INFO - Sync 1 DAGs
[2025-05-20T02:20:05.915+0000] {logging_mixin.py:188} INFO - [2025-05-20T02:20:05.914+0000] {dag.py:3834} INFO - Setting next_dagrun for example_params_ui_tutorial to None, run_after=None
[2025-05-20T02:20:06.016+0000] {processor.py:183} INFO - Processing /home/airflow/.local/lib/python3.8/site-packages/airflow/example_dags/example_params_ui_tutorial.py took 0.285 seconds
[2025-05-20T02:20:36.922+0000] {processor.py:161} INFO - Started process (PID=405) to work on /home/airflow/.local/lib/python3.8/site-packages/airflow/example_dags/example_params_ui_tutorial.py
[2025-05-20T02:20:36.924+0000] {processor.py:830} INFO - Processing file /home/airflow/.local/lib/python3.8/site-packages/airflow/example_dags/example_params_ui_tutorial.py for tasks to queue
[2025-05-20T02:20:36.930+0000] {logging_mixin.py:188} INFO - [2025-05-20T02:20:36.930+0000] {dagbag.py:540} INFO - Filling up the DagBag from /home/airflow/.local/lib/python3.8/site-packages/airflow/example_dags/example_params_ui_tutorial.py
[2025-05-20T02:20:36.960+0000] {processor.py:840} INFO - DAG(s) 'example_params_ui_tutorial' retrieved from /home/airflow/.local/lib/python3.8/site-packages/airflow/example_dags/example_params_ui_tutorial.py
[2025-05-20T02:20:37.443+0000] {logging_mixin.py:188} INFO - [2025-05-20T02:20:37.443+0000] {dag.py:3047} INFO - Sync 1 DAGs
[2025-05-20T02:20:37.483+0000] {logging_mixin.py:188} INFO - [2025-05-20T02:20:37.483+0000] {dag.py:3834} INFO - Setting next_dagrun for example_params_ui_tutorial to None, run_after=None
[2025-05-20T02:20:37.552+0000] {processor.py:183} INFO - Processing /home/airflow/.local/lib/python3.8/site-packages/airflow/example_dags/example_params_ui_tutorial.py took 0.637 seconds
