[2025-05-20T02:17:53.794+0000] {processor.py:161} INFO - Started process (PID=103) to work on /home/airflow/.local/lib/python3.8/site-packages/airflow/example_dags/example_external_task_marker_dag.py
[2025-05-20T02:17:53.797+0000] {processor.py:830} INFO - Processing file /home/airflow/.local/lib/python3.8/site-packages/airflow/example_dags/example_external_task_marker_dag.py for tasks to queue
[2025-05-20T02:17:53.801+0000] {logging_mixin.py:188} INFO - [2025-05-20T02:17:53.801+0000] {dagbag.py:540} INFO - Filling up the DagBag from /home/airflow/.local/lib/python3.8/site-packages/airflow/example_dags/example_external_task_marker_dag.py
[2025-05-20T02:17:53.826+0000] {processor.py:840} INFO - DAG(s) 'example_external_task_marker_child', 'example_external_task_marker_parent' retrieved from /home/airflow/.local/lib/python3.8/site-packages/airflow/example_dags/example_external_task_marker_dag.py
[2025-05-20T02:17:54.394+0000] {logging_mixin.py:188} INFO - [2025-05-20T02:17:54.393+0000] {dag.py:3047} INFO - Sync 2 DAGs
[2025-05-20T02:17:54.479+0000] {logging_mixin.py:188} INFO - [2025-05-20T02:17:54.479+0000] {dag.py:3834} INFO - Setting next_dagrun for example_external_task_marker_child to None, run_after=None
[2025-05-20T02:17:54.488+0000] {logging_mixin.py:188} INFO - [2025-05-20T02:17:54.488+0000] {dag.py:3834} INFO - Setting next_dagrun for example_external_task_marker_parent to None, run_after=None
[2025-05-20T02:17:54.555+0000] {processor.py:183} INFO - Processing /home/airflow/.local/lib/python3.8/site-packages/airflow/example_dags/example_external_task_marker_dag.py took 0.770 seconds
[2025-05-20T02:18:25.498+0000] {processor.py:161} INFO - Started process (PID=161) to work on /home/airflow/.local/lib/python3.8/site-packages/airflow/example_dags/example_external_task_marker_dag.py
[2025-05-20T02:18:25.501+0000] {processor.py:830} INFO - Processing file /home/airflow/.local/lib/python3.8/site-packages/airflow/example_dags/example_external_task_marker_dag.py for tasks to queue
[2025-05-20T02:18:25.505+0000] {logging_mixin.py:188} INFO - [2025-05-20T02:18:25.504+0000] {dagbag.py:540} INFO - Filling up the DagBag from /home/airflow/.local/lib/python3.8/site-packages/airflow/example_dags/example_external_task_marker_dag.py
[2025-05-20T02:18:25.524+0000] {processor.py:840} INFO - DAG(s) 'example_external_task_marker_parent', 'example_external_task_marker_child' retrieved from /home/airflow/.local/lib/python3.8/site-packages/airflow/example_dags/example_external_task_marker_dag.py
[2025-05-20T02:18:25.603+0000] {logging_mixin.py:188} INFO - [2025-05-20T02:18:25.603+0000] {dag.py:3047} INFO - Sync 2 DAGs
[2025-05-20T02:18:25.644+0000] {logging_mixin.py:188} INFO - [2025-05-20T02:18:25.644+0000] {dag.py:3834} INFO - Setting next_dagrun for example_external_task_marker_child to None, run_after=None
[2025-05-20T02:18:25.656+0000] {logging_mixin.py:188} INFO - [2025-05-20T02:18:25.655+0000] {dag.py:3834} INFO - Setting next_dagrun for example_external_task_marker_parent to None, run_after=None
[2025-05-20T02:18:25.713+0000] {processor.py:183} INFO - Processing /home/airflow/.local/lib/python3.8/site-packages/airflow/example_dags/example_external_task_marker_dag.py took 0.226 seconds
[2025-05-20T02:18:57.237+0000] {processor.py:161} INFO - Started process (PID=218) to work on /home/airflow/.local/lib/python3.8/site-packages/airflow/example_dags/example_external_task_marker_dag.py
[2025-05-20T02:18:57.239+0000] {processor.py:830} INFO - Processing file /home/airflow/.local/lib/python3.8/site-packages/airflow/example_dags/example_external_task_marker_dag.py for tasks to queue
[2025-05-20T02:18:57.242+0000] {logging_mixin.py:188} INFO - [2025-05-20T02:18:57.242+0000] {dagbag.py:540} INFO - Filling up the DagBag from /home/airflow/.local/lib/python3.8/site-packages/airflow/example_dags/example_external_task_marker_dag.py
[2025-05-20T02:18:57.252+0000] {processor.py:840} INFO - DAG(s) 'example_external_task_marker_child', 'example_external_task_marker_parent' retrieved from /home/airflow/.local/lib/python3.8/site-packages/airflow/example_dags/example_external_task_marker_dag.py
[2025-05-20T02:18:57.511+0000] {logging_mixin.py:188} INFO - [2025-05-20T02:18:57.511+0000] {dag.py:3047} INFO - Sync 2 DAGs
[2025-05-20T02:18:58.062+0000] {logging_mixin.py:188} INFO - [2025-05-20T02:18:58.059+0000] {dag.py:3834} INFO - Setting next_dagrun for example_external_task_marker_child to None, run_after=None
[2025-05-20T02:18:58.091+0000] {logging_mixin.py:188} INFO - [2025-05-20T02:18:58.089+0000] {dag.py:3834} INFO - Setting next_dagrun for example_external_task_marker_parent to None, run_after=None
[2025-05-20T02:18:58.234+0000] {processor.py:183} INFO - Processing /home/airflow/.local/lib/python3.8/site-packages/airflow/example_dags/example_external_task_marker_dag.py took 1.003 seconds
[2025-05-20T02:19:28.754+0000] {processor.py:161} INFO - Started process (PID=276) to work on /home/airflow/.local/lib/python3.8/site-packages/airflow/example_dags/example_external_task_marker_dag.py
[2025-05-20T02:19:28.757+0000] {processor.py:830} INFO - Processing file /home/airflow/.local/lib/python3.8/site-packages/airflow/example_dags/example_external_task_marker_dag.py for tasks to queue
[2025-05-20T02:19:28.762+0000] {logging_mixin.py:188} INFO - [2025-05-20T02:19:28.761+0000] {dagbag.py:540} INFO - Filling up the DagBag from /home/airflow/.local/lib/python3.8/site-packages/airflow/example_dags/example_external_task_marker_dag.py
[2025-05-20T02:19:28.775+0000] {processor.py:840} INFO - DAG(s) 'example_external_task_marker_child', 'example_external_task_marker_parent' retrieved from /home/airflow/.local/lib/python3.8/site-packages/airflow/example_dags/example_external_task_marker_dag.py
[2025-05-20T02:19:28.845+0000] {logging_mixin.py:188} INFO - [2025-05-20T02:19:28.845+0000] {dag.py:3047} INFO - Sync 2 DAGs
[2025-05-20T02:19:28.883+0000] {logging_mixin.py:188} INFO - [2025-05-20T02:19:28.883+0000] {dag.py:3834} INFO - Setting next_dagrun for example_external_task_marker_child to None, run_after=None
[2025-05-20T02:19:28.893+0000] {logging_mixin.py:188} INFO - [2025-05-20T02:19:28.893+0000] {dag.py:3834} INFO - Setting next_dagrun for example_external_task_marker_parent to None, run_after=None
[2025-05-20T02:19:28.946+0000] {processor.py:183} INFO - Processing /home/airflow/.local/lib/python3.8/site-packages/airflow/example_dags/example_external_task_marker_dag.py took 0.199 seconds
[2025-05-20T02:20:00.184+0000] {processor.py:161} INFO - Started process (PID=334) to work on /home/airflow/.local/lib/python3.8/site-packages/airflow/example_dags/example_external_task_marker_dag.py
[2025-05-20T02:20:00.193+0000] {processor.py:830} INFO - Processing file /home/airflow/.local/lib/python3.8/site-packages/airflow/example_dags/example_external_task_marker_dag.py for tasks to queue
[2025-05-20T02:20:00.207+0000] {logging_mixin.py:188} INFO - [2025-05-20T02:20:00.206+0000] {dagbag.py:540} INFO - Filling up the DagBag from /home/airflow/.local/lib/python3.8/site-packages/airflow/example_dags/example_external_task_marker_dag.py
[2025-05-20T02:20:00.231+0000] {processor.py:840} INFO - DAG(s) 'example_external_task_marker_parent', 'example_external_task_marker_child' retrieved from /home/airflow/.local/lib/python3.8/site-packages/airflow/example_dags/example_external_task_marker_dag.py
[2025-05-20T02:20:00.309+0000] {logging_mixin.py:188} INFO - [2025-05-20T02:20:00.308+0000] {dag.py:3047} INFO - Sync 2 DAGs
[2025-05-20T02:20:00.399+0000] {logging_mixin.py:188} INFO - [2025-05-20T02:20:00.398+0000] {dag.py:3834} INFO - Setting next_dagrun for example_external_task_marker_child to None, run_after=None
[2025-05-20T02:20:00.434+0000] {logging_mixin.py:188} INFO - [2025-05-20T02:20:00.434+0000] {dag.py:3834} INFO - Setting next_dagrun for example_external_task_marker_parent to None, run_after=None
[2025-05-20T02:20:00.565+0000] {processor.py:183} INFO - Processing /home/airflow/.local/lib/python3.8/site-packages/airflow/example_dags/example_external_task_marker_dag.py took 0.404 seconds
[2025-05-20T02:20:32.146+0000] {processor.py:161} INFO - Started process (PID=391) to work on /home/airflow/.local/lib/python3.8/site-packages/airflow/example_dags/example_external_task_marker_dag.py
[2025-05-20T02:20:32.150+0000] {processor.py:830} INFO - Processing file /home/airflow/.local/lib/python3.8/site-packages/airflow/example_dags/example_external_task_marker_dag.py for tasks to queue
[2025-05-20T02:20:32.155+0000] {logging_mixin.py:188} INFO - [2025-05-20T02:20:32.154+0000] {dagbag.py:540} INFO - Filling up the DagBag from /home/airflow/.local/lib/python3.8/site-packages/airflow/example_dags/example_external_task_marker_dag.py
[2025-05-20T02:20:32.185+0000] {processor.py:840} INFO - DAG(s) 'example_external_task_marker_child', 'example_external_task_marker_parent' retrieved from /home/airflow/.local/lib/python3.8/site-packages/airflow/example_dags/example_external_task_marker_dag.py
[2025-05-20T02:20:33.051+0000] {logging_mixin.py:188} INFO - [2025-05-20T02:20:33.050+0000] {dag.py:3047} INFO - Sync 2 DAGs
[2025-05-20T02:20:33.221+0000] {logging_mixin.py:188} INFO - [2025-05-20T02:20:33.220+0000] {dag.py:3834} INFO - Setting next_dagrun for example_external_task_marker_child to None, run_after=None
[2025-05-20T02:20:33.244+0000] {logging_mixin.py:188} INFO - [2025-05-20T02:20:33.243+0000] {dag.py:3834} INFO - Setting next_dagrun for example_external_task_marker_parent to None, run_after=None
[2025-05-20T02:20:33.352+0000] {processor.py:183} INFO - Processing /home/airflow/.local/lib/python3.8/site-packages/airflow/example_dags/example_external_task_marker_dag.py took 1.223 seconds
