[2025-05-20T02:18:02.543+0000] {processor.py:161} INFO - Started process (PID=119) to work on /home/airflow/.local/lib/python3.8/site-packages/airflow/example_dags/example_branch_datetime_operator.py
[2025-05-20T02:18:02.547+0000] {processor.py:830} INFO - Processing file /home/airflow/.local/lib/python3.8/site-packages/airflow/example_dags/example_branch_datetime_operator.py for tasks to queue
[2025-05-20T02:18:02.554+0000] {logging_mixin.py:188} INFO - [2025-05-20T02:18:02.553+0000] {dagbag.py:540} INFO - Filling up the DagBag from /home/airflow/.local/lib/python3.8/site-packages/airflow/example_dags/example_branch_datetime_operator.py
[2025-05-20T02:18:02.617+0000] {processor.py:840} INFO - DAG(s) 'example_branch_datetime_operator_3', 'example_branch_datetime_operator_2', 'example_branch_datetime_operator' retrieved from /home/airflow/.local/lib/python3.8/site-packages/airflow/example_dags/example_branch_datetime_operator.py
[2025-05-20T02:18:03.240+0000] {logging_mixin.py:188} INFO - [2025-05-20T02:18:03.239+0000] {dag.py:3047} INFO - Sync 3 DAGs
[2025-05-20T02:18:03.313+0000] {logging_mixin.py:188} INFO - [2025-05-20T02:18:03.312+0000] {dag.py:3834} INFO - Setting next_dagrun for example_branch_datetime_operator to 2025-05-19 00:00:00+00:00, run_after=2025-05-20 00:00:00+00:00
[2025-05-20T02:18:03.331+0000] {logging_mixin.py:188} INFO - [2025-05-20T02:18:03.331+0000] {dag.py:3834} INFO - Setting next_dagrun for example_branch_datetime_operator_2 to 2025-05-19 00:00:00+00:00, run_after=2025-05-20 00:00:00+00:00
[2025-05-20T02:18:03.344+0000] {logging_mixin.py:188} INFO - [2025-05-20T02:18:03.343+0000] {dag.py:3834} INFO - Setting next_dagrun for example_branch_datetime_operator_3 to 2025-05-19 00:00:00+00:00, run_after=2025-05-20 00:00:00+00:00
[2025-05-20T02:18:03.423+0000] {processor.py:183} INFO - Processing /home/airflow/.local/lib/python3.8/site-packages/airflow/example_dags/example_branch_datetime_operator.py took 0.890 seconds
[2025-05-20T02:18:33.866+0000] {processor.py:161} INFO - Started process (PID=178) to work on /home/airflow/.local/lib/python3.8/site-packages/airflow/example_dags/example_branch_datetime_operator.py
[2025-05-20T02:18:33.868+0000] {processor.py:830} INFO - Processing file /home/airflow/.local/lib/python3.8/site-packages/airflow/example_dags/example_branch_datetime_operator.py for tasks to queue
[2025-05-20T02:18:33.874+0000] {logging_mixin.py:188} INFO - [2025-05-20T02:18:33.873+0000] {dagbag.py:540} INFO - Filling up the DagBag from /home/airflow/.local/lib/python3.8/site-packages/airflow/example_dags/example_branch_datetime_operator.py
[2025-05-20T02:18:33.899+0000] {processor.py:840} INFO - DAG(s) 'example_branch_datetime_operator', 'example_branch_datetime_operator_3', 'example_branch_datetime_operator_2' retrieved from /home/airflow/.local/lib/python3.8/site-packages/airflow/example_dags/example_branch_datetime_operator.py
[2025-05-20T02:18:33.970+0000] {logging_mixin.py:188} INFO - [2025-05-20T02:18:33.970+0000] {dag.py:3047} INFO - Sync 3 DAGs
[2025-05-20T02:18:34.026+0000] {logging_mixin.py:188} INFO - [2025-05-20T02:18:34.026+0000] {dag.py:3834} INFO - Setting next_dagrun for example_branch_datetime_operator to 2025-05-19 00:00:00+00:00, run_after=2025-05-20 00:00:00+00:00
[2025-05-20T02:18:34.040+0000] {logging_mixin.py:188} INFO - [2025-05-20T02:18:34.040+0000] {dag.py:3834} INFO - Setting next_dagrun for example_branch_datetime_operator_2 to 2025-05-19 00:00:00+00:00, run_after=2025-05-20 00:00:00+00:00
[2025-05-20T02:18:34.048+0000] {logging_mixin.py:188} INFO - [2025-05-20T02:18:34.047+0000] {dag.py:3834} INFO - Setting next_dagrun for example_branch_datetime_operator_3 to 2025-05-19 00:00:00+00:00, run_after=2025-05-20 00:00:00+00:00
[2025-05-20T02:18:34.087+0000] {processor.py:183} INFO - Processing /home/airflow/.local/lib/python3.8/site-packages/airflow/example_dags/example_branch_datetime_operator.py took 0.228 seconds
[2025-05-20T02:19:04.323+0000] {processor.py:161} INFO - Started process (PID=234) to work on /home/airflow/.local/lib/python3.8/site-packages/airflow/example_dags/example_branch_datetime_operator.py
[2025-05-20T02:19:04.329+0000] {processor.py:830} INFO - Processing file /home/airflow/.local/lib/python3.8/site-packages/airflow/example_dags/example_branch_datetime_operator.py for tasks to queue
[2025-05-20T02:19:04.340+0000] {logging_mixin.py:188} INFO - [2025-05-20T02:19:04.338+0000] {dagbag.py:540} INFO - Filling up the DagBag from /home/airflow/.local/lib/python3.8/site-packages/airflow/example_dags/example_branch_datetime_operator.py
[2025-05-20T02:19:04.397+0000] {processor.py:840} INFO - DAG(s) 'example_branch_datetime_operator_3', 'example_branch_datetime_operator', 'example_branch_datetime_operator_2' retrieved from /home/airflow/.local/lib/python3.8/site-packages/airflow/example_dags/example_branch_datetime_operator.py
[2025-05-20T02:19:04.533+0000] {logging_mixin.py:188} INFO - [2025-05-20T02:19:04.532+0000] {dag.py:3047} INFO - Sync 3 DAGs
[2025-05-20T02:19:04.620+0000] {logging_mixin.py:188} INFO - [2025-05-20T02:19:04.619+0000] {dag.py:3834} INFO - Setting next_dagrun for example_branch_datetime_operator to 2025-05-19 00:00:00+00:00, run_after=2025-05-20 00:00:00+00:00
[2025-05-20T02:19:04.633+0000] {logging_mixin.py:188} INFO - [2025-05-20T02:19:04.633+0000] {dag.py:3834} INFO - Setting next_dagrun for example_branch_datetime_operator_2 to 2025-05-19 00:00:00+00:00, run_after=2025-05-20 00:00:00+00:00
[2025-05-20T02:19:04.644+0000] {logging_mixin.py:188} INFO - [2025-05-20T02:19:04.643+0000] {dag.py:3834} INFO - Setting next_dagrun for example_branch_datetime_operator_3 to 2025-05-19 00:00:00+00:00, run_after=2025-05-20 00:00:00+00:00
[2025-05-20T02:19:04.695+0000] {processor.py:183} INFO - Processing /home/airflow/.local/lib/python3.8/site-packages/airflow/example_dags/example_branch_datetime_operator.py took 0.392 seconds
[2025-05-20T02:19:35.338+0000] {processor.py:161} INFO - Started process (PID=292) to work on /home/airflow/.local/lib/python3.8/site-packages/airflow/example_dags/example_branch_datetime_operator.py
[2025-05-20T02:19:35.341+0000] {processor.py:830} INFO - Processing file /home/airflow/.local/lib/python3.8/site-packages/airflow/example_dags/example_branch_datetime_operator.py for tasks to queue
[2025-05-20T02:19:35.345+0000] {logging_mixin.py:188} INFO - [2025-05-20T02:19:35.345+0000] {dagbag.py:540} INFO - Filling up the DagBag from /home/airflow/.local/lib/python3.8/site-packages/airflow/example_dags/example_branch_datetime_operator.py
[2025-05-20T02:19:35.363+0000] {processor.py:840} INFO - DAG(s) 'example_branch_datetime_operator_3', 'example_branch_datetime_operator', 'example_branch_datetime_operator_2' retrieved from /home/airflow/.local/lib/python3.8/site-packages/airflow/example_dags/example_branch_datetime_operator.py
[2025-05-20T02:19:35.416+0000] {logging_mixin.py:188} INFO - [2025-05-20T02:19:35.416+0000] {dag.py:3047} INFO - Sync 3 DAGs
[2025-05-20T02:19:35.468+0000] {logging_mixin.py:188} INFO - [2025-05-20T02:19:35.467+0000] {dag.py:3834} INFO - Setting next_dagrun for example_branch_datetime_operator to 2025-05-19 00:00:00+00:00, run_after=2025-05-20 00:00:00+00:00
[2025-05-20T02:19:35.479+0000] {logging_mixin.py:188} INFO - [2025-05-20T02:19:35.479+0000] {dag.py:3834} INFO - Setting next_dagrun for example_branch_datetime_operator_2 to 2025-05-19 00:00:00+00:00, run_after=2025-05-20 00:00:00+00:00
[2025-05-20T02:19:35.485+0000] {logging_mixin.py:188} INFO - [2025-05-20T02:19:35.485+0000] {dag.py:3834} INFO - Setting next_dagrun for example_branch_datetime_operator_3 to 2025-05-19 00:00:00+00:00, run_after=2025-05-20 00:00:00+00:00
[2025-05-20T02:19:35.567+0000] {processor.py:183} INFO - Processing /home/airflow/.local/lib/python3.8/site-packages/airflow/example_dags/example_branch_datetime_operator.py took 0.234 seconds
[2025-05-20T02:20:06.078+0000] {processor.py:161} INFO - Started process (PID=350) to work on /home/airflow/.local/lib/python3.8/site-packages/airflow/example_dags/example_branch_datetime_operator.py
[2025-05-20T02:20:06.081+0000] {processor.py:830} INFO - Processing file /home/airflow/.local/lib/python3.8/site-packages/airflow/example_dags/example_branch_datetime_operator.py for tasks to queue
[2025-05-20T02:20:06.088+0000] {logging_mixin.py:188} INFO - [2025-05-20T02:20:06.087+0000] {dagbag.py:540} INFO - Filling up the DagBag from /home/airflow/.local/lib/python3.8/site-packages/airflow/example_dags/example_branch_datetime_operator.py
[2025-05-20T02:20:06.129+0000] {processor.py:840} INFO - DAG(s) 'example_branch_datetime_operator', 'example_branch_datetime_operator_3', 'example_branch_datetime_operator_2' retrieved from /home/airflow/.local/lib/python3.8/site-packages/airflow/example_dags/example_branch_datetime_operator.py
[2025-05-20T02:20:06.205+0000] {logging_mixin.py:188} INFO - [2025-05-20T02:20:06.204+0000] {dag.py:3047} INFO - Sync 3 DAGs
[2025-05-20T02:20:06.280+0000] {logging_mixin.py:188} INFO - [2025-05-20T02:20:06.280+0000] {dag.py:3834} INFO - Setting next_dagrun for example_branch_datetime_operator to 2025-05-19 00:00:00+00:00, run_after=2025-05-20 00:00:00+00:00
[2025-05-20T02:20:06.298+0000] {logging_mixin.py:188} INFO - [2025-05-20T02:20:06.297+0000] {dag.py:3834} INFO - Setting next_dagrun for example_branch_datetime_operator_2 to 2025-05-19 00:00:00+00:00, run_after=2025-05-20 00:00:00+00:00
[2025-05-20T02:20:06.310+0000] {logging_mixin.py:188} INFO - [2025-05-20T02:20:06.309+0000] {dag.py:3834} INFO - Setting next_dagrun for example_branch_datetime_operator_3 to 2025-05-19 00:00:00+00:00, run_after=2025-05-20 00:00:00+00:00
[2025-05-20T02:20:06.364+0000] {processor.py:183} INFO - Processing /home/airflow/.local/lib/python3.8/site-packages/airflow/example_dags/example_branch_datetime_operator.py took 0.295 seconds
[2025-05-20T02:20:37.617+0000] {processor.py:161} INFO - Started process (PID=407) to work on /home/airflow/.local/lib/python3.8/site-packages/airflow/example_dags/example_branch_datetime_operator.py
[2025-05-20T02:20:37.620+0000] {processor.py:830} INFO - Processing file /home/airflow/.local/lib/python3.8/site-packages/airflow/example_dags/example_branch_datetime_operator.py for tasks to queue
[2025-05-20T02:20:37.624+0000] {logging_mixin.py:188} INFO - [2025-05-20T02:20:37.624+0000] {dagbag.py:540} INFO - Filling up the DagBag from /home/airflow/.local/lib/python3.8/site-packages/airflow/example_dags/example_branch_datetime_operator.py
[2025-05-20T02:20:37.655+0000] {processor.py:840} INFO - DAG(s) 'example_branch_datetime_operator', 'example_branch_datetime_operator_3', 'example_branch_datetime_operator_2' retrieved from /home/airflow/.local/lib/python3.8/site-packages/airflow/example_dags/example_branch_datetime_operator.py
[2025-05-20T02:20:38.061+0000] {logging_mixin.py:188} INFO - [2025-05-20T02:20:38.061+0000] {dag.py:3047} INFO - Sync 3 DAGs
[2025-05-20T02:20:38.127+0000] {logging_mixin.py:188} INFO - [2025-05-20T02:20:38.126+0000] {dag.py:3834} INFO - Setting next_dagrun for example_branch_datetime_operator to 2025-05-19 00:00:00+00:00, run_after=2025-05-20 00:00:00+00:00
[2025-05-20T02:20:38.138+0000] {logging_mixin.py:188} INFO - [2025-05-20T02:20:38.138+0000] {dag.py:3834} INFO - Setting next_dagrun for example_branch_datetime_operator_2 to 2025-05-19 00:00:00+00:00, run_after=2025-05-20 00:00:00+00:00
[2025-05-20T02:20:38.147+0000] {logging_mixin.py:188} INFO - [2025-05-20T02:20:38.146+0000] {dag.py:3834} INFO - Setting next_dagrun for example_branch_datetime_operator_3 to 2025-05-19 00:00:00+00:00, run_after=2025-05-20 00:00:00+00:00
[2025-05-20T02:20:38.196+0000] {processor.py:183} INFO - Processing /home/airflow/.local/lib/python3.8/site-packages/airflow/example_dags/example_branch_datetime_operator.py took 0.587 seconds
