[2025-05-20T02:18:02.606+0000] {processor.py:161} INFO - Started process (PID=120) to work on /home/airflow/.local/lib/python3.8/site-packages/airflow/example_dags/example_python_operator.py
[2025-05-20T02:18:02.609+0000] {processor.py:830} INFO - Processing file /home/airflow/.local/lib/python3.8/site-packages/airflow/example_dags/example_python_operator.py for tasks to queue
[2025-05-20T02:18:02.615+0000] {logging_mixin.py:188} INFO - [2025-05-20T02:18:02.614+0000] {dagbag.py:540} INFO - Filling up the DagBag from /home/airflow/.local/lib/python3.8/site-packages/airflow/example_dags/example_python_operator.py
[2025-05-20T02:18:02.663+0000] {processor.py:840} INFO - DAG(s) 'example_python_operator' retrieved from /home/airflow/.local/lib/python3.8/site-packages/airflow/example_dags/example_python_operator.py
[2025-05-20T02:18:03.182+0000] {logging_mixin.py:188} INFO - [2025-05-20T02:18:03.181+0000] {dag.py:3047} INFO - Sync 1 DAGs
[2025-05-20T02:18:03.239+0000] {logging_mixin.py:188} INFO - [2025-05-20T02:18:03.238+0000] {dag.py:3834} INFO - Setting next_dagrun for example_python_operator to None, run_after=None
[2025-05-20T02:18:03.298+0000] {processor.py:183} INFO - Processing /home/airflow/.local/lib/python3.8/site-packages/airflow/example_dags/example_python_operator.py took 0.709 seconds
[2025-05-20T02:18:33.762+0000] {processor.py:161} INFO - Started process (PID=177) to work on /home/airflow/.local/lib/python3.8/site-packages/airflow/example_dags/example_python_operator.py
[2025-05-20T02:18:33.764+0000] {processor.py:830} INFO - Processing file /home/airflow/.local/lib/python3.8/site-packages/airflow/example_dags/example_python_operator.py for tasks to queue
[2025-05-20T02:18:33.775+0000] {logging_mixin.py:188} INFO - [2025-05-20T02:18:33.773+0000] {dagbag.py:540} INFO - Filling up the DagBag from /home/airflow/.local/lib/python3.8/site-packages/airflow/example_dags/example_python_operator.py
[2025-05-20T02:18:33.812+0000] {processor.py:840} INFO - DAG(s) 'example_python_operator' retrieved from /home/airflow/.local/lib/python3.8/site-packages/airflow/example_dags/example_python_operator.py
[2025-05-20T02:18:33.878+0000] {logging_mixin.py:188} INFO - [2025-05-20T02:18:33.877+0000] {dag.py:3047} INFO - Sync 1 DAGs
[2025-05-20T02:18:33.907+0000] {logging_mixin.py:188} INFO - [2025-05-20T02:18:33.906+0000] {dag.py:3834} INFO - Setting next_dagrun for example_python_operator to None, run_after=None
[2025-05-20T02:18:33.962+0000] {processor.py:183} INFO - Processing /home/airflow/.local/lib/python3.8/site-packages/airflow/example_dags/example_python_operator.py took 0.210 seconds
[2025-05-20T02:19:04.766+0000] {processor.py:161} INFO - Started process (PID=235) to work on /home/airflow/.local/lib/python3.8/site-packages/airflow/example_dags/example_python_operator.py
[2025-05-20T02:19:04.769+0000] {processor.py:830} INFO - Processing file /home/airflow/.local/lib/python3.8/site-packages/airflow/example_dags/example_python_operator.py for tasks to queue
[2025-05-20T02:19:04.775+0000] {logging_mixin.py:188} INFO - [2025-05-20T02:19:04.774+0000] {dagbag.py:540} INFO - Filling up the DagBag from /home/airflow/.local/lib/python3.8/site-packages/airflow/example_dags/example_python_operator.py
[2025-05-20T02:19:04.804+0000] {processor.py:840} INFO - DAG(s) 'example_python_operator' retrieved from /home/airflow/.local/lib/python3.8/site-packages/airflow/example_dags/example_python_operator.py
[2025-05-20T02:19:04.903+0000] {logging_mixin.py:188} INFO - [2025-05-20T02:19:04.902+0000] {dag.py:3047} INFO - Sync 1 DAGs
[2025-05-20T02:19:04.966+0000] {logging_mixin.py:188} INFO - [2025-05-20T02:19:04.965+0000] {dag.py:3834} INFO - Setting next_dagrun for example_python_operator to None, run_after=None
[2025-05-20T02:19:05.051+0000] {processor.py:183} INFO - Processing /home/airflow/.local/lib/python3.8/site-packages/airflow/example_dags/example_python_operator.py took 0.294 seconds
[2025-05-20T02:19:35.455+0000] {processor.py:161} INFO - Started process (PID=293) to work on /home/airflow/.local/lib/python3.8/site-packages/airflow/example_dags/example_python_operator.py
[2025-05-20T02:19:35.457+0000] {processor.py:830} INFO - Processing file /home/airflow/.local/lib/python3.8/site-packages/airflow/example_dags/example_python_operator.py for tasks to queue
[2025-05-20T02:19:35.460+0000] {logging_mixin.py:188} INFO - [2025-05-20T02:19:35.460+0000] {dagbag.py:540} INFO - Filling up the DagBag from /home/airflow/.local/lib/python3.8/site-packages/airflow/example_dags/example_python_operator.py
[2025-05-20T02:19:35.479+0000] {processor.py:840} INFO - DAG(s) 'example_python_operator' retrieved from /home/airflow/.local/lib/python3.8/site-packages/airflow/example_dags/example_python_operator.py
[2025-05-20T02:19:35.521+0000] {logging_mixin.py:188} INFO - [2025-05-20T02:19:35.521+0000] {dag.py:3047} INFO - Sync 1 DAGs
[2025-05-20T02:19:35.545+0000] {logging_mixin.py:188} INFO - [2025-05-20T02:19:35.545+0000] {dag.py:3834} INFO - Setting next_dagrun for example_python_operator to None, run_after=None
[2025-05-20T02:19:35.589+0000] {processor.py:183} INFO - Processing /home/airflow/.local/lib/python3.8/site-packages/airflow/example_dags/example_python_operator.py took 0.140 seconds
[2025-05-20T02:20:06.161+0000] {processor.py:161} INFO - Started process (PID=351) to work on /home/airflow/.local/lib/python3.8/site-packages/airflow/example_dags/example_python_operator.py
[2025-05-20T02:20:06.165+0000] {processor.py:830} INFO - Processing file /home/airflow/.local/lib/python3.8/site-packages/airflow/example_dags/example_python_operator.py for tasks to queue
[2025-05-20T02:20:06.171+0000] {logging_mixin.py:188} INFO - [2025-05-20T02:20:06.170+0000] {dagbag.py:540} INFO - Filling up the DagBag from /home/airflow/.local/lib/python3.8/site-packages/airflow/example_dags/example_python_operator.py
[2025-05-20T02:20:06.209+0000] {processor.py:840} INFO - DAG(s) 'example_python_operator' retrieved from /home/airflow/.local/lib/python3.8/site-packages/airflow/example_dags/example_python_operator.py
[2025-05-20T02:20:06.246+0000] {logging_mixin.py:188} INFO - [2025-05-20T02:20:06.246+0000] {dag.py:3047} INFO - Sync 1 DAGs
[2025-05-20T02:20:06.286+0000] {logging_mixin.py:188} INFO - [2025-05-20T02:20:06.285+0000] {dag.py:3834} INFO - Setting next_dagrun for example_python_operator to None, run_after=None
[2025-05-20T02:20:06.342+0000] {processor.py:183} INFO - Processing /home/airflow/.local/lib/python3.8/site-packages/airflow/example_dags/example_python_operator.py took 0.201 seconds
[2025-05-20T02:20:37.893+0000] {processor.py:161} INFO - Started process (PID=408) to work on /home/airflow/.local/lib/python3.8/site-packages/airflow/example_dags/example_python_operator.py
[2025-05-20T02:20:37.895+0000] {processor.py:830} INFO - Processing file /home/airflow/.local/lib/python3.8/site-packages/airflow/example_dags/example_python_operator.py for tasks to queue
[2025-05-20T02:20:37.901+0000] {logging_mixin.py:188} INFO - [2025-05-20T02:20:37.900+0000] {dagbag.py:540} INFO - Filling up the DagBag from /home/airflow/.local/lib/python3.8/site-packages/airflow/example_dags/example_python_operator.py
[2025-05-20T02:20:37.929+0000] {processor.py:840} INFO - DAG(s) 'example_python_operator' retrieved from /home/airflow/.local/lib/python3.8/site-packages/airflow/example_dags/example_python_operator.py
[2025-05-20T02:20:38.263+0000] {logging_mixin.py:188} INFO - [2025-05-20T02:20:38.260+0000] {dag.py:3047} INFO - Sync 1 DAGs
[2025-05-20T02:20:38.319+0000] {logging_mixin.py:188} INFO - [2025-05-20T02:20:38.319+0000] {dag.py:3834} INFO - Setting next_dagrun for example_python_operator to None, run_after=None
[2025-05-20T02:20:38.431+0000] {processor.py:183} INFO - Processing /home/airflow/.local/lib/python3.8/site-packages/airflow/example_dags/example_python_operator.py took 0.546 seconds
