[2025-05-20T02:17:56.809+0000] {processor.py:161} INFO - Started process (PID=110) to work on /home/airflow/.local/lib/python3.8/site-packages/airflow/example_dags/example_xcom.py
[2025-05-20T02:17:56.813+0000] {processor.py:830} INFO - Processing file /home/airflow/.local/lib/python3.8/site-packages/airflow/example_dags/example_xcom.py for tasks to queue
[2025-05-20T02:17:56.820+0000] {logging_mixin.py:188} INFO - [2025-05-20T02:17:56.819+0000] {dagbag.py:540} INFO - Filling up the DagBag from /home/airflow/.local/lib/python3.8/site-packages/airflow/example_dags/example_xcom.py
[2025-05-20T02:17:56.863+0000] {processor.py:840} INFO - DAG(s) 'example_xcom' retrieved from /home/airflow/.local/lib/python3.8/site-packages/airflow/example_dags/example_xcom.py
[2025-05-20T02:17:57.293+0000] {logging_mixin.py:188} INFO - [2025-05-20T02:17:57.292+0000] {dag.py:3047} INFO - Sync 1 DAGs
[2025-05-20T02:17:57.364+0000] {logging_mixin.py:188} INFO - [2025-05-20T02:17:57.363+0000] {dag.py:3834} INFO - Setting next_dagrun for example_xcom to 2021-01-01 00:00:00+00:00, run_after=2021-01-01 00:00:00+00:00
[2025-05-20T02:17:57.421+0000] {processor.py:183} INFO - Processing /home/airflow/.local/lib/python3.8/site-packages/airflow/example_dags/example_xcom.py took 0.623 seconds
[2025-05-20T02:18:27.647+0000] {processor.py:161} INFO - Started process (PID=168) to work on /home/airflow/.local/lib/python3.8/site-packages/airflow/example_dags/example_xcom.py
[2025-05-20T02:18:27.650+0000] {processor.py:830} INFO - Processing file /home/airflow/.local/lib/python3.8/site-packages/airflow/example_dags/example_xcom.py for tasks to queue
[2025-05-20T02:18:27.657+0000] {logging_mixin.py:188} INFO - [2025-05-20T02:18:27.656+0000] {dagbag.py:540} INFO - Filling up the DagBag from /home/airflow/.local/lib/python3.8/site-packages/airflow/example_dags/example_xcom.py
[2025-05-20T02:18:27.688+0000] {processor.py:840} INFO - DAG(s) 'example_xcom' retrieved from /home/airflow/.local/lib/python3.8/site-packages/airflow/example_dags/example_xcom.py
[2025-05-20T02:18:27.757+0000] {logging_mixin.py:188} INFO - [2025-05-20T02:18:27.756+0000] {dag.py:3047} INFO - Sync 1 DAGs
[2025-05-20T02:18:27.836+0000] {logging_mixin.py:188} INFO - [2025-05-20T02:18:27.835+0000] {dag.py:3834} INFO - Setting next_dagrun for example_xcom to 2021-01-01 00:00:00+00:00, run_after=2021-01-01 00:00:00+00:00
[2025-05-20T02:18:27.908+0000] {processor.py:183} INFO - Processing /home/airflow/.local/lib/python3.8/site-packages/airflow/example_dags/example_xcom.py took 0.273 seconds
[2025-05-20T02:18:59.531+0000] {processor.py:161} INFO - Started process (PID=225) to work on /home/airflow/.local/lib/python3.8/site-packages/airflow/example_dags/example_xcom.py
[2025-05-20T02:18:59.533+0000] {processor.py:830} INFO - Processing file /home/airflow/.local/lib/python3.8/site-packages/airflow/example_dags/example_xcom.py for tasks to queue
[2025-05-20T02:18:59.537+0000] {logging_mixin.py:188} INFO - [2025-05-20T02:18:59.536+0000] {dagbag.py:540} INFO - Filling up the DagBag from /home/airflow/.local/lib/python3.8/site-packages/airflow/example_dags/example_xcom.py
[2025-05-20T02:18:59.550+0000] {processor.py:840} INFO - DAG(s) 'example_xcom' retrieved from /home/airflow/.local/lib/python3.8/site-packages/airflow/example_dags/example_xcom.py
[2025-05-20T02:18:59.589+0000] {logging_mixin.py:188} INFO - [2025-05-20T02:18:59.588+0000] {dag.py:3047} INFO - Sync 1 DAGs
[2025-05-20T02:18:59.631+0000] {logging_mixin.py:188} INFO - [2025-05-20T02:18:59.631+0000] {dag.py:3834} INFO - Setting next_dagrun for example_xcom to 2021-01-01 00:00:00+00:00, run_after=2021-01-01 00:00:00+00:00
[2025-05-20T02:18:59.672+0000] {processor.py:183} INFO - Processing /home/airflow/.local/lib/python3.8/site-packages/airflow/example_dags/example_xcom.py took 0.148 seconds
[2025-05-20T02:19:30.038+0000] {processor.py:161} INFO - Started process (PID=283) to work on /home/airflow/.local/lib/python3.8/site-packages/airflow/example_dags/example_xcom.py
[2025-05-20T02:19:30.040+0000] {processor.py:830} INFO - Processing file /home/airflow/.local/lib/python3.8/site-packages/airflow/example_dags/example_xcom.py for tasks to queue
[2025-05-20T02:19:30.045+0000] {logging_mixin.py:188} INFO - [2025-05-20T02:19:30.044+0000] {dagbag.py:540} INFO - Filling up the DagBag from /home/airflow/.local/lib/python3.8/site-packages/airflow/example_dags/example_xcom.py
[2025-05-20T02:19:30.060+0000] {processor.py:840} INFO - DAG(s) 'example_xcom' retrieved from /home/airflow/.local/lib/python3.8/site-packages/airflow/example_dags/example_xcom.py
[2025-05-20T02:19:30.106+0000] {logging_mixin.py:188} INFO - [2025-05-20T02:19:30.106+0000] {dag.py:3047} INFO - Sync 1 DAGs
[2025-05-20T02:19:30.150+0000] {logging_mixin.py:188} INFO - [2025-05-20T02:19:30.150+0000] {dag.py:3834} INFO - Setting next_dagrun for example_xcom to 2021-01-01 00:00:00+00:00, run_after=2021-01-01 00:00:00+00:00
[2025-05-20T02:19:30.235+0000] {processor.py:183} INFO - Processing /home/airflow/.local/lib/python3.8/site-packages/airflow/example_dags/example_xcom.py took 0.205 seconds
[2025-05-20T02:20:01.469+0000] {processor.py:161} INFO - Started process (PID=341) to work on /home/airflow/.local/lib/python3.8/site-packages/airflow/example_dags/example_xcom.py
[2025-05-20T02:20:01.472+0000] {processor.py:830} INFO - Processing file /home/airflow/.local/lib/python3.8/site-packages/airflow/example_dags/example_xcom.py for tasks to queue
[2025-05-20T02:20:01.477+0000] {logging_mixin.py:188} INFO - [2025-05-20T02:20:01.476+0000] {dagbag.py:540} INFO - Filling up the DagBag from /home/airflow/.local/lib/python3.8/site-packages/airflow/example_dags/example_xcom.py
[2025-05-20T02:20:01.493+0000] {processor.py:840} INFO - DAG(s) 'example_xcom' retrieved from /home/airflow/.local/lib/python3.8/site-packages/airflow/example_dags/example_xcom.py
[2025-05-20T02:20:01.519+0000] {logging_mixin.py:188} INFO - [2025-05-20T02:20:01.519+0000] {dag.py:3047} INFO - Sync 1 DAGs
[2025-05-20T02:20:01.566+0000] {logging_mixin.py:188} INFO - [2025-05-20T02:20:01.566+0000] {dag.py:3834} INFO - Setting next_dagrun for example_xcom to 2021-01-01 00:00:00+00:00, run_after=2021-01-01 00:00:00+00:00
[2025-05-20T02:20:01.621+0000] {processor.py:183} INFO - Processing /home/airflow/.local/lib/python3.8/site-packages/airflow/example_dags/example_xcom.py took 0.160 seconds
[2025-05-20T02:20:35.188+0000] {processor.py:161} INFO - Started process (PID=398) to work on /home/airflow/.local/lib/python3.8/site-packages/airflow/example_dags/example_xcom.py
[2025-05-20T02:20:35.190+0000] {processor.py:830} INFO - Processing file /home/airflow/.local/lib/python3.8/site-packages/airflow/example_dags/example_xcom.py for tasks to queue
[2025-05-20T02:20:35.196+0000] {logging_mixin.py:188} INFO - [2025-05-20T02:20:35.196+0000] {dagbag.py:540} INFO - Filling up the DagBag from /home/airflow/.local/lib/python3.8/site-packages/airflow/example_dags/example_xcom.py
[2025-05-20T02:20:35.217+0000] {processor.py:840} INFO - DAG(s) 'example_xcom' retrieved from /home/airflow/.local/lib/python3.8/site-packages/airflow/example_dags/example_xcom.py
[2025-05-20T02:20:35.484+0000] {logging_mixin.py:188} INFO - [2025-05-20T02:20:35.483+0000] {dag.py:3047} INFO - Sync 1 DAGs
[2025-05-20T02:20:35.532+0000] {logging_mixin.py:188} INFO - [2025-05-20T02:20:35.531+0000] {dag.py:3834} INFO - Setting next_dagrun for example_xcom to 2021-01-01 00:00:00+00:00, run_after=2021-01-01 00:00:00+00:00
[2025-05-20T02:20:35.584+0000] {processor.py:183} INFO - Processing /home/airflow/.local/lib/python3.8/site-packages/airflow/example_dags/example_xcom.py took 0.413 seconds
