[2025-05-20T02:17:57.332+0000] {processor.py:161} INFO - Started process (PID=111) to work on /home/airflow/.local/lib/python3.8/site-packages/airflow/example_dags/tutorial.py
[2025-05-20T02:17:57.338+0000] {processor.py:830} INFO - Processing file /home/airflow/.local/lib/python3.8/site-packages/airflow/example_dags/tutorial.py for tasks to queue
[2025-05-20T02:17:57.343+0000] {logging_mixin.py:188} INFO - [2025-05-20T02:17:57.342+0000] {dagbag.py:540} INFO - Filling up the DagBag from /home/airflow/.local/lib/python3.8/site-packages/airflow/example_dags/tutorial.py
[2025-05-20T02:17:57.370+0000] {processor.py:840} INFO - DAG(s) 'tutorial' retrieved from /home/airflow/.local/lib/python3.8/site-packages/airflow/example_dags/tutorial.py
[2025-05-20T02:17:57.721+0000] {logging_mixin.py:188} INFO - [2025-05-20T02:17:57.720+0000] {dag.py:3047} INFO - Sync 1 DAGs
[2025-05-20T02:17:57.776+0000] {logging_mixin.py:188} INFO - [2025-05-20T02:17:57.776+0000] {dag.py:3834} INFO - Setting next_dagrun for tutorial to 2025-05-19 00:00:00+00:00, run_after=2025-05-20 00:00:00+00:00
[2025-05-20T02:17:57.867+0000] {processor.py:183} INFO - Processing /home/airflow/.local/lib/python3.8/site-packages/airflow/example_dags/tutorial.py took 0.545 seconds
[2025-05-20T02:18:28.022+0000] {processor.py:161} INFO - Started process (PID=169) to work on /home/airflow/.local/lib/python3.8/site-packages/airflow/example_dags/tutorial.py
[2025-05-20T02:18:28.025+0000] {processor.py:830} INFO - Processing file /home/airflow/.local/lib/python3.8/site-packages/airflow/example_dags/tutorial.py for tasks to queue
[2025-05-20T02:18:28.032+0000] {logging_mixin.py:188} INFO - [2025-05-20T02:18:28.031+0000] {dagbag.py:540} INFO - Filling up the DagBag from /home/airflow/.local/lib/python3.8/site-packages/airflow/example_dags/tutorial.py
[2025-05-20T02:18:28.047+0000] {processor.py:840} INFO - DAG(s) 'tutorial' retrieved from /home/airflow/.local/lib/python3.8/site-packages/airflow/example_dags/tutorial.py
[2025-05-20T02:18:28.101+0000] {logging_mixin.py:188} INFO - [2025-05-20T02:18:28.099+0000] {dag.py:3047} INFO - Sync 1 DAGs
[2025-05-20T02:18:28.176+0000] {logging_mixin.py:188} INFO - [2025-05-20T02:18:28.176+0000] {dag.py:3834} INFO - Setting next_dagrun for tutorial to 2025-05-19 00:00:00+00:00, run_after=2025-05-20 00:00:00+00:00
[2025-05-20T02:18:28.234+0000] {processor.py:183} INFO - Processing /home/airflow/.local/lib/python3.8/site-packages/airflow/example_dags/tutorial.py took 0.223 seconds
[2025-05-20T02:18:59.618+0000] {processor.py:161} INFO - Started process (PID=226) to work on /home/airflow/.local/lib/python3.8/site-packages/airflow/example_dags/tutorial.py
[2025-05-20T02:18:59.620+0000] {processor.py:830} INFO - Processing file /home/airflow/.local/lib/python3.8/site-packages/airflow/example_dags/tutorial.py for tasks to queue
[2025-05-20T02:18:59.624+0000] {logging_mixin.py:188} INFO - [2025-05-20T02:18:59.623+0000] {dagbag.py:540} INFO - Filling up the DagBag from /home/airflow/.local/lib/python3.8/site-packages/airflow/example_dags/tutorial.py
[2025-05-20T02:18:59.637+0000] {processor.py:840} INFO - DAG(s) 'tutorial' retrieved from /home/airflow/.local/lib/python3.8/site-packages/airflow/example_dags/tutorial.py
[2025-05-20T02:18:59.680+0000] {logging_mixin.py:188} INFO - [2025-05-20T02:18:59.679+0000] {dag.py:3047} INFO - Sync 1 DAGs
[2025-05-20T02:18:59.724+0000] {logging_mixin.py:188} INFO - [2025-05-20T02:18:59.724+0000] {dag.py:3834} INFO - Setting next_dagrun for tutorial to 2025-05-19 00:00:00+00:00, run_after=2025-05-20 00:00:00+00:00
[2025-05-20T02:18:59.762+0000] {processor.py:183} INFO - Processing /home/airflow/.local/lib/python3.8/site-packages/airflow/example_dags/tutorial.py took 0.150 seconds
[2025-05-20T02:19:30.083+0000] {processor.py:161} INFO - Started process (PID=284) to work on /home/airflow/.local/lib/python3.8/site-packages/airflow/example_dags/tutorial.py
[2025-05-20T02:19:30.085+0000] {processor.py:830} INFO - Processing file /home/airflow/.local/lib/python3.8/site-packages/airflow/example_dags/tutorial.py for tasks to queue
[2025-05-20T02:19:30.089+0000] {logging_mixin.py:188} INFO - [2025-05-20T02:19:30.088+0000] {dagbag.py:540} INFO - Filling up the DagBag from /home/airflow/.local/lib/python3.8/site-packages/airflow/example_dags/tutorial.py
[2025-05-20T02:19:30.101+0000] {processor.py:840} INFO - DAG(s) 'tutorial' retrieved from /home/airflow/.local/lib/python3.8/site-packages/airflow/example_dags/tutorial.py
[2025-05-20T02:19:30.140+0000] {logging_mixin.py:188} INFO - [2025-05-20T02:19:30.139+0000] {dag.py:3047} INFO - Sync 1 DAGs
[2025-05-20T02:19:30.236+0000] {logging_mixin.py:188} INFO - [2025-05-20T02:19:30.235+0000] {dag.py:3834} INFO - Setting next_dagrun for tutorial to 2025-05-19 00:00:00+00:00, run_after=2025-05-20 00:00:00+00:00
[2025-05-20T02:19:30.296+0000] {processor.py:183} INFO - Processing /home/airflow/.local/lib/python3.8/site-packages/airflow/example_dags/tutorial.py took 0.219 seconds
[2025-05-20T02:20:01.617+0000] {processor.py:161} INFO - Started process (PID=342) to work on /home/airflow/.local/lib/python3.8/site-packages/airflow/example_dags/tutorial.py
[2025-05-20T02:20:01.620+0000] {processor.py:830} INFO - Processing file /home/airflow/.local/lib/python3.8/site-packages/airflow/example_dags/tutorial.py for tasks to queue
[2025-05-20T02:20:01.626+0000] {logging_mixin.py:188} INFO - [2025-05-20T02:20:01.625+0000] {dagbag.py:540} INFO - Filling up the DagBag from /home/airflow/.local/lib/python3.8/site-packages/airflow/example_dags/tutorial.py
[2025-05-20T02:20:01.649+0000] {processor.py:840} INFO - DAG(s) 'tutorial' retrieved from /home/airflow/.local/lib/python3.8/site-packages/airflow/example_dags/tutorial.py
[2025-05-20T02:20:01.692+0000] {logging_mixin.py:188} INFO - [2025-05-20T02:20:01.691+0000] {dag.py:3047} INFO - Sync 1 DAGs
[2025-05-20T02:20:01.774+0000] {logging_mixin.py:188} INFO - [2025-05-20T02:20:01.774+0000] {dag.py:3834} INFO - Setting next_dagrun for tutorial to 2025-05-19 00:00:00+00:00, run_after=2025-05-20 00:00:00+00:00
[2025-05-20T02:20:01.818+0000] {processor.py:183} INFO - Processing /home/airflow/.local/lib/python3.8/site-packages/airflow/example_dags/tutorial.py took 0.211 seconds
[2025-05-20T02:20:35.371+0000] {processor.py:161} INFO - Started process (PID=399) to work on /home/airflow/.local/lib/python3.8/site-packages/airflow/example_dags/tutorial.py
[2025-05-20T02:20:35.373+0000] {processor.py:830} INFO - Processing file /home/airflow/.local/lib/python3.8/site-packages/airflow/example_dags/tutorial.py for tasks to queue
[2025-05-20T02:20:35.377+0000] {logging_mixin.py:188} INFO - [2025-05-20T02:20:35.376+0000] {dagbag.py:540} INFO - Filling up the DagBag from /home/airflow/.local/lib/python3.8/site-packages/airflow/example_dags/tutorial.py
[2025-05-20T02:20:35.390+0000] {processor.py:840} INFO - DAG(s) 'tutorial' retrieved from /home/airflow/.local/lib/python3.8/site-packages/airflow/example_dags/tutorial.py
[2025-05-20T02:20:35.633+0000] {logging_mixin.py:188} INFO - [2025-05-20T02:20:35.632+0000] {dag.py:3047} INFO - Sync 1 DAGs
[2025-05-20T02:20:35.691+0000] {logging_mixin.py:188} INFO - [2025-05-20T02:20:35.691+0000] {dag.py:3834} INFO - Setting next_dagrun for tutorial to 2025-05-19 00:00:00+00:00, run_after=2025-05-20 00:00:00+00:00
[2025-05-20T02:20:35.746+0000] {processor.py:183} INFO - Processing /home/airflow/.local/lib/python3.8/site-packages/airflow/example_dags/tutorial.py took 0.382 seconds
